<?xml version="1.0" encoding="UTF-8"?>
<testsuites name="Home" time="32.583" tests="2" failures="1" errors="0">
   <testsuite name="Home" tests="2" failures="1" errors="0" time="32.583" skipped="0" timestamp="05-02-2025T16:16:23" hostname="ruben.lee - localhost" id="Test Suites/Home">
      <properties>
         <property name="deviceName" value=""/>
         <property name="devicePlatform"/>
         <property name="logFolder" value="/Users/ruben.lee/Katalon Studio/Tapas Test/Reports/20250205_161619/Home/20250205_161619"/>
         <property name="logFiles" value="/Users/ruben.lee/Katalon Studio/Tapas Test/Reports/20250205_161619/Home/20250205_161619/execution0.log"/>
         <property name="attachments" value=""/>
         <property name="hostName" value="ruben.lee - localhost"/>
         <property name="os" value="Mac OS X 64bit"/>
         <property name="katalonVersion" value="10.1.0.223"/>
         <property name="browser" value="Chrome 132.0.6834.160"/>
         <property name="hostAddress" value="127.0.0.1"/>
         <property name="sessionId" value="eb733d64497c20d657343614126513b2"/>
         <property name="seleniumVersion" value="4.22.0"/>
         <property name="proxyInformation" value="ProxyInformation { proxyOption=NO_PROXY, proxyServerType=HTTP, username=, password=********, proxyServerAddress=, proxyServerPort=0, executionList=&quot;&quot;, isApplyToDesiredCapabilities=true }"/>
         <property name="platform" value="Mac OS X"/>
      </properties>
      <testcase name="Test Cases/Home/숏컷 객체 강조" time="22.195" classname="Test Cases/Home/숏컷 객체 강조" status="PASSED">
         <system-out><![CDATA[05-02-2025T16:16:24 - [TEST_CASE][PASSED] - Test Cases/Home/숏컷 객체 강조: Test Cases/Home/숏컷 객체 강조

05-02-2025T16:16:24 - [TEST_STEP][PASSED] - openBrowser(""): Browser is opened with url: ''

05-02-2025T16:16:24 - [MESSAGE][INFO] - Starting 'Chrome' driver

05-02-2025T16:16:24 - [MESSAGE][INFO] - Action delay is set to 0 milliseconds

05-02-2025T16:16:26 - [MESSAGE][PASSED] - Browser is opened with url: ''

05-02-2025T16:16:26 - [TEST_STEP][PASSED] - navigateToUrl("https://tapas.io/"): Navigate to 'https://tapas.io/' successfully

05-02-2025T16:16:29 - [MESSAGE][PASSED] - Navigate to 'https://tapas.io/' successfully

05-02-2025T16:16:29 - [TEST_STEP][PASSED] - searchBox = findTestObject("숏컷 미로그인/Page_Home  Spotlight/input_More_q"): null

05-02-2025T16:16:29 - [TEST_STEP][PASSED] - HighlightElement.run(searchBox): null

05-02-2025T16:16:34 - [TEST_STEP][PASSED] - verifyElementPresent(searchBox, 0): Object 'Object Repository/숏컷 미로그인/Page_Home  Spotlight/input_More_q' is present

05-02-2025T16:16:34 - [MESSAGE][WARNING] - Timeout '0' is invalid. Using default page load timeout: '40'

05-02-2025T16:16:35 - [MESSAGE][PASSED] - Object 'Object Repository/숏컷 미로그인/Page_Home  Spotlight/input_More_q' is present

05-02-2025T16:16:35 - [TEST_STEP][PASSED] - logoImage = findTestObject("숏컷 미로그인/Page_Home  Spotlight/img_More_absolute right-2 top-24 -translate-y-24"): null

05-02-2025T16:16:35 - [TEST_STEP][PASSED] - HighlightElement.run(logoImage): null

05-02-2025T16:16:37 - [TEST_STEP][PASSED] - verifyElementPresent(logoImage, 0): Object 'Object Repository/숏컷 미로그인/Page_Home  Spotlight/img_More_absolute right-2 top-24 -translate-y-24' is present

05-02-2025T16:16:37 - [MESSAGE][WARNING] - Timeout '0' is invalid. Using default page load timeout: '40'

05-02-2025T16:16:37 - [MESSAGE][PASSED] - Object 'Object Repository/숏컷 미로그인/Page_Home  Spotlight/img_More_absolute right-2 top-24 -translate-y-24' is present

05-02-2025T16:16:37 - [TEST_STEP][PASSED] - loginButton = findTestObject("숏컷 미로그인/Page_Home  Spotlight/button_Login"): null

05-02-2025T16:16:37 - [TEST_STEP][PASSED] - HighlightElement.run(loginButton): null

05-02-2025T16:16:39 - [TEST_STEP][PASSED] - verifyElementPresent(loginButton, 0): Object 'Object Repository/숏컷 미로그인/Page_Home  Spotlight/button_Login' is present

05-02-2025T16:16:39 - [MESSAGE][WARNING] - Timeout '0' is invalid. Using default page load timeout: '40'

05-02-2025T16:16:40 - [MESSAGE][PASSED] - Object 'Object Repository/숏컷 미로그인/Page_Home  Spotlight/button_Login' is present

05-02-2025T16:16:40 - [TEST_STEP][PASSED] - publishButton = findTestObject("숏컷 미로그인/Page_Home  Spotlight/button_Publish"): null

05-02-2025T16:16:40 - [TEST_STEP][PASSED] - HighlightElement.run(publishButton): null

05-02-2025T16:16:42 - [TEST_STEP][PASSED] - verifyElementPresent(publishButton, 0): Object 'Object Repository/숏컷 미로그인/Page_Home  Spotlight/button_Publish' is present

05-02-2025T16:16:42 - [MESSAGE][WARNING] - Timeout '0' is invalid. Using default page load timeout: '40'

05-02-2025T16:16:43 - [MESSAGE][PASSED] - Object 'Object Repository/숏컷 미로그인/Page_Home  Spotlight/button_Publish' is present

05-02-2025T16:16:43 - [TEST_STEP][PASSED] - comment("⏳ 3초 대기 후 다음 테스트 케이스 실행"): ⏳ 3초 대기 후 다음 테스트 케이스 실행

05-02-2025T16:16:43 - [MESSAGE][INFO] - ⏳ 3초 대기 후 다음 테스트 케이스 실행

05-02-2025T16:16:43 - [TEST_STEP][PASSED] - delay(3): Delayed 3 second(s)

05-02-2025T16:16:46 - [MESSAGE][PASSED] - Delayed 3 second(s)

05-02-2025T16:16:46 - [TEST_STEP][PASSED] - closeBrowser(): Browser is closed

05-02-2025T16:16:46 - [MESSAGE][PASSED] - Browser is closed]]></system-out>
         <system-err><![CDATA[]]></system-err>
      </testcase>
      <testcase name="Test Cases/Home/로그인 다른거" time="10.257" classname="Test Cases/Home/로그인 다른거" status="FAILED">
         <failure type="FAILED" message="Test Cases/Home/로그인 다른거 FAILED.&#xa;Reason:&#xa;java.lang.AssertionError: Session ID is null. Using WebDriver after calling quit()?&#xa;Build info: version: '4.22.0', revision: 'c5f3146703'&#xa;System info: os.name: 'Mac OS X', os.arch: 'aarch64', os.version: '14.6.1', java.version: '17.0.13'&#xa;Driver info: com.kms.katalon.selenium.driver.CChromeDriver&#xa;Command: [null, executeScript {args=[{element-6066-11e4-a52e-4f735466cecf=f.1367EFFEB423329AB6CF2831441D7B42.d.5288D3940F0A39491DA4C266CEABDB51.e.59}], script=arguments[0].setAttribute('style','background: yellow; border: 5px solid red;');}]&#xa;Capabilities {acceptInsecureCerts: false, browserName: chrome, browserVersion: 132.0.6834.160, chrome: {chromedriverVersion: 132.0.6834.83 (03d59cf5ecf1..., userDataDir: /var/folders/jt/hwd168h1059...}, fedcm:accounts: true, goog:chromeOptions: {debuggerAddress: localhost:60248}, networkConnectionEnabled: false, pageLoadStrategy: normal, platformName: mac, proxy: Proxy(), se:cdp: ws://localhost:60248/devtoo..., se:cdpVersion: 132.0.6834.160, setWindowRect: true, strictFileInteractability: false, timeouts: {implicit: 0, pageLoad: 300000, script: 30000}, unhandledPromptBehavior: ignore, webSocketUrl: ws://localhost:7928/session..., webauthn:extension:credBlob: true, webauthn:extension:largeBlob: true, webauthn:extension:minPinLength: true, webauthn:extension:prf: true, webauthn:virtualAuthenticators: true}&#xa;	at org.testng.Assert.fail(Assert.java:111)&#xa;	at com.reusableComponents.HighlightElement.run(HighlightElement.groovy:33)&#xa;	at 로그인 다른거.verifyAndHighlight(로그인 다른거:127)&#xa;	at 로그인 다른거.run(로그인 다른거:134)&#xa;	at com.kms.katalon.core.main.ScriptEngine.run(ScriptEngine.java:194)&#xa;	at com.kms.katalon.core.main.ScriptEngine.runScriptAsRawText(ScriptEngine.java:119)&#xa;	at com.kms.katalon.core.main.TestCaseExecutor.runScript(TestCaseExecutor.java:448)&#xa;	at com.kms.katalon.core.main.TestCaseExecutor.doExecute(TestCaseExecutor.java:439)&#xa;	at com.kms.katalon.core.main.TestCaseExecutor.processExecutionPhase(TestCaseExecutor.java:418)&#xa;	at com.kms.katalon.core.main.TestCaseExecutor.accessMainPhase(TestCaseExecutor.java:410)&#xa;	at com.kms.katalon.core.main.TestCaseExecutor.execute(TestCaseExecutor.java:285)&#xa;	at com.kms.katalon.core.common.CommonExecutor.accessTestCaseMainPhase(CommonExecutor.java:71)&#xa;	at com.kms.katalon.core.main.TestSuiteExecutor.accessTestSuiteMainPhase(TestSuiteExecutor.java:160)&#xa;	at com.kms.katalon.core.main.TestSuiteExecutor.execute(TestSuiteExecutor.java:107)&#xa;	at com.kms.katalon.core.main.TestCaseMain.startTestSuite(TestCaseMain.java:180)&#xa;	at TempTestSuite1738739779247.run(TempTestSuite1738739779247.groovy:35)&#xa;	at java.base/jdk.internal.reflect.NativeMethodAccessorImpl.invoke0(Native Method)&#xa;	at java.base/jdk.internal.reflect.NativeMethodAccessorImpl.invoke(NativeMethodAccessorImpl.java:77)&#xa;	at java.base/jdk.internal.reflect.DelegatingMethodAccessorImpl.invoke(DelegatingMethodAccessorImpl.java:43)&#xa;"/>
         <system-out><![CDATA[05-02-2025T16:16:46 - [TEST_CASE][FAILED] - Test Cases/Home/로그인 다른거: Test Cases/Home/로그인 다른거 FAILED.
Reason:
java.lang.AssertionError: Session ID is null. Using WebDriver after calling quit()?
Build info: version: '4.22.0', revision: 'c5f3146703'
System info: os.name: 'Mac OS X', os.arch: 'aarch64', os.version: '14.6.1', java.version: '17.0.13'
Driver info: com.kms.katalon.selenium.driver.CChromeDriver
Command: [null, executeScript {args=[{element-6066-11e4-a52e-4f735466cecf=f.1367EFFEB423329AB6CF2831441D7B42.d.5288D3940F0A39491DA4C266CEABDB51.e.59}], script=arguments[0].setAttribute('style','background: yellow; border: 5px solid red;');}]
Capabilities {acceptInsecureCerts: false, browserName: chrome, browserVersion: 132.0.6834.160, chrome: {chromedriverVersion: 132.0.6834.83 (03d59cf5ecf1..., userDataDir: /var/folders/jt/hwd168h1059...}, fedcm:accounts: true, goog:chromeOptions: {debuggerAddress: localhost:60248}, networkConnectionEnabled: false, pageLoadStrategy: normal, platformName: mac, proxy: Proxy(), se:cdp: ws://localhost:60248/devtoo..., se:cdpVersion: 132.0.6834.160, setWindowRect: true, strictFileInteractability: false, timeouts: {implicit: 0, pageLoad: 300000, script: 30000}, unhandledPromptBehavior: ignore, webSocketUrl: ws://localhost:7928/session..., webauthn:extension:credBlob: true, webauthn:extension:largeBlob: true, webauthn:extension:minPinLength: true, webauthn:extension:prf: true, webauthn:virtualAuthenticators: true}
	at org.testng.Assert.fail(Assert.java:111)
	at com.reusableComponents.HighlightElement.run(HighlightElement.groovy:33)
	at 로그인 다른거.verifyAndHighlight(로그인 다른거:127)
	at 로그인 다른거.run(로그인 다른거:134)
	at com.kms.katalon.core.main.ScriptEngine.run(ScriptEngine.java:194)
	at com.kms.katalon.core.main.ScriptEngine.runScriptAsRawText(ScriptEngine.java:119)
	at com.kms.katalon.core.main.TestCaseExecutor.runScript(TestCaseExecutor.java:448)
	at com.kms.katalon.core.main.TestCaseExecutor.doExecute(TestCaseExecutor.java:439)
	at com.kms.katalon.core.main.TestCaseExecutor.processExecutionPhase(TestCaseExecutor.java:418)
	at com.kms.katalon.core.main.TestCaseExecutor.accessMainPhase(TestCaseExecutor.java:410)
	at com.kms.katalon.core.main.TestCaseExecutor.execute(TestCaseExecutor.java:285)
	at com.kms.katalon.core.common.CommonExecutor.accessTestCaseMainPhase(CommonExecutor.java:71)
	at com.kms.katalon.core.main.TestSuiteExecutor.accessTestSuiteMainPhase(TestSuiteExecutor.java:160)
	at com.kms.katalon.core.main.TestSuiteExecutor.execute(TestSuiteExecutor.java:107)
	at com.kms.katalon.core.main.TestCaseMain.startTestSuite(TestCaseMain.java:180)
	at TempTestSuite1738739779247.run(TempTestSuite1738739779247.groovy:35)
	at java.base/jdk.internal.reflect.NativeMethodAccessorImpl.invoke0(Native Method)
	at java.base/jdk.internal.reflect.NativeMethodAccessorImpl.invoke(NativeMethodAccessorImpl.java:77)
	at java.base/jdk.internal.reflect.DelegatingMethodAccessorImpl.invoke(DelegatingMethodAccessorImpl.java:43)


05-02-2025T16:16:46 - [TEST_STEP][PASSED] - url = "https://tapas.io/account/signin?from=/": null

05-02-2025T16:16:46 - [TEST_STEP][PASSED] - email = "dkttapas00@gmail.com": null

05-02-2025T16:16:46 - [TEST_STEP][PASSED] - password = "winehouse": null

05-02-2025T16:16:46 - [TEST_STEP][PASSED] - cookieFilePath = "cookies.save": null

05-02-2025T16:16:46 - [TEST_STEP][PASSED] - openBrowser(""): Browser is opened with url: ''

05-02-2025T16:16:46 - [MESSAGE][INFO] - Starting 'Chrome' driver

05-02-2025T16:16:46 - [MESSAGE][INFO] - Action delay is set to 0 milliseconds

05-02-2025T16:16:47 - [MESSAGE][PASSED] - Browser is opened with url: ''

05-02-2025T16:16:47 - [TEST_STEP][PASSED] - navigateToUrl(url): Navigate to 'https://tapas.io/account/signin?from=/' successfully

05-02-2025T16:16:52 - [MESSAGE][PASSED] - Navigate to 'https://tapas.io/account/signin?from=/' successfully

05-02-2025T16:16:52 - [TEST_STEP][PASSED] - cookieFile = new java.io.File(cookieFilePath): null

05-02-2025T16:16:52 - [TEST_STEP][PASSED] - if (cookieFile.exists()): ✅ 쿠키 로드 완료! 자동 로그인 성공

05-02-2025T16:16:52 - [TEST_STEP][PASSED] - driver = getWebDriver(): null

05-02-2025T16:16:52 - [TEST_STEP][PASSED] - try: ✅ 쿠키 로드 완료! 자동 로그인 성공

05-02-2025T16:16:52 - [TEST_STEP][PASSED] - fis = new java.io.FileInputStream(cookieFile): null

05-02-2025T16:16:52 - [TEST_STEP][PASSED] - ois = new java.io.ObjectInputStream(fis): null

05-02-2025T16:16:52 - [TEST_STEP][PASSED] - cookies = ois.readObject(): null

05-02-2025T16:16:52 - [TEST_STEP][PASSED] - ois.close(): null

05-02-2025T16:16:52 - [TEST_STEP][PASSED] - fis.close(): null

05-02-2025T16:16:52 - [TEST_STEP][PASSED] - for (org.openqa.selenium.Cookie cookie : cookies): null

05-02-2025T16:16:52 - [TEST_STEP][PASSED] - manage().addCookie(cookie): null

05-02-2025T16:16:52 - [TEST_STEP][PASSED] - manage().addCookie(cookie): null

05-02-2025T16:16:52 - [TEST_STEP][PASSED] - manage().addCookie(cookie): null

05-02-2025T16:16:52 - [TEST_STEP][PASSED] - manage().addCookie(cookie): null

05-02-2025T16:16:52 - [TEST_STEP][PASSED] - manage().addCookie(cookie): null

05-02-2025T16:16:52 - [TEST_STEP][PASSED] - manage().addCookie(cookie): null

05-02-2025T16:16:52 - [TEST_STEP][PASSED] - manage().addCookie(cookie): null

05-02-2025T16:16:52 - [TEST_STEP][PASSED] - manage().addCookie(cookie): null

05-02-2025T16:16:52 - [TEST_STEP][PASSED] - manage().addCookie(cookie): null

05-02-2025T16:16:52 - [TEST_STEP][PASSED] - manage().addCookie(cookie): null

05-02-2025T16:16:52 - [TEST_STEP][PASSED] - manage().addCookie(cookie): null

05-02-2025T16:16:52 - [TEST_STEP][PASSED] - manage().addCookie(cookie): null

05-02-2025T16:16:52 - [TEST_STEP][PASSED] - manage().addCookie(cookie): null

05-02-2025T16:16:52 - [TEST_STEP][PASSED] - manage().addCookie(cookie): null

05-02-2025T16:16:52 - [TEST_STEP][PASSED] - manage().addCookie(cookie): null

05-02-2025T16:16:52 - [TEST_STEP][PASSED] - manage().addCookie(cookie): null

05-02-2025T16:16:52 - [TEST_STEP][PASSED] - manage().addCookie(cookie): null

05-02-2025T16:16:52 - [TEST_STEP][PASSED] - manage().addCookie(cookie): null

05-02-2025T16:16:52 - [TEST_STEP][PASSED] - manage().addCookie(cookie): null

05-02-2025T16:16:52 - [TEST_STEP][PASSED] - manage().addCookie(cookie): null

05-02-2025T16:16:52 - [TEST_STEP][PASSED] - manage().addCookie(cookie): null

05-02-2025T16:16:52 - [TEST_STEP][PASSED] - manage().addCookie(cookie): null

05-02-2025T16:16:52 - [TEST_STEP][PASSED] - manage().addCookie(cookie): null

05-02-2025T16:16:52 - [TEST_STEP][PASSED] - manage().addCookie(cookie): null

05-02-2025T16:16:52 - [TEST_STEP][PASSED] - manage().addCookie(cookie): null

05-02-2025T16:16:52 - [TEST_STEP][PASSED] - manage().addCookie(cookie): null

05-02-2025T16:16:52 - [TEST_STEP][PASSED] - manage().addCookie(cookie): null

05-02-2025T16:16:52 - [TEST_STEP][PASSED] - manage().addCookie(cookie): null

05-02-2025T16:16:52 - [TEST_STEP][PASSED] - manage().addCookie(cookie): null

05-02-2025T16:16:52 - [TEST_STEP][PASSED] - manage().addCookie(cookie): null

05-02-2025T16:16:52 - [TEST_STEP][PASSED] - refresh(): Refresh successfully

05-02-2025T16:16:54 - [MESSAGE][PASSED] - Refresh successfully

05-02-2025T16:16:54 - [TEST_STEP][PASSED] - comment("✅ 쿠키 로드 완료! 자동 로그인 성공"): ✅ 쿠키 로드 완료! 자동 로그인 성공

05-02-2025T16:16:54 - [MESSAGE][INFO] - ✅ 쿠키 로드 완료! 자동 로그인 성공

05-02-2025T16:16:54 - [TEST_STEP][PASSED] - driver = getWebDriver(): null

05-02-2025T16:16:54 - [TEST_STEP][PASSED] - if (driver == null): null

05-02-2025T16:16:54 - [TEST_STEP][PASSED] - verifyAndHighlight(findTestObject("숏컷 로그인 신규/Page_Home  Spotlight/input_More_q")): null

05-02-2025T16:16:54 - [TEST_STEP][PASSED] - if (waitForElementPresent(object, 5, OPTIONAL)): null

05-02-2025T16:16:55 - [MESSAGE][PASSED] - Object 'Object Repository/숏컷 로그인 신규/Page_Home  Spotlight/input_More_q' is present

05-02-2025T16:16:55 - [TEST_STEP][FAILED] - HighlightElement.run(object): Test Cases/Home/로그인 다른거 FAILED.
Reason:
java.lang.AssertionError: Session ID is null. Using WebDriver after calling quit()?
Build info: version: '4.22.0', revision: 'c5f3146703'
System info: os.name: 'Mac OS X', os.arch: 'aarch64', os.version: '14.6.1', java.version: '17.0.13'
Driver info: com.kms.katalon.selenium.driver.CChromeDriver
Command: [null, executeScript {args=[{element-6066-11e4-a52e-4f735466cecf=f.1367EFFEB423329AB6CF2831441D7B42.d.5288D3940F0A39491DA4C266CEABDB51.e.59}], script=arguments[0].setAttribute('style','background: yellow; border: 5px solid red;');}]
Capabilities {acceptInsecureCerts: false, browserName: chrome, browserVersion: 132.0.6834.160, chrome: {chromedriverVersion: 132.0.6834.83 (03d59cf5ecf1..., userDataDir: /var/folders/jt/hwd168h1059...}, fedcm:accounts: true, goog:chromeOptions: {debuggerAddress: localhost:60248}, networkConnectionEnabled: false, pageLoadStrategy: normal, platformName: mac, proxy: Proxy(), se:cdp: ws://localhost:60248/devtoo..., se:cdpVersion: 132.0.6834.160, setWindowRect: true, strictFileInteractability: false, timeouts: {implicit: 0, pageLoad: 300000, script: 30000}, unhandledPromptBehavior: ignore, webSocketUrl: ws://localhost:7928/session..., webauthn:extension:credBlob: true, webauthn:extension:largeBlob: true, webauthn:extension:minPinLength: true, webauthn:extension:prf: true, webauthn:virtualAuthenticators: true}
	at org.testng.Assert.fail(Assert.java:111)
	at com.reusableComponents.HighlightElement.run(HighlightElement.groovy:33)
	at 로그인 다른거.verifyAndHighlight(로그인 다른거:127)
	at 로그인 다른거.run(로그인 다른거:134)
	at com.kms.katalon.core.main.ScriptEngine.run(ScriptEngine.java:194)
	at com.kms.katalon.core.main.ScriptEngine.runScriptAsRawText(ScriptEngine.java:119)
	at com.kms.katalon.core.main.TestCaseExecutor.runScript(TestCaseExecutor.java:448)
	at com.kms.katalon.core.main.TestCaseExecutor.doExecute(TestCaseExecutor.java:439)
	at com.kms.katalon.core.main.TestCaseExecutor.processExecutionPhase(TestCaseExecutor.java:418)
	at com.kms.katalon.core.main.TestCaseExecutor.accessMainPhase(TestCaseExecutor.java:410)
	at com.kms.katalon.core.main.TestCaseExecutor.execute(TestCaseExecutor.java:285)
	at com.kms.katalon.core.common.CommonExecutor.accessTestCaseMainPhase(CommonExecutor.java:71)
	at com.kms.katalon.core.main.TestSuiteExecutor.accessTestSuiteMainPhase(TestSuiteExecutor.java:160)
	at com.kms.katalon.core.main.TestSuiteExecutor.execute(TestSuiteExecutor.java:107)
	at com.kms.katalon.core.main.TestCaseMain.startTestSuite(TestCaseMain.java:180)
	at TempTestSuite1738739779247.run(TempTestSuite1738739779247.groovy:35)
	at java.base/jdk.internal.reflect.NativeMethodAccessorImpl.invoke0(Native Method)
	at java.base/jdk.internal.reflect.NativeMethodAccessorImpl.invoke(NativeMethodAccessorImpl.java:77)
	at java.base/jdk.internal.reflect.DelegatingMethodAccessorImpl.invoke(DelegatingMethodAccessorImpl.java:43)


05-02-2025T16:16:56 - [MESSAGE][FAILED] - Test Cases/Home/로그인 다른거 FAILED.
Reason:
java.lang.AssertionError: Session ID is null. Using WebDriver after calling quit()?
Build info: version: '4.22.0', revision: 'c5f3146703'
System info: os.name: 'Mac OS X', os.arch: 'aarch64', os.version: '14.6.1', java.version: '17.0.13'
Driver info: com.kms.katalon.selenium.driver.CChromeDriver
Command: [null, executeScript {args=[{element-6066-11e4-a52e-4f735466cecf=f.1367EFFEB423329AB6CF2831441D7B42.d.5288D3940F0A39491DA4C266CEABDB51.e.59}], script=arguments[0].setAttribute('style','background: yellow; border: 5px solid red;');}]
Capabilities {acceptInsecureCerts: false, browserName: chrome, browserVersion: 132.0.6834.160, chrome: {chromedriverVersion: 132.0.6834.83 (03d59cf5ecf1..., userDataDir: /var/folders/jt/hwd168h1059...}, fedcm:accounts: true, goog:chromeOptions: {debuggerAddress: localhost:60248}, networkConnectionEnabled: false, pageLoadStrategy: normal, platformName: mac, proxy: Proxy(), se:cdp: ws://localhost:60248/devtoo..., se:cdpVersion: 132.0.6834.160, setWindowRect: true, strictFileInteractability: false, timeouts: {implicit: 0, pageLoad: 300000, script: 30000}, unhandledPromptBehavior: ignore, webSocketUrl: ws://localhost:7928/session..., webauthn:extension:credBlob: true, webauthn:extension:largeBlob: true, webauthn:extension:minPinLength: true, webauthn:extension:prf: true, webauthn:virtualAuthenticators: true}
	at org.testng.Assert.fail(Assert.java:111)
	at com.reusableComponents.HighlightElement.run(HighlightElement.groovy:33)
	at 로그인 다른거.verifyAndHighlight(로그인 다른거:127)
	at 로그인 다른거.run(로그인 다른거:134)
	at com.kms.katalon.core.main.ScriptEngine.run(ScriptEngine.java:194)
	at com.kms.katalon.core.main.ScriptEngine.runScriptAsRawText(ScriptEngine.java:119)
	at com.kms.katalon.core.main.TestCaseExecutor.runScript(TestCaseExecutor.java:448)
	at com.kms.katalon.core.main.TestCaseExecutor.doExecute(TestCaseExecutor.java:439)
	at com.kms.katalon.core.main.TestCaseExecutor.processExecutionPhase(TestCaseExecutor.java:418)
	at com.kms.katalon.core.main.TestCaseExecutor.accessMainPhase(TestCaseExecutor.java:410)
	at com.kms.katalon.core.main.TestCaseExecutor.execute(TestCaseExecutor.java:285)
	at com.kms.katalon.core.common.CommonExecutor.accessTestCaseMainPhase(CommonExecutor.java:71)
	at com.kms.katalon.core.main.TestSuiteExecutor.accessTestSuiteMainPhase(TestSuiteExecutor.java:160)
	at com.kms.katalon.core.main.TestSuiteExecutor.execute(TestSuiteExecutor.java:107)
	at com.kms.katalon.core.main.TestCaseMain.startTestSuite(TestCaseMain.java:180)
	at TempTestSuite1738739779247.run(TempTestSuite1738739779247.groovy:35)
	at java.base/jdk.internal.reflect.NativeMethodAccessorImpl.invoke0(Native Method)
	at java.base/jdk.internal.reflect.NativeMethodAccessorImpl.invoke(NativeMethodAccessorImpl.java:77)
	at java.base/jdk.internal.reflect.DelegatingMethodAccessorImpl.invoke(DelegatingMethodAccessorImpl.java:43)]]></system-out>
         <system-err><![CDATA[05-02-2025T16:16:46 - [TEST_CASE][FAILED] - Test Cases/Home/로그인 다른거: Test Cases/Home/로그인 다른거 FAILED.
Reason:
java.lang.AssertionError: Session ID is null. Using WebDriver after calling quit()?
Build info: version: '4.22.0', revision: 'c5f3146703'
System info: os.name: 'Mac OS X', os.arch: 'aarch64', os.version: '14.6.1', java.version: '17.0.13'
Driver info: com.kms.katalon.selenium.driver.CChromeDriver
Command: [null, executeScript {args=[{element-6066-11e4-a52e-4f735466cecf=f.1367EFFEB423329AB6CF2831441D7B42.d.5288D3940F0A39491DA4C266CEABDB51.e.59}], script=arguments[0].setAttribute('style','background: yellow; border: 5px solid red;');}]
Capabilities {acceptInsecureCerts: false, browserName: chrome, browserVersion: 132.0.6834.160, chrome: {chromedriverVersion: 132.0.6834.83 (03d59cf5ecf1..., userDataDir: /var/folders/jt/hwd168h1059...}, fedcm:accounts: true, goog:chromeOptions: {debuggerAddress: localhost:60248}, networkConnectionEnabled: false, pageLoadStrategy: normal, platformName: mac, proxy: Proxy(), se:cdp: ws://localhost:60248/devtoo..., se:cdpVersion: 132.0.6834.160, setWindowRect: true, strictFileInteractability: false, timeouts: {implicit: 0, pageLoad: 300000, script: 30000}, unhandledPromptBehavior: ignore, webSocketUrl: ws://localhost:7928/session..., webauthn:extension:credBlob: true, webauthn:extension:largeBlob: true, webauthn:extension:minPinLength: true, webauthn:extension:prf: true, webauthn:virtualAuthenticators: true}
	at org.testng.Assert.fail(Assert.java:111)
	at com.reusableComponents.HighlightElement.run(HighlightElement.groovy:33)
	at 로그인 다른거.verifyAndHighlight(로그인 다른거:127)
	at 로그인 다른거.run(로그인 다른거:134)
	at com.kms.katalon.core.main.ScriptEngine.run(ScriptEngine.java:194)
	at com.kms.katalon.core.main.ScriptEngine.runScriptAsRawText(ScriptEngine.java:119)
	at com.kms.katalon.core.main.TestCaseExecutor.runScript(TestCaseExecutor.java:448)
	at com.kms.katalon.core.main.TestCaseExecutor.doExecute(TestCaseExecutor.java:439)
	at com.kms.katalon.core.main.TestCaseExecutor.processExecutionPhase(TestCaseExecutor.java:418)
	at com.kms.katalon.core.main.TestCaseExecutor.accessMainPhase(TestCaseExecutor.java:410)
	at com.kms.katalon.core.main.TestCaseExecutor.execute(TestCaseExecutor.java:285)
	at com.kms.katalon.core.common.CommonExecutor.accessTestCaseMainPhase(CommonExecutor.java:71)
	at com.kms.katalon.core.main.TestSuiteExecutor.accessTestSuiteMainPhase(TestSuiteExecutor.java:160)
	at com.kms.katalon.core.main.TestSuiteExecutor.execute(TestSuiteExecutor.java:107)
	at com.kms.katalon.core.main.TestCaseMain.startTestSuite(TestCaseMain.java:180)
	at TempTestSuite1738739779247.run(TempTestSuite1738739779247.groovy:35)
	at java.base/jdk.internal.reflect.NativeMethodAccessorImpl.invoke0(Native Method)
	at java.base/jdk.internal.reflect.NativeMethodAccessorImpl.invoke(NativeMethodAccessorImpl.java:77)
	at java.base/jdk.internal.reflect.DelegatingMethodAccessorImpl.invoke(DelegatingMethodAccessorImpl.java:43)]]></system-err>
      </testcase>
      <system-out><![CDATA[05-02-2025T16:16:23 - [TEST_SUITE][FAILED] - Home: Test Cases/Home/로그인 다른거 FAILED.
Reason:
java.lang.AssertionError: Session ID is null. Using WebDriver after calling quit()?
Build info: version: '4.22.0', revision: 'c5f3146703'
System info: os.name: 'Mac OS X', os.arch: 'aarch64', os.version: '14.6.1', java.version: '17.0.13'
Driver info: com.kms.katalon.selenium.driver.CChromeDriver
Command: [null, executeScript {args=[{element-6066-11e4-a52e-4f735466cecf=f.1367EFFEB423329AB6CF2831441D7B42.d.5288D3940F0A39491DA4C266CEABDB51.e.59}], script=arguments[0].setAttribute('style','background: yellow; border: 5px solid red;');}]
Capabilities {acceptInsecureCerts: false, browserName: chrome, browserVersion: 132.0.6834.160, chrome: {chromedriverVersion: 132.0.6834.83 (03d59cf5ecf1..., userDataDir: /var/folders/jt/hwd168h1059...}, fedcm:accounts: true, goog:chromeOptions: {debuggerAddress: localhost:60248}, networkConnectionEnabled: false, pageLoadStrategy: normal, platformName: mac, proxy: Proxy(), se:cdp: ws://localhost:60248/devtoo..., se:cdpVersion: 132.0.6834.160, setWindowRect: true, strictFileInteractability: false, timeouts: {implicit: 0, pageLoad: 300000, script: 30000}, unhandledPromptBehavior: ignore, webSocketUrl: ws://localhost:7928/session..., webauthn:extension:credBlob: true, webauthn:extension:largeBlob: true, webauthn:extension:minPinLength: true, webauthn:extension:prf: true, webauthn:virtualAuthenticators: true}
	at org.testng.Assert.fail(Assert.java:111)
	at com.reusableComponents.HighlightElement.run(HighlightElement.groovy:33)
	at 로그인 다른거.verifyAndHighlight(로그인 다른거:127)
	at 로그인 다른거.run(로그인 다른거:134)
	at com.kms.katalon.core.main.ScriptEngine.run(ScriptEngine.java:194)
	at com.kms.katalon.core.main.ScriptEngine.runScriptAsRawText(ScriptEngine.java:119)
	at com.kms.katalon.core.main.TestCaseExecutor.runScript(TestCaseExecutor.java:448)
	at com.kms.katalon.core.main.TestCaseExecutor.doExecute(TestCaseExecutor.java:439)
	at com.kms.katalon.core.main.TestCaseExecutor.processExecutionPhase(TestCaseExecutor.java:418)
	at com.kms.katalon.core.main.TestCaseExecutor.accessMainPhase(TestCaseExecutor.java:410)
	at com.kms.katalon.core.main.TestCaseExecutor.execute(TestCaseExecutor.java:285)
	at com.kms.katalon.core.common.CommonExecutor.accessTestCaseMainPhase(CommonExecutor.java:71)
	at com.kms.katalon.core.main.TestSuiteExecutor.accessTestSuiteMainPhase(TestSuiteExecutor.java:160)
	at com.kms.katalon.core.main.TestSuiteExecutor.execute(TestSuiteExecutor.java:107)
	at com.kms.katalon.core.main.TestCaseMain.startTestSuite(TestCaseMain.java:180)
	at TempTestSuite1738739779247.run(TempTestSuite1738739779247.groovy:35)
	at java.base/jdk.internal.reflect.NativeMethodAccessorImpl.invoke0(Native Method)
	at java.base/jdk.internal.reflect.NativeMethodAccessorImpl.invoke(NativeMethodAccessorImpl.java:77)
	at java.base/jdk.internal.reflect.DelegatingMethodAccessorImpl.invoke(DelegatingMethodAccessorImpl.java:43)]]></system-out>
      <system-err><![CDATA[05-02-2025T16:16:23 - [TEST_SUITE][FAILED] - Home: Test Cases/Home/로그인 다른거 FAILED.
Reason:
java.lang.AssertionError: Session ID is null. Using WebDriver after calling quit()?
Build info: version: '4.22.0', revision: 'c5f3146703'
System info: os.name: 'Mac OS X', os.arch: 'aarch64', os.version: '14.6.1', java.version: '17.0.13'
Driver info: com.kms.katalon.selenium.driver.CChromeDriver
Command: [null, executeScript {args=[{element-6066-11e4-a52e-4f735466cecf=f.1367EFFEB423329AB6CF2831441D7B42.d.5288D3940F0A39491DA4C266CEABDB51.e.59}], script=arguments[0].setAttribute('style','background: yellow; border: 5px solid red;');}]
Capabilities {acceptInsecureCerts: false, browserName: chrome, browserVersion: 132.0.6834.160, chrome: {chromedriverVersion: 132.0.6834.83 (03d59cf5ecf1..., userDataDir: /var/folders/jt/hwd168h1059...}, fedcm:accounts: true, goog:chromeOptions: {debuggerAddress: localhost:60248}, networkConnectionEnabled: false, pageLoadStrategy: normal, platformName: mac, proxy: Proxy(), se:cdp: ws://localhost:60248/devtoo..., se:cdpVersion: 132.0.6834.160, setWindowRect: true, strictFileInteractability: false, timeouts: {implicit: 0, pageLoad: 300000, script: 30000}, unhandledPromptBehavior: ignore, webSocketUrl: ws://localhost:7928/session..., webauthn:extension:credBlob: true, webauthn:extension:largeBlob: true, webauthn:extension:minPinLength: true, webauthn:extension:prf: true, webauthn:virtualAuthenticators: true}
	at org.testng.Assert.fail(Assert.java:111)
	at com.reusableComponents.HighlightElement.run(HighlightElement.groovy:33)
	at 로그인 다른거.verifyAndHighlight(로그인 다른거:127)
	at 로그인 다른거.run(로그인 다른거:134)
	at com.kms.katalon.core.main.ScriptEngine.run(ScriptEngine.java:194)
	at com.kms.katalon.core.main.ScriptEngine.runScriptAsRawText(ScriptEngine.java:119)
	at com.kms.katalon.core.main.TestCaseExecutor.runScript(TestCaseExecutor.java:448)
	at com.kms.katalon.core.main.TestCaseExecutor.doExecute(TestCaseExecutor.java:439)
	at com.kms.katalon.core.main.TestCaseExecutor.processExecutionPhase(TestCaseExecutor.java:418)
	at com.kms.katalon.core.main.TestCaseExecutor.accessMainPhase(TestCaseExecutor.java:410)
	at com.kms.katalon.core.main.TestCaseExecutor.execute(TestCaseExecutor.java:285)
	at com.kms.katalon.core.common.CommonExecutor.accessTestCaseMainPhase(CommonExecutor.java:71)
	at com.kms.katalon.core.main.TestSuiteExecutor.accessTestSuiteMainPhase(TestSuiteExecutor.java:160)
	at com.kms.katalon.core.main.TestSuiteExecutor.execute(TestSuiteExecutor.java:107)
	at com.kms.katalon.core.main.TestCaseMain.startTestSuite(TestCaseMain.java:180)
	at TempTestSuite1738739779247.run(TempTestSuite1738739779247.groovy:35)
	at java.base/jdk.internal.reflect.NativeMethodAccessorImpl.invoke0(Native Method)
	at java.base/jdk.internal.reflect.NativeMethodAccessorImpl.invoke(NativeMethodAccessorImpl.java:77)
	at java.base/jdk.internal.reflect.DelegatingMethodAccessorImpl.invoke(DelegatingMethodAccessorImpl.java:43)]]></system-err>
   </testsuite>
</testsuites>
