<?xml version="1.0" encoding="UTF-8"?>
<testsuites name="TC1" time="20.128" tests="4" failures="0" errors="0">
   <testsuite name="TC1" tests="4" failures="0" errors="0" time="20.128" skipped="0" timestamp="23-04-2025T17:47:47" hostname="ruben.lee - localhost" id="Test Suites/TC1">
      <properties>
         <property name="deviceName" value=""/>
         <property name="devicePlatform"/>
         <property name="logFolder" value="/Users/ruben.lee/Katalon Studio/TapasTest/Reports/20250423_174742/TC1/20250423_174743"/>
         <property name="logFiles" value="/Users/ruben.lee/Katalon Studio/TapasTest/Reports/20250423_174742/TC1/20250423_174743/execution0.log"/>
         <property name="attachments" value=""/>
         <property name="hostName" value="ruben.lee - localhost"/>
         <property name="os" value="Mac OS X 64bit"/>
         <property name="katalonVersion" value="10.1.0.223"/>
         <property name="browser" value="Chrome 135.0.7049.96"/>
         <property name="hostAddress" value="127.0.0.1"/>
         <property name="sessionId" value="42b13890ed9f2fb1aac1c7ce6454a425"/>
         <property name="seleniumVersion" value="4.22.0"/>
         <property name="proxyInformation" value="ProxyInformation { proxyOption=NO_PROXY, proxyServerType=HTTP, username=, password=********, proxyServerAddress=, proxyServerPort=0, executionList=&quot;&quot;, isApplyToDesiredCapabilities=true }"/>
         <property name="platform" value="Mac OS X"/>
      </properties>
      <testcase name="Test Cases/SetSuiteFlag" time="2.512" classname="Test Cases/SetSuiteFlag" status="PASSED">
         <system-out><![CDATA[23-04-2025T17:47:50 - [TEST_CASE][PASSED] - Test Cases/SetSuiteFlag: Test Cases/SetSuiteFlag

23-04-2025T17:47:50 - [TEST_STEP][ERROR] - Start listener action : beforeTestCase: com.kms.katalon.core.exception.StepFailedException: Actual text 'https://tapas.io/' and expected text 'https://tapas.io' are not matched
	at com.kms.katalon.core.keyword.builtin.VerifyMatchKeyword$_verifyMatch_closure1.doCall(VerifyMatchKeyword.groovy:57)
	at com.kms.katalon.core.keyword.builtin.VerifyMatchKeyword$_verifyMatch_closure1.call(VerifyMatchKeyword.groovy)
	at com.kms.katalon.core.keyword.internal.KeywordMain.runKeyword(KeywordMain.groovy:75)
	at com.kms.katalon.core.keyword.builtin.VerifyMatchKeyword.verifyMatch(VerifyMatchKeyword.groovy:60)
	at com.kms.katalon.core.keyword.builtin.VerifyMatchKeyword.execute(VerifyMatchKeyword.groovy:45)
	at com.kms.katalon.core.keyword.internal.KeywordExecutor.executeKeywordForPlatform(KeywordExecutor.groovy:74)
	at com.kms.katalon.core.keyword.BuiltinKeywords.verifyMatch(BuiltinKeywords.groovy:78)
	at java.base/jdk.internal.reflect.NativeMethodAccessorImpl.invoke0(Native Method)
	at java.base/jdk.internal.reflect.NativeMethodAccessorImpl.invoke(NativeMethodAccessorImpl.java:77)
	at java.base/jdk.internal.reflect.DelegatingMethodAccessorImpl.invoke(DelegatingMethodAccessorImpl.java:43)
	at BrowserControl.beforeTestCase(BrowserControl.groovy:22)
	at java.base/jdk.internal.reflect.NativeMethodAccessorImpl.invoke0(Native Method)
	at java.base/jdk.internal.reflect.NativeMethodAccessorImpl.invoke(NativeMethodAccessorImpl.java:77)
	at java.base/jdk.internal.reflect.DelegatingMethodAccessorImpl.invoke(DelegatingMethodAccessorImpl.java:43)
	at com.kms.katalon.core.context.internal.TestHooker.invokeMethod(TestHooker.java:111)
	at com.kms.katalon.core.context.internal.TestHooker.lambda$3(TestHooker.java:95)
	at com.kms.katalon.core.context.internal.TestHooker.invokeContextMethods(TestHooker.java:94)
	at com.kms.katalon.core.context.internal.TestListenerCollector.lambda$3(TestListenerCollector.java:88)
	at com.kms.katalon.core.context.internal.TestListenerCollector.handleListenerEvent(TestListenerCollector.java:85)
	at com.kms.katalon.core.context.internal.ExecutionEventManager.publicEvent(ExecutionEventManager.java:36)
	at com.kms.katalon.core.main.TestCaseExecutor.execute(TestCaseExecutor.java:268)
	at com.kms.katalon.core.common.CommonExecutor.accessTestCaseMainPhase(CommonExecutor.java:71)
	at com.kms.katalon.core.main.TestSuiteExecutor.accessTestSuiteMainPhase(TestSuiteExecutor.java:160)
	at com.kms.katalon.core.main.TestSuiteExecutor.execute(TestSuiteExecutor.java:107)
	at com.kms.katalon.core.main.TestCaseMain.startTestSuite(TestCaseMain.java:180)
	at TempTestSuite1745398063464.run(TempTestSuite1745398063464.groovy:35)
	at java.base/jdk.internal.reflect.NativeMethodAccessorImpl.invoke0(Native Method)
	at java.base/jdk.internal.reflect.NativeMethodAccessorImpl.invoke(NativeMethodAccessorImpl.java:77)
	at java.base/jdk.internal.reflect.DelegatingMethodAccessorImpl.invoke(DelegatingMethodAccessorImpl.java:43)


23-04-2025T17:47:50 - [TEST_STEP][PASSED] - println("[BeforeTestCase] GlobalVariable.isSuite: " + isSuite): null

23-04-2025T17:47:50 - [TEST_STEP][ERROR] - if (!(isSuite)): com.kms.katalon.core.exception.StepFailedException: Actual text 'https://tapas.io/' and expected text 'https://tapas.io' are not matched
	at com.kms.katalon.core.keyword.builtin.VerifyMatchKeyword$_verifyMatch_closure1.doCall(VerifyMatchKeyword.groovy:57)
	at com.kms.katalon.core.keyword.builtin.VerifyMatchKeyword$_verifyMatch_closure1.call(VerifyMatchKeyword.groovy)
	at com.kms.katalon.core.keyword.internal.KeywordMain.runKeyword(KeywordMain.groovy:75)
	at com.kms.katalon.core.keyword.builtin.VerifyMatchKeyword.verifyMatch(VerifyMatchKeyword.groovy:60)
	at com.kms.katalon.core.keyword.builtin.VerifyMatchKeyword.execute(VerifyMatchKeyword.groovy:45)
	at com.kms.katalon.core.keyword.internal.KeywordExecutor.executeKeywordForPlatform(KeywordExecutor.groovy:74)
	at com.kms.katalon.core.keyword.BuiltinKeywords.verifyMatch(BuiltinKeywords.groovy:78)
	at java.base/jdk.internal.reflect.NativeMethodAccessorImpl.invoke0(Native Method)
	at java.base/jdk.internal.reflect.NativeMethodAccessorImpl.invoke(NativeMethodAccessorImpl.java:77)
	at java.base/jdk.internal.reflect.DelegatingMethodAccessorImpl.invoke(DelegatingMethodAccessorImpl.java:43)
	at BrowserControl.beforeTestCase(BrowserControl.groovy:22)
	at java.base/jdk.internal.reflect.NativeMethodAccessorImpl.invoke0(Native Method)
	at java.base/jdk.internal.reflect.NativeMethodAccessorImpl.invoke(NativeMethodAccessorImpl.java:77)
	at java.base/jdk.internal.reflect.DelegatingMethodAccessorImpl.invoke(DelegatingMethodAccessorImpl.java:43)
	at com.kms.katalon.core.context.internal.TestHooker.invokeMethod(TestHooker.java:111)
	at com.kms.katalon.core.context.internal.TestHooker.lambda$3(TestHooker.java:95)
	at com.kms.katalon.core.context.internal.TestHooker.invokeContextMethods(TestHooker.java:94)
	at com.kms.katalon.core.context.internal.TestListenerCollector.lambda$3(TestListenerCollector.java:88)
	at com.kms.katalon.core.context.internal.TestListenerCollector.handleListenerEvent(TestListenerCollector.java:85)
	at com.kms.katalon.core.context.internal.ExecutionEventManager.publicEvent(ExecutionEventManager.java:36)
	at com.kms.katalon.core.main.TestCaseExecutor.execute(TestCaseExecutor.java:268)
	at com.kms.katalon.core.common.CommonExecutor.accessTestCaseMainPhase(CommonExecutor.java:71)
	at com.kms.katalon.core.main.TestSuiteExecutor.accessTestSuiteMainPhase(TestSuiteExecutor.java:160)
	at com.kms.katalon.core.main.TestSuiteExecutor.execute(TestSuiteExecutor.java:107)
	at com.kms.katalon.core.main.TestCaseMain.startTestSuite(TestCaseMain.java:180)
	at TempTestSuite1745398063464.run(TempTestSuite1745398063464.groovy:35)
	at java.base/jdk.internal.reflect.NativeMethodAccessorImpl.invoke0(Native Method)
	at java.base/jdk.internal.reflect.NativeMethodAccessorImpl.invoke(NativeMethodAccessorImpl.java:77)
	at java.base/jdk.internal.reflect.DelegatingMethodAccessorImpl.invoke(DelegatingMethodAccessorImpl.java:43)


23-04-2025T17:47:50 - [TEST_STEP][PASSED] - println("[단독 실행] 브라우저 오픈"): null

23-04-2025T17:47:50 - [TEST_STEP][PASSED] - openBrowser(""): Browser is opened with url: ''

23-04-2025T17:47:50 - [MESSAGE][WARNING] - A browser is already opened. Closing browser and opening a new one

23-04-2025T17:47:50 - [MESSAGE][INFO] - Starting 'Chrome' driver

23-04-2025T17:47:50 - [MESSAGE][INFO] - Action delay is set to 0 milliseconds

23-04-2025T17:47:51 - [MESSAGE][PASSED] - Browser is opened with url: ''

23-04-2025T17:47:51 - [TEST_STEP][PASSED] - url = "https://tapas.io": null

23-04-2025T17:47:51 - [TEST_STEP][PASSED] - navigateToUrl(url): Navigate to 'https://tapas.io' successfully

23-04-2025T17:47:53 - [MESSAGE][PASSED] - Navigate to 'https://tapas.io' successfully

23-04-2025T17:47:53 - [TEST_STEP][PASSED] - waitForPageLoad(10): Wait for page load successfully

23-04-2025T17:47:53 - [MESSAGE][PASSED] - Wait for page load successfully

23-04-2025T17:47:53 - [TEST_STEP][ERROR] - verifyMatch(getUrl(), url, false): com.kms.katalon.core.exception.StepFailedException: Actual text 'https://tapas.io/' and expected text 'https://tapas.io' are not matched
	at com.kms.katalon.core.keyword.builtin.VerifyMatchKeyword$_verifyMatch_closure1.doCall(VerifyMatchKeyword.groovy:57)
	at com.kms.katalon.core.keyword.builtin.VerifyMatchKeyword$_verifyMatch_closure1.call(VerifyMatchKeyword.groovy)
	at com.kms.katalon.core.keyword.internal.KeywordMain.runKeyword(KeywordMain.groovy:75)
	at com.kms.katalon.core.keyword.builtin.VerifyMatchKeyword.verifyMatch(VerifyMatchKeyword.groovy:60)
	at com.kms.katalon.core.keyword.builtin.VerifyMatchKeyword.execute(VerifyMatchKeyword.groovy:45)
	at com.kms.katalon.core.keyword.internal.KeywordExecutor.executeKeywordForPlatform(KeywordExecutor.groovy:74)
	at com.kms.katalon.core.keyword.BuiltinKeywords.verifyMatch(BuiltinKeywords.groovy:78)
	at java.base/jdk.internal.reflect.NativeMethodAccessorImpl.invoke0(Native Method)
	at java.base/jdk.internal.reflect.NativeMethodAccessorImpl.invoke(NativeMethodAccessorImpl.java:77)
	at java.base/jdk.internal.reflect.DelegatingMethodAccessorImpl.invoke(DelegatingMethodAccessorImpl.java:43)
	at BrowserControl.beforeTestCase(BrowserControl.groovy:22)
	at java.base/jdk.internal.reflect.NativeMethodAccessorImpl.invoke0(Native Method)
	at java.base/jdk.internal.reflect.NativeMethodAccessorImpl.invoke(NativeMethodAccessorImpl.java:77)
	at java.base/jdk.internal.reflect.DelegatingMethodAccessorImpl.invoke(DelegatingMethodAccessorImpl.java:43)
	at com.kms.katalon.core.context.internal.TestHooker.invokeMethod(TestHooker.java:111)
	at com.kms.katalon.core.context.internal.TestHooker.lambda$3(TestHooker.java:95)
	at com.kms.katalon.core.context.internal.TestHooker.invokeContextMethods(TestHooker.java:94)
	at com.kms.katalon.core.context.internal.TestListenerCollector.lambda$3(TestListenerCollector.java:88)
	at com.kms.katalon.core.context.internal.TestListenerCollector.handleListenerEvent(TestListenerCollector.java:85)
	at com.kms.katalon.core.context.internal.ExecutionEventManager.publicEvent(ExecutionEventManager.java:36)
	at com.kms.katalon.core.main.TestCaseExecutor.execute(TestCaseExecutor.java:268)
	at com.kms.katalon.core.common.CommonExecutor.accessTestCaseMainPhase(CommonExecutor.java:71)
	at com.kms.katalon.core.main.TestSuiteExecutor.accessTestSuiteMainPhase(TestSuiteExecutor.java:160)
	at com.kms.katalon.core.main.TestSuiteExecutor.execute(TestSuiteExecutor.java:107)
	at com.kms.katalon.core.main.TestCaseMain.startTestSuite(TestCaseMain.java:180)
	at TempTestSuite1745398063464.run(TempTestSuite1745398063464.groovy:35)
	at java.base/jdk.internal.reflect.NativeMethodAccessorImpl.invoke0(Native Method)
	at java.base/jdk.internal.reflect.NativeMethodAccessorImpl.invoke(NativeMethodAccessorImpl.java:77)
	at java.base/jdk.internal.reflect.DelegatingMethodAccessorImpl.invoke(DelegatingMethodAccessorImpl.java:43)


23-04-2025T17:47:53 - [MESSAGE][PASSED] - Current window's url is: 'https://tapas.io/'

23-04-2025T17:47:53 - [MESSAGE][FAILED] - Unable to verify match between actual text 'https://tapas.io/' and expected text 'https://tapas.io' (Root cause: com.kms.katalon.core.exception.StepFailedException: Actual text 'https://tapas.io/' and expected text 'https://tapas.io' are not matched
	at com.kms.katalon.core.keyword.builtin.VerifyMatchKeyword$_verifyMatch_closure1.doCall(VerifyMatchKeyword.groovy:57)
	at com.kms.katalon.core.keyword.builtin.VerifyMatchKeyword$_verifyMatch_closure1.call(VerifyMatchKeyword.groovy)
	at com.kms.katalon.core.keyword.internal.KeywordMain.runKeyword(KeywordMain.groovy:75)
	at com.kms.katalon.core.keyword.builtin.VerifyMatchKeyword.verifyMatch(VerifyMatchKeyword.groovy:60)
	at com.kms.katalon.core.keyword.builtin.VerifyMatchKeyword.execute(VerifyMatchKeyword.groovy:45)
	at com.kms.katalon.core.keyword.internal.KeywordExecutor.executeKeywordForPlatform(KeywordExecutor.groovy:74)
	at com.kms.katalon.core.keyword.BuiltinKeywords.verifyMatch(BuiltinKeywords.groovy:78)
	at java.base/jdk.internal.reflect.NativeMethodAccessorImpl.invoke0(Native Method)
	at java.base/jdk.internal.reflect.NativeMethodAccessorImpl.invoke(NativeMethodAccessorImpl.java:77)
	at java.base/jdk.internal.reflect.DelegatingMethodAccessorImpl.invoke(DelegatingMethodAccessorImpl.java:43)
	at BrowserControl.beforeTestCase(BrowserControl.groovy:22)
	at java.base/jdk.internal.reflect.NativeMethodAccessorImpl.invoke0(Native Method)
	at java.base/jdk.internal.reflect.NativeMethodAccessorImpl.invoke(NativeMethodAccessorImpl.java:77)
	at java.base/jdk.internal.reflect.DelegatingMethodAccessorImpl.invoke(DelegatingMethodAccessorImpl.java:43)
	at com.kms.katalon.core.context.internal.TestHooker.invokeMethod(TestHooker.java:111)
	at com.kms.katalon.core.context.internal.TestHooker.lambda$3(TestHooker.java:95)
	at com.kms.katalon.core.context.internal.TestHooker.invokeContextMethods(TestHooker.java:94)
	at com.kms.katalon.core.context.internal.TestListenerCollector.lambda$3(TestListenerCollector.java:88)
	at com.kms.katalon.core.context.internal.TestListenerCollector.handleListenerEvent(TestListenerCollector.java:85)
	at com.kms.katalon.core.context.internal.ExecutionEventManager.publicEvent(ExecutionEventManager.java:36)
	at com.kms.katalon.core.main.TestCaseExecutor.execute(TestCaseExecutor.java:268)
	at com.kms.katalon.core.common.CommonExecutor.accessTestCaseMainPhase(CommonExecutor.java:71)
	at com.kms.katalon.core.main.TestSuiteExecutor.accessTestSuiteMainPhase(TestSuiteExecutor.java:160)
	at com.kms.katalon.core.main.TestSuiteExecutor.execute(TestSuiteExecutor.java:107)
	at com.kms.katalon.core.main.TestCaseMain.startTestSuite(TestCaseMain.java:180)
	at TempTestSuite1745398063464.run(TempTestSuite1745398063464.groovy:35)
	at java.base/jdk.internal.reflect.NativeMethodAccessorImpl.invoke0(Native Method)
	at java.base/jdk.internal.reflect.NativeMethodAccessorImpl.invoke(NativeMethodAccessorImpl.java:77)
	at java.base/jdk.internal.reflect.DelegatingMethodAccessorImpl.invoke(DelegatingMethodAccessorImpl.java:43)
)

23-04-2025T17:47:53 - [MESSAGE][ERROR] - com.kms.katalon.core.exception.StepFailedException: Actual text 'https://tapas.io/' and expected text 'https://tapas.io' are not matched
	at com.kms.katalon.core.keyword.builtin.VerifyMatchKeyword$_verifyMatch_closure1.doCall(VerifyMatchKeyword.groovy:57)
	at com.kms.katalon.core.keyword.builtin.VerifyMatchKeyword$_verifyMatch_closure1.call(VerifyMatchKeyword.groovy)
	at com.kms.katalon.core.keyword.internal.KeywordMain.runKeyword(KeywordMain.groovy:75)
	at com.kms.katalon.core.keyword.builtin.VerifyMatchKeyword.verifyMatch(VerifyMatchKeyword.groovy:60)
	at com.kms.katalon.core.keyword.builtin.VerifyMatchKeyword.execute(VerifyMatchKeyword.groovy:45)
	at com.kms.katalon.core.keyword.internal.KeywordExecutor.executeKeywordForPlatform(KeywordExecutor.groovy:74)
	at com.kms.katalon.core.keyword.BuiltinKeywords.verifyMatch(BuiltinKeywords.groovy:78)
	at java.base/jdk.internal.reflect.NativeMethodAccessorImpl.invoke0(Native Method)
	at java.base/jdk.internal.reflect.NativeMethodAccessorImpl.invoke(NativeMethodAccessorImpl.java:77)
	at java.base/jdk.internal.reflect.DelegatingMethodAccessorImpl.invoke(DelegatingMethodAccessorImpl.java:43)
	at BrowserControl.beforeTestCase(BrowserControl.groovy:22)
	at java.base/jdk.internal.reflect.NativeMethodAccessorImpl.invoke0(Native Method)
	at java.base/jdk.internal.reflect.NativeMethodAccessorImpl.invoke(NativeMethodAccessorImpl.java:77)
	at java.base/jdk.internal.reflect.DelegatingMethodAccessorImpl.invoke(DelegatingMethodAccessorImpl.java:43)
	at com.kms.katalon.core.context.internal.TestHooker.invokeMethod(TestHooker.java:111)
	at com.kms.katalon.core.context.internal.TestHooker.lambda$3(TestHooker.java:95)
	at com.kms.katalon.core.context.internal.TestHooker.invokeContextMethods(TestHooker.java:94)
	at com.kms.katalon.core.context.internal.TestListenerCollector.lambda$3(TestListenerCollector.java:88)
	at com.kms.katalon.core.context.internal.TestListenerCollector.handleListenerEvent(TestListenerCollector.java:85)
	at com.kms.katalon.core.context.internal.ExecutionEventManager.publicEvent(ExecutionEventManager.java:36)
	at com.kms.katalon.core.main.TestCaseExecutor.execute(TestCaseExecutor.java:268)
	at com.kms.katalon.core.common.CommonExecutor.accessTestCaseMainPhase(CommonExecutor.java:71)
	at com.kms.katalon.core.main.TestSuiteExecutor.accessTestSuiteMainPhase(TestSuiteExecutor.java:160)
	at com.kms.katalon.core.main.TestSuiteExecutor.execute(TestSuiteExecutor.java:107)
	at com.kms.katalon.core.main.TestCaseMain.startTestSuite(TestCaseMain.java:180)
	at TempTestSuite1745398063464.run(TempTestSuite1745398063464.groovy:35)
	at java.base/jdk.internal.reflect.NativeMethodAccessorImpl.invoke0(Native Method)
	at java.base/jdk.internal.reflect.NativeMethodAccessorImpl.invoke(NativeMethodAccessorImpl.java:77)
	at java.base/jdk.internal.reflect.DelegatingMethodAccessorImpl.invoke(DelegatingMethodAccessorImpl.java:43)


23-04-2025T17:47:53 - [TEST_STEP][PASSED] - isSuite = true: null

23-04-2025T17:47:53 - [TEST_STEP][PASSED] - Start listener action : afterTestCase: null

23-04-2025T17:47:53 - [TEST_STEP][PASSED] - println("[AfterTestCase] GlobalVariable.isSuite: " + isSuite): null

23-04-2025T17:47:53 - [TEST_STEP][PASSED] - if (!(isSuite)): null]]></system-out>
         <system-err><![CDATA[]]></system-err>
      </testcase>
      <testcase name="Test Cases/Prod환경/00.메인홈/01.로그인/01.자동 로그인 확인 - Copy" time="3.908" classname="Test Cases/Prod환경/00.메인홈/01.로그인/01.자동 로그인 확인 - Copy" status="PASSED">
         <system-out><![CDATA[23-04-2025T17:47:53 - [TEST_CASE][PASSED] - Test Cases/Prod환경/00.메인홈/01.로그인/01.자동 로그인 확인 - Copy: Test Cases/Prod환경/00.메인홈/01.로그인/01.자동 로그인 확인 - Copy

23-04-2025T17:47:53 - [TEST_STEP][PASSED] - Start listener action : beforeTestCase: null

23-04-2025T17:47:53 - [TEST_STEP][PASSED] - println("[BeforeTestCase] GlobalVariable.isSuite: " + isSuite): null

23-04-2025T17:47:53 - [TEST_STEP][PASSED] - if (!(isSuite)): null

23-04-2025T17:47:53 - [TEST_STEP][PASSED] - url = "https://tapas.io/account/signin?from=/": null

23-04-2025T17:47:53 - [TEST_STEP][PASSED] - cookieFilePath = "cookies.save": null

23-04-2025T17:47:53 - [TEST_STEP][PASSED] - driver = getWebDriver(): null

23-04-2025T17:47:53 - [TEST_STEP][PASSED] - cookieFile = new java.io.File(cookieFilePath): null

23-04-2025T17:47:53 - [TEST_STEP][PASSED] - if (cookieFile.exists()): ✅ 쿠키 로드 완료! 자동 로그인 성공 시도

23-04-2025T17:47:53 - [TEST_STEP][PASSED] - try: ✅ 쿠키 로드 완료! 자동 로그인 성공 시도

23-04-2025T17:47:53 - [TEST_STEP][PASSED] - fis = new java.io.FileInputStream(cookieFile): null

23-04-2025T17:47:53 - [TEST_STEP][PASSED] - ois = new java.io.ObjectInputStream(fis): null

23-04-2025T17:47:53 - [TEST_STEP][PASSED] - cookies = ois.readObject(): null

23-04-2025T17:47:53 - [TEST_STEP][PASSED] - ois.close(): null

23-04-2025T17:47:53 - [TEST_STEP][PASSED] - fis.close(): null

23-04-2025T17:47:53 - [TEST_STEP][PASSED] - for (org.openqa.selenium.Cookie cookie : cookies): null

23-04-2025T17:47:53 - [TEST_STEP][PASSED] - manage().addCookie(cookie): null

23-04-2025T17:47:53 - [TEST_STEP][PASSED] - manage().addCookie(cookie): null

23-04-2025T17:47:53 - [TEST_STEP][PASSED] - manage().addCookie(cookie): null

23-04-2025T17:47:53 - [TEST_STEP][PASSED] - manage().addCookie(cookie): null

23-04-2025T17:47:53 - [TEST_STEP][PASSED] - manage().addCookie(cookie): null

23-04-2025T17:47:53 - [TEST_STEP][PASSED] - manage().addCookie(cookie): null

23-04-2025T17:47:53 - [TEST_STEP][PASSED] - manage().addCookie(cookie): null

23-04-2025T17:47:53 - [TEST_STEP][PASSED] - manage().addCookie(cookie): null

23-04-2025T17:47:53 - [TEST_STEP][PASSED] - manage().addCookie(cookie): null

23-04-2025T17:47:53 - [TEST_STEP][PASSED] - manage().addCookie(cookie): null

23-04-2025T17:47:53 - [TEST_STEP][PASSED] - manage().addCookie(cookie): null

23-04-2025T17:47:53 - [TEST_STEP][PASSED] - manage().addCookie(cookie): null

23-04-2025T17:47:53 - [TEST_STEP][PASSED] - manage().addCookie(cookie): null

23-04-2025T17:47:53 - [TEST_STEP][PASSED] - manage().addCookie(cookie): null

23-04-2025T17:47:53 - [TEST_STEP][PASSED] - manage().addCookie(cookie): null

23-04-2025T17:47:53 - [TEST_STEP][PASSED] - manage().addCookie(cookie): null

23-04-2025T17:47:53 - [TEST_STEP][PASSED] - manage().addCookie(cookie): null

23-04-2025T17:47:53 - [TEST_STEP][PASSED] - manage().addCookie(cookie): null

23-04-2025T17:47:53 - [TEST_STEP][PASSED] - manage().addCookie(cookie): null

23-04-2025T17:47:53 - [TEST_STEP][PASSED] - manage().addCookie(cookie): null

23-04-2025T17:47:53 - [TEST_STEP][PASSED] - manage().addCookie(cookie): null

23-04-2025T17:47:53 - [TEST_STEP][PASSED] - manage().addCookie(cookie): null

23-04-2025T17:47:53 - [TEST_STEP][PASSED] - manage().addCookie(cookie): null

23-04-2025T17:47:53 - [TEST_STEP][PASSED] - manage().addCookie(cookie): null

23-04-2025T17:47:53 - [TEST_STEP][PASSED] - manage().addCookie(cookie): null

23-04-2025T17:47:53 - [TEST_STEP][PASSED] - manage().addCookie(cookie): null

23-04-2025T17:47:53 - [TEST_STEP][PASSED] - manage().addCookie(cookie): null

23-04-2025T17:47:53 - [TEST_STEP][PASSED] - manage().addCookie(cookie): null

23-04-2025T17:47:53 - [TEST_STEP][PASSED] - manage().addCookie(cookie): null

23-04-2025T17:47:53 - [TEST_STEP][PASSED] - manage().addCookie(cookie): null

23-04-2025T17:47:53 - [TEST_STEP][PASSED] - manage().addCookie(cookie): null

23-04-2025T17:47:53 - [TEST_STEP][PASSED] - navigate().refresh(): null

23-04-2025T17:47:54 - [TEST_STEP][PASSED] - comment("✅ 쿠키 로드 완료! 자동 로그인 성공 시도"): ✅ 쿠키 로드 완료! 자동 로그인 성공 시도

23-04-2025T17:47:54 - [MESSAGE][INFO] - ✅ 쿠키 로드 완료! 자동 로그인 성공 시도

23-04-2025T17:47:54 - [TEST_STEP][PASSED] - delay(2): Delayed 2 second(s)

23-04-2025T17:47:56 - [MESSAGE][PASSED] - Delayed 2 second(s)

23-04-2025T17:47:56 - [TEST_STEP][PASSED] - maximizeWindow(): Current window maximized

23-04-2025T17:47:57 - [MESSAGE][PASSED] - Current window maximized

23-04-2025T17:47:57 - [TEST_STEP][PASSED] - Start listener action : afterTestCase: null

23-04-2025T17:47:57 - [TEST_STEP][PASSED] - println("[AfterTestCase] GlobalVariable.isSuite: " + isSuite): null

23-04-2025T17:47:57 - [TEST_STEP][PASSED] - if (!(isSuite)): null]]></system-out>
         <system-err><![CDATA[]]></system-err>
      </testcase>
      <testcase name="Test Cases/Prod환경/00.메인홈/02.검색/02.검색 결과 없음 확인 - Copy" time="4.932" classname="Test Cases/Prod환경/00.메인홈/02.검색/02.검색 결과 없음 확인 - Copy" status="PASSED">
         <system-out><![CDATA[23-04-2025T17:47:57 - [TEST_CASE][PASSED] - Test Cases/Prod환경/00.메인홈/02.검색/02.검색 결과 없음 확인 - Copy: Test Cases/Prod환경/00.메인홈/02.검색/02.검색 결과 없음 확인 - Copy

23-04-2025T17:47:57 - [TEST_STEP][PASSED] - Start listener action : beforeTestCase: null

23-04-2025T17:47:57 - [TEST_STEP][PASSED] - println("[BeforeTestCase] GlobalVariable.isSuite: " + isSuite): null

23-04-2025T17:47:57 - [TEST_STEP][PASSED] - if (!(isSuite)): null

23-04-2025T17:47:57 - [TEST_STEP][PASSED] - setText(findTestObject("Object Repository/Prod환경/Home/02.검색/00.검색란"), "비비비비비비비비비비"): Text '비비비비비비비비비비' is set on object 'Object Repository/Prod환경/Home/02.검색/00.검색란'

23-04-2025T17:47:57 - [MESSAGE][PASSED] - Text '비비비비비비비비비비' is set on object 'Object Repository/Prod환경/Home/02.검색/00.검색란'

23-04-2025T17:47:57 - [TEST_STEP][PASSED] - click(findTestObject("Object Repository/Prod환경/Home/02.검색/01.검색버튼")): Object: 'Object Repository/Prod환경/Home/02.검색/01.검색버튼' is clicked on

23-04-2025T17:48:00 - [MESSAGE][PASSED] - Object: 'Object Repository/Prod환경/Home/02.검색/01.검색버튼' is clicked on

23-04-2025T17:48:00 - [TEST_STEP][PASSED] - verifyElementPresent(findTestObject("Prod환경/Home/02.검색/04.검색결과 문구 없음"), 0): Object 'Object Repository/Prod환경/Home/02.검색/04.검색결과 문구 없음' is present

23-04-2025T17:48:00 - [MESSAGE][WARNING] - Timeout '0' is invalid. Using default page load timeout: '40'

23-04-2025T17:48:00 - [MESSAGE][PASSED] - Object 'Object Repository/Prod환경/Home/02.검색/04.검색결과 문구 없음' is present

23-04-2025T17:48:00 - [TEST_STEP][PASSED] - nolist = findTestObject("Prod환경/Home/02.검색/04.검색결과 문구 없음"): null

23-04-2025T17:48:00 - [TEST_STEP][PASSED] - HighlightElement.run(nolist): null

23-04-2025T17:48:01 - [TEST_STEP][PASSED] - verifyElementPresent(nolist, 0): Object 'Object Repository/Prod환경/Home/02.검색/04.검색결과 문구 없음' is present

23-04-2025T17:48:01 - [MESSAGE][WARNING] - Timeout '0' is invalid. Using default page load timeout: '40'

23-04-2025T17:48:02 - [MESSAGE][PASSED] - Object 'Object Repository/Prod환경/Home/02.검색/04.검색결과 문구 없음' is present

23-04-2025T17:48:02 - [TEST_STEP][PASSED] - comment("✅ 검색 완료"): ✅ 검색 완료

23-04-2025T17:48:02 - [MESSAGE][INFO] - ✅ 검색 완료

23-04-2025T17:48:02 - [TEST_STEP][PASSED] - Start listener action : afterTestCase: null

23-04-2025T17:48:02 - [TEST_STEP][PASSED] - println("[AfterTestCase] GlobalVariable.isSuite: " + isSuite): null

23-04-2025T17:48:02 - [TEST_STEP][PASSED] - if (!(isSuite)): null]]></system-out>
         <system-err><![CDATA[]]></system-err>
      </testcase>
      <testcase name="Test Cases/Prod환경/00.메인홈/02.검색/03.검색 리스트 확인 - Copy" time="5.349" classname="Test Cases/Prod환경/00.메인홈/02.검색/03.검색 리스트 확인 - Copy" status="PASSED">
         <system-out><![CDATA[23-04-2025T17:48:02 - [TEST_CASE][PASSED] - Test Cases/Prod환경/00.메인홈/02.검색/03.검색 리스트 확인 - Copy: Test Cases/Prod환경/00.메인홈/02.검색/03.검색 리스트 확인 - Copy

23-04-2025T17:48:02 - [TEST_STEP][PASSED] - Start listener action : beforeTestCase: null

23-04-2025T17:48:02 - [TEST_STEP][PASSED] - println("[BeforeTestCase] GlobalVariable.isSuite: " + isSuite): null

23-04-2025T17:48:02 - [TEST_STEP][PASSED] - if (!(isSuite)): null

23-04-2025T17:48:02 - [TEST_STEP][PASSED] - click(findTestObject("Object Repository/Tapas 로고")): Object: 'Object Repository/Tapas 로고' is clicked on

23-04-2025T17:48:03 - [MESSAGE][PASSED] - Object: 'Object Repository/Tapas 로고' is clicked on

23-04-2025T17:48:03 - [TEST_STEP][PASSED] - setText(findTestObject("Object Repository/Prod환경/Home/02.검색/00.검색란"), "Solo leveling"): Text 'Solo leveling' is set on object 'Object Repository/Prod환경/Home/02.검색/00.검색란'

23-04-2025T17:48:04 - [MESSAGE][PASSED] - Text 'Solo leveling' is set on object 'Object Repository/Prod환경/Home/02.검색/00.검색란'

23-04-2025T17:48:04 - [TEST_STEP][PASSED] - click(findTestObject("Object Repository/Prod환경/Home/02.검색/01.검색버튼")): Object: 'Object Repository/Prod환경/Home/02.검색/01.검색버튼' is clicked on

23-04-2025T17:48:04 - [MESSAGE][PASSED] - Object: 'Object Repository/Prod환경/Home/02.검색/01.검색버튼' is clicked on

23-04-2025T17:48:04 - [TEST_STEP][PASSED] - searchlist = findTestObject("Prod환경/Home/02.검색/03.Solo Leveling 타이틀"): null

23-04-2025T17:48:04 - [TEST_STEP][PASSED] - HighlightElement.run(searchlist): null

23-04-2025T17:48:07 - [TEST_STEP][PASSED] - verifyElementPresent(searchlist, 0): Object 'Object Repository/Prod환경/Home/02.검색/03.Solo Leveling 타이틀' is present

23-04-2025T17:48:07 - [MESSAGE][WARNING] - Timeout '0' is invalid. Using default page load timeout: '40'

23-04-2025T17:48:07 - [MESSAGE][PASSED] - Object 'Object Repository/Prod환경/Home/02.검색/03.Solo Leveling 타이틀' is present

23-04-2025T17:48:07 - [TEST_STEP][PASSED] - comment("✅ 완료"): ✅ 완료

23-04-2025T17:48:07 - [MESSAGE][INFO] - ✅ 완료

23-04-2025T17:48:07 - [TEST_STEP][PASSED] - Start listener action : afterTestCase: null

23-04-2025T17:48:07 - [TEST_STEP][PASSED] - println("[AfterTestCase] GlobalVariable.isSuite: " + isSuite): null

23-04-2025T17:48:07 - [TEST_STEP][PASSED] - if (!(isSuite)): null]]></system-out>
         <system-err><![CDATA[]]></system-err>
      </testcase>
      <system-out><![CDATA[23-04-2025T17:47:47 - [TEST_SUITE][PASSED] - TC1: Test Cases/Prod환경/00.메인홈/02.검색/03.검색 리스트 확인 - Copy]]></system-out>
      <system-err><![CDATA[]]></system-err>
   </testsuite>
</testsuites>
