<?xml version="1.0" encoding="UTF-8"?>
<testsuites name="Home" time="35.438" tests="2" failures="1" errors="0">
   <testsuite name="Home" tests="2" failures="1" errors="0" time="35.438" skipped="0" timestamp="05-02-2025T16:01:57" hostname="ruben.lee - localhost" id="Test Suites/Home">
      <properties>
         <property name="deviceName" value=""/>
         <property name="devicePlatform"/>
         <property name="logFolder" value="/Users/ruben.lee/Katalon Studio/Tapas Test/Reports/20250205_160150/Home/20250205_160151"/>
         <property name="logFiles" value="/Users/ruben.lee/Katalon Studio/Tapas Test/Reports/20250205_160150/Home/20250205_160151/execution0.log"/>
         <property name="attachments" value=""/>
         <property name="hostName" value="ruben.lee - localhost"/>
         <property name="os" value="Mac OS X 64bit"/>
         <property name="katalonVersion" value="10.1.0.223"/>
         <property name="browser" value="Chrome 132.0.6834.160"/>
         <property name="hostAddress" value="127.0.0.1"/>
         <property name="sessionId" value="0c46e6e67701b2509cf591446f1f4c30"/>
         <property name="seleniumVersion" value="4.22.0"/>
         <property name="proxyInformation" value="ProxyInformation { proxyOption=NO_PROXY, proxyServerType=HTTP, username=, password=********, proxyServerAddress=, proxyServerPort=0, executionList=&quot;&quot;, isApplyToDesiredCapabilities=true }"/>
         <property name="platform" value="Mac OS X"/>
      </properties>
      <testcase name="Test Cases/Home/숏컷 객체 강조" time="25.658" classname="Test Cases/Home/숏컷 객체 강조" status="PASSED">
         <system-out><![CDATA[05-02-2025T16:01:57 - [TEST_CASE][PASSED] - Test Cases/Home/숏컷 객체 강조: Test Cases/Home/숏컷 객체 강조

05-02-2025T16:01:57 - [TEST_STEP][PASSED] - openBrowser(""): Browser is opened with url: ''

05-02-2025T16:01:57 - [MESSAGE][INFO] - Starting 'Chrome' driver

05-02-2025T16:01:57 - [MESSAGE][INFO] - Action delay is set to 0 milliseconds

05-02-2025T16:02:00 - [MESSAGE][PASSED] - Browser is opened with url: ''

05-02-2025T16:02:00 - [TEST_STEP][PASSED] - navigateToUrl("https://tapas.io/"): Navigate to 'https://tapas.io/' successfully

05-02-2025T16:02:03 - [MESSAGE][PASSED] - Navigate to 'https://tapas.io/' successfully

05-02-2025T16:02:03 - [TEST_STEP][PASSED] - searchBox = findTestObject("숏컷 미로그인/Page_Home  Spotlight/input_More_q"): null

05-02-2025T16:02:03 - [TEST_STEP][PASSED] - HighlightElement.run(searchBox): null

05-02-2025T16:02:09 - [TEST_STEP][PASSED] - verifyElementPresent(searchBox, 0): Object 'Object Repository/숏컷 미로그인/Page_Home  Spotlight/input_More_q' is present

05-02-2025T16:02:09 - [MESSAGE][WARNING] - Timeout '0' is invalid. Using default page load timeout: '30'

05-02-2025T16:02:09 - [MESSAGE][PASSED] - Object 'Object Repository/숏컷 미로그인/Page_Home  Spotlight/input_More_q' is present

05-02-2025T16:02:09 - [TEST_STEP][PASSED] - logoImage = findTestObject("숏컷 미로그인/Page_Home  Spotlight/img_More_absolute right-2 top-24 -translate-y-24"): null

05-02-2025T16:02:09 - [TEST_STEP][PASSED] - HighlightElement.run(logoImage): null

05-02-2025T16:02:12 - [TEST_STEP][PASSED] - verifyElementPresent(logoImage, 0): Object 'Object Repository/숏컷 미로그인/Page_Home  Spotlight/img_More_absolute right-2 top-24 -translate-y-24' is present

05-02-2025T16:02:12 - [MESSAGE][WARNING] - Timeout '0' is invalid. Using default page load timeout: '30'

05-02-2025T16:02:12 - [MESSAGE][PASSED] - Object 'Object Repository/숏컷 미로그인/Page_Home  Spotlight/img_More_absolute right-2 top-24 -translate-y-24' is present

05-02-2025T16:02:12 - [TEST_STEP][PASSED] - loginButton = findTestObject("숏컷 미로그인/Page_Home  Spotlight/button_Login"): null

05-02-2025T16:02:12 - [TEST_STEP][PASSED] - HighlightElement.run(loginButton): null

05-02-2025T16:02:16 - [TEST_STEP][PASSED] - verifyElementPresent(loginButton, 0): Object 'Object Repository/숏컷 미로그인/Page_Home  Spotlight/button_Login' is present

05-02-2025T16:02:16 - [MESSAGE][WARNING] - Timeout '0' is invalid. Using default page load timeout: '30'

05-02-2025T16:02:16 - [MESSAGE][PASSED] - Object 'Object Repository/숏컷 미로그인/Page_Home  Spotlight/button_Login' is present

05-02-2025T16:02:16 - [TEST_STEP][PASSED] - publishButton = findTestObject("숏컷 미로그인/Page_Home  Spotlight/button_Publish"): null

05-02-2025T16:02:16 - [TEST_STEP][PASSED] - HighlightElement.run(publishButton): null

05-02-2025T16:02:19 - [TEST_STEP][PASSED] - verifyElementPresent(publishButton, 0): Object 'Object Repository/숏컷 미로그인/Page_Home  Spotlight/button_Publish' is present

05-02-2025T16:02:19 - [MESSAGE][WARNING] - Timeout '0' is invalid. Using default page load timeout: '30'

05-02-2025T16:02:19 - [MESSAGE][PASSED] - Object 'Object Repository/숏컷 미로그인/Page_Home  Spotlight/button_Publish' is present

05-02-2025T16:02:19 - [TEST_STEP][PASSED] - comment("⏳ 3초 대기 후 다음 테스트 케이스 실행"): ⏳ 3초 대기 후 다음 테스트 케이스 실행

05-02-2025T16:02:19 - [MESSAGE][INFO] - ⏳ 3초 대기 후 다음 테스트 케이스 실행

05-02-2025T16:02:19 - [TEST_STEP][PASSED] - delay(3): Delayed 3 second(s)

05-02-2025T16:02:22 - [MESSAGE][PASSED] - Delayed 3 second(s)

05-02-2025T16:02:22 - [TEST_STEP][PASSED] - closeBrowser(): Browser is closed

05-02-2025T16:02:23 - [MESSAGE][PASSED] - Browser is closed]]></system-out>
         <system-err><![CDATA[]]></system-err>
      </testcase>
      <testcase name="Test Cases/Home/숏컷 확인 - 로그인 - 강조 확인" time="9.647" classname="Test Cases/Home/숏컷 확인 - 로그인 - 강조 확인" status="FAILED">
         <failure type="FAILED" message="Test Cases/Home/숏컷 확인 - 로그인 - 강조 확인 FAILED.&#xa;Reason:&#xa;java.lang.AssertionError: Session ID is null. Using WebDriver after calling quit()?&#xa;Build info: version: '4.22.0', revision: 'c5f3146703'&#xa;System info: os.name: 'Mac OS X', os.arch: 'aarch64', os.version: '14.6.1', java.version: '17.0.13'&#xa;Driver info: com.kms.katalon.selenium.driver.CChromeDriver&#xa;Command: [null, executeScript {script=arguments[0].setAttribute('style','background: yellow; border: 5px solid red;');, args=[{element-6066-11e4-a52e-4f735466cecf=f.FA606349968FEB92C53D2DEFAE6CBD65.d.7E2C26FD0648512E57F111FD4F9948E1.e.41}]}]&#xa;Capabilities {acceptInsecureCerts: false, browserName: chrome, browserVersion: 132.0.6834.160, chrome: {chromedriverVersion: 132.0.6834.83 (03d59cf5ecf1..., userDataDir: /var/folders/jt/hwd168h1059...}, fedcm:accounts: true, goog:chromeOptions: {debuggerAddress: localhost:55502}, networkConnectionEnabled: false, pageLoadStrategy: normal, platformName: mac, proxy: Proxy(), se:cdp: ws://localhost:55502/devtoo..., se:cdpVersion: 132.0.6834.160, setWindowRect: true, strictFileInteractability: false, timeouts: {implicit: 0, pageLoad: 300000, script: 30000}, unhandledPromptBehavior: ignore, webSocketUrl: ws://localhost:6667/session..., webauthn:extension:credBlob: true, webauthn:extension:largeBlob: true, webauthn:extension:minPinLength: true, webauthn:extension:prf: true, webauthn:virtualAuthenticators: true}&#xa;	at org.testng.Assert.fail(Assert.java:111)&#xa;	at com.reusableComponents.HighlightElement.run(HighlightElement.groovy:33)&#xa;	at 숏컷 확인 - 로그인 - 강조 확인.run(숏컷 확인 - 로그인 - 강조 확인:97)&#xa;	at com.kms.katalon.core.main.ScriptEngine.run(ScriptEngine.java:194)&#xa;	at com.kms.katalon.core.main.ScriptEngine.runScriptAsRawText(ScriptEngine.java:119)&#xa;	at com.kms.katalon.core.main.TestCaseExecutor.runScript(TestCaseExecutor.java:448)&#xa;	at com.kms.katalon.core.main.TestCaseExecutor.doExecute(TestCaseExecutor.java:439)&#xa;	at com.kms.katalon.core.main.TestCaseExecutor.processExecutionPhase(TestCaseExecutor.java:418)&#xa;	at com.kms.katalon.core.main.TestCaseExecutor.accessMainPhase(TestCaseExecutor.java:410)&#xa;	at com.kms.katalon.core.main.TestCaseExecutor.execute(TestCaseExecutor.java:285)&#xa;	at com.kms.katalon.core.common.CommonExecutor.accessTestCaseMainPhase(CommonExecutor.java:71)&#xa;	at com.kms.katalon.core.main.TestSuiteExecutor.accessTestSuiteMainPhase(TestSuiteExecutor.java:160)&#xa;	at com.kms.katalon.core.main.TestSuiteExecutor.execute(TestSuiteExecutor.java:107)&#xa;	at com.kms.katalon.core.main.TestCaseMain.startTestSuite(TestCaseMain.java:180)&#xa;	at TempTestSuite1738738911584.run(TempTestSuite1738738911584.groovy:35)&#xa;	at java.base/jdk.internal.reflect.NativeMethodAccessorImpl.invoke0(Native Method)&#xa;	at java.base/jdk.internal.reflect.NativeMethodAccessorImpl.invoke(NativeMethodAccessorImpl.java:77)&#xa;	at java.base/jdk.internal.reflect.DelegatingMethodAccessorImpl.invoke(DelegatingMethodAccessorImpl.java:43)&#xa;"/>
         <system-out><![CDATA[05-02-2025T16:02:23 - [TEST_CASE][FAILED] - Test Cases/Home/숏컷 확인 - 로그인 - 강조 확인: Test Cases/Home/숏컷 확인 - 로그인 - 강조 확인 FAILED.
Reason:
java.lang.AssertionError: Session ID is null. Using WebDriver after calling quit()?
Build info: version: '4.22.0', revision: 'c5f3146703'
System info: os.name: 'Mac OS X', os.arch: 'aarch64', os.version: '14.6.1', java.version: '17.0.13'
Driver info: com.kms.katalon.selenium.driver.CChromeDriver
Command: [null, executeScript {script=arguments[0].setAttribute('style','background: yellow; border: 5px solid red;');, args=[{element-6066-11e4-a52e-4f735466cecf=f.FA606349968FEB92C53D2DEFAE6CBD65.d.7E2C26FD0648512E57F111FD4F9948E1.e.41}]}]
Capabilities {acceptInsecureCerts: false, browserName: chrome, browserVersion: 132.0.6834.160, chrome: {chromedriverVersion: 132.0.6834.83 (03d59cf5ecf1..., userDataDir: /var/folders/jt/hwd168h1059...}, fedcm:accounts: true, goog:chromeOptions: {debuggerAddress: localhost:55502}, networkConnectionEnabled: false, pageLoadStrategy: normal, platformName: mac, proxy: Proxy(), se:cdp: ws://localhost:55502/devtoo..., se:cdpVersion: 132.0.6834.160, setWindowRect: true, strictFileInteractability: false, timeouts: {implicit: 0, pageLoad: 300000, script: 30000}, unhandledPromptBehavior: ignore, webSocketUrl: ws://localhost:6667/session..., webauthn:extension:credBlob: true, webauthn:extension:largeBlob: true, webauthn:extension:minPinLength: true, webauthn:extension:prf: true, webauthn:virtualAuthenticators: true}
	at org.testng.Assert.fail(Assert.java:111)
	at com.reusableComponents.HighlightElement.run(HighlightElement.groovy:33)
	at 숏컷 확인 - 로그인 - 강조 확인.run(숏컷 확인 - 로그인 - 강조 확인:97)
	at com.kms.katalon.core.main.ScriptEngine.run(ScriptEngine.java:194)
	at com.kms.katalon.core.main.ScriptEngine.runScriptAsRawText(ScriptEngine.java:119)
	at com.kms.katalon.core.main.TestCaseExecutor.runScript(TestCaseExecutor.java:448)
	at com.kms.katalon.core.main.TestCaseExecutor.doExecute(TestCaseExecutor.java:439)
	at com.kms.katalon.core.main.TestCaseExecutor.processExecutionPhase(TestCaseExecutor.java:418)
	at com.kms.katalon.core.main.TestCaseExecutor.accessMainPhase(TestCaseExecutor.java:410)
	at com.kms.katalon.core.main.TestCaseExecutor.execute(TestCaseExecutor.java:285)
	at com.kms.katalon.core.common.CommonExecutor.accessTestCaseMainPhase(CommonExecutor.java:71)
	at com.kms.katalon.core.main.TestSuiteExecutor.accessTestSuiteMainPhase(TestSuiteExecutor.java:160)
	at com.kms.katalon.core.main.TestSuiteExecutor.execute(TestSuiteExecutor.java:107)
	at com.kms.katalon.core.main.TestCaseMain.startTestSuite(TestCaseMain.java:180)
	at TempTestSuite1738738911584.run(TempTestSuite1738738911584.groovy:35)
	at java.base/jdk.internal.reflect.NativeMethodAccessorImpl.invoke0(Native Method)
	at java.base/jdk.internal.reflect.NativeMethodAccessorImpl.invoke(NativeMethodAccessorImpl.java:77)
	at java.base/jdk.internal.reflect.DelegatingMethodAccessorImpl.invoke(DelegatingMethodAccessorImpl.java:43)


05-02-2025T16:02:23 - [TEST_STEP][PASSED] - url = "https://tapas.io/account/signin?from=/": null

05-02-2025T16:02:23 - [TEST_STEP][PASSED] - email = "dkttapas00@gmail.com": null

05-02-2025T16:02:23 - [TEST_STEP][PASSED] - password = "winehouse": null

05-02-2025T16:02:23 - [TEST_STEP][PASSED] - cookieFilePath = "cookies.save": null

05-02-2025T16:02:23 - [TEST_STEP][PASSED] - openBrowser(""): Browser is opened with url: ''

05-02-2025T16:02:23 - [MESSAGE][INFO] - Starting 'Chrome' driver

05-02-2025T16:02:23 - [MESSAGE][INFO] - Action delay is set to 0 milliseconds

05-02-2025T16:02:24 - [MESSAGE][PASSED] - Browser is opened with url: ''

05-02-2025T16:02:24 - [TEST_STEP][PASSED] - navigateToUrl(url): Navigate to 'https://tapas.io/account/signin?from=/' successfully

05-02-2025T16:02:28 - [MESSAGE][PASSED] - Navigate to 'https://tapas.io/account/signin?from=/' successfully

05-02-2025T16:02:28 - [TEST_STEP][PASSED] - cookieFile = new java.io.File(cookieFilePath): null

05-02-2025T16:02:28 - [TEST_STEP][PASSED] - if (cookieFile.exists()): ✅ 쿠키 로드 완료! 자동 로그인 성공

05-02-2025T16:02:28 - [TEST_STEP][PASSED] - driver = getWebDriver(): null

05-02-2025T16:02:28 - [TEST_STEP][PASSED] - try: ✅ 쿠키 로드 완료! 자동 로그인 성공

05-02-2025T16:02:28 - [TEST_STEP][PASSED] - fis = new java.io.FileInputStream(cookieFile): null

05-02-2025T16:02:28 - [TEST_STEP][PASSED] - ois = new java.io.ObjectInputStream(fis): null

05-02-2025T16:02:28 - [TEST_STEP][PASSED] - cookies = ois.readObject(): null

05-02-2025T16:02:28 - [TEST_STEP][PASSED] - ois.close(): null

05-02-2025T16:02:28 - [TEST_STEP][PASSED] - fis.close(): null

05-02-2025T16:02:28 - [TEST_STEP][PASSED] - for (org.openqa.selenium.Cookie cookie : cookies): null

05-02-2025T16:02:28 - [TEST_STEP][PASSED] - manage().addCookie(cookie): null

05-02-2025T16:02:28 - [TEST_STEP][PASSED] - manage().addCookie(cookie): null

05-02-2025T16:02:28 - [TEST_STEP][PASSED] - manage().addCookie(cookie): null

05-02-2025T16:02:28 - [TEST_STEP][PASSED] - manage().addCookie(cookie): null

05-02-2025T16:02:28 - [TEST_STEP][PASSED] - manage().addCookie(cookie): null

05-02-2025T16:02:28 - [TEST_STEP][PASSED] - manage().addCookie(cookie): null

05-02-2025T16:02:28 - [TEST_STEP][PASSED] - manage().addCookie(cookie): null

05-02-2025T16:02:28 - [TEST_STEP][PASSED] - manage().addCookie(cookie): null

05-02-2025T16:02:28 - [TEST_STEP][PASSED] - manage().addCookie(cookie): null

05-02-2025T16:02:28 - [TEST_STEP][PASSED] - manage().addCookie(cookie): null

05-02-2025T16:02:28 - [TEST_STEP][PASSED] - manage().addCookie(cookie): null

05-02-2025T16:02:28 - [TEST_STEP][PASSED] - manage().addCookie(cookie): null

05-02-2025T16:02:28 - [TEST_STEP][PASSED] - manage().addCookie(cookie): null

05-02-2025T16:02:28 - [TEST_STEP][PASSED] - manage().addCookie(cookie): null

05-02-2025T16:02:28 - [TEST_STEP][PASSED] - manage().addCookie(cookie): null

05-02-2025T16:02:28 - [TEST_STEP][PASSED] - manage().addCookie(cookie): null

05-02-2025T16:02:28 - [TEST_STEP][PASSED] - manage().addCookie(cookie): null

05-02-2025T16:02:28 - [TEST_STEP][PASSED] - manage().addCookie(cookie): null

05-02-2025T16:02:28 - [TEST_STEP][PASSED] - manage().addCookie(cookie): null

05-02-2025T16:02:28 - [TEST_STEP][PASSED] - manage().addCookie(cookie): null

05-02-2025T16:02:28 - [TEST_STEP][PASSED] - manage().addCookie(cookie): null

05-02-2025T16:02:28 - [TEST_STEP][PASSED] - manage().addCookie(cookie): null

05-02-2025T16:02:28 - [TEST_STEP][PASSED] - manage().addCookie(cookie): null

05-02-2025T16:02:28 - [TEST_STEP][PASSED] - manage().addCookie(cookie): null

05-02-2025T16:02:29 - [TEST_STEP][PASSED] - manage().addCookie(cookie): null

05-02-2025T16:02:29 - [TEST_STEP][PASSED] - manage().addCookie(cookie): null

05-02-2025T16:02:29 - [TEST_STEP][PASSED] - manage().addCookie(cookie): null

05-02-2025T16:02:29 - [TEST_STEP][PASSED] - manage().addCookie(cookie): null

05-02-2025T16:02:29 - [TEST_STEP][PASSED] - manage().addCookie(cookie): null

05-02-2025T16:02:29 - [TEST_STEP][PASSED] - manage().addCookie(cookie): null

05-02-2025T16:02:29 - [TEST_STEP][PASSED] - refresh(): Refresh successfully

05-02-2025T16:02:30 - [MESSAGE][PASSED] - Refresh successfully

05-02-2025T16:02:30 - [TEST_STEP][PASSED] - comment("✅ 쿠키 로드 완료! 자동 로그인 성공"): ✅ 쿠키 로드 완료! 자동 로그인 성공

05-02-2025T16:02:30 - [MESSAGE][INFO] - ✅ 쿠키 로드 완료! 자동 로그인 성공

05-02-2025T16:02:30 - [TEST_STEP][PASSED] - searchBox = findTestObject("숏컷 로그인 신규/Page_Home  Spotlight/input_More_q"): null

05-02-2025T16:02:30 - [TEST_STEP][FAILED] - HighlightElement.run(searchBox): Test Cases/Home/숏컷 확인 - 로그인 - 강조 확인 FAILED.
Reason:
java.lang.AssertionError: Session ID is null. Using WebDriver after calling quit()?
Build info: version: '4.22.0', revision: 'c5f3146703'
System info: os.name: 'Mac OS X', os.arch: 'aarch64', os.version: '14.6.1', java.version: '17.0.13'
Driver info: com.kms.katalon.selenium.driver.CChromeDriver
Command: [null, executeScript {script=arguments[0].setAttribute('style','background: yellow; border: 5px solid red;');, args=[{element-6066-11e4-a52e-4f735466cecf=f.FA606349968FEB92C53D2DEFAE6CBD65.d.7E2C26FD0648512E57F111FD4F9948E1.e.41}]}]
Capabilities {acceptInsecureCerts: false, browserName: chrome, browserVersion: 132.0.6834.160, chrome: {chromedriverVersion: 132.0.6834.83 (03d59cf5ecf1..., userDataDir: /var/folders/jt/hwd168h1059...}, fedcm:accounts: true, goog:chromeOptions: {debuggerAddress: localhost:55502}, networkConnectionEnabled: false, pageLoadStrategy: normal, platformName: mac, proxy: Proxy(), se:cdp: ws://localhost:55502/devtoo..., se:cdpVersion: 132.0.6834.160, setWindowRect: true, strictFileInteractability: false, timeouts: {implicit: 0, pageLoad: 300000, script: 30000}, unhandledPromptBehavior: ignore, webSocketUrl: ws://localhost:6667/session..., webauthn:extension:credBlob: true, webauthn:extension:largeBlob: true, webauthn:extension:minPinLength: true, webauthn:extension:prf: true, webauthn:virtualAuthenticators: true}
	at org.testng.Assert.fail(Assert.java:111)
	at com.reusableComponents.HighlightElement.run(HighlightElement.groovy:33)
	at 숏컷 확인 - 로그인 - 강조 확인.run(숏컷 확인 - 로그인 - 강조 확인:97)
	at com.kms.katalon.core.main.ScriptEngine.run(ScriptEngine.java:194)
	at com.kms.katalon.core.main.ScriptEngine.runScriptAsRawText(ScriptEngine.java:119)
	at com.kms.katalon.core.main.TestCaseExecutor.runScript(TestCaseExecutor.java:448)
	at com.kms.katalon.core.main.TestCaseExecutor.doExecute(TestCaseExecutor.java:439)
	at com.kms.katalon.core.main.TestCaseExecutor.processExecutionPhase(TestCaseExecutor.java:418)
	at com.kms.katalon.core.main.TestCaseExecutor.accessMainPhase(TestCaseExecutor.java:410)
	at com.kms.katalon.core.main.TestCaseExecutor.execute(TestCaseExecutor.java:285)
	at com.kms.katalon.core.common.CommonExecutor.accessTestCaseMainPhase(CommonExecutor.java:71)
	at com.kms.katalon.core.main.TestSuiteExecutor.accessTestSuiteMainPhase(TestSuiteExecutor.java:160)
	at com.kms.katalon.core.main.TestSuiteExecutor.execute(TestSuiteExecutor.java:107)
	at com.kms.katalon.core.main.TestCaseMain.startTestSuite(TestCaseMain.java:180)
	at TempTestSuite1738738911584.run(TempTestSuite1738738911584.groovy:35)
	at java.base/jdk.internal.reflect.NativeMethodAccessorImpl.invoke0(Native Method)
	at java.base/jdk.internal.reflect.NativeMethodAccessorImpl.invoke(NativeMethodAccessorImpl.java:77)
	at java.base/jdk.internal.reflect.DelegatingMethodAccessorImpl.invoke(DelegatingMethodAccessorImpl.java:43)


05-02-2025T16:02:32 - [MESSAGE][FAILED] - Test Cases/Home/숏컷 확인 - 로그인 - 강조 확인 FAILED.
Reason:
java.lang.AssertionError: Session ID is null. Using WebDriver after calling quit()?
Build info: version: '4.22.0', revision: 'c5f3146703'
System info: os.name: 'Mac OS X', os.arch: 'aarch64', os.version: '14.6.1', java.version: '17.0.13'
Driver info: com.kms.katalon.selenium.driver.CChromeDriver
Command: [null, executeScript {script=arguments[0].setAttribute('style','background: yellow; border: 5px solid red;');, args=[{element-6066-11e4-a52e-4f735466cecf=f.FA606349968FEB92C53D2DEFAE6CBD65.d.7E2C26FD0648512E57F111FD4F9948E1.e.41}]}]
Capabilities {acceptInsecureCerts: false, browserName: chrome, browserVersion: 132.0.6834.160, chrome: {chromedriverVersion: 132.0.6834.83 (03d59cf5ecf1..., userDataDir: /var/folders/jt/hwd168h1059...}, fedcm:accounts: true, goog:chromeOptions: {debuggerAddress: localhost:55502}, networkConnectionEnabled: false, pageLoadStrategy: normal, platformName: mac, proxy: Proxy(), se:cdp: ws://localhost:55502/devtoo..., se:cdpVersion: 132.0.6834.160, setWindowRect: true, strictFileInteractability: false, timeouts: {implicit: 0, pageLoad: 300000, script: 30000}, unhandledPromptBehavior: ignore, webSocketUrl: ws://localhost:6667/session..., webauthn:extension:credBlob: true, webauthn:extension:largeBlob: true, webauthn:extension:minPinLength: true, webauthn:extension:prf: true, webauthn:virtualAuthenticators: true}
	at org.testng.Assert.fail(Assert.java:111)
	at com.reusableComponents.HighlightElement.run(HighlightElement.groovy:33)
	at 숏컷 확인 - 로그인 - 강조 확인.run(숏컷 확인 - 로그인 - 강조 확인:97)
	at com.kms.katalon.core.main.ScriptEngine.run(ScriptEngine.java:194)
	at com.kms.katalon.core.main.ScriptEngine.runScriptAsRawText(ScriptEngine.java:119)
	at com.kms.katalon.core.main.TestCaseExecutor.runScript(TestCaseExecutor.java:448)
	at com.kms.katalon.core.main.TestCaseExecutor.doExecute(TestCaseExecutor.java:439)
	at com.kms.katalon.core.main.TestCaseExecutor.processExecutionPhase(TestCaseExecutor.java:418)
	at com.kms.katalon.core.main.TestCaseExecutor.accessMainPhase(TestCaseExecutor.java:410)
	at com.kms.katalon.core.main.TestCaseExecutor.execute(TestCaseExecutor.java:285)
	at com.kms.katalon.core.common.CommonExecutor.accessTestCaseMainPhase(CommonExecutor.java:71)
	at com.kms.katalon.core.main.TestSuiteExecutor.accessTestSuiteMainPhase(TestSuiteExecutor.java:160)
	at com.kms.katalon.core.main.TestSuiteExecutor.execute(TestSuiteExecutor.java:107)
	at com.kms.katalon.core.main.TestCaseMain.startTestSuite(TestCaseMain.java:180)
	at TempTestSuite1738738911584.run(TempTestSuite1738738911584.groovy:35)
	at java.base/jdk.internal.reflect.NativeMethodAccessorImpl.invoke0(Native Method)
	at java.base/jdk.internal.reflect.NativeMethodAccessorImpl.invoke(NativeMethodAccessorImpl.java:77)
	at java.base/jdk.internal.reflect.DelegatingMethodAccessorImpl.invoke(DelegatingMethodAccessorImpl.java:43)]]></system-out>
         <system-err><![CDATA[05-02-2025T16:02:23 - [TEST_CASE][FAILED] - Test Cases/Home/숏컷 확인 - 로그인 - 강조 확인: Test Cases/Home/숏컷 확인 - 로그인 - 강조 확인 FAILED.
Reason:
java.lang.AssertionError: Session ID is null. Using WebDriver after calling quit()?
Build info: version: '4.22.0', revision: 'c5f3146703'
System info: os.name: 'Mac OS X', os.arch: 'aarch64', os.version: '14.6.1', java.version: '17.0.13'
Driver info: com.kms.katalon.selenium.driver.CChromeDriver
Command: [null, executeScript {script=arguments[0].setAttribute('style','background: yellow; border: 5px solid red;');, args=[{element-6066-11e4-a52e-4f735466cecf=f.FA606349968FEB92C53D2DEFAE6CBD65.d.7E2C26FD0648512E57F111FD4F9948E1.e.41}]}]
Capabilities {acceptInsecureCerts: false, browserName: chrome, browserVersion: 132.0.6834.160, chrome: {chromedriverVersion: 132.0.6834.83 (03d59cf5ecf1..., userDataDir: /var/folders/jt/hwd168h1059...}, fedcm:accounts: true, goog:chromeOptions: {debuggerAddress: localhost:55502}, networkConnectionEnabled: false, pageLoadStrategy: normal, platformName: mac, proxy: Proxy(), se:cdp: ws://localhost:55502/devtoo..., se:cdpVersion: 132.0.6834.160, setWindowRect: true, strictFileInteractability: false, timeouts: {implicit: 0, pageLoad: 300000, script: 30000}, unhandledPromptBehavior: ignore, webSocketUrl: ws://localhost:6667/session..., webauthn:extension:credBlob: true, webauthn:extension:largeBlob: true, webauthn:extension:minPinLength: true, webauthn:extension:prf: true, webauthn:virtualAuthenticators: true}
	at org.testng.Assert.fail(Assert.java:111)
	at com.reusableComponents.HighlightElement.run(HighlightElement.groovy:33)
	at 숏컷 확인 - 로그인 - 강조 확인.run(숏컷 확인 - 로그인 - 강조 확인:97)
	at com.kms.katalon.core.main.ScriptEngine.run(ScriptEngine.java:194)
	at com.kms.katalon.core.main.ScriptEngine.runScriptAsRawText(ScriptEngine.java:119)
	at com.kms.katalon.core.main.TestCaseExecutor.runScript(TestCaseExecutor.java:448)
	at com.kms.katalon.core.main.TestCaseExecutor.doExecute(TestCaseExecutor.java:439)
	at com.kms.katalon.core.main.TestCaseExecutor.processExecutionPhase(TestCaseExecutor.java:418)
	at com.kms.katalon.core.main.TestCaseExecutor.accessMainPhase(TestCaseExecutor.java:410)
	at com.kms.katalon.core.main.TestCaseExecutor.execute(TestCaseExecutor.java:285)
	at com.kms.katalon.core.common.CommonExecutor.accessTestCaseMainPhase(CommonExecutor.java:71)
	at com.kms.katalon.core.main.TestSuiteExecutor.accessTestSuiteMainPhase(TestSuiteExecutor.java:160)
	at com.kms.katalon.core.main.TestSuiteExecutor.execute(TestSuiteExecutor.java:107)
	at com.kms.katalon.core.main.TestCaseMain.startTestSuite(TestCaseMain.java:180)
	at TempTestSuite1738738911584.run(TempTestSuite1738738911584.groovy:35)
	at java.base/jdk.internal.reflect.NativeMethodAccessorImpl.invoke0(Native Method)
	at java.base/jdk.internal.reflect.NativeMethodAccessorImpl.invoke(NativeMethodAccessorImpl.java:77)
	at java.base/jdk.internal.reflect.DelegatingMethodAccessorImpl.invoke(DelegatingMethodAccessorImpl.java:43)]]></system-err>
      </testcase>
      <system-out><![CDATA[05-02-2025T16:01:57 - [TEST_SUITE][FAILED] - Home: Test Cases/Home/숏컷 확인 - 로그인 - 강조 확인 FAILED.
Reason:
java.lang.AssertionError: Session ID is null. Using WebDriver after calling quit()?
Build info: version: '4.22.0', revision: 'c5f3146703'
System info: os.name: 'Mac OS X', os.arch: 'aarch64', os.version: '14.6.1', java.version: '17.0.13'
Driver info: com.kms.katalon.selenium.driver.CChromeDriver
Command: [null, executeScript {script=arguments[0].setAttribute('style','background: yellow; border: 5px solid red;');, args=[{element-6066-11e4-a52e-4f735466cecf=f.FA606349968FEB92C53D2DEFAE6CBD65.d.7E2C26FD0648512E57F111FD4F9948E1.e.41}]}]
Capabilities {acceptInsecureCerts: false, browserName: chrome, browserVersion: 132.0.6834.160, chrome: {chromedriverVersion: 132.0.6834.83 (03d59cf5ecf1..., userDataDir: /var/folders/jt/hwd168h1059...}, fedcm:accounts: true, goog:chromeOptions: {debuggerAddress: localhost:55502}, networkConnectionEnabled: false, pageLoadStrategy: normal, platformName: mac, proxy: Proxy(), se:cdp: ws://localhost:55502/devtoo..., se:cdpVersion: 132.0.6834.160, setWindowRect: true, strictFileInteractability: false, timeouts: {implicit: 0, pageLoad: 300000, script: 30000}, unhandledPromptBehavior: ignore, webSocketUrl: ws://localhost:6667/session..., webauthn:extension:credBlob: true, webauthn:extension:largeBlob: true, webauthn:extension:minPinLength: true, webauthn:extension:prf: true, webauthn:virtualAuthenticators: true}
	at org.testng.Assert.fail(Assert.java:111)
	at com.reusableComponents.HighlightElement.run(HighlightElement.groovy:33)
	at 숏컷 확인 - 로그인 - 강조 확인.run(숏컷 확인 - 로그인 - 강조 확인:97)
	at com.kms.katalon.core.main.ScriptEngine.run(ScriptEngine.java:194)
	at com.kms.katalon.core.main.ScriptEngine.runScriptAsRawText(ScriptEngine.java:119)
	at com.kms.katalon.core.main.TestCaseExecutor.runScript(TestCaseExecutor.java:448)
	at com.kms.katalon.core.main.TestCaseExecutor.doExecute(TestCaseExecutor.java:439)
	at com.kms.katalon.core.main.TestCaseExecutor.processExecutionPhase(TestCaseExecutor.java:418)
	at com.kms.katalon.core.main.TestCaseExecutor.accessMainPhase(TestCaseExecutor.java:410)
	at com.kms.katalon.core.main.TestCaseExecutor.execute(TestCaseExecutor.java:285)
	at com.kms.katalon.core.common.CommonExecutor.accessTestCaseMainPhase(CommonExecutor.java:71)
	at com.kms.katalon.core.main.TestSuiteExecutor.accessTestSuiteMainPhase(TestSuiteExecutor.java:160)
	at com.kms.katalon.core.main.TestSuiteExecutor.execute(TestSuiteExecutor.java:107)
	at com.kms.katalon.core.main.TestCaseMain.startTestSuite(TestCaseMain.java:180)
	at TempTestSuite1738738911584.run(TempTestSuite1738738911584.groovy:35)
	at java.base/jdk.internal.reflect.NativeMethodAccessorImpl.invoke0(Native Method)
	at java.base/jdk.internal.reflect.NativeMethodAccessorImpl.invoke(NativeMethodAccessorImpl.java:77)
	at java.base/jdk.internal.reflect.DelegatingMethodAccessorImpl.invoke(DelegatingMethodAccessorImpl.java:43)]]></system-out>
      <system-err><![CDATA[05-02-2025T16:01:57 - [TEST_SUITE][FAILED] - Home: Test Cases/Home/숏컷 확인 - 로그인 - 강조 확인 FAILED.
Reason:
java.lang.AssertionError: Session ID is null. Using WebDriver after calling quit()?
Build info: version: '4.22.0', revision: 'c5f3146703'
System info: os.name: 'Mac OS X', os.arch: 'aarch64', os.version: '14.6.1', java.version: '17.0.13'
Driver info: com.kms.katalon.selenium.driver.CChromeDriver
Command: [null, executeScript {script=arguments[0].setAttribute('style','background: yellow; border: 5px solid red;');, args=[{element-6066-11e4-a52e-4f735466cecf=f.FA606349968FEB92C53D2DEFAE6CBD65.d.7E2C26FD0648512E57F111FD4F9948E1.e.41}]}]
Capabilities {acceptInsecureCerts: false, browserName: chrome, browserVersion: 132.0.6834.160, chrome: {chromedriverVersion: 132.0.6834.83 (03d59cf5ecf1..., userDataDir: /var/folders/jt/hwd168h1059...}, fedcm:accounts: true, goog:chromeOptions: {debuggerAddress: localhost:55502}, networkConnectionEnabled: false, pageLoadStrategy: normal, platformName: mac, proxy: Proxy(), se:cdp: ws://localhost:55502/devtoo..., se:cdpVersion: 132.0.6834.160, setWindowRect: true, strictFileInteractability: false, timeouts: {implicit: 0, pageLoad: 300000, script: 30000}, unhandledPromptBehavior: ignore, webSocketUrl: ws://localhost:6667/session..., webauthn:extension:credBlob: true, webauthn:extension:largeBlob: true, webauthn:extension:minPinLength: true, webauthn:extension:prf: true, webauthn:virtualAuthenticators: true}
	at org.testng.Assert.fail(Assert.java:111)
	at com.reusableComponents.HighlightElement.run(HighlightElement.groovy:33)
	at 숏컷 확인 - 로그인 - 강조 확인.run(숏컷 확인 - 로그인 - 강조 확인:97)
	at com.kms.katalon.core.main.ScriptEngine.run(ScriptEngine.java:194)
	at com.kms.katalon.core.main.ScriptEngine.runScriptAsRawText(ScriptEngine.java:119)
	at com.kms.katalon.core.main.TestCaseExecutor.runScript(TestCaseExecutor.java:448)
	at com.kms.katalon.core.main.TestCaseExecutor.doExecute(TestCaseExecutor.java:439)
	at com.kms.katalon.core.main.TestCaseExecutor.processExecutionPhase(TestCaseExecutor.java:418)
	at com.kms.katalon.core.main.TestCaseExecutor.accessMainPhase(TestCaseExecutor.java:410)
	at com.kms.katalon.core.main.TestCaseExecutor.execute(TestCaseExecutor.java:285)
	at com.kms.katalon.core.common.CommonExecutor.accessTestCaseMainPhase(CommonExecutor.java:71)
	at com.kms.katalon.core.main.TestSuiteExecutor.accessTestSuiteMainPhase(TestSuiteExecutor.java:160)
	at com.kms.katalon.core.main.TestSuiteExecutor.execute(TestSuiteExecutor.java:107)
	at com.kms.katalon.core.main.TestCaseMain.startTestSuite(TestCaseMain.java:180)
	at TempTestSuite1738738911584.run(TempTestSuite1738738911584.groovy:35)
	at java.base/jdk.internal.reflect.NativeMethodAccessorImpl.invoke0(Native Method)
	at java.base/jdk.internal.reflect.NativeMethodAccessorImpl.invoke(NativeMethodAccessorImpl.java:77)
	at java.base/jdk.internal.reflect.DelegatingMethodAccessorImpl.invoke(DelegatingMethodAccessorImpl.java:43)]]></system-err>
   </testsuite>
</testsuites>
