<?xml version="1.0" encoding="UTF-8"?>
<testsuites name="check suite" time="7.363" tests="2" failures="0" errors="1">
   <testsuite name="check suite" tests="2" failures="0" errors="1" time="7.363" skipped="0" timestamp="22-08-2025T15:48:13" hostname="ruben.lee - localhost" id="Test Suites/check suite">
      <properties>
         <property name="deviceName" value=""/>
         <property name="devicePlatform"/>
         <property name="logFolder" value="/Users/ruben.lee/Katalon Studio/TapasTest/Reports/20250822_154811/check suite/20250822_154811"/>
         <property name="logFiles" value="/Users/ruben.lee/Katalon Studio/TapasTest/Reports/20250822_154811/check suite/20250822_154811/execution0.log, /Users/ruben.lee/Katalon Studio/TapasTest/Reports/20250822_154811/check suite/20250822_154811/console0.log"/>
         <property name="attachments" value=""/>
         <property name="hostName" value="ruben.lee - localhost"/>
         <property name="os" value="Mac OS X 64bit"/>
         <property name="katalonVersion" value="10.2.1.0"/>
         <property name="browser" value="Chrome 139.0.7258.138"/>
         <property name="userFullName" value="이수호 ruben"/>
         <property name="hostAddress" value="127.0.0.1"/>
         <property name="sessionId" value="8e2df8307400763ac5eed0f968545c1f"/>
         <property name="projectName" value="Tapas Test"/>
         <property name="seleniumVersion" value="4.28.1"/>
         <property name="proxyInformation" value="ProxyInformation { proxyOption=NO_PROXY, proxyServerType=HTTP, username=, password=********, proxyServerAddress=, proxyServerPort=0, executionList=&quot;&quot;, isApplyToDesiredCapabilities=true }"/>
         <property name="platform" value="Mac OS X"/>
      </properties>
      <testcase name="Test Cases/Prod환경/00.메인홈/01.로그인/01.자동 로그인 확인 - Copy" time="4.058" classname="Test Cases/Prod환경/00.메인홈/01.로그인/01.자동 로그인 확인 - Copy" status="PASSED">
         <system-out><![CDATA[22-08-2025T15:48:16 - [TEST_CASE][PASSED] - Test Cases/Prod환경/00.메인홈/01.로그인/01.자동 로그인 확인 - Copy: Test Cases/Prod환경/00.메인홈/01.로그인/01.자동 로그인 확인 - Copy

22-08-2025T15:48:16 - [TEST_STEP][PASSED] - Start listener action : beforeTestCase: null

22-08-2025T15:48:16 - [TEST_STEP][PASSED] - println("[BeforeTestCase] GlobalVariable.isSuite: " + isSuite): null

22-08-2025T15:48:16 - [TEST_STEP][PASSED] - if (!(isSuite)): null

22-08-2025T15:48:16 - [TEST_STEP][PASSED] - url = "https://tapas.io/account/signin?from=/": null

22-08-2025T15:48:16 - [TEST_STEP][PASSED] - cookieFilePath = "cookies.save": null

22-08-2025T15:48:16 - [TEST_STEP][PASSED] - driver = getWebDriver(): null

22-08-2025T15:48:16 - [TEST_STEP][PASSED] - cookieFile = new java.io.File(cookieFilePath): null

22-08-2025T15:48:16 - [TEST_STEP][PASSED] - if (cookieFile.exists()): ✅ 쿠키 로드 완료! 자동 로그인 성공 시도

22-08-2025T15:48:16 - [TEST_STEP][PASSED] - try: ✅ 쿠키 로드 완료! 자동 로그인 성공 시도

22-08-2025T15:48:16 - [TEST_STEP][PASSED] - fis = new java.io.FileInputStream(cookieFile): null

22-08-2025T15:48:16 - [TEST_STEP][PASSED] - ois = new java.io.ObjectInputStream(fis): null

22-08-2025T15:48:16 - [TEST_STEP][PASSED] - cookies = ois.readObject(): null

22-08-2025T15:48:16 - [TEST_STEP][PASSED] - ois.close(): null

22-08-2025T15:48:16 - [TEST_STEP][PASSED] - fis.close(): null

22-08-2025T15:48:16 - [TEST_STEP][PASSED] - for (org.openqa.selenium.Cookie cookie : cookies): null

22-08-2025T15:48:16 - [TEST_STEP][PASSED] - manage().addCookie(cookie): null

22-08-2025T15:48:16 - [TEST_STEP][PASSED] - manage().addCookie(cookie): null

22-08-2025T15:48:16 - [TEST_STEP][PASSED] - manage().addCookie(cookie): null

22-08-2025T15:48:16 - [TEST_STEP][PASSED] - manage().addCookie(cookie): null

22-08-2025T15:48:16 - [TEST_STEP][PASSED] - manage().addCookie(cookie): null

22-08-2025T15:48:16 - [TEST_STEP][PASSED] - manage().addCookie(cookie): null

22-08-2025T15:48:16 - [TEST_STEP][PASSED] - manage().addCookie(cookie): null

22-08-2025T15:48:16 - [TEST_STEP][PASSED] - manage().addCookie(cookie): null

22-08-2025T15:48:16 - [TEST_STEP][PASSED] - manage().addCookie(cookie): null

22-08-2025T15:48:16 - [TEST_STEP][PASSED] - manage().addCookie(cookie): null

22-08-2025T15:48:16 - [TEST_STEP][PASSED] - manage().addCookie(cookie): null

22-08-2025T15:48:16 - [TEST_STEP][PASSED] - manage().addCookie(cookie): null

22-08-2025T15:48:16 - [TEST_STEP][PASSED] - manage().addCookie(cookie): null

22-08-2025T15:48:16 - [TEST_STEP][PASSED] - manage().addCookie(cookie): null

22-08-2025T15:48:16 - [TEST_STEP][PASSED] - manage().addCookie(cookie): null

22-08-2025T15:48:16 - [TEST_STEP][PASSED] - manage().addCookie(cookie): null

22-08-2025T15:48:16 - [TEST_STEP][PASSED] - manage().addCookie(cookie): null

22-08-2025T15:48:16 - [TEST_STEP][PASSED] - manage().addCookie(cookie): null

22-08-2025T15:48:16 - [TEST_STEP][PASSED] - manage().addCookie(cookie): null

22-08-2025T15:48:16 - [TEST_STEP][PASSED] - manage().addCookie(cookie): null

22-08-2025T15:48:16 - [TEST_STEP][PASSED] - manage().addCookie(cookie): null

22-08-2025T15:48:16 - [TEST_STEP][PASSED] - manage().addCookie(cookie): null

22-08-2025T15:48:16 - [TEST_STEP][PASSED] - manage().addCookie(cookie): null

22-08-2025T15:48:16 - [TEST_STEP][PASSED] - manage().addCookie(cookie): null

22-08-2025T15:48:16 - [TEST_STEP][PASSED] - manage().addCookie(cookie): null

22-08-2025T15:48:16 - [TEST_STEP][PASSED] - manage().addCookie(cookie): null

22-08-2025T15:48:16 - [TEST_STEP][PASSED] - manage().addCookie(cookie): null

22-08-2025T15:48:16 - [TEST_STEP][PASSED] - manage().addCookie(cookie): null

22-08-2025T15:48:16 - [TEST_STEP][PASSED] - manage().addCookie(cookie): null

22-08-2025T15:48:16 - [TEST_STEP][PASSED] - manage().addCookie(cookie): null

22-08-2025T15:48:16 - [TEST_STEP][PASSED] - manage().addCookie(cookie): null

22-08-2025T15:48:16 - [TEST_STEP][PASSED] - manage().addCookie(cookie): null

22-08-2025T15:48:16 - [TEST_STEP][PASSED] - manage().addCookie(cookie): null

22-08-2025T15:48:16 - [TEST_STEP][PASSED] - manage().addCookie(cookie): null

22-08-2025T15:48:16 - [TEST_STEP][PASSED] - manage().addCookie(cookie): null

22-08-2025T15:48:16 - [TEST_STEP][PASSED] - navigate().refresh(): null

22-08-2025T15:48:18 - [TEST_STEP][PASSED] - comment("✅ 쿠키 로드 완료! 자동 로그인 성공 시도"): ✅ 쿠키 로드 완료! 자동 로그인 성공 시도

22-08-2025T15:48:18 - [MESSAGE][INFO] - ✅ 쿠키 로드 완료! 자동 로그인 성공 시도

22-08-2025T15:48:18 - [TEST_STEP][PASSED] - delay(2): Delayed 2 second(s)

22-08-2025T15:48:20 - [MESSAGE][PASSED] - Delayed 2 second(s)

22-08-2025T15:48:20 - [TEST_STEP][PASSED] - maximizeWindow(): Current window maximized

22-08-2025T15:48:20 - [MESSAGE][PASSED] - Current window maximized

22-08-2025T15:48:20 - [TEST_STEP][PASSED] - Start listener action : afterTestCase: null

22-08-2025T15:48:20 - [TEST_STEP][PASSED] - println("[AfterTestCase] GlobalVariable.isSuite: " + isSuite): null

22-08-2025T15:48:20 - [TEST_STEP][PASSED] - if (!(isSuite)): null]]></system-out>
         <system-err><![CDATA[]]></system-err>
      </testcase>
      <testcase name="Test Cases/Prod환경/00.메인홈/03.배너확인/06.숏컷 객체 강조 - 로그인" time="0.041" classname="Test Cases/Prod환경/00.메인홈/03.배너확인/06.숏컷 객체 강조 - 로그인" status="ERROR">
         <error type="ERROR" message="Test Cases/Prod환경/00.메인홈/03.배너확인/06.숏컷 객체 강조 - 로그인 FAILED.&#xa;Reason:&#xa;org.codehaus.groovy.control.MultipleCompilationErrorsException: startup failed:&#xa;file:/Users/ruben.lee/Katalon%20Studio/TapasTest/Scripts/Prod환경/00.메인홈/03.배너확인/06.숏컷%20객체%20강조%20-%20로그인/Script1742964431156.groovy: 45: The current scope already contains a variable of the name publishButton&#xa; @ line 45, column 12.&#xa;   TestObject publishButton = findTestObject('Object Repository/Prod환경/Home/01.메인홈/숏컷/05.프로필이미지')&#xa;              ^&#xa;&#xa;file:/Users/ruben.lee/Katalon%20Studio/TapasTest/Scripts/Prod환경/00.메인홈/03.배너확인/06.숏컷%20객체%20강조%20-%20로그인/Script1742964431156.groovy: 49: The current scope already contains a variable of the name publishButton&#xa; @ line 49, column 12.&#xa;   TestObject publishButton = findTestObject('Object Repository/Prod환경/Home/01.메인홈/숏컷/06.Publish버튼')&#xa;              ^&#xa;&#xa;2 errors&#xa;&#xa;	at com.kms.katalon.core.main.ScriptEngine.getScript(ScriptEngine.java:199)&#xa;	at com.kms.katalon.core.main.ScriptEngine.run(ScriptEngine.java:194)&#xa;	at com.kms.katalon.core.main.ScriptEngine.runScriptAsRawText(ScriptEngine.java:119)&#xa;	at com.kms.katalon.core.main.TestCaseExecutor.runScript(TestCaseExecutor.java:486)&#xa;	at com.kms.katalon.core.main.TestCaseExecutor.doExecute(TestCaseExecutor.java:477)&#xa;	at com.kms.katalon.core.main.TestCaseExecutor.processExecutionPhase(TestCaseExecutor.java:456)&#xa;	at com.kms.katalon.core.main.TestCaseExecutor.accessMainPhase(TestCaseExecutor.java:448)&#xa;	at com.kms.katalon.core.main.TestCaseExecutor.execute(TestCaseExecutor.java:322)&#xa;	at com.kms.katalon.core.common.CommonExecutor.accessTestCaseMainPhase(CommonExecutor.java:71)&#xa;	at com.kms.katalon.core.main.TestSuiteExecutor.accessTestSuiteMainPhase(TestSuiteExecutor.java:160)&#xa;	at com.kms.katalon.core.main.TestSuiteExecutor.execute(TestSuiteExecutor.java:107)&#xa;	at com.kms.katalon.core.main.TestCaseMain.startTestSuite(TestCaseMain.java:186)&#xa;	at TempTestSuite1755845291109.run(TempTestSuite1755845291109.groovy:35)&#xa;	at java.base/jdk.internal.reflect.NativeMethodAccessorImpl.invoke0(Native Method)&#xa;	at java.base/jdk.internal.reflect.NativeMethodAccessorImpl.invoke(NativeMethodAccessorImpl.java:77)&#xa;	at java.base/jdk.internal.reflect.DelegatingMethodAccessorImpl.invoke(DelegatingMethodAccessorImpl.java:43)&#xa;"/>
         <system-out><![CDATA[22-08-2025T15:48:20 - [TEST_CASE][ERROR] - Test Cases/Prod환경/00.메인홈/03.배너확인/06.숏컷 객체 강조 - 로그인: Test Cases/Prod환경/00.메인홈/03.배너확인/06.숏컷 객체 강조 - 로그인 FAILED.
Reason:
org.codehaus.groovy.control.MultipleCompilationErrorsException: startup failed:
file:/Users/ruben.lee/Katalon%20Studio/TapasTest/Scripts/Prod환경/00.메인홈/03.배너확인/06.숏컷%20객체%20강조%20-%20로그인/Script1742964431156.groovy: 45: The current scope already contains a variable of the name publishButton
 @ line 45, column 12.
   TestObject publishButton = findTestObject('Object Repository/Prod환경/Home/01.메인홈/숏컷/05.프로필이미지')
              ^

file:/Users/ruben.lee/Katalon%20Studio/TapasTest/Scripts/Prod환경/00.메인홈/03.배너확인/06.숏컷%20객체%20강조%20-%20로그인/Script1742964431156.groovy: 49: The current scope already contains a variable of the name publishButton
 @ line 49, column 12.
   TestObject publishButton = findTestObject('Object Repository/Prod환경/Home/01.메인홈/숏컷/06.Publish버튼')
              ^

2 errors

	at com.kms.katalon.core.main.ScriptEngine.getScript(ScriptEngine.java:199)
	at com.kms.katalon.core.main.ScriptEngine.run(ScriptEngine.java:194)
	at com.kms.katalon.core.main.ScriptEngine.runScriptAsRawText(ScriptEngine.java:119)
	at com.kms.katalon.core.main.TestCaseExecutor.runScript(TestCaseExecutor.java:486)
	at com.kms.katalon.core.main.TestCaseExecutor.doExecute(TestCaseExecutor.java:477)
	at com.kms.katalon.core.main.TestCaseExecutor.processExecutionPhase(TestCaseExecutor.java:456)
	at com.kms.katalon.core.main.TestCaseExecutor.accessMainPhase(TestCaseExecutor.java:448)
	at com.kms.katalon.core.main.TestCaseExecutor.execute(TestCaseExecutor.java:322)
	at com.kms.katalon.core.common.CommonExecutor.accessTestCaseMainPhase(CommonExecutor.java:71)
	at com.kms.katalon.core.main.TestSuiteExecutor.accessTestSuiteMainPhase(TestSuiteExecutor.java:160)
	at com.kms.katalon.core.main.TestSuiteExecutor.execute(TestSuiteExecutor.java:107)
	at com.kms.katalon.core.main.TestCaseMain.startTestSuite(TestCaseMain.java:186)
	at TempTestSuite1755845291109.run(TempTestSuite1755845291109.groovy:35)
	at java.base/jdk.internal.reflect.NativeMethodAccessorImpl.invoke0(Native Method)
	at java.base/jdk.internal.reflect.NativeMethodAccessorImpl.invoke(NativeMethodAccessorImpl.java:77)
	at java.base/jdk.internal.reflect.DelegatingMethodAccessorImpl.invoke(DelegatingMethodAccessorImpl.java:43)


22-08-2025T15:48:20 - [TEST_STEP][PASSED] - Start listener action : beforeTestCase: null

22-08-2025T15:48:20 - [TEST_STEP][PASSED] - println("[BeforeTestCase] GlobalVariable.isSuite: " + isSuite): null

22-08-2025T15:48:20 - [TEST_STEP][PASSED] - if (!(isSuite)): null

22-08-2025T15:48:20 - [TEST_STEP][PASSED] - Start listener action : afterTestCase: null

22-08-2025T15:48:20 - [TEST_STEP][PASSED] - println("[AfterTestCase] GlobalVariable.isSuite: " + isSuite): null

22-08-2025T15:48:20 - [TEST_STEP][PASSED] - if (!(isSuite)): null]]></system-out>
         <system-err><![CDATA[22-08-2025T15:48:20 - [TEST_CASE][ERROR] - Test Cases/Prod환경/00.메인홈/03.배너확인/06.숏컷 객체 강조 - 로그인: Test Cases/Prod환경/00.메인홈/03.배너확인/06.숏컷 객체 강조 - 로그인 FAILED.
Reason:
org.codehaus.groovy.control.MultipleCompilationErrorsException: startup failed:
file:/Users/ruben.lee/Katalon%20Studio/TapasTest/Scripts/Prod환경/00.메인홈/03.배너확인/06.숏컷%20객체%20강조%20-%20로그인/Script1742964431156.groovy: 45: The current scope already contains a variable of the name publishButton
 @ line 45, column 12.
   TestObject publishButton = findTestObject('Object Repository/Prod환경/Home/01.메인홈/숏컷/05.프로필이미지')
              ^

file:/Users/ruben.lee/Katalon%20Studio/TapasTest/Scripts/Prod환경/00.메인홈/03.배너확인/06.숏컷%20객체%20강조%20-%20로그인/Script1742964431156.groovy: 49: The current scope already contains a variable of the name publishButton
 @ line 49, column 12.
   TestObject publishButton = findTestObject('Object Repository/Prod환경/Home/01.메인홈/숏컷/06.Publish버튼')
              ^

2 errors

	at com.kms.katalon.core.main.ScriptEngine.getScript(ScriptEngine.java:199)
	at com.kms.katalon.core.main.ScriptEngine.run(ScriptEngine.java:194)
	at com.kms.katalon.core.main.ScriptEngine.runScriptAsRawText(ScriptEngine.java:119)
	at com.kms.katalon.core.main.TestCaseExecutor.runScript(TestCaseExecutor.java:486)
	at com.kms.katalon.core.main.TestCaseExecutor.doExecute(TestCaseExecutor.java:477)
	at com.kms.katalon.core.main.TestCaseExecutor.processExecutionPhase(TestCaseExecutor.java:456)
	at com.kms.katalon.core.main.TestCaseExecutor.accessMainPhase(TestCaseExecutor.java:448)
	at com.kms.katalon.core.main.TestCaseExecutor.execute(TestCaseExecutor.java:322)
	at com.kms.katalon.core.common.CommonExecutor.accessTestCaseMainPhase(CommonExecutor.java:71)
	at com.kms.katalon.core.main.TestSuiteExecutor.accessTestSuiteMainPhase(TestSuiteExecutor.java:160)
	at com.kms.katalon.core.main.TestSuiteExecutor.execute(TestSuiteExecutor.java:107)
	at com.kms.katalon.core.main.TestCaseMain.startTestSuite(TestCaseMain.java:186)
	at TempTestSuite1755845291109.run(TempTestSuite1755845291109.groovy:35)
	at java.base/jdk.internal.reflect.NativeMethodAccessorImpl.invoke0(Native Method)
	at java.base/jdk.internal.reflect.NativeMethodAccessorImpl.invoke(NativeMethodAccessorImpl.java:77)
	at java.base/jdk.internal.reflect.DelegatingMethodAccessorImpl.invoke(DelegatingMethodAccessorImpl.java:43)]]></system-err>
      </testcase>
      <system-out><![CDATA[22-08-2025T15:48:13 - [TEST_STEP][ERROR] - Start listener action : beforeSuite: com.kms.katalon.core.exception.StepFailedException: Actual text 'https://tapas.io/' and expected text 'https://tapas.io' are not matched
	at com.kms.katalon.core.keyword.builtin.VerifyMatchKeyword$_verifyMatch_closure1.doCall(VerifyMatchKeyword.groovy:57)
	at com.kms.katalon.core.keyword.builtin.VerifyMatchKeyword$_verifyMatch_closure1.call(VerifyMatchKeyword.groovy)
	at com.kms.katalon.core.keyword.internal.KeywordMain.runKeyword(KeywordMain.groovy:75)
	at com.kms.katalon.core.keyword.builtin.VerifyMatchKeyword.verifyMatch(VerifyMatchKeyword.groovy:60)
	at com.kms.katalon.core.keyword.builtin.VerifyMatchKeyword.execute(VerifyMatchKeyword.groovy:45)
	at com.kms.katalon.core.keyword.internal.KeywordExecutor.executeKeywordForPlatform(KeywordExecutor.groovy:74)
	at com.kms.katalon.core.keyword.BuiltinKeywords.verifyMatch(BuiltinKeywords.groovy:78)
	at java.base/jdk.internal.reflect.NativeMethodAccessorImpl.invoke0(Native Method)
	at java.base/jdk.internal.reflect.NativeMethodAccessorImpl.invoke(NativeMethodAccessorImpl.java:77)
	at java.base/jdk.internal.reflect.DelegatingMethodAccessorImpl.invoke(DelegatingMethodAccessorImpl.java:43)
	at BrowserControl.beforeSuite(BrowserControl.groovy:50)
	at java.base/jdk.internal.reflect.NativeMethodAccessorImpl.invoke0(Native Method)
	at java.base/jdk.internal.reflect.NativeMethodAccessorImpl.invoke(NativeMethodAccessorImpl.java:77)
	at java.base/jdk.internal.reflect.DelegatingMethodAccessorImpl.invoke(DelegatingMethodAccessorImpl.java:43)
	at com.kms.katalon.core.context.internal.TestHooker.invokeMethod(TestHooker.java:111)
	at com.kms.katalon.core.context.internal.TestHooker.lambda$3(TestHooker.java:95)
	at com.kms.katalon.core.context.internal.TestHooker.invokeContextMethods(TestHooker.java:94)
	at com.kms.katalon.core.context.internal.TestListenerCollector.lambda$3(TestListenerCollector.java:88)
	at com.kms.katalon.core.context.internal.TestListenerCollector.handleListenerEvent(TestListenerCollector.java:85)
	at com.kms.katalon.core.context.internal.ExecutionEventManager.publicEvent(ExecutionEventManager.java:36)
	at com.kms.katalon.core.main.TestSuiteExecutor.execute(TestSuiteExecutor.java:105)
	at com.kms.katalon.core.main.TestCaseMain.startTestSuite(TestCaseMain.java:186)
	at TempTestSuite1755845291109.run(TempTestSuite1755845291109.groovy:35)
	at java.base/jdk.internal.reflect.NativeMethodAccessorImpl.invoke0(Native Method)
	at java.base/jdk.internal.reflect.NativeMethodAccessorImpl.invoke(NativeMethodAccessorImpl.java:77)
	at java.base/jdk.internal.reflect.DelegatingMethodAccessorImpl.invoke(DelegatingMethodAccessorImpl.java:43)


22-08-2025T15:48:13 - [TEST_STEP][PASSED] - println("[Suite 실행] 브라우저 오픈"): null

22-08-2025T15:48:13 - [TEST_STEP][PASSED] - isSuite = true: null

22-08-2025T15:48:13 - [TEST_STEP][PASSED] - openBrowser(""): Browser is opened with url: ''

22-08-2025T15:48:13 - [MESSAGE][INFO] - Starting 'Chrome' driver

22-08-2025T15:48:13 - [MESSAGE][INFO] - Action delay is set to 0 milliseconds

22-08-2025T15:48:14 - [MESSAGE][PASSED] - Browser is opened with url: ''

22-08-2025T15:48:14 - [TEST_STEP][PASSED] - url = "https://tapas.io": null

22-08-2025T15:48:14 - [TEST_STEP][PASSED] - navigateToUrl(url): Navigate to 'https://tapas.io' successfully

22-08-2025T15:48:16 - [MESSAGE][PASSED] - Navigate to 'https://tapas.io' successfully

22-08-2025T15:48:16 - [TEST_STEP][PASSED] - waitForPageLoad(10): Wait for page load successfully

22-08-2025T15:48:16 - [MESSAGE][PASSED] - Wait for page load successfully

22-08-2025T15:48:16 - [TEST_STEP][ERROR] - verifyMatch(getUrl(), url, false): com.kms.katalon.core.exception.StepFailedException: Actual text 'https://tapas.io/' and expected text 'https://tapas.io' are not matched
	at com.kms.katalon.core.keyword.builtin.VerifyMatchKeyword$_verifyMatch_closure1.doCall(VerifyMatchKeyword.groovy:57)
	at com.kms.katalon.core.keyword.builtin.VerifyMatchKeyword$_verifyMatch_closure1.call(VerifyMatchKeyword.groovy)
	at com.kms.katalon.core.keyword.internal.KeywordMain.runKeyword(KeywordMain.groovy:75)
	at com.kms.katalon.core.keyword.builtin.VerifyMatchKeyword.verifyMatch(VerifyMatchKeyword.groovy:60)
	at com.kms.katalon.core.keyword.builtin.VerifyMatchKeyword.execute(VerifyMatchKeyword.groovy:45)
	at com.kms.katalon.core.keyword.internal.KeywordExecutor.executeKeywordForPlatform(KeywordExecutor.groovy:74)
	at com.kms.katalon.core.keyword.BuiltinKeywords.verifyMatch(BuiltinKeywords.groovy:78)
	at java.base/jdk.internal.reflect.NativeMethodAccessorImpl.invoke0(Native Method)
	at java.base/jdk.internal.reflect.NativeMethodAccessorImpl.invoke(NativeMethodAccessorImpl.java:77)
	at java.base/jdk.internal.reflect.DelegatingMethodAccessorImpl.invoke(DelegatingMethodAccessorImpl.java:43)
	at BrowserControl.beforeSuite(BrowserControl.groovy:50)
	at java.base/jdk.internal.reflect.NativeMethodAccessorImpl.invoke0(Native Method)
	at java.base/jdk.internal.reflect.NativeMethodAccessorImpl.invoke(NativeMethodAccessorImpl.java:77)
	at java.base/jdk.internal.reflect.DelegatingMethodAccessorImpl.invoke(DelegatingMethodAccessorImpl.java:43)
	at com.kms.katalon.core.context.internal.TestHooker.invokeMethod(TestHooker.java:111)
	at com.kms.katalon.core.context.internal.TestHooker.lambda$3(TestHooker.java:95)
	at com.kms.katalon.core.context.internal.TestHooker.invokeContextMethods(TestHooker.java:94)
	at com.kms.katalon.core.context.internal.TestListenerCollector.lambda$3(TestListenerCollector.java:88)
	at com.kms.katalon.core.context.internal.TestListenerCollector.handleListenerEvent(TestListenerCollector.java:85)
	at com.kms.katalon.core.context.internal.ExecutionEventManager.publicEvent(ExecutionEventManager.java:36)
	at com.kms.katalon.core.main.TestSuiteExecutor.execute(TestSuiteExecutor.java:105)
	at com.kms.katalon.core.main.TestCaseMain.startTestSuite(TestCaseMain.java:186)
	at TempTestSuite1755845291109.run(TempTestSuite1755845291109.groovy:35)
	at java.base/jdk.internal.reflect.NativeMethodAccessorImpl.invoke0(Native Method)
	at java.base/jdk.internal.reflect.NativeMethodAccessorImpl.invoke(NativeMethodAccessorImpl.java:77)
	at java.base/jdk.internal.reflect.DelegatingMethodAccessorImpl.invoke(DelegatingMethodAccessorImpl.java:43)


22-08-2025T15:48:16 - [MESSAGE][PASSED] - Current window's url is: 'https://tapas.io/'

22-08-2025T15:48:16 - [MESSAGE][FAILED] - Unable to verify match between actual text 'https://tapas.io/' and expected text 'https://tapas.io' (Root cause: com.kms.katalon.core.exception.StepFailedException: Actual text 'https://tapas.io/' and expected text 'https://tapas.io' are not matched
	at com.kms.katalon.core.keyword.builtin.VerifyMatchKeyword$_verifyMatch_closure1.doCall(VerifyMatchKeyword.groovy:57)
	at com.kms.katalon.core.keyword.builtin.VerifyMatchKeyword$_verifyMatch_closure1.call(VerifyMatchKeyword.groovy)
	at com.kms.katalon.core.keyword.internal.KeywordMain.runKeyword(KeywordMain.groovy:75)
	at com.kms.katalon.core.keyword.builtin.VerifyMatchKeyword.verifyMatch(VerifyMatchKeyword.groovy:60)
	at com.kms.katalon.core.keyword.builtin.VerifyMatchKeyword.execute(VerifyMatchKeyword.groovy:45)
	at com.kms.katalon.core.keyword.internal.KeywordExecutor.executeKeywordForPlatform(KeywordExecutor.groovy:74)
	at com.kms.katalon.core.keyword.BuiltinKeywords.verifyMatch(BuiltinKeywords.groovy:78)
	at java.base/jdk.internal.reflect.NativeMethodAccessorImpl.invoke0(Native Method)
	at java.base/jdk.internal.reflect.NativeMethodAccessorImpl.invoke(NativeMethodAccessorImpl.java:77)
	at java.base/jdk.internal.reflect.DelegatingMethodAccessorImpl.invoke(DelegatingMethodAccessorImpl.java:43)
	at BrowserControl.beforeSuite(BrowserControl.groovy:50)
	at java.base/jdk.internal.reflect.NativeMethodAccessorImpl.invoke0(Native Method)
	at java.base/jdk.internal.reflect.NativeMethodAccessorImpl.invoke(NativeMethodAccessorImpl.java:77)
	at java.base/jdk.internal.reflect.DelegatingMethodAccessorImpl.invoke(DelegatingMethodAccessorImpl.java:43)
	at com.kms.katalon.core.context.internal.TestHooker.invokeMethod(TestHooker.java:111)
	at com.kms.katalon.core.context.internal.TestHooker.lambda$3(TestHooker.java:95)
	at com.kms.katalon.core.context.internal.TestHooker.invokeContextMethods(TestHooker.java:94)
	at com.kms.katalon.core.context.internal.TestListenerCollector.lambda$3(TestListenerCollector.java:88)
	at com.kms.katalon.core.context.internal.TestListenerCollector.handleListenerEvent(TestListenerCollector.java:85)
	at com.kms.katalon.core.context.internal.ExecutionEventManager.publicEvent(ExecutionEventManager.java:36)
	at com.kms.katalon.core.main.TestSuiteExecutor.execute(TestSuiteExecutor.java:105)
	at com.kms.katalon.core.main.TestCaseMain.startTestSuite(TestCaseMain.java:186)
	at TempTestSuite1755845291109.run(TempTestSuite1755845291109.groovy:35)
	at java.base/jdk.internal.reflect.NativeMethodAccessorImpl.invoke0(Native Method)
	at java.base/jdk.internal.reflect.NativeMethodAccessorImpl.invoke(NativeMethodAccessorImpl.java:77)
	at java.base/jdk.internal.reflect.DelegatingMethodAccessorImpl.invoke(DelegatingMethodAccessorImpl.java:43)
)

22-08-2025T15:48:16 - [MESSAGE][ERROR] - com.kms.katalon.core.exception.StepFailedException: Actual text 'https://tapas.io/' and expected text 'https://tapas.io' are not matched
	at com.kms.katalon.core.keyword.builtin.VerifyMatchKeyword$_verifyMatch_closure1.doCall(VerifyMatchKeyword.groovy:57)
	at com.kms.katalon.core.keyword.builtin.VerifyMatchKeyword$_verifyMatch_closure1.call(VerifyMatchKeyword.groovy)
	at com.kms.katalon.core.keyword.internal.KeywordMain.runKeyword(KeywordMain.groovy:75)
	at com.kms.katalon.core.keyword.builtin.VerifyMatchKeyword.verifyMatch(VerifyMatchKeyword.groovy:60)
	at com.kms.katalon.core.keyword.builtin.VerifyMatchKeyword.execute(VerifyMatchKeyword.groovy:45)
	at com.kms.katalon.core.keyword.internal.KeywordExecutor.executeKeywordForPlatform(KeywordExecutor.groovy:74)
	at com.kms.katalon.core.keyword.BuiltinKeywords.verifyMatch(BuiltinKeywords.groovy:78)
	at java.base/jdk.internal.reflect.NativeMethodAccessorImpl.invoke0(Native Method)
	at java.base/jdk.internal.reflect.NativeMethodAccessorImpl.invoke(NativeMethodAccessorImpl.java:77)
	at java.base/jdk.internal.reflect.DelegatingMethodAccessorImpl.invoke(DelegatingMethodAccessorImpl.java:43)
	at BrowserControl.beforeSuite(BrowserControl.groovy:50)
	at java.base/jdk.internal.reflect.NativeMethodAccessorImpl.invoke0(Native Method)
	at java.base/jdk.internal.reflect.NativeMethodAccessorImpl.invoke(NativeMethodAccessorImpl.java:77)
	at java.base/jdk.internal.reflect.DelegatingMethodAccessorImpl.invoke(DelegatingMethodAccessorImpl.java:43)
	at com.kms.katalon.core.context.internal.TestHooker.invokeMethod(TestHooker.java:111)
	at com.kms.katalon.core.context.internal.TestHooker.lambda$3(TestHooker.java:95)
	at com.kms.katalon.core.context.internal.TestHooker.invokeContextMethods(TestHooker.java:94)
	at com.kms.katalon.core.context.internal.TestListenerCollector.lambda$3(TestListenerCollector.java:88)
	at com.kms.katalon.core.context.internal.TestListenerCollector.handleListenerEvent(TestListenerCollector.java:85)
	at com.kms.katalon.core.context.internal.ExecutionEventManager.publicEvent(ExecutionEventManager.java:36)
	at com.kms.katalon.core.main.TestSuiteExecutor.execute(TestSuiteExecutor.java:105)
	at com.kms.katalon.core.main.TestCaseMain.startTestSuite(TestCaseMain.java:186)
	at TempTestSuite1755845291109.run(TempTestSuite1755845291109.groovy:35)
	at java.base/jdk.internal.reflect.NativeMethodAccessorImpl.invoke0(Native Method)
	at java.base/jdk.internal.reflect.NativeMethodAccessorImpl.invoke(NativeMethodAccessorImpl.java:77)
	at java.base/jdk.internal.reflect.DelegatingMethodAccessorImpl.invoke(DelegatingMethodAccessorImpl.java:43)

22-08-2025T15:48:13 - [TEST_SUITE][ERROR] - check suite: Test Cases/Prod환경/00.메인홈/03.배너확인/06.숏컷 객체 강조 - 로그인 FAILED.
Reason:
org.codehaus.groovy.control.MultipleCompilationErrorsException: startup failed:
file:/Users/ruben.lee/Katalon%20Studio/TapasTest/Scripts/Prod환경/00.메인홈/03.배너확인/06.숏컷%20객체%20강조%20-%20로그인/Script1742964431156.groovy: 45: The current scope already contains a variable of the name publishButton
 @ line 45, column 12.
   TestObject publishButton = findTestObject('Object Repository/Prod환경/Home/01.메인홈/숏컷/05.프로필이미지')
              ^

file:/Users/ruben.lee/Katalon%20Studio/TapasTest/Scripts/Prod환경/00.메인홈/03.배너확인/06.숏컷%20객체%20강조%20-%20로그인/Script1742964431156.groovy: 49: The current scope already contains a variable of the name publishButton
 @ line 49, column 12.
   TestObject publishButton = findTestObject('Object Repository/Prod환경/Home/01.메인홈/숏컷/06.Publish버튼')
              ^

2 errors

	at com.kms.katalon.core.main.ScriptEngine.getScript(ScriptEngine.java:199)
	at com.kms.katalon.core.main.ScriptEngine.run(ScriptEngine.java:194)
	at com.kms.katalon.core.main.ScriptEngine.runScriptAsRawText(ScriptEngine.java:119)
	at com.kms.katalon.core.main.TestCaseExecutor.runScript(TestCaseExecutor.java:486)
	at com.kms.katalon.core.main.TestCaseExecutor.doExecute(TestCaseExecutor.java:477)
	at com.kms.katalon.core.main.TestCaseExecutor.processExecutionPhase(TestCaseExecutor.java:456)
	at com.kms.katalon.core.main.TestCaseExecutor.accessMainPhase(TestCaseExecutor.java:448)
	at com.kms.katalon.core.main.TestCaseExecutor.execute(TestCaseExecutor.java:322)
	at com.kms.katalon.core.common.CommonExecutor.accessTestCaseMainPhase(CommonExecutor.java:71)
	at com.kms.katalon.core.main.TestSuiteExecutor.accessTestSuiteMainPhase(TestSuiteExecutor.java:160)
	at com.kms.katalon.core.main.TestSuiteExecutor.execute(TestSuiteExecutor.java:107)
	at com.kms.katalon.core.main.TestCaseMain.startTestSuite(TestCaseMain.java:186)
	at TempTestSuite1755845291109.run(TempTestSuite1755845291109.groovy:35)
	at java.base/jdk.internal.reflect.NativeMethodAccessorImpl.invoke0(Native Method)
	at java.base/jdk.internal.reflect.NativeMethodAccessorImpl.invoke(NativeMethodAccessorImpl.java:77)
	at java.base/jdk.internal.reflect.DelegatingMethodAccessorImpl.invoke(DelegatingMethodAccessorImpl.java:43)

22-08-2025T15:48:20 - [TEST_STEP][PASSED] - Start listener action : afterSuite: null

22-08-2025T15:48:20 - [TEST_STEP][PASSED] - println("[Suite 실행] 브라우저 닫기 시도"): null

22-08-2025T15:48:20 - [TEST_STEP][PASSED] - closeBrowserIfOpen("AfterTestSuite"): null

22-08-2025T15:48:20 - [TEST_STEP][PASSED] - try: null

22-08-2025T15:48:20 - [TEST_STEP][PASSED] - driver = getWebDriver(): null

22-08-2025T15:48:20 - [TEST_STEP][PASSED] - if (driver != null && !(getWindowHandles().isEmpty())): null

22-08-2025T15:48:20 - [TEST_STEP][PASSED] - closeBrowser(): Browser is closed

22-08-2025T15:48:20 - [MESSAGE][PASSED] - Browser is closed

22-08-2025T15:48:20 - [TEST_STEP][PASSED] - println([$context] 브라우저 정상 종료 완료): null

22-08-2025T15:48:20 - [TEST_STEP][PASSED] - isSuite = false: null]]></system-out>
      <system-err><![CDATA[22-08-2025T15:48:13 - [TEST_SUITE][ERROR] - check suite: Test Cases/Prod환경/00.메인홈/03.배너확인/06.숏컷 객체 강조 - 로그인 FAILED.
Reason:
org.codehaus.groovy.control.MultipleCompilationErrorsException: startup failed:
file:/Users/ruben.lee/Katalon%20Studio/TapasTest/Scripts/Prod환경/00.메인홈/03.배너확인/06.숏컷%20객체%20강조%20-%20로그인/Script1742964431156.groovy: 45: The current scope already contains a variable of the name publishButton
 @ line 45, column 12.
   TestObject publishButton = findTestObject('Object Repository/Prod환경/Home/01.메인홈/숏컷/05.프로필이미지')
              ^

file:/Users/ruben.lee/Katalon%20Studio/TapasTest/Scripts/Prod환경/00.메인홈/03.배너확인/06.숏컷%20객체%20강조%20-%20로그인/Script1742964431156.groovy: 49: The current scope already contains a variable of the name publishButton
 @ line 49, column 12.
   TestObject publishButton = findTestObject('Object Repository/Prod환경/Home/01.메인홈/숏컷/06.Publish버튼')
              ^

2 errors

	at com.kms.katalon.core.main.ScriptEngine.getScript(ScriptEngine.java:199)
	at com.kms.katalon.core.main.ScriptEngine.run(ScriptEngine.java:194)
	at com.kms.katalon.core.main.ScriptEngine.runScriptAsRawText(ScriptEngine.java:119)
	at com.kms.katalon.core.main.TestCaseExecutor.runScript(TestCaseExecutor.java:486)
	at com.kms.katalon.core.main.TestCaseExecutor.doExecute(TestCaseExecutor.java:477)
	at com.kms.katalon.core.main.TestCaseExecutor.processExecutionPhase(TestCaseExecutor.java:456)
	at com.kms.katalon.core.main.TestCaseExecutor.accessMainPhase(TestCaseExecutor.java:448)
	at com.kms.katalon.core.main.TestCaseExecutor.execute(TestCaseExecutor.java:322)
	at com.kms.katalon.core.common.CommonExecutor.accessTestCaseMainPhase(CommonExecutor.java:71)
	at com.kms.katalon.core.main.TestSuiteExecutor.accessTestSuiteMainPhase(TestSuiteExecutor.java:160)
	at com.kms.katalon.core.main.TestSuiteExecutor.execute(TestSuiteExecutor.java:107)
	at com.kms.katalon.core.main.TestCaseMain.startTestSuite(TestCaseMain.java:186)
	at TempTestSuite1755845291109.run(TempTestSuite1755845291109.groovy:35)
	at java.base/jdk.internal.reflect.NativeMethodAccessorImpl.invoke0(Native Method)
	at java.base/jdk.internal.reflect.NativeMethodAccessorImpl.invoke(NativeMethodAccessorImpl.java:77)
	at java.base/jdk.internal.reflect.DelegatingMethodAccessorImpl.invoke(DelegatingMethodAccessorImpl.java:43)]]></system-err>
   </testsuite>
</testsuites>
