<?xml version="1.0" encoding="UTF-8"?>
<testsuites name="Home" time="86.93" tests="8" failures="1" errors="0">
   <testsuite name="Home" tests="8" failures="1" errors="0" time="86.93" skipped="0" timestamp="11-02-2025T10:27:02" hostname="ruben.lee - localhost" id="Test Suites/Home">
      <properties>
         <property name="deviceName" value=""/>
         <property name="devicePlatform"/>
         <property name="logFolder" value="/Users/ruben.lee/Katalon Studio/Tapas Test/Reports/20250211_102657/Home/20250211_102658"/>
         <property name="logFiles" value="/Users/ruben.lee/Katalon Studio/Tapas Test/Reports/20250211_102657/Home/20250211_102658/execution0.log"/>
         <property name="attachments" value="/Users/ruben.lee/Katalon Studio/Tapas Test/Reports/20250211_102657/Home/20250211_102658/1739237302106.png"/>
         <property name="hostName" value="ruben.lee - localhost"/>
         <property name="os" value="Mac OS X 64bit"/>
         <property name="katalonVersion" value="10.1.0.223"/>
         <property name="browser" value="Chrome 132.0.6834.160"/>
         <property name="hostAddress" value="127.0.0.1"/>
         <property name="sessionId" value="38efba0cbbf4672256df8e118acdbdb2"/>
         <property name="seleniumVersion" value="4.22.0"/>
         <property name="proxyInformation" value="ProxyInformation { proxyOption=NO_PROXY, proxyServerType=HTTP, username=, password=********, proxyServerAddress=, proxyServerPort=0, executionList=&quot;&quot;, isApplyToDesiredCapabilities=true }"/>
         <property name="platform" value="Mac OS X"/>
      </properties>
      <testcase name="Test Cases/Home/홈화면 확인/숏컷 객체 강조" time="17.241" classname="Test Cases/Home/홈화면 확인/숏컷 객체 강조" status="PASSED">
         <system-out><![CDATA[11-02-2025T10:27:02 - [TEST_CASE][PASSED] - Test Cases/Home/홈화면 확인/숏컷 객체 강조: Test Cases/Home/홈화면 확인/숏컷 객체 강조

11-02-2025T10:27:02 - [TEST_STEP][PASSED] - openBrowser(""): Browser is opened with url: ''

11-02-2025T10:27:03 - [MESSAGE][INFO] - Starting 'Chrome' driver

11-02-2025T10:27:03 - [MESSAGE][INFO] - Action delay is set to 0 milliseconds

11-02-2025T10:27:04 - [MESSAGE][PASSED] - Browser is opened with url: ''

11-02-2025T10:27:04 - [TEST_STEP][PASSED] - navigateToUrl("https:/qa.tapas.io/"): Navigate to 'https:/qa.tapas.io/' successfully

11-02-2025T10:27:06 - [MESSAGE][PASSED] - Navigate to 'https:/qa.tapas.io/' successfully

11-02-2025T10:27:06 - [TEST_STEP][PASSED] - searchBox = findTestObject("Home/숏컷 미로그인/Page_Home  Spotlight/input_More_q"): null

11-02-2025T10:27:06 - [TEST_STEP][PASSED] - HighlightElement.run(searchBox): null

11-02-2025T10:27:10 - [TEST_STEP][PASSED] - verifyElementPresent(searchBox, 1): Object 'Object Repository/Home/숏컷 미로그인/Page_Home  Spotlight/input_More_q' is present

11-02-2025T10:27:11 - [MESSAGE][PASSED] - Object 'Object Repository/Home/숏컷 미로그인/Page_Home  Spotlight/input_More_q' is present

11-02-2025T10:27:11 - [TEST_STEP][PASSED] - logoImage = findTestObject("Home/숏컷 미로그인/Page_Home  Spotlight/img_More_absolute right-2 top-24 -translate-y-24"): null

11-02-2025T10:27:11 - [TEST_STEP][PASSED] - HighlightElement.run(logoImage): null

11-02-2025T10:27:14 - [TEST_STEP][PASSED] - verifyElementPresent(logoImage, 1): Object 'Object Repository/Home/숏컷 미로그인/Page_Home  Spotlight/img_More_absolute right-2 top-24 -translate-y-24' is present

11-02-2025T10:27:14 - [MESSAGE][PASSED] - Object 'Object Repository/Home/숏컷 미로그인/Page_Home  Spotlight/img_More_absolute right-2 top-24 -translate-y-24' is present

11-02-2025T10:27:14 - [TEST_STEP][PASSED] - loginButton = findTestObject("Home/숏컷 미로그인/Page_Home  Spotlight/button_Login"): null

11-02-2025T10:27:14 - [TEST_STEP][PASSED] - HighlightElement.run(loginButton): null

11-02-2025T10:27:16 - [TEST_STEP][PASSED] - verifyElementPresent(loginButton, 1): Object 'Object Repository/Home/숏컷 미로그인/Page_Home  Spotlight/button_Login' is present

11-02-2025T10:27:16 - [MESSAGE][PASSED] - Object 'Object Repository/Home/숏컷 미로그인/Page_Home  Spotlight/button_Login' is present

11-02-2025T10:27:16 - [TEST_STEP][PASSED] - publishButton = findTestObject("Home/숏컷 미로그인/Page_Home  Spotlight/button_Publish"): null

11-02-2025T10:27:16 - [TEST_STEP][PASSED] - HighlightElement.run(publishButton): null

11-02-2025T10:27:19 - [TEST_STEP][PASSED] - verifyElementPresent(publishButton, 1): Object 'Object Repository/Home/숏컷 미로그인/Page_Home  Spotlight/button_Publish' is present

11-02-2025T10:27:20 - [MESSAGE][PASSED] - Object 'Object Repository/Home/숏컷 미로그인/Page_Home  Spotlight/button_Publish' is present

11-02-2025T10:27:20 - [TEST_STEP][PASSED] - comment("✅ Test 1 완료. 브라우저 유지 상태에서 Test 2 실행"): ✅ Test 1 완료. 브라우저 유지 상태에서 Test 2 실행

11-02-2025T10:27:20 - [MESSAGE][INFO] - ✅ Test 1 완료. 브라우저 유지 상태에서 Test 2 실행]]></system-out>
         <system-err><![CDATA[]]></system-err>
      </testcase>
      <testcase name="Test Cases/Home/홈화면 확인/숏컷 확인 - 로그인 - 강조 확인" time="17.239" classname="Test Cases/Home/홈화면 확인/숏컷 확인 - 로그인 - 강조 확인" status="PASSED">
         <system-out><![CDATA[11-02-2025T10:27:20 - [TEST_CASE][PASSED] - Test Cases/Home/홈화면 확인/숏컷 확인 - 로그인 - 강조 확인: Test Cases/Home/홈화면 확인/숏컷 확인 - 로그인 - 강조 확인

11-02-2025T10:27:20 - [TEST_STEP][PASSED] - url = "https://qa.tapas.io/account/signin?from=/": null

11-02-2025T10:27:20 - [TEST_STEP][PASSED] - email = "dkttapas00@gmail.com": null

11-02-2025T10:27:20 - [TEST_STEP][PASSED] - password = "winehouse": null

11-02-2025T10:27:20 - [TEST_STEP][PASSED] - cookieFilePath = "cookies.save": null

11-02-2025T10:27:20 - [TEST_STEP][PASSED] - comment("🚀 Test 2 시작! 기존 브라우저 사용"): 🚀 Test 2 시작! 기존 브라우저 사용

11-02-2025T10:27:20 - [MESSAGE][INFO] - 🚀 Test 2 시작! 기존 브라우저 사용

11-02-2025T10:27:20 - [TEST_STEP][PASSED] - cookieFile = new java.io.File(cookieFilePath): null

11-02-2025T10:27:20 - [TEST_STEP][PASSED] - if (cookieFile.exists()): ✅ 쿠키 로드 완료! 자동 로그인 성공

11-02-2025T10:27:20 - [TEST_STEP][PASSED] - driver = getWebDriver(): null

11-02-2025T10:27:20 - [TEST_STEP][PASSED] - try: ✅ 쿠키 로드 완료! 자동 로그인 성공

11-02-2025T10:27:20 - [TEST_STEP][PASSED] - fis = new java.io.FileInputStream(cookieFile): null

11-02-2025T10:27:20 - [TEST_STEP][PASSED] - ois = new java.io.ObjectInputStream(fis): null

11-02-2025T10:27:20 - [TEST_STEP][PASSED] - cookies = ois.readObject(): null

11-02-2025T10:27:20 - [TEST_STEP][PASSED] - ois.close(): null

11-02-2025T10:27:20 - [TEST_STEP][PASSED] - fis.close(): null

11-02-2025T10:27:20 - [TEST_STEP][PASSED] - for (org.openqa.selenium.Cookie cookie : cookies): null

11-02-2025T10:27:20 - [TEST_STEP][PASSED] - manage().addCookie(cookie): null

11-02-2025T10:27:20 - [TEST_STEP][PASSED] - manage().addCookie(cookie): null

11-02-2025T10:27:20 - [TEST_STEP][PASSED] - manage().addCookie(cookie): null

11-02-2025T10:27:20 - [TEST_STEP][PASSED] - manage().addCookie(cookie): null

11-02-2025T10:27:20 - [TEST_STEP][PASSED] - manage().addCookie(cookie): null

11-02-2025T10:27:20 - [TEST_STEP][PASSED] - manage().addCookie(cookie): null

11-02-2025T10:27:20 - [TEST_STEP][PASSED] - manage().addCookie(cookie): null

11-02-2025T10:27:20 - [TEST_STEP][PASSED] - manage().addCookie(cookie): null

11-02-2025T10:27:20 - [TEST_STEP][PASSED] - manage().addCookie(cookie): null

11-02-2025T10:27:20 - [TEST_STEP][PASSED] - manage().addCookie(cookie): null

11-02-2025T10:27:20 - [TEST_STEP][PASSED] - manage().addCookie(cookie): null

11-02-2025T10:27:20 - [TEST_STEP][PASSED] - manage().addCookie(cookie): null

11-02-2025T10:27:20 - [TEST_STEP][PASSED] - manage().addCookie(cookie): null

11-02-2025T10:27:20 - [TEST_STEP][PASSED] - manage().addCookie(cookie): null

11-02-2025T10:27:20 - [TEST_STEP][PASSED] - manage().addCookie(cookie): null

11-02-2025T10:27:20 - [TEST_STEP][PASSED] - manage().addCookie(cookie): null

11-02-2025T10:27:20 - [TEST_STEP][PASSED] - manage().addCookie(cookie): null

11-02-2025T10:27:20 - [TEST_STEP][PASSED] - manage().addCookie(cookie): null

11-02-2025T10:27:20 - [TEST_STEP][PASSED] - manage().addCookie(cookie): null

11-02-2025T10:27:20 - [TEST_STEP][PASSED] - manage().addCookie(cookie): null

11-02-2025T10:27:20 - [TEST_STEP][PASSED] - manage().addCookie(cookie): null

11-02-2025T10:27:20 - [TEST_STEP][PASSED] - manage().addCookie(cookie): null

11-02-2025T10:27:20 - [TEST_STEP][PASSED] - manage().addCookie(cookie): null

11-02-2025T10:27:20 - [TEST_STEP][PASSED] - manage().addCookie(cookie): null

11-02-2025T10:27:20 - [TEST_STEP][PASSED] - manage().addCookie(cookie): null

11-02-2025T10:27:20 - [TEST_STEP][PASSED] - manage().addCookie(cookie): null

11-02-2025T10:27:20 - [TEST_STEP][PASSED] - manage().addCookie(cookie): null

11-02-2025T10:27:20 - [TEST_STEP][PASSED] - manage().addCookie(cookie): null

11-02-2025T10:27:20 - [TEST_STEP][PASSED] - manage().addCookie(cookie): null

11-02-2025T10:27:20 - [TEST_STEP][PASSED] - manage().addCookie(cookie): null

11-02-2025T10:27:20 - [TEST_STEP][PASSED] - manage().addCookie(cookie): null

11-02-2025T10:27:20 - [TEST_STEP][PASSED] - refresh(): Refresh successfully

11-02-2025T10:27:21 - [MESSAGE][PASSED] - Refresh successfully

11-02-2025T10:27:21 - [TEST_STEP][PASSED] - comment("✅ 쿠키 로드 완료! 자동 로그인 성공"): ✅ 쿠키 로드 완료! 자동 로그인 성공

11-02-2025T10:27:21 - [MESSAGE][INFO] - ✅ 쿠키 로드 완료! 자동 로그인 성공

11-02-2025T10:27:21 - [TEST_STEP][PASSED] - searchBox = findTestObject("Home/숏컷 로그인 신규/Page_Home  Spotlight/input_More_q"): null

11-02-2025T10:27:21 - [TEST_STEP][PASSED] - HighlightElement.run(searchBox): null

11-02-2025T10:27:24 - [TEST_STEP][PASSED] - verifyElementPresent(searchBox, 0): Object 'Object Repository/Home/숏컷 로그인 신규/Page_Home  Spotlight/input_More_q' is present

11-02-2025T10:27:24 - [MESSAGE][WARNING] - Timeout '0' is invalid. Using default page load timeout: '40'

11-02-2025T10:27:24 - [MESSAGE][PASSED] - Object 'Object Repository/Home/숏컷 로그인 신규/Page_Home  Spotlight/input_More_q' is present

11-02-2025T10:27:24 - [TEST_STEP][PASSED] - logoImage = findTestObject("Home/숏컷 로그인 신규/Page_Home  Spotlight/img_More_absolute right-2 top-24 -translate-y-24"): null

11-02-2025T10:27:24 - [TEST_STEP][PASSED] - HighlightElement.run(logoImage): null

11-02-2025T10:27:26 - [TEST_STEP][PASSED] - verifyElementPresent(logoImage, 0): Object 'Object Repository/Home/숏컷 로그인 신규/Page_Home  Spotlight/img_More_absolute right-2 top-24 -translate-y-24' is present

11-02-2025T10:27:26 - [MESSAGE][WARNING] - Timeout '0' is invalid. Using default page load timeout: '40'

11-02-2025T10:27:27 - [MESSAGE][PASSED] - Object 'Object Repository/Home/숏컷 로그인 신규/Page_Home  Spotlight/img_More_absolute right-2 top-24 -translate-y-24' is present

11-02-2025T10:27:27 - [TEST_STEP][PASSED] - libraryimage = findTestObject("Home/숏컷 로그인 신규/Page_Home  Spotlight/library"): null

11-02-2025T10:27:27 - [TEST_STEP][PASSED] - HighlightElement.run(libraryimage): null

11-02-2025T10:27:29 - [TEST_STEP][PASSED] - verifyElementPresent(libraryimage, 0): Object 'Object Repository/Home/숏컷 로그인 신규/Page_Home  Spotlight/library' is present

11-02-2025T10:27:29 - [MESSAGE][WARNING] - Timeout '0' is invalid. Using default page load timeout: '40'

11-02-2025T10:27:29 - [MESSAGE][PASSED] - Object 'Object Repository/Home/숏컷 로그인 신규/Page_Home  Spotlight/library' is present

11-02-2025T10:27:29 - [TEST_STEP][PASSED] - inboximage = findTestObject("Home/숏컷 로그인 신규/Page_Home  Spotlight/inbox"): null

11-02-2025T10:27:29 - [TEST_STEP][PASSED] - HighlightElement.run(inboximage): null

11-02-2025T10:27:31 - [TEST_STEP][PASSED] - verifyElementPresent(inboximage, 0): Object 'Object Repository/Home/숏컷 로그인 신규/Page_Home  Spotlight/inbox' is present

11-02-2025T10:27:31 - [MESSAGE][WARNING] - Timeout '0' is invalid. Using default page load timeout: '40'

11-02-2025T10:27:32 - [MESSAGE][PASSED] - Object 'Object Repository/Home/숏컷 로그인 신규/Page_Home  Spotlight/inbox' is present

11-02-2025T10:27:32 - [TEST_STEP][PASSED] - profileImage = findTestObject("Home/숏컷 로그인 신규/Page_Home  Spotlight/div_More_absolute left-0 top-0 size-full rounded-100 border-1 border-888"): null

11-02-2025T10:27:32 - [TEST_STEP][PASSED] - HighlightElement.run(profileImage): null

11-02-2025T10:27:34 - [TEST_STEP][PASSED] - verifyElementPresent(profileImage, 0): Object 'Object Repository/Home/숏컷 로그인 신규/Page_Home  Spotlight/div_More_absolute left-0 top-0 size-full rounded-100 border-1 border-888' is present

11-02-2025T10:27:34 - [MESSAGE][WARNING] - Timeout '0' is invalid. Using default page load timeout: '40'

11-02-2025T10:27:34 - [MESSAGE][PASSED] - Object 'Object Repository/Home/숏컷 로그인 신규/Page_Home  Spotlight/div_More_absolute left-0 top-0 size-full rounded-100 border-1 border-888' is present

11-02-2025T10:27:34 - [TEST_STEP][PASSED] - publishButton = findTestObject("Home/숏컷 로그인 신규/Page_Home  Spotlight/button_Publish"): null

11-02-2025T10:27:34 - [TEST_STEP][PASSED] - HighlightElement.run(publishButton): null

11-02-2025T10:27:37 - [TEST_STEP][PASSED] - verifyElementPresent(publishButton, 0): Object 'Object Repository/Home/숏컷 로그인 신규/Page_Home  Spotlight/button_Publish' is present

11-02-2025T10:27:37 - [MESSAGE][WARNING] - Timeout '0' is invalid. Using default page load timeout: '40'

11-02-2025T10:27:37 - [MESSAGE][PASSED] - Object 'Object Repository/Home/숏컷 로그인 신규/Page_Home  Spotlight/button_Publish' is present

11-02-2025T10:27:37 - [TEST_STEP][PASSED] - comment("✅ 로그인 확인 완료 - 검색 실행"): ✅ 로그인 확인 완료 - 검색 실행

11-02-2025T10:27:37 - [MESSAGE][INFO] - ✅ 로그인 확인 완료 - 검색 실행]]></system-out>
         <system-err><![CDATA[]]></system-err>
      </testcase>
      <testcase name="Test Cases/Home/검색 동작/검색 결과 없음 확인" time="4.678" classname="Test Cases/Home/검색 동작/검색 결과 없음 확인" status="PASSED">
         <system-out><![CDATA[11-02-2025T10:27:37 - [TEST_CASE][PASSED] - Test Cases/Home/검색 동작/검색 결과 없음 확인: Test Cases/Home/검색 동작/검색 결과 없음 확인

11-02-2025T10:27:37 - [TEST_STEP][PASSED] - comment("✅ 검색 실행"): ✅ 검색 실행

11-02-2025T10:27:37 - [MESSAGE][INFO] - ✅ 검색 실행

11-02-2025T10:27:37 - [TEST_STEP][PASSED] - navigateToUrl("https://qa.tapas.io/"): Navigate to 'https://qa.tapas.io/' successfully

11-02-2025T10:27:38 - [MESSAGE][PASSED] - Navigate to 'https://qa.tapas.io/' successfully

11-02-2025T10:27:38 - [TEST_STEP][PASSED] - setText(findTestObject("Object Repository/Home/검색 결과 없음/Page_Home  Spotlight/input_More_q"), "비비비비비비비비비비"): Text '비비비비비비비비비비' is set on object 'Object Repository/Home/검색 결과 없음/Page_Home  Spotlight/input_More_q'

11-02-2025T10:27:39 - [MESSAGE][PASSED] - Text '비비비비비비비비비비' is set on object 'Object Repository/Home/검색 결과 없음/Page_Home  Spotlight/input_More_q'

11-02-2025T10:27:39 - [TEST_STEP][PASSED] - click(findTestObject("Object Repository/Home/검색 결과 없음/Page_Home  Spotlight/img_More_absolute right-2 top-24 -translate-y-24")): Object: 'Object Repository/Home/검색 결과 없음/Page_Home  Spotlight/img_More_absolute right-2 top-24 -translate-y-24' is clicked on

11-02-2025T10:27:41 - [MESSAGE][PASSED] - Object: 'Object Repository/Home/검색 결과 없음/Page_Home  Spotlight/img_More_absolute right-2 top-24 -translate-y-24' is clicked on

11-02-2025T10:27:41 - [TEST_STEP][PASSED] - verifyElementPresent(findTestObject("Home/검색 결과 없음 문구 확인/Page_Search  Tapas/p_No results for"), 0): Object 'Object Repository/Home/검색 결과 없음 문구 확인/Page_Search  Tapas/p_No results for' is present

11-02-2025T10:27:41 - [MESSAGE][WARNING] - Timeout '0' is invalid. Using default page load timeout: '40'

11-02-2025T10:27:41 - [MESSAGE][PASSED] - Object 'Object Repository/Home/검색 결과 없음 문구 확인/Page_Search  Tapas/p_No results for' is present

11-02-2025T10:27:41 - [TEST_STEP][PASSED] - comment("✅ 검색 완료"): ✅ 검색 완료

11-02-2025T10:27:41 - [MESSAGE][INFO] - ✅ 검색 완료]]></system-out>
         <system-err><![CDATA[]]></system-err>
      </testcase>
      <testcase name="Test Cases/Home/검색 동작/검색 리스트 확인" time="4.109" classname="Test Cases/Home/검색 동작/검색 리스트 확인" status="PASSED">
         <system-out><![CDATA[11-02-2025T10:27:41 - [TEST_CASE][PASSED] - Test Cases/Home/검색 동작/검색 리스트 확인: Test Cases/Home/검색 동작/검색 리스트 확인

11-02-2025T10:27:41 - [TEST_STEP][PASSED] - comment("✅ 로그인/검색 실행"): ✅ 로그인/검색 실행

11-02-2025T10:27:41 - [MESSAGE][INFO] - ✅ 로그인/검색 실행

11-02-2025T10:27:41 - [TEST_STEP][PASSED] - navigateToUrl("https://qa.tapas.io/"): Navigate to 'https://qa.tapas.io/' successfully

11-02-2025T10:27:43 - [MESSAGE][PASSED] - Navigate to 'https://qa.tapas.io/' successfully

11-02-2025T10:27:43 - [TEST_STEP][PASSED] - setText(findTestObject("Object Repository/Home/검색 리스트 확인/Page_Home  Spotlight/input_More_q"), "the"): Text 'the' is set on object 'Object Repository/Home/검색 리스트 확인/Page_Home  Spotlight/input_More_q'

11-02-2025T10:27:44 - [MESSAGE][PASSED] - Text 'the' is set on object 'Object Repository/Home/검색 리스트 확인/Page_Home  Spotlight/input_More_q'

11-02-2025T10:27:44 - [TEST_STEP][PASSED] - click(findTestObject("Object Repository/Home/검색 리스트 확인/Page_Home  Spotlight/img_More_absolute right-2 top-24 -translate-y-24")): Object: 'Object Repository/Home/검색 리스트 확인/Page_Home  Spotlight/img_More_absolute right-2 top-24 -translate-y-24' is clicked on

11-02-2025T10:27:45 - [MESSAGE][PASSED] - Object: 'Object Repository/Home/검색 리스트 확인/Page_Home  Spotlight/img_More_absolute right-2 top-24 -translate-y-24' is clicked on

11-02-2025T10:27:45 - [TEST_STEP][PASSED] - setText(findTestObject("Object Repository/Home/검색 리스트 확인/Page_Search  Tapas/input_search results_q"), "`the"): Text '`the' is set on object 'Object Repository/Home/검색 리스트 확인/Page_Search  Tapas/input_search results_q'

11-02-2025T10:27:46 - [MESSAGE][PASSED] - Text '`the' is set on object 'Object Repository/Home/검색 리스트 확인/Page_Search  Tapas/input_search results_q'

11-02-2025T10:27:46 - [TEST_STEP][PASSED] - comment("✅ 완료"): ✅ 완료

11-02-2025T10:27:46 - [MESSAGE][INFO] - ✅ 완료]]></system-out>
         <system-err><![CDATA[]]></system-err>
      </testcase>
      <testcase name="Test Cases/Home/홈화면 확인/프로모션 배너 확인 _ 강조" time="10.088" classname="Test Cases/Home/홈화면 확인/프로모션 배너 확인 _ 강조" status="PASSED">
         <system-out><![CDATA[11-02-2025T10:27:46 - [TEST_CASE][PASSED] - Test Cases/Home/홈화면 확인/프로모션 배너 확인 _ 강조: Test Cases/Home/홈화면 확인/프로모션 배너 확인 _ 강조

11-02-2025T10:27:46 - [TEST_STEP][PASSED] - comment("✅ 프로모션 배너 실행"): ✅ 프로모션 배너 실행

11-02-2025T10:27:46 - [MESSAGE][INFO] - ✅ 프로모션 배너 실행

11-02-2025T10:27:46 - [TEST_STEP][PASSED] - navigateToUrl("https://qa.tapas.io/"): Navigate to 'https://qa.tapas.io/' successfully

11-02-2025T10:27:46 - [MESSAGE][PASSED] - Navigate to 'https://qa.tapas.io/' successfully

11-02-2025T10:27:46 - [TEST_STEP][PASSED] - promotion = findTestObject("Home/프로모션 배너/Page_Home  Spotlight/div_adonis"): null

11-02-2025T10:27:47 - [TEST_STEP][PASSED] - HighlightElement.run(promotion): null

11-02-2025T10:27:49 - [TEST_STEP][PASSED] - verifyElementPresent(promotion, 0): Object 'Object Repository/Home/프로모션 배너/Page_Home  Spotlight/div_adonis' is present

11-02-2025T10:27:49 - [MESSAGE][WARNING] - Timeout '0' is invalid. Using default page load timeout: '40'

11-02-2025T10:27:50 - [MESSAGE][PASSED] - Object 'Object Repository/Home/프로모션 배너/Page_Home  Spotlight/div_adonis' is present

11-02-2025T10:27:50 - [TEST_STEP][PASSED] - click(findTestObject("Home/프로모션 배너/Page_Home  Spotlight/div_adonis")): Object: 'Object Repository/Home/프로모션 배너/Page_Home  Spotlight/div_adonis' is clicked on

11-02-2025T10:27:51 - [MESSAGE][PASSED] - Object: 'Object Repository/Home/프로모션 배너/Page_Home  Spotlight/div_adonis' is clicked on

11-02-2025T10:27:51 - [TEST_STEP][PASSED] - contents = findTestObject("Home/프로모션 배너 _ 랜딩 확인/Page_Read Adonis  Leftover Memories  Tapas Comics/p_Leftover Memories"): null

11-02-2025T10:27:51 - [TEST_STEP][PASSED] - HighlightElement.run(contents): null

11-02-2025T10:27:54 - [TEST_STEP][PASSED] - verifyElementPresent(contents, 0): Object 'Object Repository/Home/프로모션 배너 _ 랜딩 확인/Page_Read Adonis  Leftover Memories  Tapas Comics/p_Leftover Memories' is present

11-02-2025T10:27:54 - [MESSAGE][WARNING] - Timeout '0' is invalid. Using default page load timeout: '40'

11-02-2025T10:27:54 - [MESSAGE][PASSED] - Object 'Object Repository/Home/프로모션 배너 _ 랜딩 확인/Page_Read Adonis  Leftover Memories  Tapas Comics/p_Leftover Memories' is present

11-02-2025T10:27:54 - [TEST_STEP][PASSED] - comment("✅ 프로모션 배너 완료"): ✅ 프로모션 배너 완료

11-02-2025T10:27:54 - [MESSAGE][INFO] - ✅ 프로모션 배너 완료

11-02-2025T10:27:54 - [TEST_STEP][PASSED] - back(): Navigate back successfully

11-02-2025T10:27:56 - [MESSAGE][PASSED] - Navigate back successfully]]></system-out>
         <system-err><![CDATA[]]></system-err>
      </testcase>
      <testcase name="Test Cases/Home/홈화면 확인/빅배너 확인_랜딩 후 복귀" time="26.09" classname="Test Cases/Home/홈화면 확인/빅배너 확인_랜딩 후 복귀" status="FAILED">
         <failure type="FAILED" message="Test Cases/Home/홈화면 확인/빅배너 확인_랜딩 후 복귀 FAILED.&#xa;Reason:&#xa;com.kms.katalon.core.exception.StepFailedException: Unable to wait for object to be present&#xa;	at com.kms.katalon.core.webui.keyword.internal.WebUIKeywordMain.stepFailed(WebUIKeywordMain.groovy:117)&#xa;	at com.kms.katalon.core.webui.keyword.internal.WebUIKeywordMain.runKeyword(WebUIKeywordMain.groovy:43)&#xa;	at com.kms.katalon.core.webui.keyword.builtin.WaitForElementPresentKeyword.waitForElementPresent(WaitForElementPresentKeyword.groovy:95)&#xa;	at com.kms.katalon.core.webui.keyword.builtin.WaitForElementPresentKeyword.execute(WaitForElementPresentKeyword.groovy:68)&#xa;	at com.kms.katalon.core.keyword.internal.KeywordExecutor.executeKeywordForPlatform(KeywordExecutor.groovy:74)&#xa;	at com.kms.katalon.core.webui.keyword.WebUiBuiltInKeywords.waitForElementPresent(WebUiBuiltInKeywords.groovy:423)&#xa;	at 빅배너 확인_랜딩 후 복귀.run(빅배너 확인_랜딩 후 복귀:77)&#xa;	at com.kms.katalon.core.main.ScriptEngine.run(ScriptEngine.java:194)&#xa;	at com.kms.katalon.core.main.ScriptEngine.runScriptAsRawText(ScriptEngine.java:119)&#xa;	at com.kms.katalon.core.main.TestCaseExecutor.runScript(TestCaseExecutor.java:448)&#xa;	at com.kms.katalon.core.main.TestCaseExecutor.doExecute(TestCaseExecutor.java:439)&#xa;	at com.kms.katalon.core.main.TestCaseExecutor.processExecutionPhase(TestCaseExecutor.java:418)&#xa;	at com.kms.katalon.core.main.TestCaseExecutor.accessMainPhase(TestCaseExecutor.java:410)&#xa;	at com.kms.katalon.core.main.TestCaseExecutor.execute(TestCaseExecutor.java:285)&#xa;	at com.kms.katalon.core.common.CommonExecutor.accessTestCaseMainPhase(CommonExecutor.java:71)&#xa;	at com.kms.katalon.core.main.TestSuiteExecutor.accessTestSuiteMainPhase(TestSuiteExecutor.java:160)&#xa;	at com.kms.katalon.core.main.TestSuiteExecutor.execute(TestSuiteExecutor.java:107)&#xa;	at com.kms.katalon.core.main.TestCaseMain.startTestSuite(TestCaseMain.java:180)&#xa;	at TempTestSuite1739237218428.run(TempTestSuite1739237218428.groovy:35)&#xa;	at java.base/jdk.internal.reflect.NativeMethodAccessorImpl.invoke0(Native Method)&#xa;	at java.base/jdk.internal.reflect.NativeMethodAccessorImpl.invoke(NativeMethodAccessorImpl.java:77)&#xa;	at java.base/jdk.internal.reflect.DelegatingMethodAccessorImpl.invoke(DelegatingMethodAccessorImpl.java:43)&#xa;Caused by: java.lang.IllegalArgumentException: Object is null&#xa;	at com.kms.katalon.core.helper.KeywordHelper.checkTestObjectParameter(KeywordHelper.java:33)&#xa;	at com.kms.katalon.core.webui.keyword.builtin.WaitForElementPresentKeyword$_waitForElementPresent_closure1.doCall(WaitForElementPresentKeyword.groovy:77)&#xa;	at com.kms.katalon.core.webui.keyword.builtin.WaitForElementPresentKeyword$_waitForElementPresent_closure1.call(WaitForElementPresentKeyword.groovy)&#xa;	at com.kms.katalon.core.webui.keyword.internal.WebUIKeywordMain.runKeyword(WebUIKeywordMain.groovy:35)&#xa;	... 20 more&#xa;"/>
         <system-out><![CDATA[11-02-2025T10:27:56 - [TEST_CASE][FAILED] - Test Cases/Home/홈화면 확인/빅배너 확인_랜딩 후 복귀: Test Cases/Home/홈화면 확인/빅배너 확인_랜딩 후 복귀 FAILED.
Reason:
com.kms.katalon.core.exception.StepFailedException: Unable to wait for object to be present
	at com.kms.katalon.core.webui.keyword.internal.WebUIKeywordMain.stepFailed(WebUIKeywordMain.groovy:117)
	at com.kms.katalon.core.webui.keyword.internal.WebUIKeywordMain.runKeyword(WebUIKeywordMain.groovy:43)
	at com.kms.katalon.core.webui.keyword.builtin.WaitForElementPresentKeyword.waitForElementPresent(WaitForElementPresentKeyword.groovy:95)
	at com.kms.katalon.core.webui.keyword.builtin.WaitForElementPresentKeyword.execute(WaitForElementPresentKeyword.groovy:68)
	at com.kms.katalon.core.keyword.internal.KeywordExecutor.executeKeywordForPlatform(KeywordExecutor.groovy:74)
	at com.kms.katalon.core.webui.keyword.WebUiBuiltInKeywords.waitForElementPresent(WebUiBuiltInKeywords.groovy:423)
	at 빅배너 확인_랜딩 후 복귀.run(빅배너 확인_랜딩 후 복귀:77)
	at com.kms.katalon.core.main.ScriptEngine.run(ScriptEngine.java:194)
	at com.kms.katalon.core.main.ScriptEngine.runScriptAsRawText(ScriptEngine.java:119)
	at com.kms.katalon.core.main.TestCaseExecutor.runScript(TestCaseExecutor.java:448)
	at com.kms.katalon.core.main.TestCaseExecutor.doExecute(TestCaseExecutor.java:439)
	at com.kms.katalon.core.main.TestCaseExecutor.processExecutionPhase(TestCaseExecutor.java:418)
	at com.kms.katalon.core.main.TestCaseExecutor.accessMainPhase(TestCaseExecutor.java:410)
	at com.kms.katalon.core.main.TestCaseExecutor.execute(TestCaseExecutor.java:285)
	at com.kms.katalon.core.common.CommonExecutor.accessTestCaseMainPhase(CommonExecutor.java:71)
	at com.kms.katalon.core.main.TestSuiteExecutor.accessTestSuiteMainPhase(TestSuiteExecutor.java:160)
	at com.kms.katalon.core.main.TestSuiteExecutor.execute(TestSuiteExecutor.java:107)
	at com.kms.katalon.core.main.TestCaseMain.startTestSuite(TestCaseMain.java:180)
	at TempTestSuite1739237218428.run(TempTestSuite1739237218428.groovy:35)
	at java.base/jdk.internal.reflect.NativeMethodAccessorImpl.invoke0(Native Method)
	at java.base/jdk.internal.reflect.NativeMethodAccessorImpl.invoke(NativeMethodAccessorImpl.java:77)
	at java.base/jdk.internal.reflect.DelegatingMethodAccessorImpl.invoke(DelegatingMethodAccessorImpl.java:43)
Caused by: java.lang.IllegalArgumentException: Object is null
	at com.kms.katalon.core.helper.KeywordHelper.checkTestObjectParameter(KeywordHelper.java:33)
	at com.kms.katalon.core.webui.keyword.builtin.WaitForElementPresentKeyword$_waitForElementPresent_closure1.doCall(WaitForElementPresentKeyword.groovy:77)
	at com.kms.katalon.core.webui.keyword.builtin.WaitForElementPresentKeyword$_waitForElementPresent_closure1.call(WaitForElementPresentKeyword.groovy)
	at com.kms.katalon.core.webui.keyword.internal.WebUIKeywordMain.runKeyword(WebUIKeywordMain.groovy:35)
	... 20 more


11-02-2025T10:27:56 - [TEST_STEP][PASSED] - comment("✅ 배너 실행"): ✅ 배너 실행

11-02-2025T10:27:56 - [MESSAGE][INFO] - ✅ 배너 실행

11-02-2025T10:27:56 - [TEST_STEP][PASSED] - delay(1): Delayed 1 second(s)

11-02-2025T10:27:57 - [MESSAGE][PASSED] - Delayed 1 second(s)

11-02-2025T10:27:57 - [TEST_STEP][PASSED] - next = findTestObject("Home/빅배너 이동 클릭 동작 확인/Page_Home  Spotlight/img_EVENT_ml-2 cursor-pointer"): null

11-02-2025T10:27:57 - [TEST_STEP][PASSED] - HighlightElement.run(next): null

11-02-2025T10:27:59 - [TEST_STEP][PASSED] - verifyElementPresent(next, 0): Object 'Object Repository/Home/빅배너 이동 클릭 동작 확인/Page_Home  Spotlight/img_EVENT_ml-2 cursor-pointer' is present

11-02-2025T10:27:59 - [MESSAGE][WARNING] - Timeout '0' is invalid. Using default page load timeout: '40'

11-02-2025T10:27:59 - [MESSAGE][PASSED] - Object 'Object Repository/Home/빅배너 이동 클릭 동작 확인/Page_Home  Spotlight/img_EVENT_ml-2 cursor-pointer' is present

11-02-2025T10:27:59 - [TEST_STEP][PASSED] - click(findTestObject("Object Repository/Home/빅배너 이동 클릭 동작 확인/Page_Home  Spotlight/img_EVENT_ml-2 cursor-pointer")): Object: 'Object Repository/Home/빅배너 이동 클릭 동작 확인/Page_Home  Spotlight/img_EVENT_ml-2 cursor-pointer' is clicked on

11-02-2025T10:28:00 - [MESSAGE][PASSED] - Object: 'Object Repository/Home/빅배너 이동 클릭 동작 확인/Page_Home  Spotlight/img_EVENT_ml-2 cursor-pointer' is clicked on

11-02-2025T10:28:00 - [TEST_STEP][PASSED] - prev = findTestObject("Home/빅배너 이동 클릭 동작 확인/Page_Home  Spotlight/img_EVENT_mr-2 cursor-pointer"): null

11-02-2025T10:28:00 - [TEST_STEP][PASSED] - HighlightElement.run(prev): null

11-02-2025T10:28:02 - [TEST_STEP][PASSED] - verifyElementPresent(prev, 0): Object 'Object Repository/Home/빅배너 이동 클릭 동작 확인/Page_Home  Spotlight/img_EVENT_mr-2 cursor-pointer' is present

11-02-2025T10:28:02 - [MESSAGE][WARNING] - Timeout '0' is invalid. Using default page load timeout: '40'

11-02-2025T10:28:02 - [MESSAGE][PASSED] - Object 'Object Repository/Home/빅배너 이동 클릭 동작 확인/Page_Home  Spotlight/img_EVENT_mr-2 cursor-pointer' is present

11-02-2025T10:28:02 - [TEST_STEP][PASSED] - click(findTestObject("Object Repository/Home/빅배너 이동 클릭 동작 확인/Page_Home  Spotlight/img_EVENT_mr-2 cursor-pointer")): Object: 'Object Repository/Home/빅배너 이동 클릭 동작 확인/Page_Home  Spotlight/img_EVENT_mr-2 cursor-pointer' is clicked on

11-02-2025T10:28:02 - [MESSAGE][PASSED] - Object: 'Object Repository/Home/빅배너 이동 클릭 동작 확인/Page_Home  Spotlight/img_EVENT_mr-2 cursor-pointer' is clicked on

11-02-2025T10:28:02 - [TEST_STEP][PASSED] - delay(11): Delayed 11 second(s)

11-02-2025T10:28:13 - [MESSAGE][PASSED] - Delayed 11 second(s)

11-02-2025T10:28:13 - [TEST_STEP][PASSED] - page2 = findTestObject("Home/빅배너 자동 스와이프 확인/Page_Home  Spotlight/span_2"): null

11-02-2025T10:28:13 - [TEST_STEP][PASSED] - HighlightElement.run(page2): null

11-02-2025T10:28:16 - [TEST_STEP][PASSED] - verifyElementPresent(page2, 0): Object 'Object Repository/Home/빅배너 자동 스와이프 확인/Page_Home  Spotlight/span_2' is present

11-02-2025T10:28:16 - [MESSAGE][WARNING] - Timeout '0' is invalid. Using default page load timeout: '40'

11-02-2025T10:28:16 - [MESSAGE][PASSED] - Object 'Object Repository/Home/빅배너 자동 스와이프 확인/Page_Home  Spotlight/span_2' is present

11-02-2025T10:28:16 - [TEST_STEP][PASSED] - prev1 = findTestObject("Home/빅배너 이동 클릭 동작 확인/Page_Home  Spotlight/img_EVENT_mr-2 cursor-pointer"): null

11-02-2025T10:28:16 - [TEST_STEP][PASSED] - HighlightElement.run(prev1): null

11-02-2025T10:28:18 - [TEST_STEP][PASSED] - verifyElementPresent(prev1, 0): Object 'Object Repository/Home/빅배너 이동 클릭 동작 확인/Page_Home  Spotlight/img_EVENT_mr-2 cursor-pointer' is present

11-02-2025T10:28:18 - [MESSAGE][WARNING] - Timeout '0' is invalid. Using default page load timeout: '40'

11-02-2025T10:28:18 - [MESSAGE][PASSED] - Object 'Object Repository/Home/빅배너 이동 클릭 동작 확인/Page_Home  Spotlight/img_EVENT_mr-2 cursor-pointer' is present

11-02-2025T10:28:18 - [TEST_STEP][PASSED] - click(findTestObject("Object Repository/Home/빅배너 이동 클릭 동작 확인/Page_Home  Spotlight/img_EVENT_mr-2 cursor-pointer")): Object: 'Object Repository/Home/빅배너 이동 클릭 동작 확인/Page_Home  Spotlight/img_EVENT_mr-2 cursor-pointer' is clicked on

11-02-2025T10:28:19 - [MESSAGE][PASSED] - Object: 'Object Repository/Home/빅배너 이동 클릭 동작 확인/Page_Home  Spotlight/img_EVENT_mr-2 cursor-pointer' is clicked on

11-02-2025T10:28:19 - [TEST_STEP][PASSED] - click(findTestObject("Object Repository/Home/빅배너 복귀/Page_Home  Spotlight/picture")): Object: 'Object Repository/Home/빅배너 복귀/Page_Home  Spotlight/picture' is clicked on

11-02-2025T10:28:21 - [MESSAGE][PASSED] - Object: 'Object Repository/Home/빅배너 복귀/Page_Home  Spotlight/picture' is clicked on

11-02-2025T10:28:21 - [TEST_STEP][PASSED] - delay(1): Delayed 1 second(s)

11-02-2025T10:28:22 - [MESSAGE][PASSED] - Delayed 1 second(s)

11-02-2025T10:28:22 - [TEST_STEP][PASSED] - title1 = findTestObject("Home/빅배너 복귀/Page_Read Love for Hire Tapas Web Comics/div_Love for Hire"): Test object with id 'Object Repository/Home/빅배너 복귀/Page_Read Love for Hire Tapas Web Comics/div_Love for Hire' does not exist

11-02-2025T10:28:22 - [MESSAGE][WARNING] - Test object with id 'Object Repository/Home/빅배너 복귀/Page_Read Love for Hire Tapas Web Comics/div_Love for Hire' does not exist

11-02-2025T10:28:22 - [TEST_STEP][FAILED] - waitForElementPresent(title1, 10): Unable to wait for object to be present (Root cause: com.kms.katalon.core.exception.StepFailedException: Unable to wait for object to be present
	at com.kms.katalon.core.webui.keyword.internal.WebUIKeywordMain.stepFailed(WebUIKeywordMain.groovy:117)
	at com.kms.katalon.core.webui.keyword.internal.WebUIKeywordMain.runKeyword(WebUIKeywordMain.groovy:43)
	at com.kms.katalon.core.webui.keyword.builtin.WaitForElementPresentKeyword.waitForElementPresent(WaitForElementPresentKeyword.groovy:95)
	at com.kms.katalon.core.webui.keyword.builtin.WaitForElementPresentKeyword.execute(WaitForElementPresentKeyword.groovy:68)
	at com.kms.katalon.core.keyword.internal.KeywordExecutor.executeKeywordForPlatform(KeywordExecutor.groovy:74)
	at com.kms.katalon.core.webui.keyword.WebUiBuiltInKeywords.waitForElementPresent(WebUiBuiltInKeywords.groovy:423)
	at 빅배너 확인_랜딩 후 복귀.run(빅배너 확인_랜딩 후 복귀:77)
	at com.kms.katalon.core.main.ScriptEngine.run(ScriptEngine.java:194)
	at com.kms.katalon.core.main.ScriptEngine.runScriptAsRawText(ScriptEngine.java:119)
	at com.kms.katalon.core.main.TestCaseExecutor.runScript(TestCaseExecutor.java:448)
	at com.kms.katalon.core.main.TestCaseExecutor.doExecute(TestCaseExecutor.java:439)
	at com.kms.katalon.core.main.TestCaseExecutor.processExecutionPhase(TestCaseExecutor.java:418)
	at com.kms.katalon.core.main.TestCaseExecutor.accessMainPhase(TestCaseExecutor.java:410)
	at com.kms.katalon.core.main.TestCaseExecutor.execute(TestCaseExecutor.java:285)
	at com.kms.katalon.core.common.CommonExecutor.accessTestCaseMainPhase(CommonExecutor.java:71)
	at com.kms.katalon.core.main.TestSuiteExecutor.accessTestSuiteMainPhase(TestSuiteExecutor.java:160)
	at com.kms.katalon.core.main.TestSuiteExecutor.execute(TestSuiteExecutor.java:107)
	at com.kms.katalon.core.main.TestCaseMain.startTestSuite(TestCaseMain.java:180)
	at TempTestSuite1739237218428.run(TempTestSuite1739237218428.groovy:35)
	at java.base/jdk.internal.reflect.NativeMethodAccessorImpl.invoke0(Native Method)
	at java.base/jdk.internal.reflect.NativeMethodAccessorImpl.invoke(NativeMethodAccessorImpl.java:77)
	at java.base/jdk.internal.reflect.DelegatingMethodAccessorImpl.invoke(DelegatingMethodAccessorImpl.java:43)
Caused by: java.lang.IllegalArgumentException: Object is null
	at com.kms.katalon.core.helper.KeywordHelper.checkTestObjectParameter(KeywordHelper.java:33)
	at com.kms.katalon.core.webui.keyword.builtin.WaitForElementPresentKeyword$_waitForElementPresent_closure1.doCall(WaitForElementPresentKeyword.groovy:77)
	at com.kms.katalon.core.webui.keyword.builtin.WaitForElementPresentKeyword$_waitForElementPresent_closure1.call(WaitForElementPresentKeyword.groovy)
	at com.kms.katalon.core.webui.keyword.internal.WebUIKeywordMain.runKeyword(WebUIKeywordMain.groovy:35)
	at com.kms.katalon.core.webui.keyword.builtin.WaitForElementPresentKeyword.waitForElementPresent(WaitForElementPresentKeyword.groovy:95)
	at com.kms.katalon.core.webui.keyword.builtin.WaitForElementPresentKeyword.execute(WaitForElementPresentKeyword.groovy:68)
	at com.kms.katalon.core.keyword.internal.KeywordExecutor.executeKeywordForPlatform(KeywordExecutor.groovy:74)
	at com.kms.katalon.core.webui.keyword.WebUiBuiltInKeywords.waitForElementPresent(WebUiBuiltInKeywords.groovy:423)
	at Script1739177103367.run(Script1739177103367.groovy:77)
	... 15 more
)

11-02-2025T10:28:22 - [MESSAGE][WARNING] - Test object with id 'Object Repository/' does not exist

11-02-2025T10:28:22 - [MESSAGE][FAILED] - Unable to wait for object to be present (Root cause: com.kms.katalon.core.exception.StepFailedException: Unable to wait for object to be present
	at com.kms.katalon.core.webui.keyword.internal.WebUIKeywordMain.stepFailed(WebUIKeywordMain.groovy:117)
	at com.kms.katalon.core.webui.keyword.internal.WebUIKeywordMain.runKeyword(WebUIKeywordMain.groovy:43)
	at com.kms.katalon.core.webui.keyword.builtin.WaitForElementPresentKeyword.waitForElementPresent(WaitForElementPresentKeyword.groovy:95)
	at com.kms.katalon.core.webui.keyword.builtin.WaitForElementPresentKeyword.execute(WaitForElementPresentKeyword.groovy:68)
	at com.kms.katalon.core.keyword.internal.KeywordExecutor.executeKeywordForPlatform(KeywordExecutor.groovy:74)
	at com.kms.katalon.core.webui.keyword.WebUiBuiltInKeywords.waitForElementPresent(WebUiBuiltInKeywords.groovy:423)
	at 빅배너 확인_랜딩 후 복귀.run(빅배너 확인_랜딩 후 복귀:77)
	at com.kms.katalon.core.main.ScriptEngine.run(ScriptEngine.java:194)
	at com.kms.katalon.core.main.ScriptEngine.runScriptAsRawText(ScriptEngine.java:119)
	at com.kms.katalon.core.main.TestCaseExecutor.runScript(TestCaseExecutor.java:448)
	at com.kms.katalon.core.main.TestCaseExecutor.doExecute(TestCaseExecutor.java:439)
	at com.kms.katalon.core.main.TestCaseExecutor.processExecutionPhase(TestCaseExecutor.java:418)
	at com.kms.katalon.core.main.TestCaseExecutor.accessMainPhase(TestCaseExecutor.java:410)
	at com.kms.katalon.core.main.TestCaseExecutor.execute(TestCaseExecutor.java:285)
	at com.kms.katalon.core.common.CommonExecutor.accessTestCaseMainPhase(CommonExecutor.java:71)
	at com.kms.katalon.core.main.TestSuiteExecutor.accessTestSuiteMainPhase(TestSuiteExecutor.java:160)
	at com.kms.katalon.core.main.TestSuiteExecutor.execute(TestSuiteExecutor.java:107)
	at com.kms.katalon.core.main.TestCaseMain.startTestSuite(TestCaseMain.java:180)
	at TempTestSuite1739237218428.run(TempTestSuite1739237218428.groovy:35)
	at java.base/jdk.internal.reflect.NativeMethodAccessorImpl.invoke0(Native Method)
	at java.base/jdk.internal.reflect.NativeMethodAccessorImpl.invoke(NativeMethodAccessorImpl.java:77)
	at java.base/jdk.internal.reflect.DelegatingMethodAccessorImpl.invoke(DelegatingMethodAccessorImpl.java:43)
Caused by: java.lang.IllegalArgumentException: Object is null
	at com.kms.katalon.core.helper.KeywordHelper.checkTestObjectParameter(KeywordHelper.java:33)
	at com.kms.katalon.core.webui.keyword.builtin.WaitForElementPresentKeyword$_waitForElementPresent_closure1.doCall(WaitForElementPresentKeyword.groovy:77)
	at com.kms.katalon.core.webui.keyword.builtin.WaitForElementPresentKeyword$_waitForElementPresent_closure1.call(WaitForElementPresentKeyword.groovy)
	at com.kms.katalon.core.webui.keyword.internal.WebUIKeywordMain.runKeyword(WebUIKeywordMain.groovy:35)
	at com.kms.katalon.core.webui.keyword.builtin.WaitForElementPresentKeyword.waitForElementPresent(WaitForElementPresentKeyword.groovy:95)
	at com.kms.katalon.core.webui.keyword.builtin.WaitForElementPresentKeyword.execute(WaitForElementPresentKeyword.groovy:68)
	at com.kms.katalon.core.keyword.internal.KeywordExecutor.executeKeywordForPlatform(KeywordExecutor.groovy:74)
	at com.kms.katalon.core.webui.keyword.WebUiBuiltInKeywords.waitForElementPresent(WebUiBuiltInKeywords.groovy:423)
	at Script1739177103367.run(Script1739177103367.groovy:77)
	... 15 more
)
[[ATTACHMENT|/Users/ruben.lee/Katalon Studio/Tapas Test/Reports/20250211_102657/Home/20250211_102658/1739237302106.png]]]]></system-out>
         <system-err><![CDATA[11-02-2025T10:27:56 - [TEST_CASE][FAILED] - Test Cases/Home/홈화면 확인/빅배너 확인_랜딩 후 복귀: Test Cases/Home/홈화면 확인/빅배너 확인_랜딩 후 복귀 FAILED.
Reason:
com.kms.katalon.core.exception.StepFailedException: Unable to wait for object to be present
	at com.kms.katalon.core.webui.keyword.internal.WebUIKeywordMain.stepFailed(WebUIKeywordMain.groovy:117)
	at com.kms.katalon.core.webui.keyword.internal.WebUIKeywordMain.runKeyword(WebUIKeywordMain.groovy:43)
	at com.kms.katalon.core.webui.keyword.builtin.WaitForElementPresentKeyword.waitForElementPresent(WaitForElementPresentKeyword.groovy:95)
	at com.kms.katalon.core.webui.keyword.builtin.WaitForElementPresentKeyword.execute(WaitForElementPresentKeyword.groovy:68)
	at com.kms.katalon.core.keyword.internal.KeywordExecutor.executeKeywordForPlatform(KeywordExecutor.groovy:74)
	at com.kms.katalon.core.webui.keyword.WebUiBuiltInKeywords.waitForElementPresent(WebUiBuiltInKeywords.groovy:423)
	at 빅배너 확인_랜딩 후 복귀.run(빅배너 확인_랜딩 후 복귀:77)
	at com.kms.katalon.core.main.ScriptEngine.run(ScriptEngine.java:194)
	at com.kms.katalon.core.main.ScriptEngine.runScriptAsRawText(ScriptEngine.java:119)
	at com.kms.katalon.core.main.TestCaseExecutor.runScript(TestCaseExecutor.java:448)
	at com.kms.katalon.core.main.TestCaseExecutor.doExecute(TestCaseExecutor.java:439)
	at com.kms.katalon.core.main.TestCaseExecutor.processExecutionPhase(TestCaseExecutor.java:418)
	at com.kms.katalon.core.main.TestCaseExecutor.accessMainPhase(TestCaseExecutor.java:410)
	at com.kms.katalon.core.main.TestCaseExecutor.execute(TestCaseExecutor.java:285)
	at com.kms.katalon.core.common.CommonExecutor.accessTestCaseMainPhase(CommonExecutor.java:71)
	at com.kms.katalon.core.main.TestSuiteExecutor.accessTestSuiteMainPhase(TestSuiteExecutor.java:160)
	at com.kms.katalon.core.main.TestSuiteExecutor.execute(TestSuiteExecutor.java:107)
	at com.kms.katalon.core.main.TestCaseMain.startTestSuite(TestCaseMain.java:180)
	at TempTestSuite1739237218428.run(TempTestSuite1739237218428.groovy:35)
	at java.base/jdk.internal.reflect.NativeMethodAccessorImpl.invoke0(Native Method)
	at java.base/jdk.internal.reflect.NativeMethodAccessorImpl.invoke(NativeMethodAccessorImpl.java:77)
	at java.base/jdk.internal.reflect.DelegatingMethodAccessorImpl.invoke(DelegatingMethodAccessorImpl.java:43)
Caused by: java.lang.IllegalArgumentException: Object is null
	at com.kms.katalon.core.helper.KeywordHelper.checkTestObjectParameter(KeywordHelper.java:33)
	at com.kms.katalon.core.webui.keyword.builtin.WaitForElementPresentKeyword$_waitForElementPresent_closure1.doCall(WaitForElementPresentKeyword.groovy:77)
	at com.kms.katalon.core.webui.keyword.builtin.WaitForElementPresentKeyword$_waitForElementPresent_closure1.call(WaitForElementPresentKeyword.groovy)
	at com.kms.katalon.core.webui.keyword.internal.WebUIKeywordMain.runKeyword(WebUIKeywordMain.groovy:35)
	... 20 more]]></system-err>
      </testcase>
      <testcase name="Test Cases/Home/홈화면 확인/라인배너 확인" time="5.223" classname="Test Cases/Home/홈화면 확인/라인배너 확인" status="PASSED">
         <system-out><![CDATA[11-02-2025T10:28:22 - [TEST_CASE][PASSED] - Test Cases/Home/홈화면 확인/라인배너 확인: Test Cases/Home/홈화면 확인/라인배너 확인

11-02-2025T10:28:22 - [TEST_STEP][PASSED] - comment("✅ 라인배너 실행"): ✅ 라인배너 실행

11-02-2025T10:28:22 - [MESSAGE][INFO] - ✅ 라인배너 실행

11-02-2025T10:28:22 - [TEST_STEP][PASSED] - navigateToUrl("https://qa.tapas.io/"): Navigate to 'https://qa.tapas.io/' successfully

11-02-2025T10:28:23 - [MESSAGE][PASSED] - Navigate to 'https://qa.tapas.io/' successfully

11-02-2025T10:28:23 - [TEST_STEP][PASSED] - click(findTestObject("Object Repository/Home/라인배너 확인/Page_Home  Spotlight/div_0228")): Object: 'Object Repository/Home/라인배너 확인/Page_Home  Spotlight/div_0228' is clicked on

11-02-2025T10:28:24 - [MESSAGE][PASSED] - Object: 'Object Repository/Home/라인배너 확인/Page_Home  Spotlight/div_0228' is clicked on

11-02-2025T10:28:24 - [TEST_STEP][PASSED] - linelanding = findTestObject("Home/라인배너 확인/Page_Event  _1221_0315_1221_0315_1221_0315_1221_0315/img_Publish_h-auto w-full"): null

11-02-2025T10:28:24 - [TEST_STEP][PASSED] - HighlightElement.run(linelanding): null

11-02-2025T10:28:27 - [TEST_STEP][PASSED] - verifyElementPresent(linelanding, 0): Object 'Object Repository/Home/라인배너 확인/Page_Event  _1221_0315_1221_0315_1221_0315_1221_0315/img_Publish_h-auto w-full' is present

11-02-2025T10:28:27 - [MESSAGE][WARNING] - Timeout '0' is invalid. Using default page load timeout: '40'

11-02-2025T10:28:27 - [MESSAGE][PASSED] - Object 'Object Repository/Home/라인배너 확인/Page_Event  _1221_0315_1221_0315_1221_0315_1221_0315/img_Publish_h-auto w-full' is present

11-02-2025T10:28:27 - [TEST_STEP][PASSED] - back(): Navigate back successfully

11-02-2025T10:28:27 - [MESSAGE][PASSED] - Navigate back successfully

11-02-2025T10:28:27 - [TEST_STEP][PASSED] - comment("✅ 라인배너 완"): ✅ 라인배너 완

11-02-2025T10:28:27 - [MESSAGE][INFO] - ✅ 라인배너 완]]></system-out>
         <system-err><![CDATA[]]></system-err>
      </testcase>
      <testcase name="Test Cases/Home/홈화면 확인/최근본섹션-로그인" time="2.146" classname="Test Cases/Home/홈화면 확인/최근본섹션-로그인" status="PASSED">
         <system-out><![CDATA[11-02-2025T10:28:27 - [TEST_CASE][PASSED] - Test Cases/Home/홈화면 확인/최근본섹션-로그인: Test Cases/Home/홈화면 확인/최근본섹션-로그인

11-02-2025T10:28:27 - [TEST_STEP][PASSED] - url = "https://qa.tapas.io/account/signin?from=/": null

11-02-2025T10:28:27 - [TEST_STEP][PASSED] - email = "dkttapas00@gmail.com": null

11-02-2025T10:28:27 - [TEST_STEP][PASSED] - password = "winehouse": null

11-02-2025T10:28:27 - [TEST_STEP][PASSED] - cookieFilePath = "cookies.save": null

11-02-2025T10:28:27 - [TEST_STEP][PASSED] - comment("✅ 최근본섹션 실행"): ✅ 최근본섹션 실행

11-02-2025T10:28:27 - [MESSAGE][INFO] - ✅ 최근본섹션 실행

11-02-2025T10:28:27 - [TEST_STEP][PASSED] - driver = getWebDriver(): null

11-02-2025T10:28:27 - [TEST_STEP][PASSED] - cookieFile = new java.io.File(cookieFilePath): null

11-02-2025T10:28:27 - [TEST_STEP][PASSED] - if (cookieFile.exists()): null

11-02-2025T10:28:27 - [TEST_STEP][PASSED] - try: null

11-02-2025T10:28:27 - [TEST_STEP][PASSED] - fis = new java.io.FileInputStream(cookieFile): null

11-02-2025T10:28:27 - [TEST_STEP][PASSED] - ois = new java.io.ObjectInputStream(fis): null

11-02-2025T10:28:27 - [TEST_STEP][PASSED] - cookies = ois.readObject(): null

11-02-2025T10:28:27 - [TEST_STEP][PASSED] - ois.close(): null

11-02-2025T10:28:27 - [TEST_STEP][PASSED] - fis.close(): null

11-02-2025T10:28:27 - [TEST_STEP][PASSED] - for (org.openqa.selenium.Cookie cookie : cookies): null

11-02-2025T10:28:27 - [TEST_STEP][PASSED] - manage().addCookie(cookie): null

11-02-2025T10:28:27 - [TEST_STEP][PASSED] - manage().addCookie(cookie): null

11-02-2025T10:28:27 - [TEST_STEP][PASSED] - manage().addCookie(cookie): null

11-02-2025T10:28:27 - [TEST_STEP][PASSED] - manage().addCookie(cookie): null

11-02-2025T10:28:27 - [TEST_STEP][PASSED] - manage().addCookie(cookie): null

11-02-2025T10:28:27 - [TEST_STEP][PASSED] - manage().addCookie(cookie): null

11-02-2025T10:28:27 - [TEST_STEP][PASSED] - manage().addCookie(cookie): null

11-02-2025T10:28:27 - [TEST_STEP][PASSED] - manage().addCookie(cookie): null

11-02-2025T10:28:27 - [TEST_STEP][PASSED] - manage().addCookie(cookie): null

11-02-2025T10:28:27 - [TEST_STEP][PASSED] - manage().addCookie(cookie): null

11-02-2025T10:28:27 - [TEST_STEP][PASSED] - manage().addCookie(cookie): null

11-02-2025T10:28:27 - [TEST_STEP][PASSED] - manage().addCookie(cookie): null

11-02-2025T10:28:27 - [TEST_STEP][PASSED] - manage().addCookie(cookie): null

11-02-2025T10:28:27 - [TEST_STEP][PASSED] - manage().addCookie(cookie): null

11-02-2025T10:28:27 - [TEST_STEP][PASSED] - manage().addCookie(cookie): null

11-02-2025T10:28:27 - [TEST_STEP][PASSED] - manage().addCookie(cookie): null

11-02-2025T10:28:27 - [TEST_STEP][PASSED] - manage().addCookie(cookie): null

11-02-2025T10:28:27 - [TEST_STEP][PASSED] - manage().addCookie(cookie): null

11-02-2025T10:28:27 - [TEST_STEP][PASSED] - manage().addCookie(cookie): null

11-02-2025T10:28:27 - [TEST_STEP][PASSED] - manage().addCookie(cookie): null

11-02-2025T10:28:27 - [TEST_STEP][PASSED] - manage().addCookie(cookie): null

11-02-2025T10:28:27 - [TEST_STEP][PASSED] - manage().addCookie(cookie): null

11-02-2025T10:28:27 - [TEST_STEP][PASSED] - manage().addCookie(cookie): null

11-02-2025T10:28:27 - [TEST_STEP][PASSED] - manage().addCookie(cookie): null

11-02-2025T10:28:27 - [TEST_STEP][PASSED] - manage().addCookie(cookie): null

11-02-2025T10:28:27 - [TEST_STEP][PASSED] - manage().addCookie(cookie): null

11-02-2025T10:28:27 - [TEST_STEP][PASSED] - manage().addCookie(cookie): null

11-02-2025T10:28:27 - [TEST_STEP][PASSED] - manage().addCookie(cookie): null

11-02-2025T10:28:27 - [TEST_STEP][PASSED] - manage().addCookie(cookie): null

11-02-2025T10:28:27 - [TEST_STEP][PASSED] - manage().addCookie(cookie): null

11-02-2025T10:28:27 - [TEST_STEP][PASSED] - manage().addCookie(cookie): null

11-02-2025T10:28:27 - [TEST_STEP][PASSED] - driver.get(url): null

11-02-2025T10:28:28 - [TEST_STEP][PASSED] - comment("✅ 쿠키 로드 완료! 자동 로그인 성공 시도"): ✅ 쿠키 로드 완료! 자동 로그인 성공 시도

11-02-2025T10:28:28 - [MESSAGE][INFO] - ✅ 쿠키 로드 완료! 자동 로그인 성공 시도

11-02-2025T10:28:28 - [TEST_STEP][PASSED] - profileIcon = new com.kms.katalon.core.testobject.TestObject(): null

11-02-2025T10:28:28 - [TEST_STEP][PASSED] - profileIcon.addProperty("xpath", EQUALS, "//img[contains(@alt, "profile")]"): null

11-02-2025T10:28:28 - [TEST_STEP][PASSED] - if (waitForElementPresent(profileIcon, 5)): null

11-02-2025T10:28:29 - [MESSAGE][PASSED] - Object '' is present

11-02-2025T10:28:29 - [TEST_STEP][PASSED] - comment("✅ 자동 로그인 성공!"): ✅ 자동 로그인 성공!

11-02-2025T10:28:29 - [MESSAGE][INFO] - ✅ 자동 로그인 성공!

11-02-2025T10:28:29 - [TEST_STEP][PASSED] - return null: null]]></system-out>
         <system-err><![CDATA[]]></system-err>
      </testcase>
      <system-out><![CDATA[11-02-2025T10:27:02 - [TEST_SUITE][FAILED] - Home: Test Cases/Home/홈화면 확인/빅배너 확인_랜딩 후 복귀 FAILED.
Reason:
com.kms.katalon.core.exception.StepFailedException: Unable to wait for object to be present
	at com.kms.katalon.core.webui.keyword.internal.WebUIKeywordMain.stepFailed(WebUIKeywordMain.groovy:117)
	at com.kms.katalon.core.webui.keyword.internal.WebUIKeywordMain.runKeyword(WebUIKeywordMain.groovy:43)
	at com.kms.katalon.core.webui.keyword.builtin.WaitForElementPresentKeyword.waitForElementPresent(WaitForElementPresentKeyword.groovy:95)
	at com.kms.katalon.core.webui.keyword.builtin.WaitForElementPresentKeyword.execute(WaitForElementPresentKeyword.groovy:68)
	at com.kms.katalon.core.keyword.internal.KeywordExecutor.executeKeywordForPlatform(KeywordExecutor.groovy:74)
	at com.kms.katalon.core.webui.keyword.WebUiBuiltInKeywords.waitForElementPresent(WebUiBuiltInKeywords.groovy:423)
	at 빅배너 확인_랜딩 후 복귀.run(빅배너 확인_랜딩 후 복귀:77)
	at com.kms.katalon.core.main.ScriptEngine.run(ScriptEngine.java:194)
	at com.kms.katalon.core.main.ScriptEngine.runScriptAsRawText(ScriptEngine.java:119)
	at com.kms.katalon.core.main.TestCaseExecutor.runScript(TestCaseExecutor.java:448)
	at com.kms.katalon.core.main.TestCaseExecutor.doExecute(TestCaseExecutor.java:439)
	at com.kms.katalon.core.main.TestCaseExecutor.processExecutionPhase(TestCaseExecutor.java:418)
	at com.kms.katalon.core.main.TestCaseExecutor.accessMainPhase(TestCaseExecutor.java:410)
	at com.kms.katalon.core.main.TestCaseExecutor.execute(TestCaseExecutor.java:285)
	at com.kms.katalon.core.common.CommonExecutor.accessTestCaseMainPhase(CommonExecutor.java:71)
	at com.kms.katalon.core.main.TestSuiteExecutor.accessTestSuiteMainPhase(TestSuiteExecutor.java:160)
	at com.kms.katalon.core.main.TestSuiteExecutor.execute(TestSuiteExecutor.java:107)
	at com.kms.katalon.core.main.TestCaseMain.startTestSuite(TestCaseMain.java:180)
	at TempTestSuite1739237218428.run(TempTestSuite1739237218428.groovy:35)
	at java.base/jdk.internal.reflect.NativeMethodAccessorImpl.invoke0(Native Method)
	at java.base/jdk.internal.reflect.NativeMethodAccessorImpl.invoke(NativeMethodAccessorImpl.java:77)
	at java.base/jdk.internal.reflect.DelegatingMethodAccessorImpl.invoke(DelegatingMethodAccessorImpl.java:43)
Caused by: java.lang.IllegalArgumentException: Object is null
	at com.kms.katalon.core.helper.KeywordHelper.checkTestObjectParameter(KeywordHelper.java:33)
	at com.kms.katalon.core.webui.keyword.builtin.WaitForElementPresentKeyword$_waitForElementPresent_closure1.doCall(WaitForElementPresentKeyword.groovy:77)
	at com.kms.katalon.core.webui.keyword.builtin.WaitForElementPresentKeyword$_waitForElementPresent_closure1.call(WaitForElementPresentKeyword.groovy)
	at com.kms.katalon.core.webui.keyword.internal.WebUIKeywordMain.runKeyword(WebUIKeywordMain.groovy:35)
	... 20 more]]></system-out>
      <system-err><![CDATA[11-02-2025T10:27:02 - [TEST_SUITE][FAILED] - Home: Test Cases/Home/홈화면 확인/빅배너 확인_랜딩 후 복귀 FAILED.
Reason:
com.kms.katalon.core.exception.StepFailedException: Unable to wait for object to be present
	at com.kms.katalon.core.webui.keyword.internal.WebUIKeywordMain.stepFailed(WebUIKeywordMain.groovy:117)
	at com.kms.katalon.core.webui.keyword.internal.WebUIKeywordMain.runKeyword(WebUIKeywordMain.groovy:43)
	at com.kms.katalon.core.webui.keyword.builtin.WaitForElementPresentKeyword.waitForElementPresent(WaitForElementPresentKeyword.groovy:95)
	at com.kms.katalon.core.webui.keyword.builtin.WaitForElementPresentKeyword.execute(WaitForElementPresentKeyword.groovy:68)
	at com.kms.katalon.core.keyword.internal.KeywordExecutor.executeKeywordForPlatform(KeywordExecutor.groovy:74)
	at com.kms.katalon.core.webui.keyword.WebUiBuiltInKeywords.waitForElementPresent(WebUiBuiltInKeywords.groovy:423)
	at 빅배너 확인_랜딩 후 복귀.run(빅배너 확인_랜딩 후 복귀:77)
	at com.kms.katalon.core.main.ScriptEngine.run(ScriptEngine.java:194)
	at com.kms.katalon.core.main.ScriptEngine.runScriptAsRawText(ScriptEngine.java:119)
	at com.kms.katalon.core.main.TestCaseExecutor.runScript(TestCaseExecutor.java:448)
	at com.kms.katalon.core.main.TestCaseExecutor.doExecute(TestCaseExecutor.java:439)
	at com.kms.katalon.core.main.TestCaseExecutor.processExecutionPhase(TestCaseExecutor.java:418)
	at com.kms.katalon.core.main.TestCaseExecutor.accessMainPhase(TestCaseExecutor.java:410)
	at com.kms.katalon.core.main.TestCaseExecutor.execute(TestCaseExecutor.java:285)
	at com.kms.katalon.core.common.CommonExecutor.accessTestCaseMainPhase(CommonExecutor.java:71)
	at com.kms.katalon.core.main.TestSuiteExecutor.accessTestSuiteMainPhase(TestSuiteExecutor.java:160)
	at com.kms.katalon.core.main.TestSuiteExecutor.execute(TestSuiteExecutor.java:107)
	at com.kms.katalon.core.main.TestCaseMain.startTestSuite(TestCaseMain.java:180)
	at TempTestSuite1739237218428.run(TempTestSuite1739237218428.groovy:35)
	at java.base/jdk.internal.reflect.NativeMethodAccessorImpl.invoke0(Native Method)
	at java.base/jdk.internal.reflect.NativeMethodAccessorImpl.invoke(NativeMethodAccessorImpl.java:77)
	at java.base/jdk.internal.reflect.DelegatingMethodAccessorImpl.invoke(DelegatingMethodAccessorImpl.java:43)
Caused by: java.lang.IllegalArgumentException: Object is null
	at com.kms.katalon.core.helper.KeywordHelper.checkTestObjectParameter(KeywordHelper.java:33)
	at com.kms.katalon.core.webui.keyword.builtin.WaitForElementPresentKeyword$_waitForElementPresent_closure1.doCall(WaitForElementPresentKeyword.groovy:77)
	at com.kms.katalon.core.webui.keyword.builtin.WaitForElementPresentKeyword$_waitForElementPresent_closure1.call(WaitForElementPresentKeyword.groovy)
	at com.kms.katalon.core.webui.keyword.internal.WebUIKeywordMain.runKeyword(WebUIKeywordMain.groovy:35)
	... 20 more]]></system-err>
   </testsuite>
</testsuites>
