<?xml version="1.0" encoding="UTF-8"?>
<testsuites name="TC1" time="21.358" tests="4" failures="0" errors="0">
   <testsuite name="TC1" tests="4" failures="0" errors="0" time="21.358" skipped="0" timestamp="22-08-2025T10:02:27" hostname="ruben.lee - localhost" id="Test Suites/TC1">
      <properties>
         <property name="deviceName" value=""/>
         <property name="devicePlatform"/>
         <property name="logFolder" value="/Users/ruben.lee/Katalon Studio/TapasTest/Reports/20250822_100224/TC1/20250822_100225"/>
         <property name="logFiles" value="/Users/ruben.lee/Katalon Studio/TapasTest/Reports/20250822_100224/TC1/20250822_100225/execution0.log, /Users/ruben.lee/Katalon Studio/TapasTest/Reports/20250822_100224/TC1/20250822_100225/console0.log"/>
         <property name="attachments" value=""/>
         <property name="hostName" value="ruben.lee - localhost"/>
         <property name="os" value="Mac OS X 64bit"/>
         <property name="katalonVersion" value="10.2.1.0"/>
         <property name="browser" value="Chrome 139.0.7258.138"/>
         <property name="userFullName" value="이수호 ruben"/>
         <property name="hostAddress" value="127.0.0.1"/>
         <property name="sessionId" value="983f0da93ec14f55e125f82fa06464af"/>
         <property name="projectName" value="Tapas Test"/>
         <property name="seleniumVersion" value="4.28.1"/>
         <property name="proxyInformation" value="ProxyInformation { proxyOption=NO_PROXY, proxyServerType=HTTP, username=, password=********, proxyServerAddress=, proxyServerPort=0, executionList=&quot;&quot;, isApplyToDesiredCapabilities=true }"/>
         <property name="platform" value="Mac OS X"/>
      </properties>
      <testcase name="Test Cases/SetSuiteFlag" time="2.121" classname="Test Cases/SetSuiteFlag" status="PASSED">
         <system-out><![CDATA[22-08-2025T10:02:30 - [TEST_CASE][PASSED] - Test Cases/SetSuiteFlag: Test Cases/SetSuiteFlag

22-08-2025T10:02:30 - [TEST_STEP][ERROR] - Start listener action : beforeTestCase: com.kms.katalon.core.exception.StepFailedException: Actual text 'https://tapas.io/' and expected text 'https://tapas.io' are not matched
	at com.kms.katalon.core.keyword.builtin.VerifyMatchKeyword$_verifyMatch_closure1.doCall(VerifyMatchKeyword.groovy:57)
	at com.kms.katalon.core.keyword.builtin.VerifyMatchKeyword$_verifyMatch_closure1.call(VerifyMatchKeyword.groovy)
	at com.kms.katalon.core.keyword.internal.KeywordMain.runKeyword(KeywordMain.groovy:75)
	at com.kms.katalon.core.keyword.builtin.VerifyMatchKeyword.verifyMatch(VerifyMatchKeyword.groovy:60)
	at com.kms.katalon.core.keyword.builtin.VerifyMatchKeyword.execute(VerifyMatchKeyword.groovy:45)
	at com.kms.katalon.core.keyword.internal.KeywordExecutor.executeKeywordForPlatform(KeywordExecutor.groovy:74)
	at com.kms.katalon.core.keyword.BuiltinKeywords.verifyMatch(BuiltinKeywords.groovy:78)
	at java.base/jdk.internal.reflect.NativeMethodAccessorImpl.invoke0(Native Method)
	at java.base/jdk.internal.reflect.NativeMethodAccessorImpl.invoke(NativeMethodAccessorImpl.java:77)
	at java.base/jdk.internal.reflect.DelegatingMethodAccessorImpl.invoke(DelegatingMethodAccessorImpl.java:43)
	at BrowserControl.beforeTestCase(BrowserControl.groovy:22)
	at java.base/jdk.internal.reflect.NativeMethodAccessorImpl.invoke0(Native Method)
	at java.base/jdk.internal.reflect.NativeMethodAccessorImpl.invoke(NativeMethodAccessorImpl.java:77)
	at java.base/jdk.internal.reflect.DelegatingMethodAccessorImpl.invoke(DelegatingMethodAccessorImpl.java:43)
	at com.kms.katalon.core.context.internal.TestHooker.invokeMethod(TestHooker.java:111)
	at com.kms.katalon.core.context.internal.TestHooker.lambda$3(TestHooker.java:95)
	at com.kms.katalon.core.context.internal.TestHooker.invokeContextMethods(TestHooker.java:94)
	at com.kms.katalon.core.context.internal.TestListenerCollector.lambda$3(TestListenerCollector.java:88)
	at com.kms.katalon.core.context.internal.TestListenerCollector.handleListenerEvent(TestListenerCollector.java:85)
	at com.kms.katalon.core.context.internal.ExecutionEventManager.publicEvent(ExecutionEventManager.java:36)
	at com.kms.katalon.core.main.TestCaseExecutor.execute(TestCaseExecutor.java:304)
	at com.kms.katalon.core.common.CommonExecutor.accessTestCaseMainPhase(CommonExecutor.java:71)
	at com.kms.katalon.core.main.TestSuiteExecutor.accessTestSuiteMainPhase(TestSuiteExecutor.java:160)
	at com.kms.katalon.core.main.TestSuiteExecutor.execute(TestSuiteExecutor.java:107)
	at com.kms.katalon.core.main.TestCaseMain.startTestSuite(TestCaseMain.java:186)
	at TempTestSuite1755824545909.run(TempTestSuite1755824545909.groovy:35)
	at java.base/jdk.internal.reflect.NativeMethodAccessorImpl.invoke0(Native Method)
	at java.base/jdk.internal.reflect.NativeMethodAccessorImpl.invoke(NativeMethodAccessorImpl.java:77)
	at java.base/jdk.internal.reflect.DelegatingMethodAccessorImpl.invoke(DelegatingMethodAccessorImpl.java:43)


22-08-2025T10:02:30 - [TEST_STEP][PASSED] - println("[BeforeTestCase] GlobalVariable.isSuite: " + isSuite): null

22-08-2025T10:02:30 - [TEST_STEP][ERROR] - if (!(isSuite)): com.kms.katalon.core.exception.StepFailedException: Actual text 'https://tapas.io/' and expected text 'https://tapas.io' are not matched
	at com.kms.katalon.core.keyword.builtin.VerifyMatchKeyword$_verifyMatch_closure1.doCall(VerifyMatchKeyword.groovy:57)
	at com.kms.katalon.core.keyword.builtin.VerifyMatchKeyword$_verifyMatch_closure1.call(VerifyMatchKeyword.groovy)
	at com.kms.katalon.core.keyword.internal.KeywordMain.runKeyword(KeywordMain.groovy:75)
	at com.kms.katalon.core.keyword.builtin.VerifyMatchKeyword.verifyMatch(VerifyMatchKeyword.groovy:60)
	at com.kms.katalon.core.keyword.builtin.VerifyMatchKeyword.execute(VerifyMatchKeyword.groovy:45)
	at com.kms.katalon.core.keyword.internal.KeywordExecutor.executeKeywordForPlatform(KeywordExecutor.groovy:74)
	at com.kms.katalon.core.keyword.BuiltinKeywords.verifyMatch(BuiltinKeywords.groovy:78)
	at java.base/jdk.internal.reflect.NativeMethodAccessorImpl.invoke0(Native Method)
	at java.base/jdk.internal.reflect.NativeMethodAccessorImpl.invoke(NativeMethodAccessorImpl.java:77)
	at java.base/jdk.internal.reflect.DelegatingMethodAccessorImpl.invoke(DelegatingMethodAccessorImpl.java:43)
	at BrowserControl.beforeTestCase(BrowserControl.groovy:22)
	at java.base/jdk.internal.reflect.NativeMethodAccessorImpl.invoke0(Native Method)
	at java.base/jdk.internal.reflect.NativeMethodAccessorImpl.invoke(NativeMethodAccessorImpl.java:77)
	at java.base/jdk.internal.reflect.DelegatingMethodAccessorImpl.invoke(DelegatingMethodAccessorImpl.java:43)
	at com.kms.katalon.core.context.internal.TestHooker.invokeMethod(TestHooker.java:111)
	at com.kms.katalon.core.context.internal.TestHooker.lambda$3(TestHooker.java:95)
	at com.kms.katalon.core.context.internal.TestHooker.invokeContextMethods(TestHooker.java:94)
	at com.kms.katalon.core.context.internal.TestListenerCollector.lambda$3(TestListenerCollector.java:88)
	at com.kms.katalon.core.context.internal.TestListenerCollector.handleListenerEvent(TestListenerCollector.java:85)
	at com.kms.katalon.core.context.internal.ExecutionEventManager.publicEvent(ExecutionEventManager.java:36)
	at com.kms.katalon.core.main.TestCaseExecutor.execute(TestCaseExecutor.java:304)
	at com.kms.katalon.core.common.CommonExecutor.accessTestCaseMainPhase(CommonExecutor.java:71)
	at com.kms.katalon.core.main.TestSuiteExecutor.accessTestSuiteMainPhase(TestSuiteExecutor.java:160)
	at com.kms.katalon.core.main.TestSuiteExecutor.execute(TestSuiteExecutor.java:107)
	at com.kms.katalon.core.main.TestCaseMain.startTestSuite(TestCaseMain.java:186)
	at TempTestSuite1755824545909.run(TempTestSuite1755824545909.groovy:35)
	at java.base/jdk.internal.reflect.NativeMethodAccessorImpl.invoke0(Native Method)
	at java.base/jdk.internal.reflect.NativeMethodAccessorImpl.invoke(NativeMethodAccessorImpl.java:77)
	at java.base/jdk.internal.reflect.DelegatingMethodAccessorImpl.invoke(DelegatingMethodAccessorImpl.java:43)


22-08-2025T10:02:30 - [TEST_STEP][PASSED] - println("[단독 실행] 브라우저 오픈"): null

22-08-2025T10:02:30 - [TEST_STEP][PASSED] - openBrowser(""): Browser is opened with url: ''

22-08-2025T10:02:30 - [MESSAGE][WARNING] - A browser is already opened. Closing browser and opening a new one

22-08-2025T10:02:30 - [MESSAGE][INFO] - Starting 'Chrome' driver

22-08-2025T10:02:31 - [MESSAGE][INFO] - Action delay is set to 0 milliseconds

22-08-2025T10:02:31 - [MESSAGE][PASSED] - Browser is opened with url: ''

22-08-2025T10:02:31 - [TEST_STEP][PASSED] - url = "https://tapas.io": null

22-08-2025T10:02:31 - [TEST_STEP][PASSED] - navigateToUrl(url): Navigate to 'https://tapas.io' successfully

22-08-2025T10:02:32 - [MESSAGE][PASSED] - Navigate to 'https://tapas.io' successfully

22-08-2025T10:02:32 - [TEST_STEP][PASSED] - waitForPageLoad(10): Wait for page load successfully

22-08-2025T10:02:32 - [MESSAGE][PASSED] - Wait for page load successfully

22-08-2025T10:02:32 - [TEST_STEP][ERROR] - verifyMatch(getUrl(), url, false): com.kms.katalon.core.exception.StepFailedException: Actual text 'https://tapas.io/' and expected text 'https://tapas.io' are not matched
	at com.kms.katalon.core.keyword.builtin.VerifyMatchKeyword$_verifyMatch_closure1.doCall(VerifyMatchKeyword.groovy:57)
	at com.kms.katalon.core.keyword.builtin.VerifyMatchKeyword$_verifyMatch_closure1.call(VerifyMatchKeyword.groovy)
	at com.kms.katalon.core.keyword.internal.KeywordMain.runKeyword(KeywordMain.groovy:75)
	at com.kms.katalon.core.keyword.builtin.VerifyMatchKeyword.verifyMatch(VerifyMatchKeyword.groovy:60)
	at com.kms.katalon.core.keyword.builtin.VerifyMatchKeyword.execute(VerifyMatchKeyword.groovy:45)
	at com.kms.katalon.core.keyword.internal.KeywordExecutor.executeKeywordForPlatform(KeywordExecutor.groovy:74)
	at com.kms.katalon.core.keyword.BuiltinKeywords.verifyMatch(BuiltinKeywords.groovy:78)
	at java.base/jdk.internal.reflect.NativeMethodAccessorImpl.invoke0(Native Method)
	at java.base/jdk.internal.reflect.NativeMethodAccessorImpl.invoke(NativeMethodAccessorImpl.java:77)
	at java.base/jdk.internal.reflect.DelegatingMethodAccessorImpl.invoke(DelegatingMethodAccessorImpl.java:43)
	at BrowserControl.beforeTestCase(BrowserControl.groovy:22)
	at java.base/jdk.internal.reflect.NativeMethodAccessorImpl.invoke0(Native Method)
	at java.base/jdk.internal.reflect.NativeMethodAccessorImpl.invoke(NativeMethodAccessorImpl.java:77)
	at java.base/jdk.internal.reflect.DelegatingMethodAccessorImpl.invoke(DelegatingMethodAccessorImpl.java:43)
	at com.kms.katalon.core.context.internal.TestHooker.invokeMethod(TestHooker.java:111)
	at com.kms.katalon.core.context.internal.TestHooker.lambda$3(TestHooker.java:95)
	at com.kms.katalon.core.context.internal.TestHooker.invokeContextMethods(TestHooker.java:94)
	at com.kms.katalon.core.context.internal.TestListenerCollector.lambda$3(TestListenerCollector.java:88)
	at com.kms.katalon.core.context.internal.TestListenerCollector.handleListenerEvent(TestListenerCollector.java:85)
	at com.kms.katalon.core.context.internal.ExecutionEventManager.publicEvent(ExecutionEventManager.java:36)
	at com.kms.katalon.core.main.TestCaseExecutor.execute(TestCaseExecutor.java:304)
	at com.kms.katalon.core.common.CommonExecutor.accessTestCaseMainPhase(CommonExecutor.java:71)
	at com.kms.katalon.core.main.TestSuiteExecutor.accessTestSuiteMainPhase(TestSuiteExecutor.java:160)
	at com.kms.katalon.core.main.TestSuiteExecutor.execute(TestSuiteExecutor.java:107)
	at com.kms.katalon.core.main.TestCaseMain.startTestSuite(TestCaseMain.java:186)
	at TempTestSuite1755824545909.run(TempTestSuite1755824545909.groovy:35)
	at java.base/jdk.internal.reflect.NativeMethodAccessorImpl.invoke0(Native Method)
	at java.base/jdk.internal.reflect.NativeMethodAccessorImpl.invoke(NativeMethodAccessorImpl.java:77)
	at java.base/jdk.internal.reflect.DelegatingMethodAccessorImpl.invoke(DelegatingMethodAccessorImpl.java:43)


22-08-2025T10:02:32 - [MESSAGE][PASSED] - Current window's url is: 'https://tapas.io/'

22-08-2025T10:02:32 - [MESSAGE][FAILED] - Unable to verify match between actual text 'https://tapas.io/' and expected text 'https://tapas.io' (Root cause: com.kms.katalon.core.exception.StepFailedException: Actual text 'https://tapas.io/' and expected text 'https://tapas.io' are not matched
	at com.kms.katalon.core.keyword.builtin.VerifyMatchKeyword$_verifyMatch_closure1.doCall(VerifyMatchKeyword.groovy:57)
	at com.kms.katalon.core.keyword.builtin.VerifyMatchKeyword$_verifyMatch_closure1.call(VerifyMatchKeyword.groovy)
	at com.kms.katalon.core.keyword.internal.KeywordMain.runKeyword(KeywordMain.groovy:75)
	at com.kms.katalon.core.keyword.builtin.VerifyMatchKeyword.verifyMatch(VerifyMatchKeyword.groovy:60)
	at com.kms.katalon.core.keyword.builtin.VerifyMatchKeyword.execute(VerifyMatchKeyword.groovy:45)
	at com.kms.katalon.core.keyword.internal.KeywordExecutor.executeKeywordForPlatform(KeywordExecutor.groovy:74)
	at com.kms.katalon.core.keyword.BuiltinKeywords.verifyMatch(BuiltinKeywords.groovy:78)
	at java.base/jdk.internal.reflect.NativeMethodAccessorImpl.invoke0(Native Method)
	at java.base/jdk.internal.reflect.NativeMethodAccessorImpl.invoke(NativeMethodAccessorImpl.java:77)
	at java.base/jdk.internal.reflect.DelegatingMethodAccessorImpl.invoke(DelegatingMethodAccessorImpl.java:43)
	at BrowserControl.beforeTestCase(BrowserControl.groovy:22)
	at java.base/jdk.internal.reflect.NativeMethodAccessorImpl.invoke0(Native Method)
	at java.base/jdk.internal.reflect.NativeMethodAccessorImpl.invoke(NativeMethodAccessorImpl.java:77)
	at java.base/jdk.internal.reflect.DelegatingMethodAccessorImpl.invoke(DelegatingMethodAccessorImpl.java:43)
	at com.kms.katalon.core.context.internal.TestHooker.invokeMethod(TestHooker.java:111)
	at com.kms.katalon.core.context.internal.TestHooker.lambda$3(TestHooker.java:95)
	at com.kms.katalon.core.context.internal.TestHooker.invokeContextMethods(TestHooker.java:94)
	at com.kms.katalon.core.context.internal.TestListenerCollector.lambda$3(TestListenerCollector.java:88)
	at com.kms.katalon.core.context.internal.TestListenerCollector.handleListenerEvent(TestListenerCollector.java:85)
	at com.kms.katalon.core.context.internal.ExecutionEventManager.publicEvent(ExecutionEventManager.java:36)
	at com.kms.katalon.core.main.TestCaseExecutor.execute(TestCaseExecutor.java:304)
	at com.kms.katalon.core.common.CommonExecutor.accessTestCaseMainPhase(CommonExecutor.java:71)
	at com.kms.katalon.core.main.TestSuiteExecutor.accessTestSuiteMainPhase(TestSuiteExecutor.java:160)
	at com.kms.katalon.core.main.TestSuiteExecutor.execute(TestSuiteExecutor.java:107)
	at com.kms.katalon.core.main.TestCaseMain.startTestSuite(TestCaseMain.java:186)
	at TempTestSuite1755824545909.run(TempTestSuite1755824545909.groovy:35)
	at java.base/jdk.internal.reflect.NativeMethodAccessorImpl.invoke0(Native Method)
	at java.base/jdk.internal.reflect.NativeMethodAccessorImpl.invoke(NativeMethodAccessorImpl.java:77)
	at java.base/jdk.internal.reflect.DelegatingMethodAccessorImpl.invoke(DelegatingMethodAccessorImpl.java:43)
)

22-08-2025T10:02:32 - [MESSAGE][ERROR] - com.kms.katalon.core.exception.StepFailedException: Actual text 'https://tapas.io/' and expected text 'https://tapas.io' are not matched
	at com.kms.katalon.core.keyword.builtin.VerifyMatchKeyword$_verifyMatch_closure1.doCall(VerifyMatchKeyword.groovy:57)
	at com.kms.katalon.core.keyword.builtin.VerifyMatchKeyword$_verifyMatch_closure1.call(VerifyMatchKeyword.groovy)
	at com.kms.katalon.core.keyword.internal.KeywordMain.runKeyword(KeywordMain.groovy:75)
	at com.kms.katalon.core.keyword.builtin.VerifyMatchKeyword.verifyMatch(VerifyMatchKeyword.groovy:60)
	at com.kms.katalon.core.keyword.builtin.VerifyMatchKeyword.execute(VerifyMatchKeyword.groovy:45)
	at com.kms.katalon.core.keyword.internal.KeywordExecutor.executeKeywordForPlatform(KeywordExecutor.groovy:74)
	at com.kms.katalon.core.keyword.BuiltinKeywords.verifyMatch(BuiltinKeywords.groovy:78)
	at java.base/jdk.internal.reflect.NativeMethodAccessorImpl.invoke0(Native Method)
	at java.base/jdk.internal.reflect.NativeMethodAccessorImpl.invoke(NativeMethodAccessorImpl.java:77)
	at java.base/jdk.internal.reflect.DelegatingMethodAccessorImpl.invoke(DelegatingMethodAccessorImpl.java:43)
	at BrowserControl.beforeTestCase(BrowserControl.groovy:22)
	at java.base/jdk.internal.reflect.NativeMethodAccessorImpl.invoke0(Native Method)
	at java.base/jdk.internal.reflect.NativeMethodAccessorImpl.invoke(NativeMethodAccessorImpl.java:77)
	at java.base/jdk.internal.reflect.DelegatingMethodAccessorImpl.invoke(DelegatingMethodAccessorImpl.java:43)
	at com.kms.katalon.core.context.internal.TestHooker.invokeMethod(TestHooker.java:111)
	at com.kms.katalon.core.context.internal.TestHooker.lambda$3(TestHooker.java:95)
	at com.kms.katalon.core.context.internal.TestHooker.invokeContextMethods(TestHooker.java:94)
	at com.kms.katalon.core.context.internal.TestListenerCollector.lambda$3(TestListenerCollector.java:88)
	at com.kms.katalon.core.context.internal.TestListenerCollector.handleListenerEvent(TestListenerCollector.java:85)
	at com.kms.katalon.core.context.internal.ExecutionEventManager.publicEvent(ExecutionEventManager.java:36)
	at com.kms.katalon.core.main.TestCaseExecutor.execute(TestCaseExecutor.java:304)
	at com.kms.katalon.core.common.CommonExecutor.accessTestCaseMainPhase(CommonExecutor.java:71)
	at com.kms.katalon.core.main.TestSuiteExecutor.accessTestSuiteMainPhase(TestSuiteExecutor.java:160)
	at com.kms.katalon.core.main.TestSuiteExecutor.execute(TestSuiteExecutor.java:107)
	at com.kms.katalon.core.main.TestCaseMain.startTestSuite(TestCaseMain.java:186)
	at TempTestSuite1755824545909.run(TempTestSuite1755824545909.groovy:35)
	at java.base/jdk.internal.reflect.NativeMethodAccessorImpl.invoke0(Native Method)
	at java.base/jdk.internal.reflect.NativeMethodAccessorImpl.invoke(NativeMethodAccessorImpl.java:77)
	at java.base/jdk.internal.reflect.DelegatingMethodAccessorImpl.invoke(DelegatingMethodAccessorImpl.java:43)


22-08-2025T10:02:32 - [TEST_STEP][PASSED] - isSuite = true: null

22-08-2025T10:02:32 - [TEST_STEP][PASSED] - Start listener action : afterTestCase: null

22-08-2025T10:02:32 - [TEST_STEP][PASSED] - println("[AfterTestCase] GlobalVariable.isSuite: " + isSuite): null

22-08-2025T10:02:32 - [TEST_STEP][PASSED] - if (!(isSuite)): null]]></system-out>
         <system-err><![CDATA[]]></system-err>
      </testcase>
      <testcase name="Test Cases/Prod환경/00.메인홈/01.로그인/01.자동 로그인 확인 - Copy" time="3.938" classname="Test Cases/Prod환경/00.메인홈/01.로그인/01.자동 로그인 확인 - Copy" status="PASSED">
         <system-out><![CDATA[22-08-2025T10:02:32 - [TEST_CASE][PASSED] - Test Cases/Prod환경/00.메인홈/01.로그인/01.자동 로그인 확인 - Copy: Test Cases/Prod환경/00.메인홈/01.로그인/01.자동 로그인 확인 - Copy

22-08-2025T10:02:33 - [TEST_STEP][PASSED] - Start listener action : beforeTestCase: null

22-08-2025T10:02:33 - [TEST_STEP][PASSED] - println("[BeforeTestCase] GlobalVariable.isSuite: " + isSuite): null

22-08-2025T10:02:33 - [TEST_STEP][PASSED] - if (!(isSuite)): null

22-08-2025T10:02:33 - [TEST_STEP][PASSED] - url = "https://tapas.io/account/signin?from=/": null

22-08-2025T10:02:33 - [TEST_STEP][PASSED] - cookieFilePath = "cookies.save": null

22-08-2025T10:02:33 - [TEST_STEP][PASSED] - driver = getWebDriver(): null

22-08-2025T10:02:33 - [TEST_STEP][PASSED] - cookieFile = new java.io.File(cookieFilePath): null

22-08-2025T10:02:33 - [TEST_STEP][PASSED] - if (cookieFile.exists()): ✅ 쿠키 로드 완료! 자동 로그인 성공 시도

22-08-2025T10:02:33 - [TEST_STEP][PASSED] - try: ✅ 쿠키 로드 완료! 자동 로그인 성공 시도

22-08-2025T10:02:33 - [TEST_STEP][PASSED] - fis = new java.io.FileInputStream(cookieFile): null

22-08-2025T10:02:33 - [TEST_STEP][PASSED] - ois = new java.io.ObjectInputStream(fis): null

22-08-2025T10:02:33 - [TEST_STEP][PASSED] - cookies = ois.readObject(): null

22-08-2025T10:02:33 - [TEST_STEP][PASSED] - ois.close(): null

22-08-2025T10:02:33 - [TEST_STEP][PASSED] - fis.close(): null

22-08-2025T10:02:33 - [TEST_STEP][PASSED] - for (org.openqa.selenium.Cookie cookie : cookies): null

22-08-2025T10:02:33 - [TEST_STEP][PASSED] - manage().addCookie(cookie): null

22-08-2025T10:02:33 - [TEST_STEP][PASSED] - manage().addCookie(cookie): null

22-08-2025T10:02:33 - [TEST_STEP][PASSED] - manage().addCookie(cookie): null

22-08-2025T10:02:33 - [TEST_STEP][PASSED] - manage().addCookie(cookie): null

22-08-2025T10:02:33 - [TEST_STEP][PASSED] - manage().addCookie(cookie): null

22-08-2025T10:02:33 - [TEST_STEP][PASSED] - manage().addCookie(cookie): null

22-08-2025T10:02:33 - [TEST_STEP][PASSED] - manage().addCookie(cookie): null

22-08-2025T10:02:33 - [TEST_STEP][PASSED] - manage().addCookie(cookie): null

22-08-2025T10:02:33 - [TEST_STEP][PASSED] - manage().addCookie(cookie): null

22-08-2025T10:02:33 - [TEST_STEP][PASSED] - manage().addCookie(cookie): null

22-08-2025T10:02:33 - [TEST_STEP][PASSED] - manage().addCookie(cookie): null

22-08-2025T10:02:33 - [TEST_STEP][PASSED] - manage().addCookie(cookie): null

22-08-2025T10:02:33 - [TEST_STEP][PASSED] - manage().addCookie(cookie): null

22-08-2025T10:02:33 - [TEST_STEP][PASSED] - manage().addCookie(cookie): null

22-08-2025T10:02:33 - [TEST_STEP][PASSED] - manage().addCookie(cookie): null

22-08-2025T10:02:33 - [TEST_STEP][PASSED] - manage().addCookie(cookie): null

22-08-2025T10:02:33 - [TEST_STEP][PASSED] - manage().addCookie(cookie): null

22-08-2025T10:02:33 - [TEST_STEP][PASSED] - manage().addCookie(cookie): null

22-08-2025T10:02:33 - [TEST_STEP][PASSED] - manage().addCookie(cookie): null

22-08-2025T10:02:33 - [TEST_STEP][PASSED] - manage().addCookie(cookie): null

22-08-2025T10:02:33 - [TEST_STEP][PASSED] - manage().addCookie(cookie): null

22-08-2025T10:02:33 - [TEST_STEP][PASSED] - manage().addCookie(cookie): null

22-08-2025T10:02:33 - [TEST_STEP][PASSED] - manage().addCookie(cookie): null

22-08-2025T10:02:33 - [TEST_STEP][PASSED] - manage().addCookie(cookie): null

22-08-2025T10:02:33 - [TEST_STEP][PASSED] - manage().addCookie(cookie): null

22-08-2025T10:02:33 - [TEST_STEP][PASSED] - manage().addCookie(cookie): null

22-08-2025T10:02:33 - [TEST_STEP][PASSED] - manage().addCookie(cookie): null

22-08-2025T10:02:33 - [TEST_STEP][PASSED] - manage().addCookie(cookie): null

22-08-2025T10:02:33 - [TEST_STEP][PASSED] - manage().addCookie(cookie): null

22-08-2025T10:02:33 - [TEST_STEP][PASSED] - manage().addCookie(cookie): null

22-08-2025T10:02:33 - [TEST_STEP][PASSED] - manage().addCookie(cookie): null

22-08-2025T10:02:33 - [TEST_STEP][PASSED] - manage().addCookie(cookie): null

22-08-2025T10:02:33 - [TEST_STEP][PASSED] - manage().addCookie(cookie): null

22-08-2025T10:02:33 - [TEST_STEP][PASSED] - manage().addCookie(cookie): null

22-08-2025T10:02:33 - [TEST_STEP][PASSED] - manage().addCookie(cookie): null

22-08-2025T10:02:33 - [TEST_STEP][PASSED] - navigate().refresh(): null

22-08-2025T10:02:34 - [TEST_STEP][PASSED] - comment("✅ 쿠키 로드 완료! 자동 로그인 성공 시도"): ✅ 쿠키 로드 완료! 자동 로그인 성공 시도

22-08-2025T10:02:34 - [MESSAGE][INFO] - ✅ 쿠키 로드 완료! 자동 로그인 성공 시도

22-08-2025T10:02:34 - [TEST_STEP][PASSED] - delay(2): Delayed 2 second(s)

22-08-2025T10:02:36 - [MESSAGE][PASSED] - Delayed 2 second(s)

22-08-2025T10:02:36 - [TEST_STEP][PASSED] - maximizeWindow(): Current window maximized

22-08-2025T10:02:36 - [MESSAGE][PASSED] - Current window maximized

22-08-2025T10:02:36 - [TEST_STEP][PASSED] - Start listener action : afterTestCase: null

22-08-2025T10:02:36 - [TEST_STEP][PASSED] - println("[AfterTestCase] GlobalVariable.isSuite: " + isSuite): null

22-08-2025T10:02:36 - [TEST_STEP][PASSED] - if (!(isSuite)): null]]></system-out>
         <system-err><![CDATA[]]></system-err>
      </testcase>
      <testcase name="Test Cases/Prod환경/00.메인홈/02.검색/02.검색 결과 없음 확인 - Copy" time="5.39" classname="Test Cases/Prod환경/00.메인홈/02.검색/02.검색 결과 없음 확인 - Copy" status="PASSED">
         <system-out><![CDATA[22-08-2025T10:02:36 - [TEST_CASE][PASSED] - Test Cases/Prod환경/00.메인홈/02.검색/02.검색 결과 없음 확인 - Copy: Test Cases/Prod환경/00.메인홈/02.검색/02.검색 결과 없음 확인 - Copy

22-08-2025T10:02:36 - [TEST_STEP][PASSED] - Start listener action : beforeTestCase: null

22-08-2025T10:02:36 - [TEST_STEP][PASSED] - println("[BeforeTestCase] GlobalVariable.isSuite: " + isSuite): null

22-08-2025T10:02:36 - [TEST_STEP][PASSED] - if (!(isSuite)): null

22-08-2025T10:02:36 - [TEST_STEP][PASSED] - setText(findTestObject("Object Repository/Prod환경/Home/02.검색/00.검색란"), "비비비비비비비비비비"): Text '비비비비비비비비비비' is set on object 'Object Repository/Prod환경/Home/02.검색/00.검색란'

22-08-2025T10:02:37 - [MESSAGE][PASSED] - Text '비비비비비비비비비비' is set on object 'Object Repository/Prod환경/Home/02.검색/00.검색란'

22-08-2025T10:02:37 - [TEST_STEP][PASSED] - click(findTestObject("Object Repository/Prod환경/Home/02.검색/01.검색버튼")): Object: 'Object Repository/Prod환경/Home/02.검색/01.검색버튼' is clicked on

22-08-2025T10:02:40 - [MESSAGE][PASSED] - Object: 'Object Repository/Prod환경/Home/02.검색/01.검색버튼' is clicked on

22-08-2025T10:02:40 - [TEST_STEP][PASSED] - verifyElementPresent(findTestObject("Prod환경/Home/02.검색/04.검색결과 문구 없음"), 0): Object 'Object Repository/Prod환경/Home/02.검색/04.검색결과 문구 없음' is present

22-08-2025T10:02:40 - [MESSAGE][WARNING] - Timeout '0' is invalid. Using default page load timeout: '40'

22-08-2025T10:02:40 - [MESSAGE][PASSED] - Object 'Object Repository/Prod환경/Home/02.검색/04.검색결과 문구 없음' is present

22-08-2025T10:02:40 - [TEST_STEP][PASSED] - nolist = findTestObject("Prod환경/Home/02.검색/04.검색결과 문구 없음"): null

22-08-2025T10:02:40 - [TEST_STEP][PASSED] - HighlightElement.run(nolist): null

22-08-2025T10:02:42 - [TEST_STEP][PASSED] - verifyElementPresent(nolist, 0): Object 'Object Repository/Prod환경/Home/02.검색/04.검색결과 문구 없음' is present

22-08-2025T10:02:42 - [MESSAGE][WARNING] - Timeout '0' is invalid. Using default page load timeout: '40'

22-08-2025T10:02:42 - [MESSAGE][PASSED] - Object 'Object Repository/Prod환경/Home/02.검색/04.검색결과 문구 없음' is present

22-08-2025T10:02:42 - [TEST_STEP][PASSED] - comment("✅ 검색 완료"): ✅ 검색 완료

22-08-2025T10:02:42 - [MESSAGE][INFO] - ✅ 검색 완료

22-08-2025T10:02:42 - [TEST_STEP][PASSED] - Start listener action : afterTestCase: null

22-08-2025T10:02:42 - [TEST_STEP][PASSED] - println("[AfterTestCase] GlobalVariable.isSuite: " + isSuite): null

22-08-2025T10:02:42 - [TEST_STEP][PASSED] - if (!(isSuite)): null]]></system-out>
         <system-err><![CDATA[]]></system-err>
      </testcase>
      <testcase name="Test Cases/Prod환경/00.메인홈/02.검색/03.검색 리스트 확인 - Copy" time="6.917" classname="Test Cases/Prod환경/00.메인홈/02.검색/03.검색 리스트 확인 - Copy" status="PASSED">
         <system-out><![CDATA[22-08-2025T10:02:42 - [TEST_CASE][PASSED] - Test Cases/Prod환경/00.메인홈/02.검색/03.검색 리스트 확인 - Copy: Test Cases/Prod환경/00.메인홈/02.검색/03.검색 리스트 확인 - Copy

22-08-2025T10:02:42 - [TEST_STEP][PASSED] - Start listener action : beforeTestCase: null

22-08-2025T10:02:42 - [TEST_STEP][PASSED] - println("[BeforeTestCase] GlobalVariable.isSuite: " + isSuite): null

22-08-2025T10:02:42 - [TEST_STEP][PASSED] - if (!(isSuite)): null

22-08-2025T10:02:42 - [TEST_STEP][PASSED] - if (isSuite): Object: 'Object Repository/Tapas 로고' is clicked on

22-08-2025T10:02:42 - [TEST_STEP][PASSED] - logo = findTestObject("Object Repository/Tapas 로고"): null

22-08-2025T10:02:42 - [TEST_STEP][PASSED] - waitForElementVisible(logo, 10): Object 'Object Repository/Tapas 로고' is visible

22-08-2025T10:02:42 - [MESSAGE][PASSED] - Object 'Object Repository/Tapas 로고' is visible

22-08-2025T10:02:42 - [TEST_STEP][PASSED] - waitForElementClickable(logo, 10): Object 'Object Repository/Tapas 로고' is clickable

22-08-2025T10:02:42 - [MESSAGE][PASSED] - Object 'Object Repository/Tapas 로고' is clickable

22-08-2025T10:02:42 - [TEST_STEP][PASSED] - click(logo): Object: 'Object Repository/Tapas 로고' is clicked on

22-08-2025T10:02:44 - [MESSAGE][PASSED] - Object: 'Object Repository/Tapas 로고' is clicked on

22-08-2025T10:02:44 - [TEST_STEP][PASSED] - setText(findTestObject("Object Repository/Prod환경/Home/02.검색/00.검색란"), "Solo leveling"): Text 'Solo leveling' is set on object 'Object Repository/Prod환경/Home/02.검색/00.검색란'

22-08-2025T10:02:45 - [MESSAGE][PASSED] - Text 'Solo leveling' is set on object 'Object Repository/Prod환경/Home/02.검색/00.검색란'

22-08-2025T10:02:45 - [TEST_STEP][PASSED] - click(findTestObject("Object Repository/Prod환경/Home/02.검색/01.검색버튼")): Object: 'Object Repository/Prod환경/Home/02.검색/01.검색버튼' is clicked on

22-08-2025T10:02:45 - [MESSAGE][PASSED] - Object: 'Object Repository/Prod환경/Home/02.검색/01.검색버튼' is clicked on

22-08-2025T10:02:45 - [TEST_STEP][PASSED] - searchlist = findTestObject("Prod환경/Home/02.검색/03.Solo Leveling 타이틀"): null

22-08-2025T10:02:45 - [TEST_STEP][PASSED] - HighlightElement.run(searchlist): null

22-08-2025T10:02:49 - [TEST_STEP][PASSED] - verifyElementPresent(searchlist, 0): Object 'Object Repository/Prod환경/Home/02.검색/03.Solo Leveling 타이틀' is present

22-08-2025T10:02:49 - [MESSAGE][WARNING] - Timeout '0' is invalid. Using default page load timeout: '40'

22-08-2025T10:02:49 - [MESSAGE][PASSED] - Object 'Object Repository/Prod환경/Home/02.검색/03.Solo Leveling 타이틀' is present

22-08-2025T10:02:49 - [TEST_STEP][PASSED] - comment("✅ 완료"): ✅ 완료

22-08-2025T10:02:49 - [MESSAGE][INFO] - ✅ 완료

22-08-2025T10:02:49 - [TEST_STEP][PASSED] - Start listener action : afterTestCase: null

22-08-2025T10:02:49 - [TEST_STEP][PASSED] - println("[AfterTestCase] GlobalVariable.isSuite: " + isSuite): null

22-08-2025T10:02:49 - [TEST_STEP][PASSED] - if (!(isSuite)): null]]></system-out>
         <system-err><![CDATA[]]></system-err>
      </testcase>
      <system-out><![CDATA[22-08-2025T10:02:27 - [TEST_STEP][ERROR] - Start listener action : beforeSuite: com.kms.katalon.core.exception.StepFailedException: Actual text 'https://tapas.io/' and expected text 'https://tapas.io' are not matched
	at com.kms.katalon.core.keyword.builtin.VerifyMatchKeyword$_verifyMatch_closure1.doCall(VerifyMatchKeyword.groovy:57)
	at com.kms.katalon.core.keyword.builtin.VerifyMatchKeyword$_verifyMatch_closure1.call(VerifyMatchKeyword.groovy)
	at com.kms.katalon.core.keyword.internal.KeywordMain.runKeyword(KeywordMain.groovy:75)
	at com.kms.katalon.core.keyword.builtin.VerifyMatchKeyword.verifyMatch(VerifyMatchKeyword.groovy:60)
	at com.kms.katalon.core.keyword.builtin.VerifyMatchKeyword.execute(VerifyMatchKeyword.groovy:45)
	at com.kms.katalon.core.keyword.internal.KeywordExecutor.executeKeywordForPlatform(KeywordExecutor.groovy:74)
	at com.kms.katalon.core.keyword.BuiltinKeywords.verifyMatch(BuiltinKeywords.groovy:78)
	at java.base/jdk.internal.reflect.NativeMethodAccessorImpl.invoke0(Native Method)
	at java.base/jdk.internal.reflect.NativeMethodAccessorImpl.invoke(NativeMethodAccessorImpl.java:77)
	at java.base/jdk.internal.reflect.DelegatingMethodAccessorImpl.invoke(DelegatingMethodAccessorImpl.java:43)
	at BrowserControl.beforeSuite(BrowserControl.groovy:47)
	at java.base/jdk.internal.reflect.NativeMethodAccessorImpl.invoke0(Native Method)
	at java.base/jdk.internal.reflect.NativeMethodAccessorImpl.invoke(NativeMethodAccessorImpl.java:77)
	at java.base/jdk.internal.reflect.DelegatingMethodAccessorImpl.invoke(DelegatingMethodAccessorImpl.java:43)
	at com.kms.katalon.core.context.internal.TestHooker.invokeMethod(TestHooker.java:111)
	at com.kms.katalon.core.context.internal.TestHooker.lambda$3(TestHooker.java:95)
	at com.kms.katalon.core.context.internal.TestHooker.invokeContextMethods(TestHooker.java:94)
	at com.kms.katalon.core.context.internal.TestListenerCollector.lambda$3(TestListenerCollector.java:88)
	at com.kms.katalon.core.context.internal.TestListenerCollector.handleListenerEvent(TestListenerCollector.java:85)
	at com.kms.katalon.core.context.internal.ExecutionEventManager.publicEvent(ExecutionEventManager.java:36)
	at com.kms.katalon.core.main.TestSuiteExecutor.execute(TestSuiteExecutor.java:105)
	at com.kms.katalon.core.main.TestCaseMain.startTestSuite(TestCaseMain.java:186)
	at TempTestSuite1755824545909.run(TempTestSuite1755824545909.groovy:35)
	at java.base/jdk.internal.reflect.NativeMethodAccessorImpl.invoke0(Native Method)
	at java.base/jdk.internal.reflect.NativeMethodAccessorImpl.invoke(NativeMethodAccessorImpl.java:77)
	at java.base/jdk.internal.reflect.DelegatingMethodAccessorImpl.invoke(DelegatingMethodAccessorImpl.java:43)


22-08-2025T10:02:27 - [TEST_STEP][PASSED] - println("[Suite 실행] 브라우저 오픈"): null

22-08-2025T10:02:27 - [TEST_STEP][PASSED] - openBrowser(""): Browser is opened with url: ''

22-08-2025T10:02:27 - [MESSAGE][INFO] - Starting 'Chrome' driver

22-08-2025T10:02:28 - [MESSAGE][INFO] - Action delay is set to 0 milliseconds

22-08-2025T10:02:29 - [MESSAGE][PASSED] - Browser is opened with url: ''

22-08-2025T10:02:29 - [TEST_STEP][PASSED] - url = "https://tapas.io": null

22-08-2025T10:02:29 - [TEST_STEP][PASSED] - navigateToUrl(url): Navigate to 'https://tapas.io' successfully

22-08-2025T10:02:30 - [MESSAGE][PASSED] - Navigate to 'https://tapas.io' successfully

22-08-2025T10:02:30 - [TEST_STEP][PASSED] - waitForPageLoad(10): Wait for page load successfully

22-08-2025T10:02:30 - [MESSAGE][PASSED] - Wait for page load successfully

22-08-2025T10:02:30 - [TEST_STEP][ERROR] - verifyMatch(getUrl(), url, false): com.kms.katalon.core.exception.StepFailedException: Actual text 'https://tapas.io/' and expected text 'https://tapas.io' are not matched
	at com.kms.katalon.core.keyword.builtin.VerifyMatchKeyword$_verifyMatch_closure1.doCall(VerifyMatchKeyword.groovy:57)
	at com.kms.katalon.core.keyword.builtin.VerifyMatchKeyword$_verifyMatch_closure1.call(VerifyMatchKeyword.groovy)
	at com.kms.katalon.core.keyword.internal.KeywordMain.runKeyword(KeywordMain.groovy:75)
	at com.kms.katalon.core.keyword.builtin.VerifyMatchKeyword.verifyMatch(VerifyMatchKeyword.groovy:60)
	at com.kms.katalon.core.keyword.builtin.VerifyMatchKeyword.execute(VerifyMatchKeyword.groovy:45)
	at com.kms.katalon.core.keyword.internal.KeywordExecutor.executeKeywordForPlatform(KeywordExecutor.groovy:74)
	at com.kms.katalon.core.keyword.BuiltinKeywords.verifyMatch(BuiltinKeywords.groovy:78)
	at java.base/jdk.internal.reflect.NativeMethodAccessorImpl.invoke0(Native Method)
	at java.base/jdk.internal.reflect.NativeMethodAccessorImpl.invoke(NativeMethodAccessorImpl.java:77)
	at java.base/jdk.internal.reflect.DelegatingMethodAccessorImpl.invoke(DelegatingMethodAccessorImpl.java:43)
	at BrowserControl.beforeSuite(BrowserControl.groovy:47)
	at java.base/jdk.internal.reflect.NativeMethodAccessorImpl.invoke0(Native Method)
	at java.base/jdk.internal.reflect.NativeMethodAccessorImpl.invoke(NativeMethodAccessorImpl.java:77)
	at java.base/jdk.internal.reflect.DelegatingMethodAccessorImpl.invoke(DelegatingMethodAccessorImpl.java:43)
	at com.kms.katalon.core.context.internal.TestHooker.invokeMethod(TestHooker.java:111)
	at com.kms.katalon.core.context.internal.TestHooker.lambda$3(TestHooker.java:95)
	at com.kms.katalon.core.context.internal.TestHooker.invokeContextMethods(TestHooker.java:94)
	at com.kms.katalon.core.context.internal.TestListenerCollector.lambda$3(TestListenerCollector.java:88)
	at com.kms.katalon.core.context.internal.TestListenerCollector.handleListenerEvent(TestListenerCollector.java:85)
	at com.kms.katalon.core.context.internal.ExecutionEventManager.publicEvent(ExecutionEventManager.java:36)
	at com.kms.katalon.core.main.TestSuiteExecutor.execute(TestSuiteExecutor.java:105)
	at com.kms.katalon.core.main.TestCaseMain.startTestSuite(TestCaseMain.java:186)
	at TempTestSuite1755824545909.run(TempTestSuite1755824545909.groovy:35)
	at java.base/jdk.internal.reflect.NativeMethodAccessorImpl.invoke0(Native Method)
	at java.base/jdk.internal.reflect.NativeMethodAccessorImpl.invoke(NativeMethodAccessorImpl.java:77)
	at java.base/jdk.internal.reflect.DelegatingMethodAccessorImpl.invoke(DelegatingMethodAccessorImpl.java:43)


22-08-2025T10:02:30 - [MESSAGE][PASSED] - Current window's url is: 'https://tapas.io/'

22-08-2025T10:02:30 - [MESSAGE][FAILED] - Unable to verify match between actual text 'https://tapas.io/' and expected text 'https://tapas.io' (Root cause: com.kms.katalon.core.exception.StepFailedException: Actual text 'https://tapas.io/' and expected text 'https://tapas.io' are not matched
	at com.kms.katalon.core.keyword.builtin.VerifyMatchKeyword$_verifyMatch_closure1.doCall(VerifyMatchKeyword.groovy:57)
	at com.kms.katalon.core.keyword.builtin.VerifyMatchKeyword$_verifyMatch_closure1.call(VerifyMatchKeyword.groovy)
	at com.kms.katalon.core.keyword.internal.KeywordMain.runKeyword(KeywordMain.groovy:75)
	at com.kms.katalon.core.keyword.builtin.VerifyMatchKeyword.verifyMatch(VerifyMatchKeyword.groovy:60)
	at com.kms.katalon.core.keyword.builtin.VerifyMatchKeyword.execute(VerifyMatchKeyword.groovy:45)
	at com.kms.katalon.core.keyword.internal.KeywordExecutor.executeKeywordForPlatform(KeywordExecutor.groovy:74)
	at com.kms.katalon.core.keyword.BuiltinKeywords.verifyMatch(BuiltinKeywords.groovy:78)
	at java.base/jdk.internal.reflect.NativeMethodAccessorImpl.invoke0(Native Method)
	at java.base/jdk.internal.reflect.NativeMethodAccessorImpl.invoke(NativeMethodAccessorImpl.java:77)
	at java.base/jdk.internal.reflect.DelegatingMethodAccessorImpl.invoke(DelegatingMethodAccessorImpl.java:43)
	at BrowserControl.beforeSuite(BrowserControl.groovy:47)
	at java.base/jdk.internal.reflect.NativeMethodAccessorImpl.invoke0(Native Method)
	at java.base/jdk.internal.reflect.NativeMethodAccessorImpl.invoke(NativeMethodAccessorImpl.java:77)
	at java.base/jdk.internal.reflect.DelegatingMethodAccessorImpl.invoke(DelegatingMethodAccessorImpl.java:43)
	at com.kms.katalon.core.context.internal.TestHooker.invokeMethod(TestHooker.java:111)
	at com.kms.katalon.core.context.internal.TestHooker.lambda$3(TestHooker.java:95)
	at com.kms.katalon.core.context.internal.TestHooker.invokeContextMethods(TestHooker.java:94)
	at com.kms.katalon.core.context.internal.TestListenerCollector.lambda$3(TestListenerCollector.java:88)
	at com.kms.katalon.core.context.internal.TestListenerCollector.handleListenerEvent(TestListenerCollector.java:85)
	at com.kms.katalon.core.context.internal.ExecutionEventManager.publicEvent(ExecutionEventManager.java:36)
	at com.kms.katalon.core.main.TestSuiteExecutor.execute(TestSuiteExecutor.java:105)
	at com.kms.katalon.core.main.TestCaseMain.startTestSuite(TestCaseMain.java:186)
	at TempTestSuite1755824545909.run(TempTestSuite1755824545909.groovy:35)
	at java.base/jdk.internal.reflect.NativeMethodAccessorImpl.invoke0(Native Method)
	at java.base/jdk.internal.reflect.NativeMethodAccessorImpl.invoke(NativeMethodAccessorImpl.java:77)
	at java.base/jdk.internal.reflect.DelegatingMethodAccessorImpl.invoke(DelegatingMethodAccessorImpl.java:43)
)

22-08-2025T10:02:30 - [MESSAGE][ERROR] - com.kms.katalon.core.exception.StepFailedException: Actual text 'https://tapas.io/' and expected text 'https://tapas.io' are not matched
	at com.kms.katalon.core.keyword.builtin.VerifyMatchKeyword$_verifyMatch_closure1.doCall(VerifyMatchKeyword.groovy:57)
	at com.kms.katalon.core.keyword.builtin.VerifyMatchKeyword$_verifyMatch_closure1.call(VerifyMatchKeyword.groovy)
	at com.kms.katalon.core.keyword.internal.KeywordMain.runKeyword(KeywordMain.groovy:75)
	at com.kms.katalon.core.keyword.builtin.VerifyMatchKeyword.verifyMatch(VerifyMatchKeyword.groovy:60)
	at com.kms.katalon.core.keyword.builtin.VerifyMatchKeyword.execute(VerifyMatchKeyword.groovy:45)
	at com.kms.katalon.core.keyword.internal.KeywordExecutor.executeKeywordForPlatform(KeywordExecutor.groovy:74)
	at com.kms.katalon.core.keyword.BuiltinKeywords.verifyMatch(BuiltinKeywords.groovy:78)
	at java.base/jdk.internal.reflect.NativeMethodAccessorImpl.invoke0(Native Method)
	at java.base/jdk.internal.reflect.NativeMethodAccessorImpl.invoke(NativeMethodAccessorImpl.java:77)
	at java.base/jdk.internal.reflect.DelegatingMethodAccessorImpl.invoke(DelegatingMethodAccessorImpl.java:43)
	at BrowserControl.beforeSuite(BrowserControl.groovy:47)
	at java.base/jdk.internal.reflect.NativeMethodAccessorImpl.invoke0(Native Method)
	at java.base/jdk.internal.reflect.NativeMethodAccessorImpl.invoke(NativeMethodAccessorImpl.java:77)
	at java.base/jdk.internal.reflect.DelegatingMethodAccessorImpl.invoke(DelegatingMethodAccessorImpl.java:43)
	at com.kms.katalon.core.context.internal.TestHooker.invokeMethod(TestHooker.java:111)
	at com.kms.katalon.core.context.internal.TestHooker.lambda$3(TestHooker.java:95)
	at com.kms.katalon.core.context.internal.TestHooker.invokeContextMethods(TestHooker.java:94)
	at com.kms.katalon.core.context.internal.TestListenerCollector.lambda$3(TestListenerCollector.java:88)
	at com.kms.katalon.core.context.internal.TestListenerCollector.handleListenerEvent(TestListenerCollector.java:85)
	at com.kms.katalon.core.context.internal.ExecutionEventManager.publicEvent(ExecutionEventManager.java:36)
	at com.kms.katalon.core.main.TestSuiteExecutor.execute(TestSuiteExecutor.java:105)
	at com.kms.katalon.core.main.TestCaseMain.startTestSuite(TestCaseMain.java:186)
	at TempTestSuite1755824545909.run(TempTestSuite1755824545909.groovy:35)
	at java.base/jdk.internal.reflect.NativeMethodAccessorImpl.invoke0(Native Method)
	at java.base/jdk.internal.reflect.NativeMethodAccessorImpl.invoke(NativeMethodAccessorImpl.java:77)
	at java.base/jdk.internal.reflect.DelegatingMethodAccessorImpl.invoke(DelegatingMethodAccessorImpl.java:43)

22-08-2025T10:02:27 - [TEST_SUITE][PASSED] - TC1: Test Cases/Prod환경/00.메인홈/02.검색/03.검색 리스트 확인 - Copy

22-08-2025T10:02:49 - [TEST_STEP][PASSED] - Start listener action : afterSuite: null

22-08-2025T10:02:49 - [TEST_STEP][PASSED] - println("[Suite 실행] 브라우저 닫기"): null

22-08-2025T10:02:49 - [TEST_STEP][PASSED] - closeBrowser(): Browser is closed

22-08-2025T10:02:49 - [MESSAGE][PASSED] - Browser is closed

22-08-2025T10:02:49 - [TEST_STEP][PASSED] - isSuite = false: null]]></system-out>
      <system-err><![CDATA[]]></system-err>
   </testsuite>
</testsuites>
