<?xml version="1.0" encoding="UTF-8"?>
<testsuites name="Home" time="35.423" tests="2" failures="1" errors="0">
   <testsuite name="Home" tests="2" failures="1" errors="0" time="35.423" skipped="0" timestamp="05-02-2025T16:14:14" hostname="ruben.lee - localhost" id="Test Suites/Home">
      <properties>
         <property name="deviceName" value=""/>
         <property name="devicePlatform"/>
         <property name="logFolder" value="/Users/ruben.lee/Katalon Studio/Tapas Test/Reports/20250205_161407/Home/20250205_161408"/>
         <property name="logFiles" value="/Users/ruben.lee/Katalon Studio/Tapas Test/Reports/20250205_161407/Home/20250205_161408/execution0.log"/>
         <property name="attachments" value=""/>
         <property name="hostName" value="ruben.lee - localhost"/>
         <property name="os" value="Mac OS X 64bit"/>
         <property name="katalonVersion" value="10.1.0.223"/>
         <property name="browser" value="Chrome 132.0.6834.160"/>
         <property name="hostAddress" value="127.0.0.1"/>
         <property name="sessionId" value="1a828fa1f5cc400f8b5aa40516b61647"/>
         <property name="seleniumVersion" value="4.22.0"/>
         <property name="proxyInformation" value="ProxyInformation { proxyOption=NO_PROXY, proxyServerType=HTTP, username=, password=********, proxyServerAddress=, proxyServerPort=0, executionList=&quot;&quot;, isApplyToDesiredCapabilities=true }"/>
         <property name="platform" value="Mac OS X"/>
      </properties>
      <testcase name="Test Cases/Home/숏컷 확인 - 로그인 - 강조 확인" time="29.678" classname="Test Cases/Home/숏컷 확인 - 로그인 - 강조 확인" status="PASSED">
         <system-out><![CDATA[05-02-2025T16:14:14 - [TEST_CASE][PASSED] - Test Cases/Home/숏컷 확인 - 로그인 - 강조 확인: Test Cases/Home/숏컷 확인 - 로그인 - 강조 확인

05-02-2025T16:14:14 - [TEST_STEP][PASSED] - url = "https://tapas.io/account/signin?from=/": null

05-02-2025T16:14:14 - [TEST_STEP][PASSED] - email = "dkttapas00@gmail.com": null

05-02-2025T16:14:15 - [TEST_STEP][PASSED] - password = "winehouse": null

05-02-2025T16:14:15 - [TEST_STEP][PASSED] - cookieFilePath = "cookies.save": null

05-02-2025T16:14:15 - [TEST_STEP][PASSED] - openBrowser(""): Browser is opened with url: ''

05-02-2025T16:14:15 - [MESSAGE][INFO] - Starting 'Chrome' driver

05-02-2025T16:14:15 - [MESSAGE][INFO] - Action delay is set to 0 milliseconds

05-02-2025T16:14:19 - [MESSAGE][PASSED] - Browser is opened with url: ''

05-02-2025T16:14:19 - [TEST_STEP][PASSED] - navigateToUrl(url): Navigate to 'https://tapas.io/account/signin?from=/' successfully

05-02-2025T16:14:23 - [MESSAGE][PASSED] - Navigate to 'https://tapas.io/account/signin?from=/' successfully

05-02-2025T16:14:23 - [TEST_STEP][PASSED] - cookieFile = new java.io.File(cookieFilePath): null

05-02-2025T16:14:23 - [TEST_STEP][PASSED] - if (cookieFile.exists()): ✅ 쿠키 로드 완료! 자동 로그인 성공

05-02-2025T16:14:23 - [TEST_STEP][PASSED] - driver = getWebDriver(): null

05-02-2025T16:14:23 - [TEST_STEP][PASSED] - try: ✅ 쿠키 로드 완료! 자동 로그인 성공

05-02-2025T16:14:23 - [TEST_STEP][PASSED] - fis = new java.io.FileInputStream(cookieFile): null

05-02-2025T16:14:23 - [TEST_STEP][PASSED] - ois = new java.io.ObjectInputStream(fis): null

05-02-2025T16:14:23 - [TEST_STEP][PASSED] - cookies = ois.readObject(): null

05-02-2025T16:14:23 - [TEST_STEP][PASSED] - ois.close(): null

05-02-2025T16:14:23 - [TEST_STEP][PASSED] - fis.close(): null

05-02-2025T16:14:23 - [TEST_STEP][PASSED] - for (org.openqa.selenium.Cookie cookie : cookies): null

05-02-2025T16:14:23 - [TEST_STEP][PASSED] - manage().addCookie(cookie): null

05-02-2025T16:14:23 - [TEST_STEP][PASSED] - manage().addCookie(cookie): null

05-02-2025T16:14:23 - [TEST_STEP][PASSED] - manage().addCookie(cookie): null

05-02-2025T16:14:23 - [TEST_STEP][PASSED] - manage().addCookie(cookie): null

05-02-2025T16:14:23 - [TEST_STEP][PASSED] - manage().addCookie(cookie): null

05-02-2025T16:14:23 - [TEST_STEP][PASSED] - manage().addCookie(cookie): null

05-02-2025T16:14:23 - [TEST_STEP][PASSED] - manage().addCookie(cookie): null

05-02-2025T16:14:23 - [TEST_STEP][PASSED] - manage().addCookie(cookie): null

05-02-2025T16:14:23 - [TEST_STEP][PASSED] - manage().addCookie(cookie): null

05-02-2025T16:14:23 - [TEST_STEP][PASSED] - manage().addCookie(cookie): null

05-02-2025T16:14:23 - [TEST_STEP][PASSED] - manage().addCookie(cookie): null

05-02-2025T16:14:23 - [TEST_STEP][PASSED] - manage().addCookie(cookie): null

05-02-2025T16:14:23 - [TEST_STEP][PASSED] - manage().addCookie(cookie): null

05-02-2025T16:14:23 - [TEST_STEP][PASSED] - manage().addCookie(cookie): null

05-02-2025T16:14:23 - [TEST_STEP][PASSED] - manage().addCookie(cookie): null

05-02-2025T16:14:23 - [TEST_STEP][PASSED] - manage().addCookie(cookie): null

05-02-2025T16:14:23 - [TEST_STEP][PASSED] - manage().addCookie(cookie): null

05-02-2025T16:14:23 - [TEST_STEP][PASSED] - manage().addCookie(cookie): null

05-02-2025T16:14:23 - [TEST_STEP][PASSED] - manage().addCookie(cookie): null

05-02-2025T16:14:23 - [TEST_STEP][PASSED] - manage().addCookie(cookie): null

05-02-2025T16:14:23 - [TEST_STEP][PASSED] - manage().addCookie(cookie): null

05-02-2025T16:14:23 - [TEST_STEP][PASSED] - manage().addCookie(cookie): null

05-02-2025T16:14:24 - [TEST_STEP][PASSED] - manage().addCookie(cookie): null

05-02-2025T16:14:24 - [TEST_STEP][PASSED] - manage().addCookie(cookie): null

05-02-2025T16:14:24 - [TEST_STEP][PASSED] - manage().addCookie(cookie): null

05-02-2025T16:14:24 - [TEST_STEP][PASSED] - manage().addCookie(cookie): null

05-02-2025T16:14:24 - [TEST_STEP][PASSED] - manage().addCookie(cookie): null

05-02-2025T16:14:24 - [TEST_STEP][PASSED] - manage().addCookie(cookie): null

05-02-2025T16:14:24 - [TEST_STEP][PASSED] - manage().addCookie(cookie): null

05-02-2025T16:14:24 - [TEST_STEP][PASSED] - manage().addCookie(cookie): null

05-02-2025T16:14:24 - [TEST_STEP][PASSED] - refresh(): Refresh successfully

05-02-2025T16:14:26 - [MESSAGE][PASSED] - Refresh successfully

05-02-2025T16:14:26 - [TEST_STEP][PASSED] - comment("✅ 쿠키 로드 완료! 자동 로그인 성공"): ✅ 쿠키 로드 완료! 자동 로그인 성공

05-02-2025T16:14:26 - [MESSAGE][INFO] - ✅ 쿠키 로드 완료! 자동 로그인 성공

05-02-2025T16:14:26 - [TEST_STEP][PASSED] - searchBox = findTestObject("숏컷 로그인 신규/Page_Home  Spotlight/input_More_q"): null

05-02-2025T16:14:26 - [TEST_STEP][PASSED] - HighlightElement.run(searchBox): null

05-02-2025T16:14:31 - [TEST_STEP][PASSED] - verifyElementPresent(searchBox, 0): Object 'Object Repository/숏컷 로그인 신규/Page_Home  Spotlight/input_More_q' is present

05-02-2025T16:14:31 - [MESSAGE][WARNING] - Timeout '0' is invalid. Using default page load timeout: '40'

05-02-2025T16:14:31 - [MESSAGE][PASSED] - Object 'Object Repository/숏컷 로그인 신규/Page_Home  Spotlight/input_More_q' is present

05-02-2025T16:14:31 - [TEST_STEP][PASSED] - logoImage = findTestObject("숏컷 로그인 신규/Page_Home  Spotlight/img_More_absolute right-2 top-24 -translate-y-24"): null

05-02-2025T16:14:31 - [TEST_STEP][PASSED] - HighlightElement.run(logoImage): null

05-02-2025T16:14:33 - [TEST_STEP][PASSED] - verifyElementPresent(logoImage, 0): Object 'Object Repository/숏컷 로그인 신규/Page_Home  Spotlight/img_More_absolute right-2 top-24 -translate-y-24' is present

05-02-2025T16:14:33 - [MESSAGE][WARNING] - Timeout '0' is invalid. Using default page load timeout: '40'

05-02-2025T16:14:33 - [MESSAGE][PASSED] - Object 'Object Repository/숏컷 로그인 신규/Page_Home  Spotlight/img_More_absolute right-2 top-24 -translate-y-24' is present

05-02-2025T16:14:33 - [TEST_STEP][PASSED] - libraryimage = findTestObject("숏컷 로그인 신규/Page_Home  Spotlight/library"): null

05-02-2025T16:14:33 - [TEST_STEP][PASSED] - HighlightElement.run(libraryimage): null

05-02-2025T16:14:36 - [TEST_STEP][PASSED] - verifyElementPresent(libraryimage, 0): Object 'Object Repository/숏컷 로그인 신규/Page_Home  Spotlight/library' is present

05-02-2025T16:14:36 - [MESSAGE][WARNING] - Timeout '0' is invalid. Using default page load timeout: '40'

05-02-2025T16:14:36 - [MESSAGE][PASSED] - Object 'Object Repository/숏컷 로그인 신규/Page_Home  Spotlight/library' is present

05-02-2025T16:14:36 - [TEST_STEP][PASSED] - inboximage = findTestObject("숏컷 로그인 신규/Page_Home  Spotlight/inbox"): null

05-02-2025T16:14:36 - [TEST_STEP][PASSED] - HighlightElement.run(inboximage): null

05-02-2025T16:14:38 - [TEST_STEP][PASSED] - verifyElementPresent(inboximage, 0): Object 'Object Repository/숏컷 로그인 신규/Page_Home  Spotlight/inbox' is present

05-02-2025T16:14:38 - [MESSAGE][WARNING] - Timeout '0' is invalid. Using default page load timeout: '40'

05-02-2025T16:14:38 - [MESSAGE][PASSED] - Object 'Object Repository/숏컷 로그인 신규/Page_Home  Spotlight/inbox' is present

05-02-2025T16:14:38 - [TEST_STEP][PASSED] - profileImage = findTestObject("숏컷 로그인 신규/Page_Home  Spotlight/div_More_absolute left-0 top-0 size-full rounded-100 border-1 border-888"): null

05-02-2025T16:14:39 - [TEST_STEP][PASSED] - HighlightElement.run(profileImage): null

05-02-2025T16:14:41 - [TEST_STEP][PASSED] - verifyElementPresent(profileImage, 0): Object 'Object Repository/숏컷 로그인 신규/Page_Home  Spotlight/div_More_absolute left-0 top-0 size-full rounded-100 border-1 border-888' is present

05-02-2025T16:14:41 - [MESSAGE][WARNING] - Timeout '0' is invalid. Using default page load timeout: '40'

05-02-2025T16:14:41 - [MESSAGE][PASSED] - Object 'Object Repository/숏컷 로그인 신규/Page_Home  Spotlight/div_More_absolute left-0 top-0 size-full rounded-100 border-1 border-888' is present

05-02-2025T16:14:41 - [TEST_STEP][PASSED] - publishButton = findTestObject("숏컷 로그인 신규/Page_Home  Spotlight/button_Publish"): null

05-02-2025T16:14:41 - [TEST_STEP][PASSED] - HighlightElement.run(publishButton): null

05-02-2025T16:14:43 - [TEST_STEP][PASSED] - verifyElementPresent(publishButton, 0): Object 'Object Repository/숏컷 로그인 신규/Page_Home  Spotlight/button_Publish' is present

05-02-2025T16:14:43 - [MESSAGE][WARNING] - Timeout '0' is invalid. Using default page load timeout: '40'

05-02-2025T16:14:43 - [MESSAGE][PASSED] - Object 'Object Repository/숏컷 로그인 신규/Page_Home  Spotlight/button_Publish' is present

05-02-2025T16:14:43 - [TEST_STEP][PASSED] - closeBrowser(): Browser is closed

05-02-2025T16:14:44 - [MESSAGE][PASSED] - Browser is closed]]></system-out>
         <system-err><![CDATA[]]></system-err>
      </testcase>
      <testcase name="Test Cases/Home/숏컷 객체 강조" time="5.607" classname="Test Cases/Home/숏컷 객체 강조" status="FAILED">
         <failure type="FAILED" message="Test Cases/Home/숏컷 객체 강조 FAILED.&#xa;Reason:&#xa;java.lang.AssertionError: Session ID is null. Using WebDriver after calling quit()?&#xa;Build info: version: '4.22.0', revision: 'c5f3146703'&#xa;System info: os.name: 'Mac OS X', os.arch: 'aarch64', os.version: '14.6.1', java.version: '17.0.13'&#xa;Driver info: com.kms.katalon.selenium.driver.CChromeDriver&#xa;Command: [null, executeScript {script=arguments[0].setAttribute('style','background: yellow; border: 5px solid red;');, args=[{element-6066-11e4-a52e-4f735466cecf=f.C969455A55C2CFD96309260E1E8526E6.d.64E7F34D684306D627E2898DDD5BD060.e.5}]}]&#xa;Capabilities {acceptInsecureCerts: false, browserName: chrome, browserVersion: 132.0.6834.160, chrome: {chromedriverVersion: 132.0.6834.83 (03d59cf5ecf1..., userDataDir: /var/folders/jt/hwd168h1059...}, fedcm:accounts: true, goog:chromeOptions: {debuggerAddress: localhost:59486}, networkConnectionEnabled: false, pageLoadStrategy: normal, platformName: mac, proxy: Proxy(), se:cdp: ws://localhost:59486/devtoo..., se:cdpVersion: 132.0.6834.160, setWindowRect: true, strictFileInteractability: false, timeouts: {implicit: 0, pageLoad: 300000, script: 30000}, unhandledPromptBehavior: ignore, webSocketUrl: ws://localhost:26654/sessio..., webauthn:extension:credBlob: true, webauthn:extension:largeBlob: true, webauthn:extension:minPinLength: true, webauthn:extension:prf: true, webauthn:virtualAuthenticators: true}&#xa;	at org.testng.Assert.fail(Assert.java:111)&#xa;	at com.reusableComponents.HighlightElement.run(HighlightElement.groovy:33)&#xa;	at 숏컷 객체 강조.run(숏컷 객체 강조:28)&#xa;	at com.kms.katalon.core.main.ScriptEngine.run(ScriptEngine.java:194)&#xa;	at com.kms.katalon.core.main.ScriptEngine.runScriptAsRawText(ScriptEngine.java:119)&#xa;	at com.kms.katalon.core.main.TestCaseExecutor.runScript(TestCaseExecutor.java:448)&#xa;	at com.kms.katalon.core.main.TestCaseExecutor.doExecute(TestCaseExecutor.java:439)&#xa;	at com.kms.katalon.core.main.TestCaseExecutor.processExecutionPhase(TestCaseExecutor.java:418)&#xa;	at com.kms.katalon.core.main.TestCaseExecutor.accessMainPhase(TestCaseExecutor.java:410)&#xa;	at com.kms.katalon.core.main.TestCaseExecutor.execute(TestCaseExecutor.java:285)&#xa;	at com.kms.katalon.core.common.CommonExecutor.accessTestCaseMainPhase(CommonExecutor.java:71)&#xa;	at com.kms.katalon.core.main.TestSuiteExecutor.accessTestSuiteMainPhase(TestSuiteExecutor.java:160)&#xa;	at com.kms.katalon.core.main.TestSuiteExecutor.execute(TestSuiteExecutor.java:107)&#xa;	at com.kms.katalon.core.main.TestCaseMain.startTestSuite(TestCaseMain.java:180)&#xa;	at TempTestSuite1738739648709.run(TempTestSuite1738739648709.groovy:35)&#xa;	at java.base/jdk.internal.reflect.NativeMethodAccessorImpl.invoke0(Native Method)&#xa;	at java.base/jdk.internal.reflect.NativeMethodAccessorImpl.invoke(NativeMethodAccessorImpl.java:77)&#xa;	at java.base/jdk.internal.reflect.DelegatingMethodAccessorImpl.invoke(DelegatingMethodAccessorImpl.java:43)&#xa;"/>
         <system-out><![CDATA[05-02-2025T16:14:44 - [TEST_CASE][FAILED] - Test Cases/Home/숏컷 객체 강조: Test Cases/Home/숏컷 객체 강조 FAILED.
Reason:
java.lang.AssertionError: Session ID is null. Using WebDriver after calling quit()?
Build info: version: '4.22.0', revision: 'c5f3146703'
System info: os.name: 'Mac OS X', os.arch: 'aarch64', os.version: '14.6.1', java.version: '17.0.13'
Driver info: com.kms.katalon.selenium.driver.CChromeDriver
Command: [null, executeScript {script=arguments[0].setAttribute('style','background: yellow; border: 5px solid red;');, args=[{element-6066-11e4-a52e-4f735466cecf=f.C969455A55C2CFD96309260E1E8526E6.d.64E7F34D684306D627E2898DDD5BD060.e.5}]}]
Capabilities {acceptInsecureCerts: false, browserName: chrome, browserVersion: 132.0.6834.160, chrome: {chromedriverVersion: 132.0.6834.83 (03d59cf5ecf1..., userDataDir: /var/folders/jt/hwd168h1059...}, fedcm:accounts: true, goog:chromeOptions: {debuggerAddress: localhost:59486}, networkConnectionEnabled: false, pageLoadStrategy: normal, platformName: mac, proxy: Proxy(), se:cdp: ws://localhost:59486/devtoo..., se:cdpVersion: 132.0.6834.160, setWindowRect: true, strictFileInteractability: false, timeouts: {implicit: 0, pageLoad: 300000, script: 30000}, unhandledPromptBehavior: ignore, webSocketUrl: ws://localhost:26654/sessio..., webauthn:extension:credBlob: true, webauthn:extension:largeBlob: true, webauthn:extension:minPinLength: true, webauthn:extension:prf: true, webauthn:virtualAuthenticators: true}
	at org.testng.Assert.fail(Assert.java:111)
	at com.reusableComponents.HighlightElement.run(HighlightElement.groovy:33)
	at 숏컷 객체 강조.run(숏컷 객체 강조:28)
	at com.kms.katalon.core.main.ScriptEngine.run(ScriptEngine.java:194)
	at com.kms.katalon.core.main.ScriptEngine.runScriptAsRawText(ScriptEngine.java:119)
	at com.kms.katalon.core.main.TestCaseExecutor.runScript(TestCaseExecutor.java:448)
	at com.kms.katalon.core.main.TestCaseExecutor.doExecute(TestCaseExecutor.java:439)
	at com.kms.katalon.core.main.TestCaseExecutor.processExecutionPhase(TestCaseExecutor.java:418)
	at com.kms.katalon.core.main.TestCaseExecutor.accessMainPhase(TestCaseExecutor.java:410)
	at com.kms.katalon.core.main.TestCaseExecutor.execute(TestCaseExecutor.java:285)
	at com.kms.katalon.core.common.CommonExecutor.accessTestCaseMainPhase(CommonExecutor.java:71)
	at com.kms.katalon.core.main.TestSuiteExecutor.accessTestSuiteMainPhase(TestSuiteExecutor.java:160)
	at com.kms.katalon.core.main.TestSuiteExecutor.execute(TestSuiteExecutor.java:107)
	at com.kms.katalon.core.main.TestCaseMain.startTestSuite(TestCaseMain.java:180)
	at TempTestSuite1738739648709.run(TempTestSuite1738739648709.groovy:35)
	at java.base/jdk.internal.reflect.NativeMethodAccessorImpl.invoke0(Native Method)
	at java.base/jdk.internal.reflect.NativeMethodAccessorImpl.invoke(NativeMethodAccessorImpl.java:77)
	at java.base/jdk.internal.reflect.DelegatingMethodAccessorImpl.invoke(DelegatingMethodAccessorImpl.java:43)


05-02-2025T16:14:44 - [TEST_STEP][PASSED] - openBrowser(""): Browser is opened with url: ''

05-02-2025T16:14:44 - [MESSAGE][INFO] - Starting 'Chrome' driver

05-02-2025T16:14:44 - [MESSAGE][INFO] - Action delay is set to 0 milliseconds

05-02-2025T16:14:45 - [MESSAGE][PASSED] - Browser is opened with url: ''

05-02-2025T16:14:45 - [TEST_STEP][PASSED] - navigateToUrl("https://tapas.io/"): Navigate to 'https://tapas.io/' successfully

05-02-2025T16:14:47 - [MESSAGE][PASSED] - Navigate to 'https://tapas.io/' successfully

05-02-2025T16:14:47 - [TEST_STEP][PASSED] - searchBox = findTestObject("숏컷 미로그인/Page_Home  Spotlight/input_More_q"): null

05-02-2025T16:14:47 - [TEST_STEP][FAILED] - HighlightElement.run(searchBox): Test Cases/Home/숏컷 객체 강조 FAILED.
Reason:
java.lang.AssertionError: Session ID is null. Using WebDriver after calling quit()?
Build info: version: '4.22.0', revision: 'c5f3146703'
System info: os.name: 'Mac OS X', os.arch: 'aarch64', os.version: '14.6.1', java.version: '17.0.13'
Driver info: com.kms.katalon.selenium.driver.CChromeDriver
Command: [null, executeScript {script=arguments[0].setAttribute('style','background: yellow; border: 5px solid red;');, args=[{element-6066-11e4-a52e-4f735466cecf=f.C969455A55C2CFD96309260E1E8526E6.d.64E7F34D684306D627E2898DDD5BD060.e.5}]}]
Capabilities {acceptInsecureCerts: false, browserName: chrome, browserVersion: 132.0.6834.160, chrome: {chromedriverVersion: 132.0.6834.83 (03d59cf5ecf1..., userDataDir: /var/folders/jt/hwd168h1059...}, fedcm:accounts: true, goog:chromeOptions: {debuggerAddress: localhost:59486}, networkConnectionEnabled: false, pageLoadStrategy: normal, platformName: mac, proxy: Proxy(), se:cdp: ws://localhost:59486/devtoo..., se:cdpVersion: 132.0.6834.160, setWindowRect: true, strictFileInteractability: false, timeouts: {implicit: 0, pageLoad: 300000, script: 30000}, unhandledPromptBehavior: ignore, webSocketUrl: ws://localhost:26654/sessio..., webauthn:extension:credBlob: true, webauthn:extension:largeBlob: true, webauthn:extension:minPinLength: true, webauthn:extension:prf: true, webauthn:virtualAuthenticators: true}
	at org.testng.Assert.fail(Assert.java:111)
	at com.reusableComponents.HighlightElement.run(HighlightElement.groovy:33)
	at 숏컷 객체 강조.run(숏컷 객체 강조:28)
	at com.kms.katalon.core.main.ScriptEngine.run(ScriptEngine.java:194)
	at com.kms.katalon.core.main.ScriptEngine.runScriptAsRawText(ScriptEngine.java:119)
	at com.kms.katalon.core.main.TestCaseExecutor.runScript(TestCaseExecutor.java:448)
	at com.kms.katalon.core.main.TestCaseExecutor.doExecute(TestCaseExecutor.java:439)
	at com.kms.katalon.core.main.TestCaseExecutor.processExecutionPhase(TestCaseExecutor.java:418)
	at com.kms.katalon.core.main.TestCaseExecutor.accessMainPhase(TestCaseExecutor.java:410)
	at com.kms.katalon.core.main.TestCaseExecutor.execute(TestCaseExecutor.java:285)
	at com.kms.katalon.core.common.CommonExecutor.accessTestCaseMainPhase(CommonExecutor.java:71)
	at com.kms.katalon.core.main.TestSuiteExecutor.accessTestSuiteMainPhase(TestSuiteExecutor.java:160)
	at com.kms.katalon.core.main.TestSuiteExecutor.execute(TestSuiteExecutor.java:107)
	at com.kms.katalon.core.main.TestCaseMain.startTestSuite(TestCaseMain.java:180)
	at TempTestSuite1738739648709.run(TempTestSuite1738739648709.groovy:35)
	at java.base/jdk.internal.reflect.NativeMethodAccessorImpl.invoke0(Native Method)
	at java.base/jdk.internal.reflect.NativeMethodAccessorImpl.invoke(NativeMethodAccessorImpl.java:77)
	at java.base/jdk.internal.reflect.DelegatingMethodAccessorImpl.invoke(DelegatingMethodAccessorImpl.java:43)


05-02-2025T16:14:49 - [MESSAGE][FAILED] - Test Cases/Home/숏컷 객체 강조 FAILED.
Reason:
java.lang.AssertionError: Session ID is null. Using WebDriver after calling quit()?
Build info: version: '4.22.0', revision: 'c5f3146703'
System info: os.name: 'Mac OS X', os.arch: 'aarch64', os.version: '14.6.1', java.version: '17.0.13'
Driver info: com.kms.katalon.selenium.driver.CChromeDriver
Command: [null, executeScript {script=arguments[0].setAttribute('style','background: yellow; border: 5px solid red;');, args=[{element-6066-11e4-a52e-4f735466cecf=f.C969455A55C2CFD96309260E1E8526E6.d.64E7F34D684306D627E2898DDD5BD060.e.5}]}]
Capabilities {acceptInsecureCerts: false, browserName: chrome, browserVersion: 132.0.6834.160, chrome: {chromedriverVersion: 132.0.6834.83 (03d59cf5ecf1..., userDataDir: /var/folders/jt/hwd168h1059...}, fedcm:accounts: true, goog:chromeOptions: {debuggerAddress: localhost:59486}, networkConnectionEnabled: false, pageLoadStrategy: normal, platformName: mac, proxy: Proxy(), se:cdp: ws://localhost:59486/devtoo..., se:cdpVersion: 132.0.6834.160, setWindowRect: true, strictFileInteractability: false, timeouts: {implicit: 0, pageLoad: 300000, script: 30000}, unhandledPromptBehavior: ignore, webSocketUrl: ws://localhost:26654/sessio..., webauthn:extension:credBlob: true, webauthn:extension:largeBlob: true, webauthn:extension:minPinLength: true, webauthn:extension:prf: true, webauthn:virtualAuthenticators: true}
	at org.testng.Assert.fail(Assert.java:111)
	at com.reusableComponents.HighlightElement.run(HighlightElement.groovy:33)
	at 숏컷 객체 강조.run(숏컷 객체 강조:28)
	at com.kms.katalon.core.main.ScriptEngine.run(ScriptEngine.java:194)
	at com.kms.katalon.core.main.ScriptEngine.runScriptAsRawText(ScriptEngine.java:119)
	at com.kms.katalon.core.main.TestCaseExecutor.runScript(TestCaseExecutor.java:448)
	at com.kms.katalon.core.main.TestCaseExecutor.doExecute(TestCaseExecutor.java:439)
	at com.kms.katalon.core.main.TestCaseExecutor.processExecutionPhase(TestCaseExecutor.java:418)
	at com.kms.katalon.core.main.TestCaseExecutor.accessMainPhase(TestCaseExecutor.java:410)
	at com.kms.katalon.core.main.TestCaseExecutor.execute(TestCaseExecutor.java:285)
	at com.kms.katalon.core.common.CommonExecutor.accessTestCaseMainPhase(CommonExecutor.java:71)
	at com.kms.katalon.core.main.TestSuiteExecutor.accessTestSuiteMainPhase(TestSuiteExecutor.java:160)
	at com.kms.katalon.core.main.TestSuiteExecutor.execute(TestSuiteExecutor.java:107)
	at com.kms.katalon.core.main.TestCaseMain.startTestSuite(TestCaseMain.java:180)
	at TempTestSuite1738739648709.run(TempTestSuite1738739648709.groovy:35)
	at java.base/jdk.internal.reflect.NativeMethodAccessorImpl.invoke0(Native Method)
	at java.base/jdk.internal.reflect.NativeMethodAccessorImpl.invoke(NativeMethodAccessorImpl.java:77)
	at java.base/jdk.internal.reflect.DelegatingMethodAccessorImpl.invoke(DelegatingMethodAccessorImpl.java:43)]]></system-out>
         <system-err><![CDATA[05-02-2025T16:14:44 - [TEST_CASE][FAILED] - Test Cases/Home/숏컷 객체 강조: Test Cases/Home/숏컷 객체 강조 FAILED.
Reason:
java.lang.AssertionError: Session ID is null. Using WebDriver after calling quit()?
Build info: version: '4.22.0', revision: 'c5f3146703'
System info: os.name: 'Mac OS X', os.arch: 'aarch64', os.version: '14.6.1', java.version: '17.0.13'
Driver info: com.kms.katalon.selenium.driver.CChromeDriver
Command: [null, executeScript {script=arguments[0].setAttribute('style','background: yellow; border: 5px solid red;');, args=[{element-6066-11e4-a52e-4f735466cecf=f.C969455A55C2CFD96309260E1E8526E6.d.64E7F34D684306D627E2898DDD5BD060.e.5}]}]
Capabilities {acceptInsecureCerts: false, browserName: chrome, browserVersion: 132.0.6834.160, chrome: {chromedriverVersion: 132.0.6834.83 (03d59cf5ecf1..., userDataDir: /var/folders/jt/hwd168h1059...}, fedcm:accounts: true, goog:chromeOptions: {debuggerAddress: localhost:59486}, networkConnectionEnabled: false, pageLoadStrategy: normal, platformName: mac, proxy: Proxy(), se:cdp: ws://localhost:59486/devtoo..., se:cdpVersion: 132.0.6834.160, setWindowRect: true, strictFileInteractability: false, timeouts: {implicit: 0, pageLoad: 300000, script: 30000}, unhandledPromptBehavior: ignore, webSocketUrl: ws://localhost:26654/sessio..., webauthn:extension:credBlob: true, webauthn:extension:largeBlob: true, webauthn:extension:minPinLength: true, webauthn:extension:prf: true, webauthn:virtualAuthenticators: true}
	at org.testng.Assert.fail(Assert.java:111)
	at com.reusableComponents.HighlightElement.run(HighlightElement.groovy:33)
	at 숏컷 객체 강조.run(숏컷 객체 강조:28)
	at com.kms.katalon.core.main.ScriptEngine.run(ScriptEngine.java:194)
	at com.kms.katalon.core.main.ScriptEngine.runScriptAsRawText(ScriptEngine.java:119)
	at com.kms.katalon.core.main.TestCaseExecutor.runScript(TestCaseExecutor.java:448)
	at com.kms.katalon.core.main.TestCaseExecutor.doExecute(TestCaseExecutor.java:439)
	at com.kms.katalon.core.main.TestCaseExecutor.processExecutionPhase(TestCaseExecutor.java:418)
	at com.kms.katalon.core.main.TestCaseExecutor.accessMainPhase(TestCaseExecutor.java:410)
	at com.kms.katalon.core.main.TestCaseExecutor.execute(TestCaseExecutor.java:285)
	at com.kms.katalon.core.common.CommonExecutor.accessTestCaseMainPhase(CommonExecutor.java:71)
	at com.kms.katalon.core.main.TestSuiteExecutor.accessTestSuiteMainPhase(TestSuiteExecutor.java:160)
	at com.kms.katalon.core.main.TestSuiteExecutor.execute(TestSuiteExecutor.java:107)
	at com.kms.katalon.core.main.TestCaseMain.startTestSuite(TestCaseMain.java:180)
	at TempTestSuite1738739648709.run(TempTestSuite1738739648709.groovy:35)
	at java.base/jdk.internal.reflect.NativeMethodAccessorImpl.invoke0(Native Method)
	at java.base/jdk.internal.reflect.NativeMethodAccessorImpl.invoke(NativeMethodAccessorImpl.java:77)
	at java.base/jdk.internal.reflect.DelegatingMethodAccessorImpl.invoke(DelegatingMethodAccessorImpl.java:43)]]></system-err>
      </testcase>
      <system-out><![CDATA[05-02-2025T16:14:14 - [TEST_SUITE][FAILED] - Home: Test Cases/Home/숏컷 객체 강조 FAILED.
Reason:
java.lang.AssertionError: Session ID is null. Using WebDriver after calling quit()?
Build info: version: '4.22.0', revision: 'c5f3146703'
System info: os.name: 'Mac OS X', os.arch: 'aarch64', os.version: '14.6.1', java.version: '17.0.13'
Driver info: com.kms.katalon.selenium.driver.CChromeDriver
Command: [null, executeScript {script=arguments[0].setAttribute('style','background: yellow; border: 5px solid red;');, args=[{element-6066-11e4-a52e-4f735466cecf=f.C969455A55C2CFD96309260E1E8526E6.d.64E7F34D684306D627E2898DDD5BD060.e.5}]}]
Capabilities {acceptInsecureCerts: false, browserName: chrome, browserVersion: 132.0.6834.160, chrome: {chromedriverVersion: 132.0.6834.83 (03d59cf5ecf1..., userDataDir: /var/folders/jt/hwd168h1059...}, fedcm:accounts: true, goog:chromeOptions: {debuggerAddress: localhost:59486}, networkConnectionEnabled: false, pageLoadStrategy: normal, platformName: mac, proxy: Proxy(), se:cdp: ws://localhost:59486/devtoo..., se:cdpVersion: 132.0.6834.160, setWindowRect: true, strictFileInteractability: false, timeouts: {implicit: 0, pageLoad: 300000, script: 30000}, unhandledPromptBehavior: ignore, webSocketUrl: ws://localhost:26654/sessio..., webauthn:extension:credBlob: true, webauthn:extension:largeBlob: true, webauthn:extension:minPinLength: true, webauthn:extension:prf: true, webauthn:virtualAuthenticators: true}
	at org.testng.Assert.fail(Assert.java:111)
	at com.reusableComponents.HighlightElement.run(HighlightElement.groovy:33)
	at 숏컷 객체 강조.run(숏컷 객체 강조:28)
	at com.kms.katalon.core.main.ScriptEngine.run(ScriptEngine.java:194)
	at com.kms.katalon.core.main.ScriptEngine.runScriptAsRawText(ScriptEngine.java:119)
	at com.kms.katalon.core.main.TestCaseExecutor.runScript(TestCaseExecutor.java:448)
	at com.kms.katalon.core.main.TestCaseExecutor.doExecute(TestCaseExecutor.java:439)
	at com.kms.katalon.core.main.TestCaseExecutor.processExecutionPhase(TestCaseExecutor.java:418)
	at com.kms.katalon.core.main.TestCaseExecutor.accessMainPhase(TestCaseExecutor.java:410)
	at com.kms.katalon.core.main.TestCaseExecutor.execute(TestCaseExecutor.java:285)
	at com.kms.katalon.core.common.CommonExecutor.accessTestCaseMainPhase(CommonExecutor.java:71)
	at com.kms.katalon.core.main.TestSuiteExecutor.accessTestSuiteMainPhase(TestSuiteExecutor.java:160)
	at com.kms.katalon.core.main.TestSuiteExecutor.execute(TestSuiteExecutor.java:107)
	at com.kms.katalon.core.main.TestCaseMain.startTestSuite(TestCaseMain.java:180)
	at TempTestSuite1738739648709.run(TempTestSuite1738739648709.groovy:35)
	at java.base/jdk.internal.reflect.NativeMethodAccessorImpl.invoke0(Native Method)
	at java.base/jdk.internal.reflect.NativeMethodAccessorImpl.invoke(NativeMethodAccessorImpl.java:77)
	at java.base/jdk.internal.reflect.DelegatingMethodAccessorImpl.invoke(DelegatingMethodAccessorImpl.java:43)]]></system-out>
      <system-err><![CDATA[05-02-2025T16:14:14 - [TEST_SUITE][FAILED] - Home: Test Cases/Home/숏컷 객체 강조 FAILED.
Reason:
java.lang.AssertionError: Session ID is null. Using WebDriver after calling quit()?
Build info: version: '4.22.0', revision: 'c5f3146703'
System info: os.name: 'Mac OS X', os.arch: 'aarch64', os.version: '14.6.1', java.version: '17.0.13'
Driver info: com.kms.katalon.selenium.driver.CChromeDriver
Command: [null, executeScript {script=arguments[0].setAttribute('style','background: yellow; border: 5px solid red;');, args=[{element-6066-11e4-a52e-4f735466cecf=f.C969455A55C2CFD96309260E1E8526E6.d.64E7F34D684306D627E2898DDD5BD060.e.5}]}]
Capabilities {acceptInsecureCerts: false, browserName: chrome, browserVersion: 132.0.6834.160, chrome: {chromedriverVersion: 132.0.6834.83 (03d59cf5ecf1..., userDataDir: /var/folders/jt/hwd168h1059...}, fedcm:accounts: true, goog:chromeOptions: {debuggerAddress: localhost:59486}, networkConnectionEnabled: false, pageLoadStrategy: normal, platformName: mac, proxy: Proxy(), se:cdp: ws://localhost:59486/devtoo..., se:cdpVersion: 132.0.6834.160, setWindowRect: true, strictFileInteractability: false, timeouts: {implicit: 0, pageLoad: 300000, script: 30000}, unhandledPromptBehavior: ignore, webSocketUrl: ws://localhost:26654/sessio..., webauthn:extension:credBlob: true, webauthn:extension:largeBlob: true, webauthn:extension:minPinLength: true, webauthn:extension:prf: true, webauthn:virtualAuthenticators: true}
	at org.testng.Assert.fail(Assert.java:111)
	at com.reusableComponents.HighlightElement.run(HighlightElement.groovy:33)
	at 숏컷 객체 강조.run(숏컷 객체 강조:28)
	at com.kms.katalon.core.main.ScriptEngine.run(ScriptEngine.java:194)
	at com.kms.katalon.core.main.ScriptEngine.runScriptAsRawText(ScriptEngine.java:119)
	at com.kms.katalon.core.main.TestCaseExecutor.runScript(TestCaseExecutor.java:448)
	at com.kms.katalon.core.main.TestCaseExecutor.doExecute(TestCaseExecutor.java:439)
	at com.kms.katalon.core.main.TestCaseExecutor.processExecutionPhase(TestCaseExecutor.java:418)
	at com.kms.katalon.core.main.TestCaseExecutor.accessMainPhase(TestCaseExecutor.java:410)
	at com.kms.katalon.core.main.TestCaseExecutor.execute(TestCaseExecutor.java:285)
	at com.kms.katalon.core.common.CommonExecutor.accessTestCaseMainPhase(CommonExecutor.java:71)
	at com.kms.katalon.core.main.TestSuiteExecutor.accessTestSuiteMainPhase(TestSuiteExecutor.java:160)
	at com.kms.katalon.core.main.TestSuiteExecutor.execute(TestSuiteExecutor.java:107)
	at com.kms.katalon.core.main.TestCaseMain.startTestSuite(TestCaseMain.java:180)
	at TempTestSuite1738739648709.run(TempTestSuite1738739648709.groovy:35)
	at java.base/jdk.internal.reflect.NativeMethodAccessorImpl.invoke0(Native Method)
	at java.base/jdk.internal.reflect.NativeMethodAccessorImpl.invoke(NativeMethodAccessorImpl.java:77)
	at java.base/jdk.internal.reflect.DelegatingMethodAccessorImpl.invoke(DelegatingMethodAccessorImpl.java:43)]]></system-err>
   </testsuite>
</testsuites>
