<?xml version="1.0" encoding="UTF-8"?>
<testsuites name="Home" time="87.986" tests="8" failures="1" errors="0">
   <testsuite name="Home" tests="8" failures="1" errors="0" time="87.986" skipped="0" timestamp="11-02-2025T11:03:25" hostname="ruben.lee - 172.25.109.197" id="Test Suites/Home">
      <properties>
         <property name="deviceName" value=""/>
         <property name="devicePlatform"/>
         <property name="logFolder" value="/Users/ruben.lee/Katalon Studio/Tapas Test/Reports/20250211_110319/Home/20250211_110320"/>
         <property name="logFiles" value="/Users/ruben.lee/Katalon Studio/Tapas Test/Reports/20250211_110319/Home/20250211_110320/execution0.log"/>
         <property name="attachments" value=""/>
         <property name="hostName" value="ruben.lee - 172.25.109.197"/>
         <property name="os" value="Mac OS X 64bit"/>
         <property name="katalonVersion" value="10.1.0.223"/>
         <property name="browser" value="Chrome 132.0.6834.160"/>
         <property name="hostAddress" value="172.25.109.197"/>
         <property name="sessionId" value="f6f5a0f72acf48085df70f48265f6572"/>
         <property name="seleniumVersion" value="4.22.0"/>
         <property name="proxyInformation" value="ProxyInformation { proxyOption=NO_PROXY, proxyServerType=HTTP, username=, password=********, proxyServerAddress=, proxyServerPort=0, executionList=&quot;&quot;, isApplyToDesiredCapabilities=true }"/>
         <property name="platform" value="Mac OS X"/>
      </properties>
      <testcase name="Test Cases/Home/홈화면 확인/숏컷 객체 강조" time="16.829" classname="Test Cases/Home/홈화면 확인/숏컷 객체 강조" status="PASSED">
         <system-out><![CDATA[11-02-2025T11:03:25 - [TEST_CASE][PASSED] - Test Cases/Home/홈화면 확인/숏컷 객체 강조: Test Cases/Home/홈화면 확인/숏컷 객체 강조

11-02-2025T11:03:25 - [TEST_STEP][PASSED] - openBrowser(""): Browser is opened with url: ''

11-02-2025T11:03:25 - [MESSAGE][INFO] - Starting 'Chrome' driver

11-02-2025T11:03:25 - [MESSAGE][INFO] - Action delay is set to 0 milliseconds

11-02-2025T11:03:27 - [MESSAGE][PASSED] - Browser is opened with url: ''

11-02-2025T11:03:27 - [TEST_STEP][PASSED] - navigateToUrl("https:/qa.tapas.io/"): Navigate to 'https:/qa.tapas.io/' successfully

11-02-2025T11:03:28 - [MESSAGE][PASSED] - Navigate to 'https:/qa.tapas.io/' successfully

11-02-2025T11:03:28 - [TEST_STEP][PASSED] - searchBox = findTestObject("Home/숏컷 미로그인/Page_Home  Spotlight/input_More_q"): null

11-02-2025T11:03:28 - [TEST_STEP][PASSED] - HighlightElement.run(searchBox): null

11-02-2025T11:03:32 - [TEST_STEP][PASSED] - verifyElementPresent(searchBox, 1): Object 'Object Repository/Home/숏컷 미로그인/Page_Home  Spotlight/input_More_q' is present

11-02-2025T11:03:33 - [MESSAGE][PASSED] - Object 'Object Repository/Home/숏컷 미로그인/Page_Home  Spotlight/input_More_q' is present

11-02-2025T11:03:33 - [TEST_STEP][PASSED] - logoImage = findTestObject("Home/숏컷 미로그인/Page_Home  Spotlight/img_More_absolute right-2 top-24 -translate-y-24"): null

11-02-2025T11:03:33 - [TEST_STEP][PASSED] - HighlightElement.run(logoImage): null

11-02-2025T11:03:36 - [TEST_STEP][PASSED] - verifyElementPresent(logoImage, 1): Object 'Object Repository/Home/숏컷 미로그인/Page_Home  Spotlight/img_More_absolute right-2 top-24 -translate-y-24' is present

11-02-2025T11:03:36 - [MESSAGE][PASSED] - Object 'Object Repository/Home/숏컷 미로그인/Page_Home  Spotlight/img_More_absolute right-2 top-24 -translate-y-24' is present

11-02-2025T11:03:36 - [TEST_STEP][PASSED] - loginButton = findTestObject("Home/숏컷 미로그인/Page_Home  Spotlight/button_Login"): null

11-02-2025T11:03:36 - [TEST_STEP][PASSED] - HighlightElement.run(loginButton): null

11-02-2025T11:03:38 - [TEST_STEP][PASSED] - verifyElementPresent(loginButton, 1): Object 'Object Repository/Home/숏컷 미로그인/Page_Home  Spotlight/button_Login' is present

11-02-2025T11:03:38 - [MESSAGE][PASSED] - Object 'Object Repository/Home/숏컷 미로그인/Page_Home  Spotlight/button_Login' is present

11-02-2025T11:03:38 - [TEST_STEP][PASSED] - publishButton = findTestObject("Home/숏컷 미로그인/Page_Home  Spotlight/button_Publish"): null

11-02-2025T11:03:38 - [TEST_STEP][PASSED] - HighlightElement.run(publishButton): null

11-02-2025T11:03:41 - [TEST_STEP][PASSED] - verifyElementPresent(publishButton, 1): Object 'Object Repository/Home/숏컷 미로그인/Page_Home  Spotlight/button_Publish' is present

11-02-2025T11:03:41 - [MESSAGE][PASSED] - Object 'Object Repository/Home/숏컷 미로그인/Page_Home  Spotlight/button_Publish' is present

11-02-2025T11:03:41 - [TEST_STEP][PASSED] - comment("✅ Test 1 완료. 브라우저 유지 상태에서 Test 2 실행"): ✅ Test 1 완료. 브라우저 유지 상태에서 Test 2 실행

11-02-2025T11:03:42 - [MESSAGE][INFO] - ✅ Test 1 완료. 브라우저 유지 상태에서 Test 2 실행]]></system-out>
         <system-err><![CDATA[]]></system-err>
      </testcase>
      <testcase name="Test Cases/Home/홈화면 확인/숏컷 확인 - 로그인 - 강조 확인" time="17.836" classname="Test Cases/Home/홈화면 확인/숏컷 확인 - 로그인 - 강조 확인" status="PASSED">
         <system-out><![CDATA[11-02-2025T11:03:42 - [TEST_CASE][PASSED] - Test Cases/Home/홈화면 확인/숏컷 확인 - 로그인 - 강조 확인: Test Cases/Home/홈화면 확인/숏컷 확인 - 로그인 - 강조 확인

11-02-2025T11:03:42 - [TEST_STEP][PASSED] - url = "https://qa.tapas.io/account/signin?from=/": null

11-02-2025T11:03:42 - [TEST_STEP][PASSED] - email = "dkttapas00@gmail.com": null

11-02-2025T11:03:42 - [TEST_STEP][PASSED] - password = "winehouse": null

11-02-2025T11:03:42 - [TEST_STEP][PASSED] - cookieFilePath = "cookies.save": null

11-02-2025T11:03:42 - [TEST_STEP][PASSED] - comment("🚀 Test 2 시작! 기존 브라우저 사용"): 🚀 Test 2 시작! 기존 브라우저 사용

11-02-2025T11:03:42 - [MESSAGE][INFO] - 🚀 Test 2 시작! 기존 브라우저 사용

11-02-2025T11:03:42 - [TEST_STEP][PASSED] - cookieFile = new java.io.File(cookieFilePath): null

11-02-2025T11:03:42 - [TEST_STEP][PASSED] - if (cookieFile.exists()): ✅ 쿠키 로드 완료! 자동 로그인 성공

11-02-2025T11:03:42 - [TEST_STEP][PASSED] - driver = getWebDriver(): null

11-02-2025T11:03:42 - [TEST_STEP][PASSED] - try: ✅ 쿠키 로드 완료! 자동 로그인 성공

11-02-2025T11:03:42 - [TEST_STEP][PASSED] - fis = new java.io.FileInputStream(cookieFile): null

11-02-2025T11:03:42 - [TEST_STEP][PASSED] - ois = new java.io.ObjectInputStream(fis): null

11-02-2025T11:03:42 - [TEST_STEP][PASSED] - cookies = ois.readObject(): null

11-02-2025T11:03:42 - [TEST_STEP][PASSED] - ois.close(): null

11-02-2025T11:03:42 - [TEST_STEP][PASSED] - fis.close(): null

11-02-2025T11:03:42 - [TEST_STEP][PASSED] - for (org.openqa.selenium.Cookie cookie : cookies): null

11-02-2025T11:03:42 - [TEST_STEP][PASSED] - manage().addCookie(cookie): null

11-02-2025T11:03:42 - [TEST_STEP][PASSED] - manage().addCookie(cookie): null

11-02-2025T11:03:42 - [TEST_STEP][PASSED] - manage().addCookie(cookie): null

11-02-2025T11:03:42 - [TEST_STEP][PASSED] - manage().addCookie(cookie): null

11-02-2025T11:03:42 - [TEST_STEP][PASSED] - manage().addCookie(cookie): null

11-02-2025T11:03:42 - [TEST_STEP][PASSED] - manage().addCookie(cookie): null

11-02-2025T11:03:42 - [TEST_STEP][PASSED] - manage().addCookie(cookie): null

11-02-2025T11:03:42 - [TEST_STEP][PASSED] - manage().addCookie(cookie): null

11-02-2025T11:03:42 - [TEST_STEP][PASSED] - manage().addCookie(cookie): null

11-02-2025T11:03:42 - [TEST_STEP][PASSED] - manage().addCookie(cookie): null

11-02-2025T11:03:42 - [TEST_STEP][PASSED] - manage().addCookie(cookie): null

11-02-2025T11:03:42 - [TEST_STEP][PASSED] - manage().addCookie(cookie): null

11-02-2025T11:03:42 - [TEST_STEP][PASSED] - manage().addCookie(cookie): null

11-02-2025T11:03:42 - [TEST_STEP][PASSED] - manage().addCookie(cookie): null

11-02-2025T11:03:42 - [TEST_STEP][PASSED] - manage().addCookie(cookie): null

11-02-2025T11:03:42 - [TEST_STEP][PASSED] - manage().addCookie(cookie): null

11-02-2025T11:03:42 - [TEST_STEP][PASSED] - manage().addCookie(cookie): null

11-02-2025T11:03:42 - [TEST_STEP][PASSED] - manage().addCookie(cookie): null

11-02-2025T11:03:42 - [TEST_STEP][PASSED] - manage().addCookie(cookie): null

11-02-2025T11:03:42 - [TEST_STEP][PASSED] - manage().addCookie(cookie): null

11-02-2025T11:03:42 - [TEST_STEP][PASSED] - manage().addCookie(cookie): null

11-02-2025T11:03:42 - [TEST_STEP][PASSED] - manage().addCookie(cookie): null

11-02-2025T11:03:42 - [TEST_STEP][PASSED] - manage().addCookie(cookie): null

11-02-2025T11:03:42 - [TEST_STEP][PASSED] - manage().addCookie(cookie): null

11-02-2025T11:03:42 - [TEST_STEP][PASSED] - manage().addCookie(cookie): null

11-02-2025T11:03:42 - [TEST_STEP][PASSED] - manage().addCookie(cookie): null

11-02-2025T11:03:42 - [TEST_STEP][PASSED] - manage().addCookie(cookie): null

11-02-2025T11:03:42 - [TEST_STEP][PASSED] - manage().addCookie(cookie): null

11-02-2025T11:03:42 - [TEST_STEP][PASSED] - manage().addCookie(cookie): null

11-02-2025T11:03:42 - [TEST_STEP][PASSED] - manage().addCookie(cookie): null

11-02-2025T11:03:42 - [TEST_STEP][PASSED] - manage().addCookie(cookie): null

11-02-2025T11:03:42 - [TEST_STEP][PASSED] - refresh(): Refresh successfully

11-02-2025T11:03:44 - [MESSAGE][PASSED] - Refresh successfully

11-02-2025T11:03:44 - [TEST_STEP][PASSED] - comment("✅ 쿠키 로드 완료! 자동 로그인 성공"): ✅ 쿠키 로드 완료! 자동 로그인 성공

11-02-2025T11:03:44 - [MESSAGE][INFO] - ✅ 쿠키 로드 완료! 자동 로그인 성공

11-02-2025T11:03:44 - [TEST_STEP][PASSED] - searchBox = findTestObject("Home/숏컷 로그인 신규/Page_Home  Spotlight/input_More_q"): null

11-02-2025T11:03:44 - [TEST_STEP][PASSED] - HighlightElement.run(searchBox): null

11-02-2025T11:03:46 - [TEST_STEP][PASSED] - verifyElementPresent(searchBox, 0): Object 'Object Repository/Home/숏컷 로그인 신규/Page_Home  Spotlight/input_More_q' is present

11-02-2025T11:03:46 - [MESSAGE][WARNING] - Timeout '0' is invalid. Using default page load timeout: '40'

11-02-2025T11:03:47 - [MESSAGE][PASSED] - Object 'Object Repository/Home/숏컷 로그인 신규/Page_Home  Spotlight/input_More_q' is present

11-02-2025T11:03:47 - [TEST_STEP][PASSED] - logoImage = findTestObject("Home/숏컷 로그인 신규/Page_Home  Spotlight/img_More_absolute right-2 top-24 -translate-y-24"): null

11-02-2025T11:03:47 - [TEST_STEP][PASSED] - HighlightElement.run(logoImage): null

11-02-2025T11:03:49 - [TEST_STEP][PASSED] - verifyElementPresent(logoImage, 0): Object 'Object Repository/Home/숏컷 로그인 신규/Page_Home  Spotlight/img_More_absolute right-2 top-24 -translate-y-24' is present

11-02-2025T11:03:49 - [MESSAGE][WARNING] - Timeout '0' is invalid. Using default page load timeout: '40'

11-02-2025T11:03:49 - [MESSAGE][PASSED] - Object 'Object Repository/Home/숏컷 로그인 신규/Page_Home  Spotlight/img_More_absolute right-2 top-24 -translate-y-24' is present

11-02-2025T11:03:49 - [TEST_STEP][PASSED] - libraryimage = findTestObject("Home/숏컷 로그인 신규/Page_Home  Spotlight/library"): null

11-02-2025T11:03:49 - [TEST_STEP][PASSED] - HighlightElement.run(libraryimage): null

11-02-2025T11:03:51 - [TEST_STEP][PASSED] - verifyElementPresent(libraryimage, 0): Object 'Object Repository/Home/숏컷 로그인 신규/Page_Home  Spotlight/library' is present

11-02-2025T11:03:51 - [MESSAGE][WARNING] - Timeout '0' is invalid. Using default page load timeout: '40'

11-02-2025T11:03:52 - [MESSAGE][PASSED] - Object 'Object Repository/Home/숏컷 로그인 신규/Page_Home  Spotlight/library' is present

11-02-2025T11:03:52 - [TEST_STEP][PASSED] - inboximage = findTestObject("Home/숏컷 로그인 신규/Page_Home  Spotlight/inbox"): null

11-02-2025T11:03:52 - [TEST_STEP][PASSED] - HighlightElement.run(inboximage): null

11-02-2025T11:03:54 - [TEST_STEP][PASSED] - verifyElementPresent(inboximage, 0): Object 'Object Repository/Home/숏컷 로그인 신규/Page_Home  Spotlight/inbox' is present

11-02-2025T11:03:54 - [MESSAGE][WARNING] - Timeout '0' is invalid. Using default page load timeout: '40'

11-02-2025T11:03:54 - [MESSAGE][PASSED] - Object 'Object Repository/Home/숏컷 로그인 신규/Page_Home  Spotlight/inbox' is present

11-02-2025T11:03:54 - [TEST_STEP][PASSED] - profileImage = findTestObject("Home/숏컷 로그인 신규/Page_Home  Spotlight/div_More_absolute left-0 top-0 size-full rounded-100 border-1 border-888"): null

11-02-2025T11:03:54 - [TEST_STEP][PASSED] - HighlightElement.run(profileImage): null

11-02-2025T11:03:57 - [TEST_STEP][PASSED] - verifyElementPresent(profileImage, 0): Object 'Object Repository/Home/숏컷 로그인 신규/Page_Home  Spotlight/div_More_absolute left-0 top-0 size-full rounded-100 border-1 border-888' is present

11-02-2025T11:03:57 - [MESSAGE][WARNING] - Timeout '0' is invalid. Using default page load timeout: '40'

11-02-2025T11:03:57 - [MESSAGE][PASSED] - Object 'Object Repository/Home/숏컷 로그인 신규/Page_Home  Spotlight/div_More_absolute left-0 top-0 size-full rounded-100 border-1 border-888' is present

11-02-2025T11:03:57 - [TEST_STEP][PASSED] - publishButton = findTestObject("Home/숏컷 로그인 신규/Page_Home  Spotlight/button_Publish"): null

11-02-2025T11:03:57 - [TEST_STEP][PASSED] - HighlightElement.run(publishButton): null

11-02-2025T11:03:59 - [TEST_STEP][PASSED] - verifyElementPresent(publishButton, 0): Object 'Object Repository/Home/숏컷 로그인 신규/Page_Home  Spotlight/button_Publish' is present

11-02-2025T11:03:59 - [MESSAGE][WARNING] - Timeout '0' is invalid. Using default page load timeout: '40'

11-02-2025T11:03:59 - [MESSAGE][PASSED] - Object 'Object Repository/Home/숏컷 로그인 신규/Page_Home  Spotlight/button_Publish' is present

11-02-2025T11:03:59 - [TEST_STEP][PASSED] - comment("✅ 로그인 확인 완료 - 검색 실행"): ✅ 로그인 확인 완료 - 검색 실행

11-02-2025T11:03:59 - [MESSAGE][INFO] - ✅ 로그인 확인 완료 - 검색 실행]]></system-out>
         <system-err><![CDATA[]]></system-err>
      </testcase>
      <testcase name="Test Cases/Home/검색 동작/검색 결과 없음 확인" time="5.547" classname="Test Cases/Home/검색 동작/검색 결과 없음 확인" status="PASSED">
         <system-out><![CDATA[11-02-2025T11:03:59 - [TEST_CASE][PASSED] - Test Cases/Home/검색 동작/검색 결과 없음 확인: Test Cases/Home/검색 동작/검색 결과 없음 확인

11-02-2025T11:03:59 - [TEST_STEP][PASSED] - comment("✅ 검색 실행"): ✅ 검색 실행

11-02-2025T11:03:59 - [MESSAGE][INFO] - ✅ 검색 실행

11-02-2025T11:03:59 - [TEST_STEP][PASSED] - navigateToUrl("https://qa.tapas.io/"): Navigate to 'https://qa.tapas.io/' successfully

11-02-2025T11:04:01 - [MESSAGE][PASSED] - Navigate to 'https://qa.tapas.io/' successfully

11-02-2025T11:04:01 - [TEST_STEP][PASSED] - setText(findTestObject("Object Repository/Home/검색 결과 없음/Page_Home  Spotlight/input_More_q"), "비비비비비비비비비비"): Text '비비비비비비비비비비' is set on object 'Object Repository/Home/검색 결과 없음/Page_Home  Spotlight/input_More_q'

11-02-2025T11:04:02 - [MESSAGE][PASSED] - Text '비비비비비비비비비비' is set on object 'Object Repository/Home/검색 결과 없음/Page_Home  Spotlight/input_More_q'

11-02-2025T11:04:02 - [TEST_STEP][PASSED] - click(findTestObject("Object Repository/Home/검색 결과 없음/Page_Home  Spotlight/img_More_absolute right-2 top-24 -translate-y-24")): Object: 'Object Repository/Home/검색 결과 없음/Page_Home  Spotlight/img_More_absolute right-2 top-24 -translate-y-24' is clicked on

11-02-2025T11:04:04 - [MESSAGE][PASSED] - Object: 'Object Repository/Home/검색 결과 없음/Page_Home  Spotlight/img_More_absolute right-2 top-24 -translate-y-24' is clicked on

11-02-2025T11:04:04 - [TEST_STEP][PASSED] - verifyElementPresent(findTestObject("Home/검색 결과 없음 문구 확인/Page_Search  Tapas/p_No results for"), 0): Object 'Object Repository/Home/검색 결과 없음 문구 확인/Page_Search  Tapas/p_No results for' is present

11-02-2025T11:04:04 - [MESSAGE][WARNING] - Timeout '0' is invalid. Using default page load timeout: '40'

11-02-2025T11:04:05 - [MESSAGE][PASSED] - Object 'Object Repository/Home/검색 결과 없음 문구 확인/Page_Search  Tapas/p_No results for' is present

11-02-2025T11:04:05 - [TEST_STEP][PASSED] - comment("✅ 검색 완료"): ✅ 검색 완료

11-02-2025T11:04:05 - [MESSAGE][INFO] - ✅ 검색 완료]]></system-out>
         <system-err><![CDATA[]]></system-err>
      </testcase>
      <testcase name="Test Cases/Home/검색 동작/검색 리스트 확인" time="3.887" classname="Test Cases/Home/검색 동작/검색 리스트 확인" status="PASSED">
         <system-out><![CDATA[11-02-2025T11:04:05 - [TEST_CASE][PASSED] - Test Cases/Home/검색 동작/검색 리스트 확인: Test Cases/Home/검색 동작/검색 리스트 확인

11-02-2025T11:04:05 - [TEST_STEP][PASSED] - comment("✅ 로그인/검색 실행"): ✅ 로그인/검색 실행

11-02-2025T11:04:05 - [MESSAGE][INFO] - ✅ 로그인/검색 실행

11-02-2025T11:04:05 - [TEST_STEP][PASSED] - navigateToUrl("https://qa.tapas.io/"): Navigate to 'https://qa.tapas.io/' successfully

11-02-2025T11:04:06 - [MESSAGE][PASSED] - Navigate to 'https://qa.tapas.io/' successfully

11-02-2025T11:04:06 - [TEST_STEP][PASSED] - setText(findTestObject("Object Repository/Home/검색 리스트 확인/Page_Home  Spotlight/input_More_q"), "the"): Text 'the' is set on object 'Object Repository/Home/검색 리스트 확인/Page_Home  Spotlight/input_More_q'

11-02-2025T11:04:07 - [MESSAGE][PASSED] - Text 'the' is set on object 'Object Repository/Home/검색 리스트 확인/Page_Home  Spotlight/input_More_q'

11-02-2025T11:04:07 - [TEST_STEP][PASSED] - click(findTestObject("Object Repository/Home/검색 리스트 확인/Page_Home  Spotlight/img_More_absolute right-2 top-24 -translate-y-24")): Object: 'Object Repository/Home/검색 리스트 확인/Page_Home  Spotlight/img_More_absolute right-2 top-24 -translate-y-24' is clicked on

11-02-2025T11:04:08 - [MESSAGE][PASSED] - Object: 'Object Repository/Home/검색 리스트 확인/Page_Home  Spotlight/img_More_absolute right-2 top-24 -translate-y-24' is clicked on

11-02-2025T11:04:08 - [TEST_STEP][PASSED] - setText(findTestObject("Object Repository/Home/검색 리스트 확인/Page_Search  Tapas/input_search results_q"), "`the"): Text '`the' is set on object 'Object Repository/Home/검색 리스트 확인/Page_Search  Tapas/input_search results_q'

11-02-2025T11:04:09 - [MESSAGE][PASSED] - Text '`the' is set on object 'Object Repository/Home/검색 리스트 확인/Page_Search  Tapas/input_search results_q'

11-02-2025T11:04:09 - [TEST_STEP][PASSED] - comment("✅ 완료"): ✅ 완료

11-02-2025T11:04:09 - [MESSAGE][INFO] - ✅ 완료]]></system-out>
         <system-err><![CDATA[]]></system-err>
      </testcase>
      <testcase name="Test Cases/Home/홈화면 확인/프로모션 배너 확인 _ 강조" time="10.169" classname="Test Cases/Home/홈화면 확인/프로모션 배너 확인 _ 강조" status="PASSED">
         <system-out><![CDATA[11-02-2025T11:04:09 - [TEST_CASE][PASSED] - Test Cases/Home/홈화면 확인/프로모션 배너 확인 _ 강조: Test Cases/Home/홈화면 확인/프로모션 배너 확인 _ 강조

11-02-2025T11:04:09 - [TEST_STEP][PASSED] - comment("✅ 프로모션 배너 실행"): ✅ 프로모션 배너 실행

11-02-2025T11:04:09 - [MESSAGE][INFO] - ✅ 프로모션 배너 실행

11-02-2025T11:04:09 - [TEST_STEP][PASSED] - navigateToUrl("https://qa.tapas.io/"): Navigate to 'https://qa.tapas.io/' successfully

11-02-2025T11:04:10 - [MESSAGE][PASSED] - Navigate to 'https://qa.tapas.io/' successfully

11-02-2025T11:04:10 - [TEST_STEP][PASSED] - promotion = findTestObject("Home/프로모션 배너/Page_Home  Spotlight/div_adonis"): null

11-02-2025T11:04:10 - [TEST_STEP][PASSED] - HighlightElement.run(promotion): null

11-02-2025T11:04:13 - [TEST_STEP][PASSED] - verifyElementPresent(promotion, 0): Object 'Object Repository/Home/프로모션 배너/Page_Home  Spotlight/div_adonis' is present

11-02-2025T11:04:13 - [MESSAGE][WARNING] - Timeout '0' is invalid. Using default page load timeout: '40'

11-02-2025T11:04:13 - [MESSAGE][PASSED] - Object 'Object Repository/Home/프로모션 배너/Page_Home  Spotlight/div_adonis' is present

11-02-2025T11:04:13 - [TEST_STEP][PASSED] - click(findTestObject("Home/프로모션 배너/Page_Home  Spotlight/div_adonis")): Object: 'Object Repository/Home/프로모션 배너/Page_Home  Spotlight/div_adonis' is clicked on

11-02-2025T11:04:14 - [MESSAGE][PASSED] - Object: 'Object Repository/Home/프로모션 배너/Page_Home  Spotlight/div_adonis' is clicked on

11-02-2025T11:04:14 - [TEST_STEP][PASSED] - contents = findTestObject("Home/프로모션 배너 _ 랜딩 확인/Page_Read Adonis  Leftover Memories  Tapas Comics/p_Leftover Memories"): null

11-02-2025T11:04:14 - [TEST_STEP][PASSED] - HighlightElement.run(contents): null

11-02-2025T11:04:17 - [TEST_STEP][PASSED] - verifyElementPresent(contents, 0): Object 'Object Repository/Home/프로모션 배너 _ 랜딩 확인/Page_Read Adonis  Leftover Memories  Tapas Comics/p_Leftover Memories' is present

11-02-2025T11:04:17 - [MESSAGE][WARNING] - Timeout '0' is invalid. Using default page load timeout: '40'

11-02-2025T11:04:18 - [MESSAGE][PASSED] - Object 'Object Repository/Home/프로모션 배너 _ 랜딩 확인/Page_Read Adonis  Leftover Memories  Tapas Comics/p_Leftover Memories' is present

11-02-2025T11:04:18 - [TEST_STEP][PASSED] - comment("✅ 프로모션 배너 완료"): ✅ 프로모션 배너 완료

11-02-2025T11:04:18 - [MESSAGE][INFO] - ✅ 프로모션 배너 완료

11-02-2025T11:04:18 - [TEST_STEP][PASSED] - back(): Navigate back successfully

11-02-2025T11:04:19 - [MESSAGE][PASSED] - Navigate back successfully]]></system-out>
         <system-err><![CDATA[]]></system-err>
      </testcase>
      <testcase name="Test Cases/Home/홈화면 확인/빅배너 확인_랜딩 후 복귀" time="26.283" classname="Test Cases/Home/홈화면 확인/빅배너 확인_랜딩 후 복귀" status="FAILED">
         <failure type="FAILED" message="Test Cases/Home/홈화면 확인/빅배너 확인_랜딩 후 복귀 FAILED.&#xa;Reason:&#xa;java.lang.AssertionError: invalid selector: Unable to locate an element with the xpath expression //*[@id='page=wrap&quot;]/div/div[1]/div/section[1]/div[2]/div[3]/div[2]/div[1]&#xa; because of the following error:&#xa;SyntaxError: Failed to execute 'evaluate' on 'Document': The string '//*[@id='page=wrap&quot;]/div/div[1]/div/section[1]/div[2]/div[3]/div[2]/div[1]&#xa;' is not a valid XPath expression.&#xa;  (Session info: chrome=132.0.6834.160)&#xa;For documentation on this error, please visit: https://www.selenium.dev/documentation/webdriver/troubleshooting/errors#invalid-selector-exception&#xa;Build info: version: '4.22.0', revision: 'c5f3146703'&#xa;System info: os.name: 'Mac OS X', os.arch: 'aarch64', os.version: '15.3', java.version: '17.0.13'&#xa;Driver info: com.kms.katalon.selenium.driver.CChromeDriver&#xa;Command: [f6f5a0f72acf48085df70f48265f6572, findElements {value=//*[@id='page=wrap&quot;]/div/div[1]/div/section[1]/div[2]/div[3]/div[2]/div[1]&#xa;, using=xpath}]&#xa;Capabilities {acceptInsecureCerts: false, browserName: chrome, browserVersion: 132.0.6834.160, chrome: {chromedriverVersion: 132.0.6834.83 (03d59cf5ecf1..., userDataDir: /var/folders/jt/hwd168h1059...}, fedcm:accounts: true, goog:chromeOptions: {debuggerAddress: localhost:62188}, networkConnectionEnabled: false, pageLoadStrategy: normal, platformName: mac, proxy: Proxy(), se:cdp: ws://localhost:62188/devtoo..., se:cdpVersion: 132.0.6834.160, setWindowRect: true, strictFileInteractability: false, timeouts: {implicit: 0, pageLoad: 300000, script: 30000}, unhandledPromptBehavior: ignore, webSocketUrl: ws://localhost:5005/session..., webauthn:extension:credBlob: true, webauthn:extension:largeBlob: true, webauthn:extension:minPinLength: true, webauthn:extension:prf: true, webauthn:virtualAuthenticators: true}&#xa;Session ID: f6f5a0f72acf48085df70f48265f6572&#xa;	at org.testng.Assert.fail(Assert.java:111)&#xa;	at com.reusableComponents.HighlightElement.run(HighlightElement.groovy:33)&#xa;	at 빅배너 확인_랜딩 후 복귀.run(빅배너 확인_랜딩 후 복귀:70)&#xa;	at com.kms.katalon.core.main.ScriptEngine.run(ScriptEngine.java:194)&#xa;	at com.kms.katalon.core.main.ScriptEngine.runScriptAsRawText(ScriptEngine.java:119)&#xa;	at com.kms.katalon.core.main.TestCaseExecutor.runScript(TestCaseExecutor.java:448)&#xa;	at com.kms.katalon.core.main.TestCaseExecutor.doExecute(TestCaseExecutor.java:439)&#xa;	at com.kms.katalon.core.main.TestCaseExecutor.processExecutionPhase(TestCaseExecutor.java:418)&#xa;	at com.kms.katalon.core.main.TestCaseExecutor.accessMainPhase(TestCaseExecutor.java:410)&#xa;	at com.kms.katalon.core.main.TestCaseExecutor.execute(TestCaseExecutor.java:285)&#xa;	at com.kms.katalon.core.common.CommonExecutor.accessTestCaseMainPhase(CommonExecutor.java:71)&#xa;	at com.kms.katalon.core.main.TestSuiteExecutor.accessTestSuiteMainPhase(TestSuiteExecutor.java:160)&#xa;	at com.kms.katalon.core.main.TestSuiteExecutor.execute(TestSuiteExecutor.java:107)&#xa;	at com.kms.katalon.core.main.TestCaseMain.startTestSuite(TestCaseMain.java:180)&#xa;	at TempTestSuite1739239400562.run(TempTestSuite1739239400562.groovy:35)&#xa;	at java.base/jdk.internal.reflect.NativeMethodAccessorImpl.invoke0(Native Method)&#xa;	at java.base/jdk.internal.reflect.NativeMethodAccessorImpl.invoke(NativeMethodAccessorImpl.java:77)&#xa;	at java.base/jdk.internal.reflect.DelegatingMethodAccessorImpl.invoke(DelegatingMethodAccessorImpl.java:43)&#xa;"/>
         <system-out><![CDATA[11-02-2025T11:04:19 - [TEST_CASE][FAILED] - Test Cases/Home/홈화면 확인/빅배너 확인_랜딩 후 복귀: Test Cases/Home/홈화면 확인/빅배너 확인_랜딩 후 복귀 FAILED.
Reason:
java.lang.AssertionError: invalid selector: Unable to locate an element with the xpath expression //*[@id='page=wrap"]/div/div[1]/div/section[1]/div[2]/div[3]/div[2]/div[1]
 because of the following error:
SyntaxError: Failed to execute 'evaluate' on 'Document': The string '//*[@id='page=wrap"]/div/div[1]/div/section[1]/div[2]/div[3]/div[2]/div[1]
' is not a valid XPath expression.
  (Session info: chrome=132.0.6834.160)
For documentation on this error, please visit: https://www.selenium.dev/documentation/webdriver/troubleshooting/errors#invalid-selector-exception
Build info: version: '4.22.0', revision: 'c5f3146703'
System info: os.name: 'Mac OS X', os.arch: 'aarch64', os.version: '15.3', java.version: '17.0.13'
Driver info: com.kms.katalon.selenium.driver.CChromeDriver
Command: [f6f5a0f72acf48085df70f48265f6572, findElements {value=//*[@id='page=wrap"]/div/div[1]/div/section[1]/div[2]/div[3]/div[2]/div[1]
, using=xpath}]
Capabilities {acceptInsecureCerts: false, browserName: chrome, browserVersion: 132.0.6834.160, chrome: {chromedriverVersion: 132.0.6834.83 (03d59cf5ecf1..., userDataDir: /var/folders/jt/hwd168h1059...}, fedcm:accounts: true, goog:chromeOptions: {debuggerAddress: localhost:62188}, networkConnectionEnabled: false, pageLoadStrategy: normal, platformName: mac, proxy: Proxy(), se:cdp: ws://localhost:62188/devtoo..., se:cdpVersion: 132.0.6834.160, setWindowRect: true, strictFileInteractability: false, timeouts: {implicit: 0, pageLoad: 300000, script: 30000}, unhandledPromptBehavior: ignore, webSocketUrl: ws://localhost:5005/session..., webauthn:extension:credBlob: true, webauthn:extension:largeBlob: true, webauthn:extension:minPinLength: true, webauthn:extension:prf: true, webauthn:virtualAuthenticators: true}
Session ID: f6f5a0f72acf48085df70f48265f6572
	at org.testng.Assert.fail(Assert.java:111)
	at com.reusableComponents.HighlightElement.run(HighlightElement.groovy:33)
	at 빅배너 확인_랜딩 후 복귀.run(빅배너 확인_랜딩 후 복귀:70)
	at com.kms.katalon.core.main.ScriptEngine.run(ScriptEngine.java:194)
	at com.kms.katalon.core.main.ScriptEngine.runScriptAsRawText(ScriptEngine.java:119)
	at com.kms.katalon.core.main.TestCaseExecutor.runScript(TestCaseExecutor.java:448)
	at com.kms.katalon.core.main.TestCaseExecutor.doExecute(TestCaseExecutor.java:439)
	at com.kms.katalon.core.main.TestCaseExecutor.processExecutionPhase(TestCaseExecutor.java:418)
	at com.kms.katalon.core.main.TestCaseExecutor.accessMainPhase(TestCaseExecutor.java:410)
	at com.kms.katalon.core.main.TestCaseExecutor.execute(TestCaseExecutor.java:285)
	at com.kms.katalon.core.common.CommonExecutor.accessTestCaseMainPhase(CommonExecutor.java:71)
	at com.kms.katalon.core.main.TestSuiteExecutor.accessTestSuiteMainPhase(TestSuiteExecutor.java:160)
	at com.kms.katalon.core.main.TestSuiteExecutor.execute(TestSuiteExecutor.java:107)
	at com.kms.katalon.core.main.TestCaseMain.startTestSuite(TestCaseMain.java:180)
	at TempTestSuite1739239400562.run(TempTestSuite1739239400562.groovy:35)
	at java.base/jdk.internal.reflect.NativeMethodAccessorImpl.invoke0(Native Method)
	at java.base/jdk.internal.reflect.NativeMethodAccessorImpl.invoke(NativeMethodAccessorImpl.java:77)
	at java.base/jdk.internal.reflect.DelegatingMethodAccessorImpl.invoke(DelegatingMethodAccessorImpl.java:43)


11-02-2025T11:04:19 - [TEST_STEP][PASSED] - comment("✅ 배너 실행"): ✅ 배너 실행

11-02-2025T11:04:19 - [MESSAGE][INFO] - ✅ 배너 실행

11-02-2025T11:04:19 - [TEST_STEP][PASSED] - navigateToUrl("https://qa.tapas.io/"): Navigate to 'https://qa.tapas.io/' successfully

11-02-2025T11:04:20 - [MESSAGE][PASSED] - Navigate to 'https://qa.tapas.io/' successfully

11-02-2025T11:04:20 - [TEST_STEP][PASSED] - delay(1): Delayed 1 second(s)

11-02-2025T11:04:21 - [MESSAGE][PASSED] - Delayed 1 second(s)

11-02-2025T11:04:21 - [TEST_STEP][PASSED] - next = findTestObject("Home/빅배너 이동 클릭 동작 확인/Page_Home  Spotlight/img_EVENT_ml-2 cursor-pointer"): null

11-02-2025T11:04:21 - [TEST_STEP][PASSED] - HighlightElement.run(next): null

11-02-2025T11:04:24 - [TEST_STEP][PASSED] - verifyElementPresent(next, 0): Object 'Object Repository/Home/빅배너 이동 클릭 동작 확인/Page_Home  Spotlight/img_EVENT_ml-2 cursor-pointer' is present

11-02-2025T11:04:24 - [MESSAGE][WARNING] - Timeout '0' is invalid. Using default page load timeout: '40'

11-02-2025T11:04:24 - [MESSAGE][PASSED] - Object 'Object Repository/Home/빅배너 이동 클릭 동작 확인/Page_Home  Spotlight/img_EVENT_ml-2 cursor-pointer' is present

11-02-2025T11:04:24 - [TEST_STEP][PASSED] - click(findTestObject("Object Repository/Home/빅배너 이동 클릭 동작 확인/Page_Home  Spotlight/img_EVENT_ml-2 cursor-pointer")): Object: 'Object Repository/Home/빅배너 이동 클릭 동작 확인/Page_Home  Spotlight/img_EVENT_ml-2 cursor-pointer' is clicked on

11-02-2025T11:04:24 - [MESSAGE][PASSED] - Object: 'Object Repository/Home/빅배너 이동 클릭 동작 확인/Page_Home  Spotlight/img_EVENT_ml-2 cursor-pointer' is clicked on

11-02-2025T11:04:24 - [TEST_STEP][PASSED] - prev = findTestObject("Home/빅배너 이동 클릭 동작 확인/Page_Home  Spotlight/img_EVENT_mr-2 cursor-pointer"): null

11-02-2025T11:04:24 - [TEST_STEP][PASSED] - HighlightElement.run(prev): null

11-02-2025T11:04:26 - [TEST_STEP][PASSED] - verifyElementPresent(prev, 0): Object 'Object Repository/Home/빅배너 이동 클릭 동작 확인/Page_Home  Spotlight/img_EVENT_mr-2 cursor-pointer' is present

11-02-2025T11:04:26 - [MESSAGE][WARNING] - Timeout '0' is invalid. Using default page load timeout: '40'

11-02-2025T11:04:27 - [MESSAGE][PASSED] - Object 'Object Repository/Home/빅배너 이동 클릭 동작 확인/Page_Home  Spotlight/img_EVENT_mr-2 cursor-pointer' is present

11-02-2025T11:04:27 - [TEST_STEP][PASSED] - click(findTestObject("Object Repository/Home/빅배너 이동 클릭 동작 확인/Page_Home  Spotlight/img_EVENT_mr-2 cursor-pointer")): Object: 'Object Repository/Home/빅배너 이동 클릭 동작 확인/Page_Home  Spotlight/img_EVENT_mr-2 cursor-pointer' is clicked on

11-02-2025T11:04:27 - [MESSAGE][PASSED] - Object: 'Object Repository/Home/빅배너 이동 클릭 동작 확인/Page_Home  Spotlight/img_EVENT_mr-2 cursor-pointer' is clicked on

11-02-2025T11:04:27 - [TEST_STEP][PASSED] - delay(10): Delayed 10 second(s)

11-02-2025T11:04:37 - [MESSAGE][PASSED] - Delayed 10 second(s)

11-02-2025T11:04:37 - [TEST_STEP][PASSED] - page2 = findTestObject("Home/빅배너 자동 스와이프 확인/Page_Home  Spotlight/span_2"): null

11-02-2025T11:04:37 - [TEST_STEP][PASSED] - HighlightElement.run(page2): null

11-02-2025T11:04:39 - [TEST_STEP][PASSED] - verifyElementPresent(page2, 0): Object 'Object Repository/Home/빅배너 자동 스와이프 확인/Page_Home  Spotlight/span_2' is present

11-02-2025T11:04:39 - [MESSAGE][WARNING] - Timeout '0' is invalid. Using default page load timeout: '40'

11-02-2025T11:04:40 - [MESSAGE][PASSED] - Object 'Object Repository/Home/빅배너 자동 스와이프 확인/Page_Home  Spotlight/span_2' is present

11-02-2025T11:04:40 - [TEST_STEP][PASSED] - prev1 = findTestObject("Home/빅배너 이동 클릭 동작 확인/Page_Home  Spotlight/img_EVENT_mr-2 cursor-pointer"): null

11-02-2025T11:04:40 - [TEST_STEP][PASSED] - HighlightElement.run(prev1): null

11-02-2025T11:04:42 - [TEST_STEP][PASSED] - verifyElementPresent(prev1, 0): Object 'Object Repository/Home/빅배너 이동 클릭 동작 확인/Page_Home  Spotlight/img_EVENT_mr-2 cursor-pointer' is present

11-02-2025T11:04:42 - [MESSAGE][WARNING] - Timeout '0' is invalid. Using default page load timeout: '40'

11-02-2025T11:04:42 - [MESSAGE][PASSED] - Object 'Object Repository/Home/빅배너 이동 클릭 동작 확인/Page_Home  Spotlight/img_EVENT_mr-2 cursor-pointer' is present

11-02-2025T11:04:42 - [TEST_STEP][PASSED] - click(findTestObject("Object Repository/Home/빅배너 이동 클릭 동작 확인/Page_Home  Spotlight/img_EVENT_mr-2 cursor-pointer")): Object: 'Object Repository/Home/빅배너 이동 클릭 동작 확인/Page_Home  Spotlight/img_EVENT_mr-2 cursor-pointer' is clicked on

11-02-2025T11:04:42 - [MESSAGE][PASSED] - Object: 'Object Repository/Home/빅배너 이동 클릭 동작 확인/Page_Home  Spotlight/img_EVENT_mr-2 cursor-pointer' is clicked on

11-02-2025T11:04:42 - [TEST_STEP][PASSED] - click(findTestObject("Object Repository/Home/빅배너 복귀/Page_Home  Spotlight/picture")): Object: 'Object Repository/Home/빅배너 복귀/Page_Home  Spotlight/picture' is clicked on

11-02-2025T11:04:44 - [MESSAGE][PASSED] - Object: 'Object Repository/Home/빅배너 복귀/Page_Home  Spotlight/picture' is clicked on

11-02-2025T11:04:44 - [TEST_STEP][PASSED] - delay(1): Delayed 1 second(s)

11-02-2025T11:04:45 - [MESSAGE][PASSED] - Delayed 1 second(s)

11-02-2025T11:04:45 - [TEST_STEP][PASSED] - title1 = findTestObject("Home/빅배너 복귀/Page_Read Love for Hire  Tapas Web Comics/div_Love for Hire"): null

11-02-2025T11:04:45 - [TEST_STEP][FAILED] - HighlightElement.run(title1): Test Cases/Home/홈화면 확인/빅배너 확인_랜딩 후 복귀 FAILED.
Reason:
java.lang.AssertionError: invalid selector: Unable to locate an element with the xpath expression //*[@id='page=wrap"]/div/div[1]/div/section[1]/div[2]/div[3]/div[2]/div[1]
 because of the following error:
SyntaxError: Failed to execute 'evaluate' on 'Document': The string '//*[@id='page=wrap"]/div/div[1]/div/section[1]/div[2]/div[3]/div[2]/div[1]
' is not a valid XPath expression.
  (Session info: chrome=132.0.6834.160)
For documentation on this error, please visit: https://www.selenium.dev/documentation/webdriver/troubleshooting/errors#invalid-selector-exception
Build info: version: '4.22.0', revision: 'c5f3146703'
System info: os.name: 'Mac OS X', os.arch: 'aarch64', os.version: '15.3', java.version: '17.0.13'
Driver info: com.kms.katalon.selenium.driver.CChromeDriver
Command: [f6f5a0f72acf48085df70f48265f6572, findElements {value=//*[@id='page=wrap"]/div/div[1]/div/section[1]/div[2]/div[3]/div[2]/div[1]
, using=xpath}]
Capabilities {acceptInsecureCerts: false, browserName: chrome, browserVersion: 132.0.6834.160, chrome: {chromedriverVersion: 132.0.6834.83 (03d59cf5ecf1..., userDataDir: /var/folders/jt/hwd168h1059...}, fedcm:accounts: true, goog:chromeOptions: {debuggerAddress: localhost:62188}, networkConnectionEnabled: false, pageLoadStrategy: normal, platformName: mac, proxy: Proxy(), se:cdp: ws://localhost:62188/devtoo..., se:cdpVersion: 132.0.6834.160, setWindowRect: true, strictFileInteractability: false, timeouts: {implicit: 0, pageLoad: 300000, script: 30000}, unhandledPromptBehavior: ignore, webSocketUrl: ws://localhost:5005/session..., webauthn:extension:credBlob: true, webauthn:extension:largeBlob: true, webauthn:extension:minPinLength: true, webauthn:extension:prf: true, webauthn:virtualAuthenticators: true}
Session ID: f6f5a0f72acf48085df70f48265f6572
	at org.testng.Assert.fail(Assert.java:111)
	at com.reusableComponents.HighlightElement.run(HighlightElement.groovy:33)
	at 빅배너 확인_랜딩 후 복귀.run(빅배너 확인_랜딩 후 복귀:70)
	at com.kms.katalon.core.main.ScriptEngine.run(ScriptEngine.java:194)
	at com.kms.katalon.core.main.ScriptEngine.runScriptAsRawText(ScriptEngine.java:119)
	at com.kms.katalon.core.main.TestCaseExecutor.runScript(TestCaseExecutor.java:448)
	at com.kms.katalon.core.main.TestCaseExecutor.doExecute(TestCaseExecutor.java:439)
	at com.kms.katalon.core.main.TestCaseExecutor.processExecutionPhase(TestCaseExecutor.java:418)
	at com.kms.katalon.core.main.TestCaseExecutor.accessMainPhase(TestCaseExecutor.java:410)
	at com.kms.katalon.core.main.TestCaseExecutor.execute(TestCaseExecutor.java:285)
	at com.kms.katalon.core.common.CommonExecutor.accessTestCaseMainPhase(CommonExecutor.java:71)
	at com.kms.katalon.core.main.TestSuiteExecutor.accessTestSuiteMainPhase(TestSuiteExecutor.java:160)
	at com.kms.katalon.core.main.TestSuiteExecutor.execute(TestSuiteExecutor.java:107)
	at com.kms.katalon.core.main.TestCaseMain.startTestSuite(TestCaseMain.java:180)
	at TempTestSuite1739239400562.run(TempTestSuite1739239400562.groovy:35)
	at java.base/jdk.internal.reflect.NativeMethodAccessorImpl.invoke0(Native Method)
	at java.base/jdk.internal.reflect.NativeMethodAccessorImpl.invoke(NativeMethodAccessorImpl.java:77)
	at java.base/jdk.internal.reflect.DelegatingMethodAccessorImpl.invoke(DelegatingMethodAccessorImpl.java:43)


11-02-2025T11:04:45 - [MESSAGE][FAILED] - Test Cases/Home/홈화면 확인/빅배너 확인_랜딩 후 복귀 FAILED.
Reason:
java.lang.AssertionError: invalid selector: Unable to locate an element with the xpath expression //*[@id='page=wrap"]/div/div[1]/div/section[1]/div[2]/div[3]/div[2]/div[1]
 because of the following error:
SyntaxError: Failed to execute 'evaluate' on 'Document': The string '//*[@id='page=wrap"]/div/div[1]/div/section[1]/div[2]/div[3]/div[2]/div[1]
' is not a valid XPath expression.
  (Session info: chrome=132.0.6834.160)
For documentation on this error, please visit: https://www.selenium.dev/documentation/webdriver/troubleshooting/errors#invalid-selector-exception
Build info: version: '4.22.0', revision: 'c5f3146703'
System info: os.name: 'Mac OS X', os.arch: 'aarch64', os.version: '15.3', java.version: '17.0.13'
Driver info: com.kms.katalon.selenium.driver.CChromeDriver
Command: [f6f5a0f72acf48085df70f48265f6572, findElements {value=//*[@id='page=wrap"]/div/div[1]/div/section[1]/div[2]/div[3]/div[2]/div[1]
, using=xpath}]
Capabilities {acceptInsecureCerts: false, browserName: chrome, browserVersion: 132.0.6834.160, chrome: {chromedriverVersion: 132.0.6834.83 (03d59cf5ecf1..., userDataDir: /var/folders/jt/hwd168h1059...}, fedcm:accounts: true, goog:chromeOptions: {debuggerAddress: localhost:62188}, networkConnectionEnabled: false, pageLoadStrategy: normal, platformName: mac, proxy: Proxy(), se:cdp: ws://localhost:62188/devtoo..., se:cdpVersion: 132.0.6834.160, setWindowRect: true, strictFileInteractability: false, timeouts: {implicit: 0, pageLoad: 300000, script: 30000}, unhandledPromptBehavior: ignore, webSocketUrl: ws://localhost:5005/session..., webauthn:extension:credBlob: true, webauthn:extension:largeBlob: true, webauthn:extension:minPinLength: true, webauthn:extension:prf: true, webauthn:virtualAuthenticators: true}
Session ID: f6f5a0f72acf48085df70f48265f6572
	at org.testng.Assert.fail(Assert.java:111)
	at com.reusableComponents.HighlightElement.run(HighlightElement.groovy:33)
	at 빅배너 확인_랜딩 후 복귀.run(빅배너 확인_랜딩 후 복귀:70)
	at com.kms.katalon.core.main.ScriptEngine.run(ScriptEngine.java:194)
	at com.kms.katalon.core.main.ScriptEngine.runScriptAsRawText(ScriptEngine.java:119)
	at com.kms.katalon.core.main.TestCaseExecutor.runScript(TestCaseExecutor.java:448)
	at com.kms.katalon.core.main.TestCaseExecutor.doExecute(TestCaseExecutor.java:439)
	at com.kms.katalon.core.main.TestCaseExecutor.processExecutionPhase(TestCaseExecutor.java:418)
	at com.kms.katalon.core.main.TestCaseExecutor.accessMainPhase(TestCaseExecutor.java:410)
	at com.kms.katalon.core.main.TestCaseExecutor.execute(TestCaseExecutor.java:285)
	at com.kms.katalon.core.common.CommonExecutor.accessTestCaseMainPhase(CommonExecutor.java:71)
	at com.kms.katalon.core.main.TestSuiteExecutor.accessTestSuiteMainPhase(TestSuiteExecutor.java:160)
	at com.kms.katalon.core.main.TestSuiteExecutor.execute(TestSuiteExecutor.java:107)
	at com.kms.katalon.core.main.TestCaseMain.startTestSuite(TestCaseMain.java:180)
	at TempTestSuite1739239400562.run(TempTestSuite1739239400562.groovy:35)
	at java.base/jdk.internal.reflect.NativeMethodAccessorImpl.invoke0(Native Method)
	at java.base/jdk.internal.reflect.NativeMethodAccessorImpl.invoke(NativeMethodAccessorImpl.java:77)
	at java.base/jdk.internal.reflect.DelegatingMethodAccessorImpl.invoke(DelegatingMethodAccessorImpl.java:43)]]></system-out>
         <system-err><![CDATA[11-02-2025T11:04:19 - [TEST_CASE][FAILED] - Test Cases/Home/홈화면 확인/빅배너 확인_랜딩 후 복귀: Test Cases/Home/홈화면 확인/빅배너 확인_랜딩 후 복귀 FAILED.
Reason:
java.lang.AssertionError: invalid selector: Unable to locate an element with the xpath expression //*[@id='page=wrap"]/div/div[1]/div/section[1]/div[2]/div[3]/div[2]/div[1]
 because of the following error:
SyntaxError: Failed to execute 'evaluate' on 'Document': The string '//*[@id='page=wrap"]/div/div[1]/div/section[1]/div[2]/div[3]/div[2]/div[1]
' is not a valid XPath expression.
  (Session info: chrome=132.0.6834.160)
For documentation on this error, please visit: https://www.selenium.dev/documentation/webdriver/troubleshooting/errors#invalid-selector-exception
Build info: version: '4.22.0', revision: 'c5f3146703'
System info: os.name: 'Mac OS X', os.arch: 'aarch64', os.version: '15.3', java.version: '17.0.13'
Driver info: com.kms.katalon.selenium.driver.CChromeDriver
Command: [f6f5a0f72acf48085df70f48265f6572, findElements {value=//*[@id='page=wrap"]/div/div[1]/div/section[1]/div[2]/div[3]/div[2]/div[1]
, using=xpath}]
Capabilities {acceptInsecureCerts: false, browserName: chrome, browserVersion: 132.0.6834.160, chrome: {chromedriverVersion: 132.0.6834.83 (03d59cf5ecf1..., userDataDir: /var/folders/jt/hwd168h1059...}, fedcm:accounts: true, goog:chromeOptions: {debuggerAddress: localhost:62188}, networkConnectionEnabled: false, pageLoadStrategy: normal, platformName: mac, proxy: Proxy(), se:cdp: ws://localhost:62188/devtoo..., se:cdpVersion: 132.0.6834.160, setWindowRect: true, strictFileInteractability: false, timeouts: {implicit: 0, pageLoad: 300000, script: 30000}, unhandledPromptBehavior: ignore, webSocketUrl: ws://localhost:5005/session..., webauthn:extension:credBlob: true, webauthn:extension:largeBlob: true, webauthn:extension:minPinLength: true, webauthn:extension:prf: true, webauthn:virtualAuthenticators: true}
Session ID: f6f5a0f72acf48085df70f48265f6572
	at org.testng.Assert.fail(Assert.java:111)
	at com.reusableComponents.HighlightElement.run(HighlightElement.groovy:33)
	at 빅배너 확인_랜딩 후 복귀.run(빅배너 확인_랜딩 후 복귀:70)
	at com.kms.katalon.core.main.ScriptEngine.run(ScriptEngine.java:194)
	at com.kms.katalon.core.main.ScriptEngine.runScriptAsRawText(ScriptEngine.java:119)
	at com.kms.katalon.core.main.TestCaseExecutor.runScript(TestCaseExecutor.java:448)
	at com.kms.katalon.core.main.TestCaseExecutor.doExecute(TestCaseExecutor.java:439)
	at com.kms.katalon.core.main.TestCaseExecutor.processExecutionPhase(TestCaseExecutor.java:418)
	at com.kms.katalon.core.main.TestCaseExecutor.accessMainPhase(TestCaseExecutor.java:410)
	at com.kms.katalon.core.main.TestCaseExecutor.execute(TestCaseExecutor.java:285)
	at com.kms.katalon.core.common.CommonExecutor.accessTestCaseMainPhase(CommonExecutor.java:71)
	at com.kms.katalon.core.main.TestSuiteExecutor.accessTestSuiteMainPhase(TestSuiteExecutor.java:160)
	at com.kms.katalon.core.main.TestSuiteExecutor.execute(TestSuiteExecutor.java:107)
	at com.kms.katalon.core.main.TestCaseMain.startTestSuite(TestCaseMain.java:180)
	at TempTestSuite1739239400562.run(TempTestSuite1739239400562.groovy:35)
	at java.base/jdk.internal.reflect.NativeMethodAccessorImpl.invoke0(Native Method)
	at java.base/jdk.internal.reflect.NativeMethodAccessorImpl.invoke(NativeMethodAccessorImpl.java:77)
	at java.base/jdk.internal.reflect.DelegatingMethodAccessorImpl.invoke(DelegatingMethodAccessorImpl.java:43)]]></system-err>
      </testcase>
      <testcase name="Test Cases/Home/홈화면 확인/라인배너 확인" time="5.267" classname="Test Cases/Home/홈화면 확인/라인배너 확인" status="PASSED">
         <system-out><![CDATA[11-02-2025T11:04:45 - [TEST_CASE][PASSED] - Test Cases/Home/홈화면 확인/라인배너 확인: Test Cases/Home/홈화면 확인/라인배너 확인

11-02-2025T11:04:45 - [TEST_STEP][PASSED] - comment("✅ 라인배너 실행"): ✅ 라인배너 실행

11-02-2025T11:04:45 - [MESSAGE][INFO] - ✅ 라인배너 실행

11-02-2025T11:04:45 - [TEST_STEP][PASSED] - navigateToUrl("https://qa.tapas.io/"): Navigate to 'https://qa.tapas.io/' successfully

11-02-2025T11:04:46 - [MESSAGE][PASSED] - Navigate to 'https://qa.tapas.io/' successfully

11-02-2025T11:04:46 - [TEST_STEP][PASSED] - click(findTestObject("Object Repository/Home/라인배너 확인/Page_Home  Spotlight/div_0228")): Object: 'Object Repository/Home/라인배너 확인/Page_Home  Spotlight/div_0228' is clicked on

11-02-2025T11:04:47 - [MESSAGE][PASSED] - Object: 'Object Repository/Home/라인배너 확인/Page_Home  Spotlight/div_0228' is clicked on

11-02-2025T11:04:47 - [TEST_STEP][PASSED] - linelanding = findTestObject("Home/라인배너 확인/Page_Event  _1221_0315_1221_0315_1221_0315_1221_0315/img_Publish_h-auto w-full"): null

11-02-2025T11:04:47 - [TEST_STEP][PASSED] - HighlightElement.run(linelanding): null

11-02-2025T11:04:50 - [TEST_STEP][PASSED] - verifyElementPresent(linelanding, 0): Object 'Object Repository/Home/라인배너 확인/Page_Event  _1221_0315_1221_0315_1221_0315_1221_0315/img_Publish_h-auto w-full' is present

11-02-2025T11:04:50 - [MESSAGE][WARNING] - Timeout '0' is invalid. Using default page load timeout: '40'

11-02-2025T11:04:50 - [MESSAGE][PASSED] - Object 'Object Repository/Home/라인배너 확인/Page_Event  _1221_0315_1221_0315_1221_0315_1221_0315/img_Publish_h-auto w-full' is present

11-02-2025T11:04:50 - [TEST_STEP][PASSED] - back(): Navigate back successfully

11-02-2025T11:04:51 - [MESSAGE][PASSED] - Navigate back successfully

11-02-2025T11:04:51 - [TEST_STEP][PASSED] - comment("✅ 라인배너 완"): ✅ 라인배너 완

11-02-2025T11:04:51 - [MESSAGE][INFO] - ✅ 라인배너 완]]></system-out>
         <system-err><![CDATA[]]></system-err>
      </testcase>
      <testcase name="Test Cases/Home/홈화면 확인/최근본섹션-로그인" time="2.075" classname="Test Cases/Home/홈화면 확인/최근본섹션-로그인" status="PASSED">
         <system-out><![CDATA[11-02-2025T11:04:51 - [TEST_CASE][PASSED] - Test Cases/Home/홈화면 확인/최근본섹션-로그인: Test Cases/Home/홈화면 확인/최근본섹션-로그인

11-02-2025T11:04:51 - [TEST_STEP][PASSED] - url = "https://qa.tapas.io/account/signin?from=/": null

11-02-2025T11:04:51 - [TEST_STEP][PASSED] - email = "dkttapas00@gmail.com": null

11-02-2025T11:04:51 - [TEST_STEP][PASSED] - password = "winehouse": null

11-02-2025T11:04:51 - [TEST_STEP][PASSED] - cookieFilePath = "cookies.save": null

11-02-2025T11:04:51 - [TEST_STEP][PASSED] - comment("✅ 최근본섹션 실행"): ✅ 최근본섹션 실행

11-02-2025T11:04:51 - [MESSAGE][INFO] - ✅ 최근본섹션 실행

11-02-2025T11:04:51 - [TEST_STEP][PASSED] - driver = getWebDriver(): null

11-02-2025T11:04:51 - [TEST_STEP][PASSED] - cookieFile = new java.io.File(cookieFilePath): null

11-02-2025T11:04:51 - [TEST_STEP][PASSED] - if (cookieFile.exists()): null

11-02-2025T11:04:51 - [TEST_STEP][PASSED] - try: null

11-02-2025T11:04:51 - [TEST_STEP][PASSED] - fis = new java.io.FileInputStream(cookieFile): null

11-02-2025T11:04:51 - [TEST_STEP][PASSED] - ois = new java.io.ObjectInputStream(fis): null

11-02-2025T11:04:51 - [TEST_STEP][PASSED] - cookies = ois.readObject(): null

11-02-2025T11:04:51 - [TEST_STEP][PASSED] - ois.close(): null

11-02-2025T11:04:51 - [TEST_STEP][PASSED] - fis.close(): null

11-02-2025T11:04:51 - [TEST_STEP][PASSED] - for (org.openqa.selenium.Cookie cookie : cookies): null

11-02-2025T11:04:51 - [TEST_STEP][PASSED] - manage().addCookie(cookie): null

11-02-2025T11:04:51 - [TEST_STEP][PASSED] - manage().addCookie(cookie): null

11-02-2025T11:04:51 - [TEST_STEP][PASSED] - manage().addCookie(cookie): null

11-02-2025T11:04:51 - [TEST_STEP][PASSED] - manage().addCookie(cookie): null

11-02-2025T11:04:51 - [TEST_STEP][PASSED] - manage().addCookie(cookie): null

11-02-2025T11:04:51 - [TEST_STEP][PASSED] - manage().addCookie(cookie): null

11-02-2025T11:04:51 - [TEST_STEP][PASSED] - manage().addCookie(cookie): null

11-02-2025T11:04:51 - [TEST_STEP][PASSED] - manage().addCookie(cookie): null

11-02-2025T11:04:51 - [TEST_STEP][PASSED] - manage().addCookie(cookie): null

11-02-2025T11:04:51 - [TEST_STEP][PASSED] - manage().addCookie(cookie): null

11-02-2025T11:04:51 - [TEST_STEP][PASSED] - manage().addCookie(cookie): null

11-02-2025T11:04:51 - [TEST_STEP][PASSED] - manage().addCookie(cookie): null

11-02-2025T11:04:51 - [TEST_STEP][PASSED] - manage().addCookie(cookie): null

11-02-2025T11:04:51 - [TEST_STEP][PASSED] - manage().addCookie(cookie): null

11-02-2025T11:04:51 - [TEST_STEP][PASSED] - manage().addCookie(cookie): null

11-02-2025T11:04:51 - [TEST_STEP][PASSED] - manage().addCookie(cookie): null

11-02-2025T11:04:51 - [TEST_STEP][PASSED] - manage().addCookie(cookie): null

11-02-2025T11:04:51 - [TEST_STEP][PASSED] - manage().addCookie(cookie): null

11-02-2025T11:04:51 - [TEST_STEP][PASSED] - manage().addCookie(cookie): null

11-02-2025T11:04:51 - [TEST_STEP][PASSED] - manage().addCookie(cookie): null

11-02-2025T11:04:51 - [TEST_STEP][PASSED] - manage().addCookie(cookie): null

11-02-2025T11:04:51 - [TEST_STEP][PASSED] - manage().addCookie(cookie): null

11-02-2025T11:04:51 - [TEST_STEP][PASSED] - manage().addCookie(cookie): null

11-02-2025T11:04:51 - [TEST_STEP][PASSED] - manage().addCookie(cookie): null

11-02-2025T11:04:51 - [TEST_STEP][PASSED] - manage().addCookie(cookie): null

11-02-2025T11:04:51 - [TEST_STEP][PASSED] - manage().addCookie(cookie): null

11-02-2025T11:04:51 - [TEST_STEP][PASSED] - manage().addCookie(cookie): null

11-02-2025T11:04:51 - [TEST_STEP][PASSED] - manage().addCookie(cookie): null

11-02-2025T11:04:51 - [TEST_STEP][PASSED] - manage().addCookie(cookie): null

11-02-2025T11:04:51 - [TEST_STEP][PASSED] - manage().addCookie(cookie): null

11-02-2025T11:04:51 - [TEST_STEP][PASSED] - manage().addCookie(cookie): null

11-02-2025T11:04:51 - [TEST_STEP][PASSED] - driver.get(url): null

11-02-2025T11:04:52 - [TEST_STEP][PASSED] - comment("✅ 쿠키 로드 완료! 자동 로그인 성공 시도"): ✅ 쿠키 로드 완료! 자동 로그인 성공 시도

11-02-2025T11:04:52 - [MESSAGE][INFO] - ✅ 쿠키 로드 완료! 자동 로그인 성공 시도

11-02-2025T11:04:52 - [TEST_STEP][PASSED] - profileIcon = new com.kms.katalon.core.testobject.TestObject(): null

11-02-2025T11:04:52 - [TEST_STEP][PASSED] - profileIcon.addProperty("xpath", EQUALS, "//img[contains(@alt, "profile")]"): null

11-02-2025T11:04:52 - [TEST_STEP][PASSED] - if (waitForElementPresent(profileIcon, 5)): null

11-02-2025T11:04:53 - [MESSAGE][PASSED] - Object '' is present

11-02-2025T11:04:53 - [TEST_STEP][PASSED] - comment("✅ 자동 로그인 성공!"): ✅ 자동 로그인 성공!

11-02-2025T11:04:53 - [MESSAGE][INFO] - ✅ 자동 로그인 성공!

11-02-2025T11:04:53 - [TEST_STEP][PASSED] - return null: null]]></system-out>
         <system-err><![CDATA[]]></system-err>
      </testcase>
      <system-out><![CDATA[11-02-2025T11:03:25 - [TEST_SUITE][FAILED] - Home: Test Cases/Home/홈화면 확인/빅배너 확인_랜딩 후 복귀 FAILED.
Reason:
java.lang.AssertionError: invalid selector: Unable to locate an element with the xpath expression //*[@id='page=wrap"]/div/div[1]/div/section[1]/div[2]/div[3]/div[2]/div[1]
 because of the following error:
SyntaxError: Failed to execute 'evaluate' on 'Document': The string '//*[@id='page=wrap"]/div/div[1]/div/section[1]/div[2]/div[3]/div[2]/div[1]
' is not a valid XPath expression.
  (Session info: chrome=132.0.6834.160)
For documentation on this error, please visit: https://www.selenium.dev/documentation/webdriver/troubleshooting/errors#invalid-selector-exception
Build info: version: '4.22.0', revision: 'c5f3146703'
System info: os.name: 'Mac OS X', os.arch: 'aarch64', os.version: '15.3', java.version: '17.0.13'
Driver info: com.kms.katalon.selenium.driver.CChromeDriver
Command: [f6f5a0f72acf48085df70f48265f6572, findElements {value=//*[@id='page=wrap"]/div/div[1]/div/section[1]/div[2]/div[3]/div[2]/div[1]
, using=xpath}]
Capabilities {acceptInsecureCerts: false, browserName: chrome, browserVersion: 132.0.6834.160, chrome: {chromedriverVersion: 132.0.6834.83 (03d59cf5ecf1..., userDataDir: /var/folders/jt/hwd168h1059...}, fedcm:accounts: true, goog:chromeOptions: {debuggerAddress: localhost:62188}, networkConnectionEnabled: false, pageLoadStrategy: normal, platformName: mac, proxy: Proxy(), se:cdp: ws://localhost:62188/devtoo..., se:cdpVersion: 132.0.6834.160, setWindowRect: true, strictFileInteractability: false, timeouts: {implicit: 0, pageLoad: 300000, script: 30000}, unhandledPromptBehavior: ignore, webSocketUrl: ws://localhost:5005/session..., webauthn:extension:credBlob: true, webauthn:extension:largeBlob: true, webauthn:extension:minPinLength: true, webauthn:extension:prf: true, webauthn:virtualAuthenticators: true}
Session ID: f6f5a0f72acf48085df70f48265f6572
	at org.testng.Assert.fail(Assert.java:111)
	at com.reusableComponents.HighlightElement.run(HighlightElement.groovy:33)
	at 빅배너 확인_랜딩 후 복귀.run(빅배너 확인_랜딩 후 복귀:70)
	at com.kms.katalon.core.main.ScriptEngine.run(ScriptEngine.java:194)
	at com.kms.katalon.core.main.ScriptEngine.runScriptAsRawText(ScriptEngine.java:119)
	at com.kms.katalon.core.main.TestCaseExecutor.runScript(TestCaseExecutor.java:448)
	at com.kms.katalon.core.main.TestCaseExecutor.doExecute(TestCaseExecutor.java:439)
	at com.kms.katalon.core.main.TestCaseExecutor.processExecutionPhase(TestCaseExecutor.java:418)
	at com.kms.katalon.core.main.TestCaseExecutor.accessMainPhase(TestCaseExecutor.java:410)
	at com.kms.katalon.core.main.TestCaseExecutor.execute(TestCaseExecutor.java:285)
	at com.kms.katalon.core.common.CommonExecutor.accessTestCaseMainPhase(CommonExecutor.java:71)
	at com.kms.katalon.core.main.TestSuiteExecutor.accessTestSuiteMainPhase(TestSuiteExecutor.java:160)
	at com.kms.katalon.core.main.TestSuiteExecutor.execute(TestSuiteExecutor.java:107)
	at com.kms.katalon.core.main.TestCaseMain.startTestSuite(TestCaseMain.java:180)
	at TempTestSuite1739239400562.run(TempTestSuite1739239400562.groovy:35)
	at java.base/jdk.internal.reflect.NativeMethodAccessorImpl.invoke0(Native Method)
	at java.base/jdk.internal.reflect.NativeMethodAccessorImpl.invoke(NativeMethodAccessorImpl.java:77)
	at java.base/jdk.internal.reflect.DelegatingMethodAccessorImpl.invoke(DelegatingMethodAccessorImpl.java:43)]]></system-out>
      <system-err><![CDATA[11-02-2025T11:03:25 - [TEST_SUITE][FAILED] - Home: Test Cases/Home/홈화면 확인/빅배너 확인_랜딩 후 복귀 FAILED.
Reason:
java.lang.AssertionError: invalid selector: Unable to locate an element with the xpath expression //*[@id='page=wrap"]/div/div[1]/div/section[1]/div[2]/div[3]/div[2]/div[1]
 because of the following error:
SyntaxError: Failed to execute 'evaluate' on 'Document': The string '//*[@id='page=wrap"]/div/div[1]/div/section[1]/div[2]/div[3]/div[2]/div[1]
' is not a valid XPath expression.
  (Session info: chrome=132.0.6834.160)
For documentation on this error, please visit: https://www.selenium.dev/documentation/webdriver/troubleshooting/errors#invalid-selector-exception
Build info: version: '4.22.0', revision: 'c5f3146703'
System info: os.name: 'Mac OS X', os.arch: 'aarch64', os.version: '15.3', java.version: '17.0.13'
Driver info: com.kms.katalon.selenium.driver.CChromeDriver
Command: [f6f5a0f72acf48085df70f48265f6572, findElements {value=//*[@id='page=wrap"]/div/div[1]/div/section[1]/div[2]/div[3]/div[2]/div[1]
, using=xpath}]
Capabilities {acceptInsecureCerts: false, browserName: chrome, browserVersion: 132.0.6834.160, chrome: {chromedriverVersion: 132.0.6834.83 (03d59cf5ecf1..., userDataDir: /var/folders/jt/hwd168h1059...}, fedcm:accounts: true, goog:chromeOptions: {debuggerAddress: localhost:62188}, networkConnectionEnabled: false, pageLoadStrategy: normal, platformName: mac, proxy: Proxy(), se:cdp: ws://localhost:62188/devtoo..., se:cdpVersion: 132.0.6834.160, setWindowRect: true, strictFileInteractability: false, timeouts: {implicit: 0, pageLoad: 300000, script: 30000}, unhandledPromptBehavior: ignore, webSocketUrl: ws://localhost:5005/session..., webauthn:extension:credBlob: true, webauthn:extension:largeBlob: true, webauthn:extension:minPinLength: true, webauthn:extension:prf: true, webauthn:virtualAuthenticators: true}
Session ID: f6f5a0f72acf48085df70f48265f6572
	at org.testng.Assert.fail(Assert.java:111)
	at com.reusableComponents.HighlightElement.run(HighlightElement.groovy:33)
	at 빅배너 확인_랜딩 후 복귀.run(빅배너 확인_랜딩 후 복귀:70)
	at com.kms.katalon.core.main.ScriptEngine.run(ScriptEngine.java:194)
	at com.kms.katalon.core.main.ScriptEngine.runScriptAsRawText(ScriptEngine.java:119)
	at com.kms.katalon.core.main.TestCaseExecutor.runScript(TestCaseExecutor.java:448)
	at com.kms.katalon.core.main.TestCaseExecutor.doExecute(TestCaseExecutor.java:439)
	at com.kms.katalon.core.main.TestCaseExecutor.processExecutionPhase(TestCaseExecutor.java:418)
	at com.kms.katalon.core.main.TestCaseExecutor.accessMainPhase(TestCaseExecutor.java:410)
	at com.kms.katalon.core.main.TestCaseExecutor.execute(TestCaseExecutor.java:285)
	at com.kms.katalon.core.common.CommonExecutor.accessTestCaseMainPhase(CommonExecutor.java:71)
	at com.kms.katalon.core.main.TestSuiteExecutor.accessTestSuiteMainPhase(TestSuiteExecutor.java:160)
	at com.kms.katalon.core.main.TestSuiteExecutor.execute(TestSuiteExecutor.java:107)
	at com.kms.katalon.core.main.TestCaseMain.startTestSuite(TestCaseMain.java:180)
	at TempTestSuite1739239400562.run(TempTestSuite1739239400562.groovy:35)
	at java.base/jdk.internal.reflect.NativeMethodAccessorImpl.invoke0(Native Method)
	at java.base/jdk.internal.reflect.NativeMethodAccessorImpl.invoke(NativeMethodAccessorImpl.java:77)
	at java.base/jdk.internal.reflect.DelegatingMethodAccessorImpl.invoke(DelegatingMethodAccessorImpl.java:43)]]></system-err>
   </testsuite>
</testsuites>
