<?xml version="1.0" encoding="UTF-8"?>
<testsuites name="TC1" time="87.779" tests="8" failures="1" errors="0">
   <testsuite name="TC1" tests="8" failures="1" errors="0" time="87.779" skipped="0" timestamp="22-08-2025T16:07:12" hostname="ruben.lee - localhost" id="Test Suites/TC1">
      <properties>
         <property name="deviceName" value=""/>
         <property name="devicePlatform"/>
         <property name="logFolder" value="/Users/ruben.lee/Katalon Studio/TapasTest/Reports/20250822_160709/TC1/20250822_160710"/>
         <property name="logFiles" value="/Users/ruben.lee/Katalon Studio/TapasTest/Reports/20250822_160709/TC1/20250822_160710/execution0.log, /Users/ruben.lee/Katalon Studio/TapasTest/Reports/20250822_160709/TC1/20250822_160710/console0.log"/>
         <property name="attachments" value="/Users/ruben.lee/Katalon Studio/TapasTest/Reports/20250822_160709/TC1/20250822_160710/1755846506749.png, /Users/ruben.lee/Katalon Studio/TapasTest/Reports/20250822_160709/TC1/20250822_160710/1755846511433.png, /Users/ruben.lee/Katalon Studio/TapasTest/Reports/20250822_160709/TC1/20250822_160710/1755846515949.png"/>
         <property name="hostName" value="ruben.lee - localhost"/>
         <property name="os" value="Mac OS X 64bit"/>
         <property name="katalonVersion" value="10.2.1.0"/>
         <property name="browser" value="Chrome 139.0.7258.138"/>
         <property name="userFullName" value="이수호 ruben"/>
         <property name="hostAddress" value="127.0.0.1"/>
         <property name="sessionId" value="ac2e6cae6bf098e62fe8fea20c0daa06"/>
         <property name="projectName" value="Tapas Test"/>
         <property name="seleniumVersion" value="4.28.1"/>
         <property name="proxyInformation" value="ProxyInformation { proxyOption=NO_PROXY, proxyServerType=HTTP, username=, password=********, proxyServerAddress=, proxyServerPort=0, executionList=&quot;&quot;, isApplyToDesiredCapabilities=true }"/>
         <property name="platform" value="Mac OS X"/>
      </properties>
      <testcase name="Test Cases/Prod환경/00.메인홈/01.로그인/01.자동 로그인 확인 - Copy" time="3.993" classname="Test Cases/Prod환경/00.메인홈/01.로그인/01.자동 로그인 확인 - Copy" status="PASSED">
         <system-out><![CDATA[22-08-2025T16:07:15 - [TEST_CASE][PASSED] - Test Cases/Prod환경/00.메인홈/01.로그인/01.자동 로그인 확인 - Copy: Test Cases/Prod환경/00.메인홈/01.로그인/01.자동 로그인 확인 - Copy

22-08-2025T16:07:15 - [TEST_STEP][PASSED] - Start listener action : beforeTestCase: null

22-08-2025T16:07:15 - [TEST_STEP][PASSED] - println("[BeforeTestCase] GlobalVariable.isSuite: " + isSuite): null

22-08-2025T16:07:15 - [TEST_STEP][PASSED] - if (!(isSuite)): null

22-08-2025T16:07:15 - [TEST_STEP][PASSED] - url = "https://tapas.io/account/signin?from=/": null

22-08-2025T16:07:15 - [TEST_STEP][PASSED] - cookieFilePath = "cookies.save": null

22-08-2025T16:07:15 - [TEST_STEP][PASSED] - driver = getWebDriver(): null

22-08-2025T16:07:15 - [TEST_STEP][PASSED] - cookieFile = new java.io.File(cookieFilePath): null

22-08-2025T16:07:15 - [TEST_STEP][PASSED] - if (cookieFile.exists()): ✅ 쿠키 로드 완료! 자동 로그인 성공 시도

22-08-2025T16:07:15 - [TEST_STEP][PASSED] - try: ✅ 쿠키 로드 완료! 자동 로그인 성공 시도

22-08-2025T16:07:15 - [TEST_STEP][PASSED] - fis = new java.io.FileInputStream(cookieFile): null

22-08-2025T16:07:15 - [TEST_STEP][PASSED] - ois = new java.io.ObjectInputStream(fis): null

22-08-2025T16:07:15 - [TEST_STEP][PASSED] - cookies = ois.readObject(): null

22-08-2025T16:07:15 - [TEST_STEP][PASSED] - ois.close(): null

22-08-2025T16:07:15 - [TEST_STEP][PASSED] - fis.close(): null

22-08-2025T16:07:15 - [TEST_STEP][PASSED] - for (org.openqa.selenium.Cookie cookie : cookies): null

22-08-2025T16:07:15 - [TEST_STEP][PASSED] - manage().addCookie(cookie): null

22-08-2025T16:07:15 - [TEST_STEP][PASSED] - manage().addCookie(cookie): null

22-08-2025T16:07:15 - [TEST_STEP][PASSED] - manage().addCookie(cookie): null

22-08-2025T16:07:15 - [TEST_STEP][PASSED] - manage().addCookie(cookie): null

22-08-2025T16:07:15 - [TEST_STEP][PASSED] - manage().addCookie(cookie): null

22-08-2025T16:07:15 - [TEST_STEP][PASSED] - manage().addCookie(cookie): null

22-08-2025T16:07:16 - [TEST_STEP][PASSED] - manage().addCookie(cookie): null

22-08-2025T16:07:16 - [TEST_STEP][PASSED] - manage().addCookie(cookie): null

22-08-2025T16:07:16 - [TEST_STEP][PASSED] - manage().addCookie(cookie): null

22-08-2025T16:07:16 - [TEST_STEP][PASSED] - manage().addCookie(cookie): null

22-08-2025T16:07:16 - [TEST_STEP][PASSED] - manage().addCookie(cookie): null

22-08-2025T16:07:16 - [TEST_STEP][PASSED] - manage().addCookie(cookie): null

22-08-2025T16:07:16 - [TEST_STEP][PASSED] - manage().addCookie(cookie): null

22-08-2025T16:07:16 - [TEST_STEP][PASSED] - manage().addCookie(cookie): null

22-08-2025T16:07:16 - [TEST_STEP][PASSED] - manage().addCookie(cookie): null

22-08-2025T16:07:16 - [TEST_STEP][PASSED] - manage().addCookie(cookie): null

22-08-2025T16:07:16 - [TEST_STEP][PASSED] - manage().addCookie(cookie): null

22-08-2025T16:07:16 - [TEST_STEP][PASSED] - manage().addCookie(cookie): null

22-08-2025T16:07:16 - [TEST_STEP][PASSED] - manage().addCookie(cookie): null

22-08-2025T16:07:16 - [TEST_STEP][PASSED] - manage().addCookie(cookie): null

22-08-2025T16:07:16 - [TEST_STEP][PASSED] - manage().addCookie(cookie): null

22-08-2025T16:07:16 - [TEST_STEP][PASSED] - manage().addCookie(cookie): null

22-08-2025T16:07:16 - [TEST_STEP][PASSED] - manage().addCookie(cookie): null

22-08-2025T16:07:16 - [TEST_STEP][PASSED] - manage().addCookie(cookie): null

22-08-2025T16:07:16 - [TEST_STEP][PASSED] - manage().addCookie(cookie): null

22-08-2025T16:07:16 - [TEST_STEP][PASSED] - manage().addCookie(cookie): null

22-08-2025T16:07:16 - [TEST_STEP][PASSED] - manage().addCookie(cookie): null

22-08-2025T16:07:16 - [TEST_STEP][PASSED] - manage().addCookie(cookie): null

22-08-2025T16:07:16 - [TEST_STEP][PASSED] - manage().addCookie(cookie): null

22-08-2025T16:07:16 - [TEST_STEP][PASSED] - manage().addCookie(cookie): null

22-08-2025T16:07:16 - [TEST_STEP][PASSED] - manage().addCookie(cookie): null

22-08-2025T16:07:16 - [TEST_STEP][PASSED] - manage().addCookie(cookie): null

22-08-2025T16:07:16 - [TEST_STEP][PASSED] - manage().addCookie(cookie): null

22-08-2025T16:07:16 - [TEST_STEP][PASSED] - manage().addCookie(cookie): null

22-08-2025T16:07:16 - [TEST_STEP][PASSED] - manage().addCookie(cookie): null

22-08-2025T16:07:16 - [TEST_STEP][PASSED] - navigate().refresh(): null

22-08-2025T16:07:17 - [TEST_STEP][PASSED] - comment("✅ 쿠키 로드 완료! 자동 로그인 성공 시도"): ✅ 쿠키 로드 완료! 자동 로그인 성공 시도

22-08-2025T16:07:17 - [MESSAGE][INFO] - ✅ 쿠키 로드 완료! 자동 로그인 성공 시도

22-08-2025T16:07:17 - [TEST_STEP][PASSED] - delay(2): Delayed 2 second(s)

22-08-2025T16:07:19 - [MESSAGE][PASSED] - Delayed 2 second(s)

22-08-2025T16:07:19 - [TEST_STEP][PASSED] - maximizeWindow(): Current window maximized

22-08-2025T16:07:19 - [MESSAGE][PASSED] - Current window maximized

22-08-2025T16:07:19 - [TEST_STEP][PASSED] - Start listener action : afterTestCase: null

22-08-2025T16:07:19 - [TEST_STEP][PASSED] - println("[AfterTestCase] GlobalVariable.isSuite: " + isSuite): null

22-08-2025T16:07:19 - [TEST_STEP][PASSED] - if (!(isSuite)): null]]></system-out>
         <system-err><![CDATA[]]></system-err>
      </testcase>
      <testcase name="Test Cases/Prod환경/00.메인홈/02.검색/02.검색 결과 없음 확인 - Copy" time="5.415" classname="Test Cases/Prod환경/00.메인홈/02.검색/02.검색 결과 없음 확인 - Copy" status="PASSED">
         <system-out><![CDATA[22-08-2025T16:07:19 - [TEST_CASE][PASSED] - Test Cases/Prod환경/00.메인홈/02.검색/02.검색 결과 없음 확인 - Copy: Test Cases/Prod환경/00.메인홈/02.검색/02.검색 결과 없음 확인 - Copy

22-08-2025T16:07:19 - [TEST_STEP][PASSED] - Start listener action : beforeTestCase: null

22-08-2025T16:07:19 - [TEST_STEP][PASSED] - println("[BeforeTestCase] GlobalVariable.isSuite: " + isSuite): null

22-08-2025T16:07:19 - [TEST_STEP][PASSED] - if (!(isSuite)): null

22-08-2025T16:07:19 - [TEST_STEP][PASSED] - setText(findTestObject("Object Repository/Prod환경/Home/02.검색/00.검색란"), "비비비비비비비비비비"): Text '비비비비비비비비비비' is set on object 'Object Repository/Prod환경/Home/02.검색/00.검색란'

22-08-2025T16:07:20 - [MESSAGE][PASSED] - Text '비비비비비비비비비비' is set on object 'Object Repository/Prod환경/Home/02.검색/00.검색란'

22-08-2025T16:07:20 - [TEST_STEP][PASSED] - click(findTestObject("Object Repository/Prod환경/Home/02.검색/01.검색버튼")): Object: 'Object Repository/Prod환경/Home/02.검색/01.검색버튼' is clicked on

22-08-2025T16:07:20 - [MESSAGE][PASSED] - Object: 'Object Repository/Prod환경/Home/02.검색/01.검색버튼' is clicked on

22-08-2025T16:07:20 - [TEST_STEP][PASSED] - verifyElementPresent(findTestObject("Prod환경/Home/02.검색/04.검색결과 문구 없음"), 0): Object 'Object Repository/Prod환경/Home/02.검색/04.검색결과 문구 없음' is present

22-08-2025T16:07:20 - [MESSAGE][WARNING] - Timeout '0' is invalid. Using default page load timeout: '40'

22-08-2025T16:07:23 - [MESSAGE][PASSED] - Object 'Object Repository/Prod환경/Home/02.검색/04.검색결과 문구 없음' is present

22-08-2025T16:07:23 - [TEST_STEP][PASSED] - nolist = findTestObject("Prod환경/Home/02.검색/04.검색결과 문구 없음"): null

22-08-2025T16:07:23 - [TEST_STEP][PASSED] - HighlightElement.run(nolist): null

22-08-2025T16:07:24 - [TEST_STEP][PASSED] - verifyElementPresent(nolist, 0): Object 'Object Repository/Prod환경/Home/02.검색/04.검색결과 문구 없음' is present

22-08-2025T16:07:25 - [MESSAGE][WARNING] - Timeout '0' is invalid. Using default page load timeout: '40'

22-08-2025T16:07:25 - [MESSAGE][PASSED] - Object 'Object Repository/Prod환경/Home/02.검색/04.검색결과 문구 없음' is present

22-08-2025T16:07:25 - [TEST_STEP][PASSED] - comment("✅ 검색 완료"): ✅ 검색 완료

22-08-2025T16:07:25 - [MESSAGE][INFO] - ✅ 검색 완료

22-08-2025T16:07:25 - [TEST_STEP][PASSED] - Start listener action : afterTestCase: null

22-08-2025T16:07:25 - [TEST_STEP][PASSED] - println("[AfterTestCase] GlobalVariable.isSuite: " + isSuite): null

22-08-2025T16:07:25 - [TEST_STEP][PASSED] - if (!(isSuite)): null]]></system-out>
         <system-err><![CDATA[]]></system-err>
      </testcase>
      <testcase name="Test Cases/Prod환경/00.메인홈/02.검색/03.검색 리스트 확인 - Copy" time="7.881" classname="Test Cases/Prod환경/00.메인홈/02.검색/03.검색 리스트 확인 - Copy" status="PASSED">
         <system-out><![CDATA[22-08-2025T16:07:25 - [TEST_CASE][PASSED] - Test Cases/Prod환경/00.메인홈/02.검색/03.검색 리스트 확인 - Copy: Test Cases/Prod환경/00.메인홈/02.검색/03.검색 리스트 확인 - Copy

22-08-2025T16:07:25 - [TEST_STEP][PASSED] - Start listener action : beforeTestCase: null

22-08-2025T16:07:25 - [TEST_STEP][PASSED] - println("[BeforeTestCase] GlobalVariable.isSuite: " + isSuite): null

22-08-2025T16:07:25 - [TEST_STEP][PASSED] - if (!(isSuite)): null

22-08-2025T16:07:25 - [TEST_STEP][PASSED] - if (isSuite): Object: 'Object Repository/Tapas 로고' is clicked on

22-08-2025T16:07:25 - [TEST_STEP][PASSED] - logo = findTestObject("Object Repository/Tapas 로고"): null

22-08-2025T16:07:25 - [TEST_STEP][PASSED] - waitForElementVisible(logo, 10): Object 'Object Repository/Tapas 로고' is visible

22-08-2025T16:07:25 - [MESSAGE][PASSED] - Object 'Object Repository/Tapas 로고' is visible

22-08-2025T16:07:25 - [TEST_STEP][PASSED] - waitForElementClickable(logo, 10): Object 'Object Repository/Tapas 로고' is clickable

22-08-2025T16:07:25 - [MESSAGE][PASSED] - Object 'Object Repository/Tapas 로고' is clickable

22-08-2025T16:07:25 - [TEST_STEP][PASSED] - click(logo): Object: 'Object Repository/Tapas 로고' is clicked on

22-08-2025T16:07:27 - [MESSAGE][PASSED] - Object: 'Object Repository/Tapas 로고' is clicked on

22-08-2025T16:07:27 - [TEST_STEP][PASSED] - setText(findTestObject("Object Repository/Prod환경/Home/02.검색/00.검색란"), "Solo leveling"): Text 'Solo leveling' is set on object 'Object Repository/Prod환경/Home/02.검색/00.검색란'

22-08-2025T16:07:28 - [MESSAGE][PASSED] - Text 'Solo leveling' is set on object 'Object Repository/Prod환경/Home/02.검색/00.검색란'

22-08-2025T16:07:28 - [TEST_STEP][PASSED] - click(findTestObject("Object Repository/Prod환경/Home/02.검색/01.검색버튼")): Object: 'Object Repository/Prod환경/Home/02.검색/01.검색버튼' is clicked on

22-08-2025T16:07:30 - [MESSAGE][PASSED] - Object: 'Object Repository/Prod환경/Home/02.검색/01.검색버튼' is clicked on

22-08-2025T16:07:30 - [TEST_STEP][PASSED] - searchlist = findTestObject("Prod환경/Home/02.검색/03.Solo Leveling 타이틀"): null

22-08-2025T16:07:30 - [TEST_STEP][PASSED] - HighlightElement.run(searchlist): null

22-08-2025T16:07:31 - [TEST_STEP][PASSED] - verifyElementPresent(searchlist, 0): Object 'Object Repository/Prod환경/Home/02.검색/03.Solo Leveling 타이틀' is present

22-08-2025T16:07:31 - [MESSAGE][WARNING] - Timeout '0' is invalid. Using default page load timeout: '40'

22-08-2025T16:07:32 - [MESSAGE][PASSED] - Object 'Object Repository/Prod환경/Home/02.검색/03.Solo Leveling 타이틀' is present

22-08-2025T16:07:32 - [TEST_STEP][PASSED] - back(): Navigate back successfully

22-08-2025T16:07:33 - [MESSAGE][PASSED] - Navigate back successfully

22-08-2025T16:07:33 - [TEST_STEP][PASSED] - comment("✅ 완료"): ✅ 완료

22-08-2025T16:07:33 - [MESSAGE][INFO] - ✅ 완료

22-08-2025T16:07:33 - [TEST_STEP][PASSED] - Start listener action : afterTestCase: null

22-08-2025T16:07:33 - [TEST_STEP][PASSED] - println("[AfterTestCase] GlobalVariable.isSuite: " + isSuite): null

22-08-2025T16:07:33 - [TEST_STEP][PASSED] - if (!(isSuite)): null]]></system-out>
         <system-err><![CDATA[]]></system-err>
      </testcase>
      <testcase name="Test Cases/Prod환경/00.메인홈/03.배너확인/04.라인배너 확인" time="11.254" classname="Test Cases/Prod환경/00.메인홈/03.배너확인/04.라인배너 확인" status="PASSED">
         <system-out><![CDATA[22-08-2025T16:07:33 - [TEST_CASE][PASSED] - Test Cases/Prod환경/00.메인홈/03.배너확인/04.라인배너 확인: Test Cases/Prod환경/00.메인홈/03.배너확인/04.라인배너 확인

22-08-2025T16:07:33 - [TEST_STEP][PASSED] - Start listener action : beforeTestCase: null

22-08-2025T16:07:33 - [TEST_STEP][PASSED] - println("[BeforeTestCase] GlobalVariable.isSuite: " + isSuite): null

22-08-2025T16:07:33 - [TEST_STEP][PASSED] - if (!(isSuite)): null

22-08-2025T16:07:33 - [TEST_STEP][PASSED] - comment("✅ 라인배너 실행"): ✅ 라인배너 실행

22-08-2025T16:07:33 - [MESSAGE][INFO] - ✅ 라인배너 실행

22-08-2025T16:07:33 - [TEST_STEP][PASSED] - delay(2): Delayed 2 second(s)

22-08-2025T16:07:35 - [MESSAGE][PASSED] - Delayed 2 second(s)

22-08-2025T16:07:35 - [TEST_STEP][PASSED] - click(findTestObject("Object Repository/Prod환경/Home/04.배너/라인배너/00. Free 서브탭")): Object: 'Object Repository/Prod환경/Home/04.배너/라인배너/00. Free 서브탭' is clicked on

22-08-2025T16:07:35 - [MESSAGE][PASSED] - Object: 'Object Repository/Prod환경/Home/04.배너/라인배너/00. Free 서브탭' is clicked on

22-08-2025T16:07:35 - [TEST_STEP][PASSED] - linebanner = findTestObject("Prod환경/Home/04.배너/라인배너/01.라인배너"): null

22-08-2025T16:07:35 - [TEST_STEP][PASSED] - HighlightElement.run(linebanner): null

22-08-2025T16:07:37 - [TEST_STEP][PASSED] - verifyElementPresent(linebanner, 0): Object 'Object Repository/Prod환경/Home/04.배너/라인배너/01.라인배너' is present

22-08-2025T16:07:37 - [MESSAGE][WARNING] - Timeout '0' is invalid. Using default page load timeout: '40'

22-08-2025T16:07:37 - [MESSAGE][PASSED] - Object 'Object Repository/Prod환경/Home/04.배너/라인배너/01.라인배너' is present

22-08-2025T16:07:37 - [TEST_STEP][PASSED] - click(findTestObject("Object Repository/Prod환경/Home/04.배너/라인배너/01.라인배너")): Object: 'Object Repository/Prod환경/Home/04.배너/라인배너/01.라인배너' is clicked on

22-08-2025T16:07:39 - [MESSAGE][PASSED] - Object: 'Object Repository/Prod환경/Home/04.배너/라인배너/01.라인배너' is clicked on

22-08-2025T16:07:39 - [TEST_STEP][PASSED] - delay(2): Delayed 2 second(s)

22-08-2025T16:07:41 - [MESSAGE][PASSED] - Delayed 2 second(s)

22-08-2025T16:07:41 - [TEST_STEP][PASSED] - back(): Navigate back successfully

22-08-2025T16:07:42 - [MESSAGE][PASSED] - Navigate back successfully

22-08-2025T16:07:42 - [TEST_STEP][PASSED] - delay(2): Delayed 2 second(s)

22-08-2025T16:07:44 - [MESSAGE][PASSED] - Delayed 2 second(s)

22-08-2025T16:07:44 - [TEST_STEP][PASSED] - click(findTestObject("Object Repository/Prod환경/Home/01.메인홈/숏컷/Tapas 버튼")): Object: 'Object Repository/Prod환경/Home/01.메인홈/숏컷/Tapas 버튼' is clicked on

22-08-2025T16:07:44 - [MESSAGE][PASSED] - Object: 'Object Repository/Prod환경/Home/01.메인홈/숏컷/Tapas 버튼' is clicked on

22-08-2025T16:07:44 - [TEST_STEP][PASSED] - comment("✅ 라인배너 완"): ✅ 라인배너 완

22-08-2025T16:07:44 - [MESSAGE][INFO] - ✅ 라인배너 완

22-08-2025T16:07:44 - [TEST_STEP][PASSED] - Start listener action : afterTestCase: null

22-08-2025T16:07:44 - [TEST_STEP][PASSED] - println("[AfterTestCase] GlobalVariable.isSuite: " + isSuite): null

22-08-2025T16:07:44 - [TEST_STEP][PASSED] - if (!(isSuite)): null]]></system-out>
         <system-err><![CDATA[]]></system-err>
      </testcase>
      <testcase name="Test Cases/Prod환경/00.메인홈/03.배너확인/05.빅배너 확인_랜딩 후 복귀" time="22.094" classname="Test Cases/Prod환경/00.메인홈/03.배너확인/05.빅배너 확인_랜딩 후 복귀" status="PASSED">
         <system-out><![CDATA[22-08-2025T16:07:44 - [TEST_CASE][PASSED] - Test Cases/Prod환경/00.메인홈/03.배너확인/05.빅배너 확인_랜딩 후 복귀: Test Cases/Prod환경/00.메인홈/03.배너확인/05.빅배너 확인_랜딩 후 복귀

22-08-2025T16:07:44 - [TEST_STEP][PASSED] - Start listener action : beforeTestCase: null

22-08-2025T16:07:44 - [TEST_STEP][PASSED] - println("[BeforeTestCase] GlobalVariable.isSuite: " + isSuite): null

22-08-2025T16:07:44 - [TEST_STEP][PASSED] - if (!(isSuite)): null

22-08-2025T16:07:44 - [TEST_STEP][PASSED] - next = findTestObject("Prod환경/Home/04.배너/빅배너/01.빅배너 다음 버튼"): null

22-08-2025T16:07:44 - [TEST_STEP][PASSED] - HighlightElement.run(next): null

22-08-2025T16:07:46 - [TEST_STEP][PASSED] - verifyElementPresent(next, 0): Object 'Object Repository/Prod환경/Home/04.배너/빅배너/01.빅배너 다음 버튼' is present

22-08-2025T16:07:46 - [MESSAGE][WARNING] - Timeout '0' is invalid. Using default page load timeout: '40'

22-08-2025T16:07:46 - [MESSAGE][PASSED] - Object 'Object Repository/Prod환경/Home/04.배너/빅배너/01.빅배너 다음 버튼' is present

22-08-2025T16:07:46 - [TEST_STEP][PASSED] - click(findTestObject("Object Repository/Prod환경/Home/04.배너/빅배너/01.빅배너 다음 버튼")): Object: 'Object Repository/Prod환경/Home/04.배너/빅배너/01.빅배너 다음 버튼' is clicked on

22-08-2025T16:07:46 - [MESSAGE][PASSED] - Object: 'Object Repository/Prod환경/Home/04.배너/빅배너/01.빅배너 다음 버튼' is clicked on

22-08-2025T16:07:46 - [TEST_STEP][PASSED] - prev = findTestObject("Prod환경/Home/04.배너/빅배너/02.빅배너 이전 버튼"): null

22-08-2025T16:07:46 - [TEST_STEP][PASSED] - HighlightElement.run(prev): null

22-08-2025T16:07:48 - [TEST_STEP][PASSED] - verifyElementPresent(prev, 0): Object 'Object Repository/Prod환경/Home/04.배너/빅배너/02.빅배너 이전 버튼' is present

22-08-2025T16:07:48 - [MESSAGE][WARNING] - Timeout '0' is invalid. Using default page load timeout: '40'

22-08-2025T16:07:48 - [MESSAGE][PASSED] - Object 'Object Repository/Prod환경/Home/04.배너/빅배너/02.빅배너 이전 버튼' is present

22-08-2025T16:07:48 - [TEST_STEP][PASSED] - click(findTestObject("Prod환경/Home/04.배너/빅배너/02.빅배너 이전 버튼")): Object: 'Object Repository/Prod환경/Home/04.배너/빅배너/02.빅배너 이전 버튼' is clicked on

22-08-2025T16:07:48 - [MESSAGE][PASSED] - Object: 'Object Repository/Prod환경/Home/04.배너/빅배너/02.빅배너 이전 버튼' is clicked on

22-08-2025T16:07:48 - [TEST_STEP][PASSED] - delay(10): Delayed 10 second(s)

22-08-2025T16:07:58 - [MESSAGE][PASSED] - Delayed 10 second(s)

22-08-2025T16:07:58 - [TEST_STEP][PASSED] - page2 = findTestObject("Prod환경/Home/04.배너/빅배너/03.2페이지"): null

22-08-2025T16:07:58 - [TEST_STEP][PASSED] - HighlightElement.run(page2): null

22-08-2025T16:07:59 - [TEST_STEP][PASSED] - verifyElementPresent(page2, 0): Object 'Object Repository/Prod환경/Home/04.배너/빅배너/03.2페이지' is present

22-08-2025T16:07:59 - [MESSAGE][WARNING] - Timeout '0' is invalid. Using default page load timeout: '40'

22-08-2025T16:08:00 - [MESSAGE][PASSED] - Object 'Object Repository/Prod환경/Home/04.배너/빅배너/03.2페이지' is present

22-08-2025T16:08:00 - [TEST_STEP][PASSED] - prev1 = findTestObject("Prod환경/Home/04.배너/빅배너/02.빅배너 이전 버튼"): null

22-08-2025T16:08:00 - [TEST_STEP][PASSED] - HighlightElement.run(prev1): null

22-08-2025T16:08:01 - [TEST_STEP][PASSED] - verifyElementPresent(prev1, 0): Object 'Object Repository/Prod환경/Home/04.배너/빅배너/02.빅배너 이전 버튼' is present

22-08-2025T16:08:01 - [MESSAGE][WARNING] - Timeout '0' is invalid. Using default page load timeout: '40'

22-08-2025T16:08:01 - [MESSAGE][PASSED] - Object 'Object Repository/Prod환경/Home/04.배너/빅배너/02.빅배너 이전 버튼' is present

22-08-2025T16:08:01 - [TEST_STEP][PASSED] - click(findTestObject("Prod환경/Home/04.배너/빅배너/02.빅배너 이전 버튼")): Object: 'Object Repository/Prod환경/Home/04.배너/빅배너/02.빅배너 이전 버튼' is clicked on

22-08-2025T16:08:01 - [MESSAGE][PASSED] - Object: 'Object Repository/Prod환경/Home/04.배너/빅배너/02.빅배너 이전 버튼' is clicked on

22-08-2025T16:08:01 - [TEST_STEP][PASSED] - click(findTestObject("Object Repository/Prod환경/Home/04.배너/빅배너/04.빅배너이미지")): Object: 'Object Repository/Prod환경/Home/04.배너/빅배너/04.빅배너이미지' is clicked on

22-08-2025T16:08:02 - [MESSAGE][PASSED] - Object: 'Object Repository/Prod환경/Home/04.배너/빅배너/04.빅배너이미지' is clicked on

22-08-2025T16:08:02 - [TEST_STEP][PASSED] - delay(2): Delayed 2 second(s)

22-08-2025T16:08:04 - [MESSAGE][PASSED] - Delayed 2 second(s)

22-08-2025T16:08:04 - [TEST_STEP][PASSED] - back(): Navigate back successfully

22-08-2025T16:08:04 - [MESSAGE][PASSED] - Navigate back successfully

22-08-2025T16:08:04 - [TEST_STEP][PASSED] - bancheck = findTestObject("Prod환경/Home/04.배너/빅배너/04.빅배너이미지"): null

22-08-2025T16:08:04 - [TEST_STEP][PASSED] - HighlightElement.run(bancheck): null

22-08-2025T16:08:06 - [TEST_STEP][PASSED] - verifyElementPresent(bancheck, 0): Object 'Object Repository/Prod환경/Home/04.배너/빅배너/04.빅배너이미지' is present

22-08-2025T16:08:06 - [MESSAGE][WARNING] - Timeout '0' is invalid. Using default page load timeout: '40'

22-08-2025T16:08:06 - [MESSAGE][PASSED] - Object 'Object Repository/Prod환경/Home/04.배너/빅배너/04.빅배너이미지' is present

22-08-2025T16:08:06 - [TEST_STEP][PASSED] - comment("✅ 빅배너 완료"): ✅ 빅배너 완료

22-08-2025T16:08:06 - [MESSAGE][INFO] - ✅ 빅배너 완료

22-08-2025T16:08:06 - [TEST_STEP][PASSED] - Start listener action : afterTestCase: null

22-08-2025T16:08:06 - [TEST_STEP][PASSED] - println("[AfterTestCase] GlobalVariable.isSuite: " + isSuite): null

22-08-2025T16:08:06 - [TEST_STEP][PASSED] - if (!(isSuite)): null]]></system-out>
         <system-err><![CDATA[]]></system-err>
      </testcase>
      <testcase name="Test Cases/Prod환경/00.메인홈/03.배너확인/06.숏컷 객체 강조 - 로그인" time="14.183" classname="Test Cases/Prod환경/00.메인홈/03.배너확인/06.숏컷 객체 강조 - 로그인" status="PASSED">
         <system-out><![CDATA[22-08-2025T16:08:06 - [TEST_CASE][PASSED] - Test Cases/Prod환경/00.메인홈/03.배너확인/06.숏컷 객체 강조 - 로그인: Test Cases/Prod환경/00.메인홈/03.배너확인/06.숏컷 객체 강조 - 로그인

22-08-2025T16:08:06 - [TEST_STEP][PASSED] - Start listener action : beforeTestCase: null

22-08-2025T16:08:06 - [TEST_STEP][PASSED] - println("[BeforeTestCase] GlobalVariable.isSuite: " + isSuite): null

22-08-2025T16:08:06 - [TEST_STEP][PASSED] - if (!(isSuite)): null

22-08-2025T16:08:06 - [TEST_STEP][PASSED] - callTestCase(findTestCase("Test Cases/Prod환경/00.메인홈/01.로그인/01.자동 로그인 확인"), [:], STOP_ON_FAILURE): Call Test Case 'Test Cases/Prod환경/00.메인홈/01.로그인/01.자동 로그인 확인' successfully

22-08-2025T16:08:06 - [TEST_CASE][PASSED] - Test Cases/Prod환경/00.메인홈/01.로그인/01.자동 로그인 확인: Test Cases/Prod환경/00.메인홈/01.로그인/01.자동 로그인 확인

22-08-2025T16:08:06 - [TEST_STEP][PASSED] - url = "https://tapas.io/account/signin?from=/": null

22-08-2025T16:08:06 - [TEST_STEP][PASSED] - cookieFilePath = "cookies.save": null

22-08-2025T16:08:06 - [TEST_STEP][PASSED] - navigateToUrl(url): Navigate to 'https://tapas.io/account/signin?from=/' successfully

22-08-2025T16:08:08 - [MESSAGE][PASSED] - Navigate to 'https://tapas.io/account/signin?from=/' successfully

22-08-2025T16:08:08 - [TEST_STEP][PASSED] - driver = getWebDriver(): null

22-08-2025T16:08:08 - [TEST_STEP][PASSED] - cookieFile = new java.io.File(cookieFilePath): null

22-08-2025T16:08:08 - [TEST_STEP][PASSED] - if (cookieFile.exists()): ✅ 쿠키 로드 완료! 자동 로그인 성공 시도

22-08-2025T16:08:08 - [TEST_STEP][PASSED] - try: ✅ 쿠키 로드 완료! 자동 로그인 성공 시도

22-08-2025T16:08:08 - [TEST_STEP][PASSED] - fis = new java.io.FileInputStream(cookieFile): null

22-08-2025T16:08:08 - [TEST_STEP][PASSED] - ois = new java.io.ObjectInputStream(fis): null

22-08-2025T16:08:08 - [TEST_STEP][PASSED] - cookies = ois.readObject(): null

22-08-2025T16:08:08 - [TEST_STEP][PASSED] - ois.close(): null

22-08-2025T16:08:08 - [TEST_STEP][PASSED] - fis.close(): null

22-08-2025T16:08:08 - [TEST_STEP][PASSED] - for (org.openqa.selenium.Cookie cookie : cookies): null

22-08-2025T16:08:08 - [TEST_STEP][PASSED] - manage().addCookie(cookie): null

22-08-2025T16:08:08 - [TEST_STEP][PASSED] - manage().addCookie(cookie): null

22-08-2025T16:08:08 - [TEST_STEP][PASSED] - manage().addCookie(cookie): null

22-08-2025T16:08:08 - [TEST_STEP][PASSED] - manage().addCookie(cookie): null

22-08-2025T16:08:08 - [TEST_STEP][PASSED] - manage().addCookie(cookie): null

22-08-2025T16:08:08 - [TEST_STEP][PASSED] - manage().addCookie(cookie): null

22-08-2025T16:08:08 - [TEST_STEP][PASSED] - manage().addCookie(cookie): null

22-08-2025T16:08:08 - [TEST_STEP][PASSED] - manage().addCookie(cookie): null

22-08-2025T16:08:08 - [TEST_STEP][PASSED] - manage().addCookie(cookie): null

22-08-2025T16:08:08 - [TEST_STEP][PASSED] - manage().addCookie(cookie): null

22-08-2025T16:08:08 - [TEST_STEP][PASSED] - manage().addCookie(cookie): null

22-08-2025T16:08:08 - [TEST_STEP][PASSED] - manage().addCookie(cookie): null

22-08-2025T16:08:08 - [TEST_STEP][PASSED] - manage().addCookie(cookie): null

22-08-2025T16:08:08 - [TEST_STEP][PASSED] - manage().addCookie(cookie): null

22-08-2025T16:08:08 - [TEST_STEP][PASSED] - manage().addCookie(cookie): null

22-08-2025T16:08:08 - [TEST_STEP][PASSED] - manage().addCookie(cookie): null

22-08-2025T16:08:08 - [TEST_STEP][PASSED] - manage().addCookie(cookie): null

22-08-2025T16:08:08 - [TEST_STEP][PASSED] - manage().addCookie(cookie): null

22-08-2025T16:08:08 - [TEST_STEP][PASSED] - manage().addCookie(cookie): null

22-08-2025T16:08:08 - [TEST_STEP][PASSED] - manage().addCookie(cookie): null

22-08-2025T16:08:08 - [TEST_STEP][PASSED] - manage().addCookie(cookie): null

22-08-2025T16:08:08 - [TEST_STEP][PASSED] - manage().addCookie(cookie): null

22-08-2025T16:08:08 - [TEST_STEP][PASSED] - manage().addCookie(cookie): null

22-08-2025T16:08:08 - [TEST_STEP][PASSED] - manage().addCookie(cookie): null

22-08-2025T16:08:08 - [TEST_STEP][PASSED] - manage().addCookie(cookie): null

22-08-2025T16:08:08 - [TEST_STEP][PASSED] - manage().addCookie(cookie): null

22-08-2025T16:08:08 - [TEST_STEP][PASSED] - manage().addCookie(cookie): null

22-08-2025T16:08:08 - [TEST_STEP][PASSED] - manage().addCookie(cookie): null

22-08-2025T16:08:08 - [TEST_STEP][PASSED] - manage().addCookie(cookie): null

22-08-2025T16:08:08 - [TEST_STEP][PASSED] - manage().addCookie(cookie): null

22-08-2025T16:08:08 - [TEST_STEP][PASSED] - manage().addCookie(cookie): null

22-08-2025T16:08:08 - [TEST_STEP][PASSED] - manage().addCookie(cookie): null

22-08-2025T16:08:08 - [TEST_STEP][PASSED] - manage().addCookie(cookie): null

22-08-2025T16:08:08 - [TEST_STEP][PASSED] - manage().addCookie(cookie): null

22-08-2025T16:08:08 - [TEST_STEP][PASSED] - manage().addCookie(cookie): null

22-08-2025T16:08:08 - [TEST_STEP][PASSED] - navigate().refresh(): null

22-08-2025T16:08:09 - [TEST_STEP][PASSED] - comment("✅ 쿠키 로드 완료! 자동 로그인 성공 시도"): ✅ 쿠키 로드 완료! 자동 로그인 성공 시도

22-08-2025T16:08:09 - [MESSAGE][INFO] - ✅ 쿠키 로드 완료! 자동 로그인 성공 시도

22-08-2025T16:08:09 - [TEST_STEP][PASSED] - delay(2): Delayed 2 second(s)

22-08-2025T16:08:11 - [MESSAGE][PASSED] - Delayed 2 second(s)

22-08-2025T16:08:11 - [TEST_STEP][PASSED] - maximizeWindow(): Current window maximized

22-08-2025T16:08:11 - [MESSAGE][PASSED] - Current window maximized

22-08-2025T16:08:11 - [MESSAGE][PASSED] - Call Test Case 'Test Cases/Prod환경/00.메인홈/01.로그인/01.자동 로그인 확인' successfully

22-08-2025T16:08:11 - [TEST_STEP][PASSED] - searchBox = findTestObject("Object Repository/Prod환경/Home/01.메인홈/숏컷/00.검색란"): null

22-08-2025T16:08:11 - [TEST_STEP][PASSED] - HighlightElement.run(searchBox): null

22-08-2025T16:08:12 - [TEST_STEP][PASSED] - verifyElementPresent(searchBox, 1): Object 'Object Repository/Prod환경/Home/01.메인홈/숏컷/00.검색란' is present

22-08-2025T16:08:13 - [MESSAGE][PASSED] - Object 'Object Repository/Prod환경/Home/01.메인홈/숏컷/00.검색란' is present

22-08-2025T16:08:13 - [TEST_STEP][PASSED] - logoImage = findTestObject("Object Repository/Prod환경/Home/01.메인홈/숏컷/01.검색버튼"): null

22-08-2025T16:08:13 - [TEST_STEP][PASSED] - HighlightElement.run(logoImage): null

22-08-2025T16:08:14 - [TEST_STEP][PASSED] - verifyElementPresent(logoImage, 1): Object 'Object Repository/Prod환경/Home/01.메인홈/숏컷/01.검색버튼' is present

22-08-2025T16:08:14 - [MESSAGE][PASSED] - Object 'Object Repository/Prod환경/Home/01.메인홈/숏컷/01.검색버튼' is present

22-08-2025T16:08:14 - [TEST_STEP][PASSED] - loginButton = findTestObject("Object Repository/Prod환경/Home/01.메인홈/숏컷/03.library버튼"): null

22-08-2025T16:08:14 - [TEST_STEP][PASSED] - HighlightElement.run(loginButton): null

22-08-2025T16:08:15 - [TEST_STEP][PASSED] - verifyElementPresent(loginButton, 1): Object 'Object Repository/Prod환경/Home/01.메인홈/숏컷/03.library버튼' is present

22-08-2025T16:08:16 - [MESSAGE][PASSED] - Object 'Object Repository/Prod환경/Home/01.메인홈/숏컷/03.library버튼' is present

22-08-2025T16:08:16 - [TEST_STEP][PASSED] - inboxbutton = findTestObject("Object Repository/Prod환경/Home/01.메인홈/숏컷/04.inbox버튼"): null

22-08-2025T16:08:16 - [TEST_STEP][PASSED] - HighlightElement.run(inboxbutton): null

22-08-2025T16:08:17 - [TEST_STEP][PASSED] - verifyElementPresent(inboxbutton, 1): Object 'Object Repository/Prod환경/Home/01.메인홈/숏컷/04.inbox버튼' is present

22-08-2025T16:08:17 - [MESSAGE][PASSED] - Object 'Object Repository/Prod환경/Home/01.메인홈/숏컷/04.inbox버튼' is present

22-08-2025T16:08:17 - [TEST_STEP][PASSED] - profileimage = findTestObject("Object Repository/Prod환경/Home/01.메인홈/숏컷/05.프로필이미지"): null

22-08-2025T16:08:17 - [TEST_STEP][PASSED] - HighlightElement.run(profileimage): null

22-08-2025T16:08:18 - [TEST_STEP][PASSED] - verifyElementPresent(profileimage, 1): Object 'Object Repository/Prod환경/Home/01.메인홈/숏컷/05.프로필이미지' is present

22-08-2025T16:08:19 - [MESSAGE][PASSED] - Object 'Object Repository/Prod환경/Home/01.메인홈/숏컷/05.프로필이미지' is present

22-08-2025T16:08:19 - [TEST_STEP][PASSED] - publishButton1 = findTestObject("Object Repository/Prod환경/Home/01.메인홈/숏컷/07.로그인publish버튼"): null

22-08-2025T16:08:19 - [TEST_STEP][PASSED] - HighlightElement.run(publishButton1): null

22-08-2025T16:08:20 - [TEST_STEP][PASSED] - verifyElementPresent(publishButton1, 1): Object 'Object Repository/Prod환경/Home/01.메인홈/숏컷/07.로그인publish버튼' is present

22-08-2025T16:08:20 - [MESSAGE][PASSED] - Object 'Object Repository/Prod환경/Home/01.메인홈/숏컷/07.로그인publish버튼' is present

22-08-2025T16:08:20 - [TEST_STEP][PASSED] - comment("✅ Test 1 완료. 브라우저 유지 상태에서 Test 2 실행"): ✅ Test 1 완료. 브라우저 유지 상태에서 Test 2 실행

22-08-2025T16:08:20 - [MESSAGE][INFO] - ✅ Test 1 완료. 브라우저 유지 상태에서 Test 2 실행

22-08-2025T16:08:20 - [TEST_STEP][PASSED] - Start listener action : afterTestCase: null

22-08-2025T16:08:20 - [TEST_STEP][PASSED] - println("[AfterTestCase] GlobalVariable.isSuite: " + isSuite): null

22-08-2025T16:08:20 - [TEST_STEP][PASSED] - if (!(isSuite)): null]]></system-out>
         <system-err><![CDATA[]]></system-err>
      </testcase>
      <testcase name="Test Cases/Prod환경/00.메인홈/03.배너확인/07.최근본섹션-로그인" time="1.515" classname="Test Cases/Prod환경/00.메인홈/03.배너확인/07.최근본섹션-로그인" status="PASSED">
         <system-out><![CDATA[22-08-2025T16:08:20 - [TEST_CASE][PASSED] - Test Cases/Prod환경/00.메인홈/03.배너확인/07.최근본섹션-로그인: Test Cases/Prod환경/00.메인홈/03.배너확인/07.최근본섹션-로그인

22-08-2025T16:08:20 - [TEST_STEP][PASSED] - Start listener action : beforeTestCase: null

22-08-2025T16:08:20 - [TEST_STEP][PASSED] - println("[BeforeTestCase] GlobalVariable.isSuite: " + isSuite): null

22-08-2025T16:08:20 - [TEST_STEP][PASSED] - if (!(isSuite)): null

22-08-2025T16:08:20 - [TEST_STEP][PASSED] - reading = findTestObject("Prod환경/Home/01.메인홈/최근본작품/section_Continue Reading"): null

22-08-2025T16:08:20 - [TEST_STEP][PASSED] - HighlightElement.run(reading): null

22-08-2025T16:08:21 - [TEST_STEP][PASSED] - verifyElementPresent(reading, 0): Object 'Object Repository/Prod환경/Home/01.메인홈/최근본작품/section_Continue Reading' is present

22-08-2025T16:08:21 - [MESSAGE][WARNING] - Timeout '0' is invalid. Using default page load timeout: '40'

22-08-2025T16:08:22 - [MESSAGE][PASSED] - Object 'Object Repository/Prod환경/Home/01.메인홈/최근본작품/section_Continue Reading' is present

22-08-2025T16:08:22 - [TEST_STEP][PASSED] - Start listener action : afterTestCase: null

22-08-2025T16:08:22 - [TEST_STEP][PASSED] - println("[AfterTestCase] GlobalVariable.isSuite: " + isSuite): null

22-08-2025T16:08:22 - [TEST_STEP][PASSED] - if (!(isSuite)): null]]></system-out>
         <system-err><![CDATA[]]></system-err>
      </testcase>
      <testcase name="Test Cases/Prod환경/00.메인홈/04.서브탭/09.Popular 서브탭" time="18.537" classname="Test Cases/Prod환경/00.메인홈/04.서브탭/09.Popular 서브탭" status="FAILED">
         <failure type="FAILED" message="Test Cases/Prod환경/00.메인홈/04.서브탭/09.Popular 서브탭 FAILED.&#xa;Reason:&#xa;com.kms.katalon.core.exception.StepFailedException: Unable to execute JavaScript.&#xa;	at com.kms.katalon.core.webui.keyword.internal.WebUIKeywordMain.stepFailed(WebUIKeywordMain.groovy:117)&#xa;	at com.kms.katalon.core.webui.keyword.internal.WebUIKeywordMain.runKeyword(WebUIKeywordMain.groovy:43)&#xa;	at com.kms.katalon.core.webui.keyword.builtin.ExecuteJavaScriptKeyword.executeJavascript(ExecuteJavascriptKeyword.groovy:51)&#xa;	at com.kms.katalon.core.webui.keyword.builtin.ExecuteJavaScriptKeyword.execute(ExecuteJavascriptKeyword.groovy:37)&#xa;	at com.kms.katalon.core.keyword.internal.KeywordExecutor.executeKeywordForPlatform(KeywordExecutor.groovy:74)&#xa;	at com.kms.katalon.core.webui.keyword.WebUiBuiltInKeywords.executeJavaScript(WebUiBuiltInKeywords.groovy:5118)&#xa;	at 09.Popular 서브탭.run(09.Popular 서브탭:29)&#xa;	at com.kms.katalon.core.main.ScriptEngine.run(ScriptEngine.java:194)&#xa;	at com.kms.katalon.core.main.ScriptEngine.runScriptAsRawText(ScriptEngine.java:119)&#xa;	at com.kms.katalon.core.main.TestCaseExecutor.runScript(TestCaseExecutor.java:486)&#xa;	at com.kms.katalon.core.main.TestCaseExecutor.doExecute(TestCaseExecutor.java:477)&#xa;	at com.kms.katalon.core.main.TestCaseExecutor.processExecutionPhase(TestCaseExecutor.java:456)&#xa;	at com.kms.katalon.core.main.TestCaseExecutor.accessMainPhase(TestCaseExecutor.java:448)&#xa;	at com.kms.katalon.core.main.TestCaseExecutor.execute(TestCaseExecutor.java:322)&#xa;	at com.kms.katalon.core.common.CommonExecutor.accessTestCaseMainPhase(CommonExecutor.java:71)&#xa;	at com.kms.katalon.core.main.TestSuiteExecutor.accessTestSuiteMainPhase(TestSuiteExecutor.java:160)&#xa;	at com.kms.katalon.core.main.TestSuiteExecutor.execute(TestSuiteExecutor.java:107)&#xa;	at com.kms.katalon.core.main.TestCaseMain.startTestSuite(TestCaseMain.java:186)&#xa;	at TempTestSuite1755846430971.run(TempTestSuite1755846430971.groovy:35)&#xa;	at java.base/jdk.internal.reflect.NativeMethodAccessorImpl.invoke0(Native Method)&#xa;	at java.base/jdk.internal.reflect.NativeMethodAccessorImpl.invoke(NativeMethodAccessorImpl.java:77)&#xa;	at java.base/jdk.internal.reflect.DelegatingMethodAccessorImpl.invoke(DelegatingMethodAccessorImpl.java:43)&#xa;Caused by: org.openqa.selenium.NoSuchSessionException: invalid session id&#xa;Build info: version: '4.28.1', revision: '73f5ad48a2'&#xa;System info: os.name: 'Mac OS X', os.arch: 'aarch64', os.version: '15.5', java.version: '17.0.13'&#xa;Driver info: com.kms.katalon.selenium.driver.CChromeDriver&#xa;Command: [ac2e6cae6bf098e62fe8fea20c0daa06, executeScript {script=window.scrollTo(0, document.body.scrollHeight);, args=[]}]&#xa;Capabilities {acceptInsecureCerts: false, browserName: chrome, browserVersion: 139.0.7258.138, chrome: {chromedriverVersion: 139.0.7258.138 (884e54ea8d4..., userDataDir: /var/folders/jt/hwd168h1059...}, fedcm:accounts: true, goog:chromeOptions: {debuggerAddress: localhost:58315}, networkConnectionEnabled: false, pageLoadStrategy: normal, platformName: mac, proxy: Proxy(), se:cdp: ws://localhost:58315/devtoo..., se:cdpVersion: 139.0.7258.138, setWindowRect: true, strictFileInteractability: false, timeouts: {implicit: 0, pageLoad: 300000, script: 30000}, unhandledPromptBehavior: ignore, webSocketUrl: ws://localhost:12745/sessio..., webauthn:extension:credBlob: true, webauthn:extension:largeBlob: true, webauthn:extension:minPinLength: true, webauthn:extension:prf: true, webauthn:virtualAuthenticators: true}&#xa;Session ID: ac2e6cae6bf098e62fe8fea20c0daa06&#xa;	at java.base/jdk.internal.reflect.NativeConstructorAccessorImpl.newInstance0(Native Method)&#xa;	at java.base/jdk.internal.reflect.NativeConstructorAccessorImpl.newInstance(NativeConstructorAccessorImpl.java:77)&#xa;	at java.base/jdk.internal.reflect.DelegatingConstructorAccessorImpl.newInstance(DelegatingConstructorAccessorImpl.java:45)&#xa;	at org.openqa.selenium.remote.ErrorCodec.decode(ErrorCodec.java:167)&#xa;	at org.openqa.selenium.remote.codec.w3c.W3CHttpResponseCodec.decode(W3CHttpResponseCodec.java:138)&#xa;	at org.openqa.selenium.remote.codec.w3c.W3CHttpResponseCodec.decode(W3CHttpResponseCodec.java:50)&#xa;	at org.openqa.selenium.remote.HttpCommandExecutor.execute(HttpCommandExecutor.java:215)&#xa;	at org.openqa.selenium.remote.service.DriverCommandExecutor.invokeExecute(DriverCommandExecutor.java:216)&#xa;	at org.openqa.selenium.remote.service.DriverCommandExecutor.execute(DriverCommandExecutor.java:174)&#xa;	at org.openqa.selenium.remote.RemoteWebDriver.execute(RemoteWebDriver.java:545)&#xa;	at org.openqa.selenium.remote.RemoteWebDriver.executeScript(RemoteWebDriver.java:476)&#xa;	at jdk.internal.reflect.GeneratedMethodAccessor23.invoke(Unknown Source)&#xa;	at java.base/jdk.internal.reflect.DelegatingMethodAccessorImpl.invoke(DelegatingMethodAccessorImpl.java:43)&#xa;	at org.openqa.selenium.support.decorators.WebDriverDecorator.call(WebDriverDecorator.java:315)&#xa;	at org.openqa.selenium.support.decorators.DefaultDecorated.call(DefaultDecorated.java:48)&#xa;	at org.openqa.selenium.support.decorators.WebDriverDecorator.lambda$createProxyFactory$3(WebDriverDecorator.java:405)&#xa;	at org.openqa.selenium.remote.RemoteWebDriver$ByteBuddy$XxKh9Voa.executeScript(Unknown Source)&#xa;	at com.kms.katalon.core.webui.keyword.builtin.ExecuteJavaScriptKeyword$_executeJavascript_closure1.doCall(ExecuteJavascriptKeyword.groovy:48)&#xa;	at com.kms.katalon.core.webui.keyword.builtin.ExecuteJavaScriptKeyword$_executeJavascript_closure1.call(ExecuteJavascriptKeyword.groovy)&#xa;	at com.kms.katalon.core.webui.keyword.internal.WebUIKeywordMain.runKeyword(WebUIKeywordMain.groovy:35)&#xa;	... 20 more&#xa;"/>
         <system-out><![CDATA[22-08-2025T16:08:22 - [TEST_CASE][FAILED] - Test Cases/Prod환경/00.메인홈/04.서브탭/09.Popular 서브탭: Test Cases/Prod환경/00.메인홈/04.서브탭/09.Popular 서브탭 FAILED.
Reason:
com.kms.katalon.core.exception.StepFailedException: Unable to execute JavaScript.
	at com.kms.katalon.core.webui.keyword.internal.WebUIKeywordMain.stepFailed(WebUIKeywordMain.groovy:117)
	at com.kms.katalon.core.webui.keyword.internal.WebUIKeywordMain.runKeyword(WebUIKeywordMain.groovy:43)
	at com.kms.katalon.core.webui.keyword.builtin.ExecuteJavaScriptKeyword.executeJavascript(ExecuteJavascriptKeyword.groovy:51)
	at com.kms.katalon.core.webui.keyword.builtin.ExecuteJavaScriptKeyword.execute(ExecuteJavascriptKeyword.groovy:37)
	at com.kms.katalon.core.keyword.internal.KeywordExecutor.executeKeywordForPlatform(KeywordExecutor.groovy:74)
	at com.kms.katalon.core.webui.keyword.WebUiBuiltInKeywords.executeJavaScript(WebUiBuiltInKeywords.groovy:5118)
	at 09.Popular 서브탭.run(09.Popular 서브탭:29)
	at com.kms.katalon.core.main.ScriptEngine.run(ScriptEngine.java:194)
	at com.kms.katalon.core.main.ScriptEngine.runScriptAsRawText(ScriptEngine.java:119)
	at com.kms.katalon.core.main.TestCaseExecutor.runScript(TestCaseExecutor.java:486)
	at com.kms.katalon.core.main.TestCaseExecutor.doExecute(TestCaseExecutor.java:477)
	at com.kms.katalon.core.main.TestCaseExecutor.processExecutionPhase(TestCaseExecutor.java:456)
	at com.kms.katalon.core.main.TestCaseExecutor.accessMainPhase(TestCaseExecutor.java:448)
	at com.kms.katalon.core.main.TestCaseExecutor.execute(TestCaseExecutor.java:322)
	at com.kms.katalon.core.common.CommonExecutor.accessTestCaseMainPhase(CommonExecutor.java:71)
	at com.kms.katalon.core.main.TestSuiteExecutor.accessTestSuiteMainPhase(TestSuiteExecutor.java:160)
	at com.kms.katalon.core.main.TestSuiteExecutor.execute(TestSuiteExecutor.java:107)
	at com.kms.katalon.core.main.TestCaseMain.startTestSuite(TestCaseMain.java:186)
	at TempTestSuite1755846430971.run(TempTestSuite1755846430971.groovy:35)
	at java.base/jdk.internal.reflect.NativeMethodAccessorImpl.invoke0(Native Method)
	at java.base/jdk.internal.reflect.NativeMethodAccessorImpl.invoke(NativeMethodAccessorImpl.java:77)
	at java.base/jdk.internal.reflect.DelegatingMethodAccessorImpl.invoke(DelegatingMethodAccessorImpl.java:43)
Caused by: org.openqa.selenium.NoSuchSessionException: invalid session id
Build info: version: '4.28.1', revision: '73f5ad48a2'
System info: os.name: 'Mac OS X', os.arch: 'aarch64', os.version: '15.5', java.version: '17.0.13'
Driver info: com.kms.katalon.selenium.driver.CChromeDriver
Command: [ac2e6cae6bf098e62fe8fea20c0daa06, executeScript {script=window.scrollTo(0, document.body.scrollHeight);, args=[]}]
Capabilities {acceptInsecureCerts: false, browserName: chrome, browserVersion: 139.0.7258.138, chrome: {chromedriverVersion: 139.0.7258.138 (884e54ea8d4..., userDataDir: /var/folders/jt/hwd168h1059...}, fedcm:accounts: true, goog:chromeOptions: {debuggerAddress: localhost:58315}, networkConnectionEnabled: false, pageLoadStrategy: normal, platformName: mac, proxy: Proxy(), se:cdp: ws://localhost:58315/devtoo..., se:cdpVersion: 139.0.7258.138, setWindowRect: true, strictFileInteractability: false, timeouts: {implicit: 0, pageLoad: 300000, script: 30000}, unhandledPromptBehavior: ignore, webSocketUrl: ws://localhost:12745/sessio..., webauthn:extension:credBlob: true, webauthn:extension:largeBlob: true, webauthn:extension:minPinLength: true, webauthn:extension:prf: true, webauthn:virtualAuthenticators: true}
Session ID: ac2e6cae6bf098e62fe8fea20c0daa06
	at java.base/jdk.internal.reflect.NativeConstructorAccessorImpl.newInstance0(Native Method)
	at java.base/jdk.internal.reflect.NativeConstructorAccessorImpl.newInstance(NativeConstructorAccessorImpl.java:77)
	at java.base/jdk.internal.reflect.DelegatingConstructorAccessorImpl.newInstance(DelegatingConstructorAccessorImpl.java:45)
	at org.openqa.selenium.remote.ErrorCodec.decode(ErrorCodec.java:167)
	at org.openqa.selenium.remote.codec.w3c.W3CHttpResponseCodec.decode(W3CHttpResponseCodec.java:138)
	at org.openqa.selenium.remote.codec.w3c.W3CHttpResponseCodec.decode(W3CHttpResponseCodec.java:50)
	at org.openqa.selenium.remote.HttpCommandExecutor.execute(HttpCommandExecutor.java:215)
	at org.openqa.selenium.remote.service.DriverCommandExecutor.invokeExecute(DriverCommandExecutor.java:216)
	at org.openqa.selenium.remote.service.DriverCommandExecutor.execute(DriverCommandExecutor.java:174)
	at org.openqa.selenium.remote.RemoteWebDriver.execute(RemoteWebDriver.java:545)
	at org.openqa.selenium.remote.RemoteWebDriver.executeScript(RemoteWebDriver.java:476)
	at jdk.internal.reflect.GeneratedMethodAccessor23.invoke(Unknown Source)
	at java.base/jdk.internal.reflect.DelegatingMethodAccessorImpl.invoke(DelegatingMethodAccessorImpl.java:43)
	at org.openqa.selenium.support.decorators.WebDriverDecorator.call(WebDriverDecorator.java:315)
	at org.openqa.selenium.support.decorators.DefaultDecorated.call(DefaultDecorated.java:48)
	at org.openqa.selenium.support.decorators.WebDriverDecorator.lambda$createProxyFactory$3(WebDriverDecorator.java:405)
	at org.openqa.selenium.remote.RemoteWebDriver$ByteBuddy$XxKh9Voa.executeScript(Unknown Source)
	at com.kms.katalon.core.webui.keyword.builtin.ExecuteJavaScriptKeyword$_executeJavascript_closure1.doCall(ExecuteJavascriptKeyword.groovy:48)
	at com.kms.katalon.core.webui.keyword.builtin.ExecuteJavaScriptKeyword$_executeJavascript_closure1.call(ExecuteJavascriptKeyword.groovy)
	at com.kms.katalon.core.webui.keyword.internal.WebUIKeywordMain.runKeyword(WebUIKeywordMain.groovy:35)
	... 20 more


22-08-2025T16:08:22 - [TEST_STEP][PASSED] - Start listener action : beforeTestCase: null

22-08-2025T16:08:22 - [TEST_STEP][PASSED] - println("[BeforeTestCase] GlobalVariable.isSuite: " + isSuite): null

22-08-2025T16:08:22 - [TEST_STEP][PASSED] - if (!(isSuite)): null

22-08-2025T16:08:22 - [TEST_STEP][PASSED] - click(findTestObject("Object Repository/Prod환경/Home/05.서브탭/00.Popular버튼")): Object: 'Object Repository/Prod환경/Home/05.서브탭/00.Popular버튼' is clicked on

22-08-2025T16:08:22 - [MESSAGE][PASSED] - Object: 'Object Repository/Prod환경/Home/05.서브탭/00.Popular버튼' is clicked on

22-08-2025T16:08:22 - [TEST_STEP][FAILED] - for ([i = 0, i < 11, (i++)]): Unable to execute JavaScript. (Root cause: com.kms.katalon.core.exception.StepFailedException: Unable to execute JavaScript.
	at com.kms.katalon.core.webui.keyword.internal.WebUIKeywordMain.stepFailed(WebUIKeywordMain.groovy:117)
	at com.kms.katalon.core.webui.keyword.internal.WebUIKeywordMain.runKeyword(WebUIKeywordMain.groovy:43)
	at com.kms.katalon.core.webui.keyword.builtin.ExecuteJavaScriptKeyword.executeJavascript(ExecuteJavascriptKeyword.groovy:51)
	at com.kms.katalon.core.webui.keyword.builtin.ExecuteJavaScriptKeyword.execute(ExecuteJavascriptKeyword.groovy:37)
	at com.kms.katalon.core.keyword.internal.KeywordExecutor.executeKeywordForPlatform(KeywordExecutor.groovy:74)
	at com.kms.katalon.core.webui.keyword.WebUiBuiltInKeywords.executeJavaScript(WebUiBuiltInKeywords.groovy:5118)
	at 09.Popular 서브탭.run(09.Popular 서브탭:29)
	at com.kms.katalon.core.main.ScriptEngine.run(ScriptEngine.java:194)
	at com.kms.katalon.core.main.ScriptEngine.runScriptAsRawText(ScriptEngine.java:119)
	at com.kms.katalon.core.main.TestCaseExecutor.runScript(TestCaseExecutor.java:486)
	at com.kms.katalon.core.main.TestCaseExecutor.doExecute(TestCaseExecutor.java:477)
	at com.kms.katalon.core.main.TestCaseExecutor.processExecutionPhase(TestCaseExecutor.java:456)
	at com.kms.katalon.core.main.TestCaseExecutor.accessMainPhase(TestCaseExecutor.java:448)
	at com.kms.katalon.core.main.TestCaseExecutor.execute(TestCaseExecutor.java:322)
	at com.kms.katalon.core.common.CommonExecutor.accessTestCaseMainPhase(CommonExecutor.java:71)
	at com.kms.katalon.core.main.TestSuiteExecutor.accessTestSuiteMainPhase(TestSuiteExecutor.java:160)
	at com.kms.katalon.core.main.TestSuiteExecutor.execute(TestSuiteExecutor.java:107)
	at com.kms.katalon.core.main.TestCaseMain.startTestSuite(TestCaseMain.java:186)
	at TempTestSuite1755846430971.run(TempTestSuite1755846430971.groovy:35)
	at java.base/jdk.internal.reflect.NativeMethodAccessorImpl.invoke0(Native Method)
	at java.base/jdk.internal.reflect.NativeMethodAccessorImpl.invoke(NativeMethodAccessorImpl.java:77)
	at java.base/jdk.internal.reflect.DelegatingMethodAccessorImpl.invoke(DelegatingMethodAccessorImpl.java:43)
Caused by: org.openqa.selenium.NoSuchSessionException: invalid session id
Build info: version: '4.28.1', revision: '73f5ad48a2'
System info: os.name: 'Mac OS X', os.arch: 'aarch64', os.version: '15.5', java.version: '17.0.13'
Driver info: com.kms.katalon.selenium.driver.CChromeDriver
Command: [ac2e6cae6bf098e62fe8fea20c0daa06, executeScript {script=window.scrollTo(0, document.body.scrollHeight);, args=[]}]
Capabilities {acceptInsecureCerts: false, browserName: chrome, browserVersion: 139.0.7258.138, chrome: {chromedriverVersion: 139.0.7258.138 (884e54ea8d4..., userDataDir: /var/folders/jt/hwd168h1059...}, fedcm:accounts: true, goog:chromeOptions: {debuggerAddress: localhost:58315}, networkConnectionEnabled: false, pageLoadStrategy: normal, platformName: mac, proxy: Proxy(), se:cdp: ws://localhost:58315/devtoo..., se:cdpVersion: 139.0.7258.138, setWindowRect: true, strictFileInteractability: false, timeouts: {implicit: 0, pageLoad: 300000, script: 30000}, unhandledPromptBehavior: ignore, webSocketUrl: ws://localhost:12745/sessio..., webauthn:extension:credBlob: true, webauthn:extension:largeBlob: true, webauthn:extension:minPinLength: true, webauthn:extension:prf: true, webauthn:virtualAuthenticators: true}
Session ID: ac2e6cae6bf098e62fe8fea20c0daa06
	at java.base/jdk.internal.reflect.NativeConstructorAccessorImpl.newInstance0(Native Method)
	at java.base/jdk.internal.reflect.NativeConstructorAccessorImpl.newInstance(NativeConstructorAccessorImpl.java:77)
	at java.base/jdk.internal.reflect.DelegatingConstructorAccessorImpl.newInstance(DelegatingConstructorAccessorImpl.java:45)
	at org.openqa.selenium.remote.ErrorCodec.decode(ErrorCodec.java:167)
	at org.openqa.selenium.remote.codec.w3c.W3CHttpResponseCodec.decode(W3CHttpResponseCodec.java:138)
	at org.openqa.selenium.remote.codec.w3c.W3CHttpResponseCodec.decode(W3CHttpResponseCodec.java:50)
	at org.openqa.selenium.remote.HttpCommandExecutor.execute(HttpCommandExecutor.java:215)
	at org.openqa.selenium.remote.service.DriverCommandExecutor.invokeExecute(DriverCommandExecutor.java:216)
	at org.openqa.selenium.remote.service.DriverCommandExecutor.execute(DriverCommandExecutor.java:174)
	at org.openqa.selenium.remote.RemoteWebDriver.execute(RemoteWebDriver.java:545)
	at org.openqa.selenium.remote.RemoteWebDriver.executeScript(RemoteWebDriver.java:476)
	at jdk.internal.reflect.GeneratedMethodAccessor23.invoke(Unknown Source)
	at java.base/jdk.internal.reflect.DelegatingMethodAccessorImpl.invoke(DelegatingMethodAccessorImpl.java:43)
	at org.openqa.selenium.support.decorators.WebDriverDecorator.call(WebDriverDecorator.java:315)
	at org.openqa.selenium.support.decorators.DefaultDecorated.call(DefaultDecorated.java:48)
	at org.openqa.selenium.support.decorators.WebDriverDecorator.lambda$createProxyFactory$3(WebDriverDecorator.java:405)
	at org.openqa.selenium.remote.RemoteWebDriver$ByteBuddy$XxKh9Voa.executeScript(Unknown Source)
	at com.kms.katalon.core.webui.keyword.builtin.ExecuteJavaScriptKeyword$_executeJavascript_closure1.doCall(ExecuteJavascriptKeyword.groovy:48)
	at com.kms.katalon.core.webui.keyword.builtin.ExecuteJavaScriptKeyword$_executeJavascript_closure1.call(ExecuteJavascriptKeyword.groovy)
	at com.kms.katalon.core.webui.keyword.internal.WebUIKeywordMain.runKeyword(WebUIKeywordMain.groovy:35)
	at com.kms.katalon.core.webui.keyword.builtin.ExecuteJavaScriptKeyword.executeJavascript(ExecuteJavascriptKeyword.groovy:51)
	at com.kms.katalon.core.webui.keyword.builtin.ExecuteJavaScriptKeyword.execute(ExecuteJavascriptKeyword.groovy:37)
	at com.kms.katalon.core.keyword.internal.KeywordExecutor.executeKeywordForPlatform(KeywordExecutor.groovy:74)
	at com.kms.katalon.core.webui.keyword.WebUiBuiltInKeywords.executeJavaScript(WebUiBuiltInKeywords.groovy:5118)
	at Script1742964549048.run(Script1742964549048.groovy:29)
	... 15 more
)

22-08-2025T16:08:22 - [TEST_STEP][PASSED] - executeJavaScript("window.scrollTo(0, document.body.scrollHeight);", null): Execute JavaScript 'window.scrollTo(0, document.body.scrollHeight);' successfully

22-08-2025T16:08:22 - [MESSAGE][PASSED] - Execute JavaScript 'window.scrollTo(0, document.body.scrollHeight);' successfully

22-08-2025T16:08:22 - [TEST_STEP][PASSED] - delay(2): Delayed 2 second(s)

22-08-2025T16:08:24 - [MESSAGE][PASSED] - Delayed 2 second(s)

22-08-2025T16:08:24 - [TEST_STEP][PASSED] - rank300 = findTestObject("Prod환경/Home/05.서브탭/01.300위작품"): null

22-08-2025T16:08:24 - [TEST_STEP][WARNING] - if (verifyElementPresent(rank300, 1, OPTIONAL)): com.kms.katalon.core.webui.exception.WebElementNotFoundException: Web element with id: 'Object Repository/Prod환경/Home/05.서브탭/01.300위작품' located by '//div[@id='__next']/div/div/main/section[3]/section/div/div/article[299]/a/div/div[4]/div' not found (Root cause: com.kms.katalon.core.exception.StepFailedException: com.kms.katalon.core.webui.exception.WebElementNotFoundException: Web element with id: 'Object Repository/Prod환경/Home/05.서브탭/01.300위작품' located by '//div[@id='__next']/div/div/main/section[3]/section/div/div/article[299]/a/div/div[4]/div' not found
	at com.kms.katalon.core.webui.keyword.internal.WebUIKeywordMain.stepFailed(WebUIKeywordMain.groovy:117)
	at com.kms.katalon.core.webui.keyword.builtin.VerifyElementPresentKeyword$_verifyElementPresent_closure1.doCall(VerifyElementPresentKeyword.groovy:85)
	at com.kms.katalon.core.webui.keyword.builtin.VerifyElementPresentKeyword$_verifyElementPresent_closure1.call(VerifyElementPresentKeyword.groovy)
	at com.kms.katalon.core.webui.keyword.internal.WebUIKeywordMain.runKeyword(WebUIKeywordMain.groovy:35)
	at com.kms.katalon.core.webui.keyword.builtin.VerifyElementPresentKeyword.verifyElementPresent(VerifyElementPresentKeyword.groovy:92)
	at com.kms.katalon.core.webui.keyword.builtin.VerifyElementPresentKeyword.execute(VerifyElementPresentKeyword.groovy:68)
	at com.kms.katalon.core.keyword.internal.KeywordExecutor.executeKeywordForPlatform(KeywordExecutor.groovy:74)
	at com.kms.katalon.core.webui.keyword.WebUiBuiltInKeywords.verifyElementPresent(WebUiBuiltInKeywords.groovy:1524)
	at 09.Popular 서브탭.run(09.Popular 서브탭:32)
	at com.kms.katalon.core.main.ScriptEngine.run(ScriptEngine.java:194)
	at com.kms.katalon.core.main.ScriptEngine.runScriptAsRawText(ScriptEngine.java:119)
	at com.kms.katalon.core.main.TestCaseExecutor.runScript(TestCaseExecutor.java:486)
	at com.kms.katalon.core.main.TestCaseExecutor.doExecute(TestCaseExecutor.java:477)
	at com.kms.katalon.core.main.TestCaseExecutor.processExecutionPhase(TestCaseExecutor.java:456)
	at com.kms.katalon.core.main.TestCaseExecutor.accessMainPhase(TestCaseExecutor.java:448)
	at com.kms.katalon.core.main.TestCaseExecutor.execute(TestCaseExecutor.java:322)
	at com.kms.katalon.core.common.CommonExecutor.accessTestCaseMainPhase(CommonExecutor.java:71)
	at com.kms.katalon.core.main.TestSuiteExecutor.accessTestSuiteMainPhase(TestSuiteExecutor.java:160)
	at com.kms.katalon.core.main.TestSuiteExecutor.execute(TestSuiteExecutor.java:107)
	at com.kms.katalon.core.main.TestCaseMain.startTestSuite(TestCaseMain.java:186)
	at TempTestSuite1755846430971.run(TempTestSuite1755846430971.groovy:35)
	at java.base/jdk.internal.reflect.NativeMethodAccessorImpl.invoke0(Native Method)
	at java.base/jdk.internal.reflect.NativeMethodAccessorImpl.invoke(NativeMethodAccessorImpl.java:77)
	at java.base/jdk.internal.reflect.DelegatingMethodAccessorImpl.invoke(DelegatingMethodAccessorImpl.java:43)
)

22-08-2025T16:08:26 - [MESSAGE][INFO] - Unable to find the element located by 'By.xpath: //div[@id='__next']/div/div/main/section[3]/section/div/div/article[299]/a/div/div[4]/div'. Please recheck the objects properties to make sure the desired element is located. 

22-08-2025T16:08:27 - [MESSAGE][WARNING] - com.kms.katalon.core.webui.exception.WebElementNotFoundException: Web element with id: 'Object Repository/Prod환경/Home/05.서브탭/01.300위작품' located by '//div[@id='__next']/div/div/main/section[3]/section/div/div/article[299]/a/div/div[4]/div' not found (Root cause: com.kms.katalon.core.exception.StepFailedException: com.kms.katalon.core.webui.exception.WebElementNotFoundException: Web element with id: 'Object Repository/Prod환경/Home/05.서브탭/01.300위작품' located by '//div[@id='__next']/div/div/main/section[3]/section/div/div/article[299]/a/div/div[4]/div' not found
	at com.kms.katalon.core.webui.keyword.internal.WebUIKeywordMain.stepFailed(WebUIKeywordMain.groovy:117)
	at com.kms.katalon.core.webui.keyword.builtin.VerifyElementPresentKeyword$_verifyElementPresent_closure1.doCall(VerifyElementPresentKeyword.groovy:85)
	at com.kms.katalon.core.webui.keyword.builtin.VerifyElementPresentKeyword$_verifyElementPresent_closure1.call(VerifyElementPresentKeyword.groovy)
	at com.kms.katalon.core.webui.keyword.internal.WebUIKeywordMain.runKeyword(WebUIKeywordMain.groovy:35)
	at com.kms.katalon.core.webui.keyword.builtin.VerifyElementPresentKeyword.verifyElementPresent(VerifyElementPresentKeyword.groovy:92)
	at com.kms.katalon.core.webui.keyword.builtin.VerifyElementPresentKeyword.execute(VerifyElementPresentKeyword.groovy:68)
	at com.kms.katalon.core.keyword.internal.KeywordExecutor.executeKeywordForPlatform(KeywordExecutor.groovy:74)
	at com.kms.katalon.core.webui.keyword.WebUiBuiltInKeywords.verifyElementPresent(WebUiBuiltInKeywords.groovy:1524)
	at 09.Popular 서브탭.run(09.Popular 서브탭:32)
	at com.kms.katalon.core.main.ScriptEngine.run(ScriptEngine.java:194)
	at com.kms.katalon.core.main.ScriptEngine.runScriptAsRawText(ScriptEngine.java:119)
	at com.kms.katalon.core.main.TestCaseExecutor.runScript(TestCaseExecutor.java:486)
	at com.kms.katalon.core.main.TestCaseExecutor.doExecute(TestCaseExecutor.java:477)
	at com.kms.katalon.core.main.TestCaseExecutor.processExecutionPhase(TestCaseExecutor.java:456)
	at com.kms.katalon.core.main.TestCaseExecutor.accessMainPhase(TestCaseExecutor.java:448)
	at com.kms.katalon.core.main.TestCaseExecutor.execute(TestCaseExecutor.java:322)
	at com.kms.katalon.core.common.CommonExecutor.accessTestCaseMainPhase(CommonExecutor.java:71)
	at com.kms.katalon.core.main.TestSuiteExecutor.accessTestSuiteMainPhase(TestSuiteExecutor.java:160)
	at com.kms.katalon.core.main.TestSuiteExecutor.execute(TestSuiteExecutor.java:107)
	at com.kms.katalon.core.main.TestCaseMain.startTestSuite(TestCaseMain.java:186)
	at TempTestSuite1755846430971.run(TempTestSuite1755846430971.groovy:35)
	at java.base/jdk.internal.reflect.NativeMethodAccessorImpl.invoke0(Native Method)
	at java.base/jdk.internal.reflect.NativeMethodAccessorImpl.invoke(NativeMethodAccessorImpl.java:77)
	at java.base/jdk.internal.reflect.DelegatingMethodAccessorImpl.invoke(DelegatingMethodAccessorImpl.java:43)
)
[[ATTACHMENT|/Users/ruben.lee/Katalon Studio/TapasTest/Reports/20250822_160709/TC1/20250822_160710/1755846506749.png]]

22-08-2025T16:08:27 - [TEST_STEP][PASSED] - executeJavaScript("window.scrollTo(0, document.body.scrollHeight);", null): Execute JavaScript 'window.scrollTo(0, document.body.scrollHeight);' successfully

22-08-2025T16:08:27 - [MESSAGE][PASSED] - Execute JavaScript 'window.scrollTo(0, document.body.scrollHeight);' successfully

22-08-2025T16:08:27 - [TEST_STEP][PASSED] - delay(2): Delayed 2 second(s)

22-08-2025T16:08:29 - [MESSAGE][PASSED] - Delayed 2 second(s)

22-08-2025T16:08:29 - [TEST_STEP][PASSED] - rank300 = findTestObject("Prod환경/Home/05.서브탭/01.300위작품"): null

22-08-2025T16:08:29 - [TEST_STEP][WARNING] - if (verifyElementPresent(rank300, 1, OPTIONAL)): com.kms.katalon.core.webui.exception.WebElementNotFoundException: Web element with id: 'Object Repository/Prod환경/Home/05.서브탭/01.300위작품' located by '//div[@id='__next']/div/div/main/section[3]/section/div/div/article[299]/a/div/div[4]/div' not found (Root cause: com.kms.katalon.core.exception.StepFailedException: com.kms.katalon.core.webui.exception.WebElementNotFoundException: Web element with id: 'Object Repository/Prod환경/Home/05.서브탭/01.300위작품' located by '//div[@id='__next']/div/div/main/section[3]/section/div/div/article[299]/a/div/div[4]/div' not found
	at com.kms.katalon.core.webui.keyword.internal.WebUIKeywordMain.stepFailed(WebUIKeywordMain.groovy:117)
	at com.kms.katalon.core.webui.keyword.builtin.VerifyElementPresentKeyword$_verifyElementPresent_closure1.doCall(VerifyElementPresentKeyword.groovy:85)
	at com.kms.katalon.core.webui.keyword.builtin.VerifyElementPresentKeyword$_verifyElementPresent_closure1.call(VerifyElementPresentKeyword.groovy)
	at com.kms.katalon.core.webui.keyword.internal.WebUIKeywordMain.runKeyword(WebUIKeywordMain.groovy:35)
	at com.kms.katalon.core.webui.keyword.builtin.VerifyElementPresentKeyword.verifyElementPresent(VerifyElementPresentKeyword.groovy:92)
	at com.kms.katalon.core.webui.keyword.builtin.VerifyElementPresentKeyword.execute(VerifyElementPresentKeyword.groovy:68)
	at com.kms.katalon.core.keyword.internal.KeywordExecutor.executeKeywordForPlatform(KeywordExecutor.groovy:74)
	at com.kms.katalon.core.webui.keyword.WebUiBuiltInKeywords.verifyElementPresent(WebUiBuiltInKeywords.groovy:1524)
	at 09.Popular 서브탭.run(09.Popular 서브탭:32)
	at com.kms.katalon.core.main.ScriptEngine.run(ScriptEngine.java:194)
	at com.kms.katalon.core.main.ScriptEngine.runScriptAsRawText(ScriptEngine.java:119)
	at com.kms.katalon.core.main.TestCaseExecutor.runScript(TestCaseExecutor.java:486)
	at com.kms.katalon.core.main.TestCaseExecutor.doExecute(TestCaseExecutor.java:477)
	at com.kms.katalon.core.main.TestCaseExecutor.processExecutionPhase(TestCaseExecutor.java:456)
	at com.kms.katalon.core.main.TestCaseExecutor.accessMainPhase(TestCaseExecutor.java:448)
	at com.kms.katalon.core.main.TestCaseExecutor.execute(TestCaseExecutor.java:322)
	at com.kms.katalon.core.common.CommonExecutor.accessTestCaseMainPhase(CommonExecutor.java:71)
	at com.kms.katalon.core.main.TestSuiteExecutor.accessTestSuiteMainPhase(TestSuiteExecutor.java:160)
	at com.kms.katalon.core.main.TestSuiteExecutor.execute(TestSuiteExecutor.java:107)
	at com.kms.katalon.core.main.TestCaseMain.startTestSuite(TestCaseMain.java:186)
	at TempTestSuite1755846430971.run(TempTestSuite1755846430971.groovy:35)
	at java.base/jdk.internal.reflect.NativeMethodAccessorImpl.invoke0(Native Method)
	at java.base/jdk.internal.reflect.NativeMethodAccessorImpl.invoke(NativeMethodAccessorImpl.java:77)
	at java.base/jdk.internal.reflect.DelegatingMethodAccessorImpl.invoke(DelegatingMethodAccessorImpl.java:43)
)

22-08-2025T16:08:31 - [MESSAGE][INFO] - Unable to find the element located by 'By.xpath: //div[@id='__next']/div/div/main/section[3]/section/div/div/article[299]/a/div/div[4]/div'. Please recheck the objects properties to make sure the desired element is located. 

22-08-2025T16:08:31 - [MESSAGE][WARNING] - com.kms.katalon.core.webui.exception.WebElementNotFoundException: Web element with id: 'Object Repository/Prod환경/Home/05.서브탭/01.300위작품' located by '//div[@id='__next']/div/div/main/section[3]/section/div/div/article[299]/a/div/div[4]/div' not found (Root cause: com.kms.katalon.core.exception.StepFailedException: com.kms.katalon.core.webui.exception.WebElementNotFoundException: Web element with id: 'Object Repository/Prod환경/Home/05.서브탭/01.300위작품' located by '//div[@id='__next']/div/div/main/section[3]/section/div/div/article[299]/a/div/div[4]/div' not found
	at com.kms.katalon.core.webui.keyword.internal.WebUIKeywordMain.stepFailed(WebUIKeywordMain.groovy:117)
	at com.kms.katalon.core.webui.keyword.builtin.VerifyElementPresentKeyword$_verifyElementPresent_closure1.doCall(VerifyElementPresentKeyword.groovy:85)
	at com.kms.katalon.core.webui.keyword.builtin.VerifyElementPresentKeyword$_verifyElementPresent_closure1.call(VerifyElementPresentKeyword.groovy)
	at com.kms.katalon.core.webui.keyword.internal.WebUIKeywordMain.runKeyword(WebUIKeywordMain.groovy:35)
	at com.kms.katalon.core.webui.keyword.builtin.VerifyElementPresentKeyword.verifyElementPresent(VerifyElementPresentKeyword.groovy:92)
	at com.kms.katalon.core.webui.keyword.builtin.VerifyElementPresentKeyword.execute(VerifyElementPresentKeyword.groovy:68)
	at com.kms.katalon.core.keyword.internal.KeywordExecutor.executeKeywordForPlatform(KeywordExecutor.groovy:74)
	at com.kms.katalon.core.webui.keyword.WebUiBuiltInKeywords.verifyElementPresent(WebUiBuiltInKeywords.groovy:1524)
	at 09.Popular 서브탭.run(09.Popular 서브탭:32)
	at com.kms.katalon.core.main.ScriptEngine.run(ScriptEngine.java:194)
	at com.kms.katalon.core.main.ScriptEngine.runScriptAsRawText(ScriptEngine.java:119)
	at com.kms.katalon.core.main.TestCaseExecutor.runScript(TestCaseExecutor.java:486)
	at com.kms.katalon.core.main.TestCaseExecutor.doExecute(TestCaseExecutor.java:477)
	at com.kms.katalon.core.main.TestCaseExecutor.processExecutionPhase(TestCaseExecutor.java:456)
	at com.kms.katalon.core.main.TestCaseExecutor.accessMainPhase(TestCaseExecutor.java:448)
	at com.kms.katalon.core.main.TestCaseExecutor.execute(TestCaseExecutor.java:322)
	at com.kms.katalon.core.common.CommonExecutor.accessTestCaseMainPhase(CommonExecutor.java:71)
	at com.kms.katalon.core.main.TestSuiteExecutor.accessTestSuiteMainPhase(TestSuiteExecutor.java:160)
	at com.kms.katalon.core.main.TestSuiteExecutor.execute(TestSuiteExecutor.java:107)
	at com.kms.katalon.core.main.TestCaseMain.startTestSuite(TestCaseMain.java:186)
	at TempTestSuite1755846430971.run(TempTestSuite1755846430971.groovy:35)
	at java.base/jdk.internal.reflect.NativeMethodAccessorImpl.invoke0(Native Method)
	at java.base/jdk.internal.reflect.NativeMethodAccessorImpl.invoke(NativeMethodAccessorImpl.java:77)
	at java.base/jdk.internal.reflect.DelegatingMethodAccessorImpl.invoke(DelegatingMethodAccessorImpl.java:43)
)
[[ATTACHMENT|/Users/ruben.lee/Katalon Studio/TapasTest/Reports/20250822_160709/TC1/20250822_160710/1755846511433.png]]

22-08-2025T16:08:31 - [TEST_STEP][PASSED] - executeJavaScript("window.scrollTo(0, document.body.scrollHeight);", null): Execute JavaScript 'window.scrollTo(0, document.body.scrollHeight);' successfully

22-08-2025T16:08:31 - [MESSAGE][PASSED] - Execute JavaScript 'window.scrollTo(0, document.body.scrollHeight);' successfully

22-08-2025T16:08:31 - [TEST_STEP][PASSED] - delay(2): Delayed 2 second(s)

22-08-2025T16:08:33 - [MESSAGE][PASSED] - Delayed 2 second(s)

22-08-2025T16:08:33 - [TEST_STEP][PASSED] - rank300 = findTestObject("Prod환경/Home/05.서브탭/01.300위작품"): null

22-08-2025T16:08:33 - [TEST_STEP][WARNING] - if (verifyElementPresent(rank300, 1, OPTIONAL)): com.kms.katalon.core.webui.exception.WebElementNotFoundException: Web element with id: 'Object Repository/Prod환경/Home/05.서브탭/01.300위작품' located by '//div[@id='__next']/div/div/main/section[3]/section/div/div/article[299]/a/div/div[4]/div' not found (Root cause: com.kms.katalon.core.exception.StepFailedException: com.kms.katalon.core.webui.exception.WebElementNotFoundException: Web element with id: 'Object Repository/Prod환경/Home/05.서브탭/01.300위작품' located by '//div[@id='__next']/div/div/main/section[3]/section/div/div/article[299]/a/div/div[4]/div' not found
	at com.kms.katalon.core.webui.keyword.internal.WebUIKeywordMain.stepFailed(WebUIKeywordMain.groovy:117)
	at com.kms.katalon.core.webui.keyword.builtin.VerifyElementPresentKeyword$_verifyElementPresent_closure1.doCall(VerifyElementPresentKeyword.groovy:85)
	at com.kms.katalon.core.webui.keyword.builtin.VerifyElementPresentKeyword$_verifyElementPresent_closure1.call(VerifyElementPresentKeyword.groovy)
	at com.kms.katalon.core.webui.keyword.internal.WebUIKeywordMain.runKeyword(WebUIKeywordMain.groovy:35)
	at com.kms.katalon.core.webui.keyword.builtin.VerifyElementPresentKeyword.verifyElementPresent(VerifyElementPresentKeyword.groovy:92)
	at com.kms.katalon.core.webui.keyword.builtin.VerifyElementPresentKeyword.execute(VerifyElementPresentKeyword.groovy:68)
	at com.kms.katalon.core.keyword.internal.KeywordExecutor.executeKeywordForPlatform(KeywordExecutor.groovy:74)
	at com.kms.katalon.core.webui.keyword.WebUiBuiltInKeywords.verifyElementPresent(WebUiBuiltInKeywords.groovy:1524)
	at 09.Popular 서브탭.run(09.Popular 서브탭:32)
	at com.kms.katalon.core.main.ScriptEngine.run(ScriptEngine.java:194)
	at com.kms.katalon.core.main.ScriptEngine.runScriptAsRawText(ScriptEngine.java:119)
	at com.kms.katalon.core.main.TestCaseExecutor.runScript(TestCaseExecutor.java:486)
	at com.kms.katalon.core.main.TestCaseExecutor.doExecute(TestCaseExecutor.java:477)
	at com.kms.katalon.core.main.TestCaseExecutor.processExecutionPhase(TestCaseExecutor.java:456)
	at com.kms.katalon.core.main.TestCaseExecutor.accessMainPhase(TestCaseExecutor.java:448)
	at com.kms.katalon.core.main.TestCaseExecutor.execute(TestCaseExecutor.java:322)
	at com.kms.katalon.core.common.CommonExecutor.accessTestCaseMainPhase(CommonExecutor.java:71)
	at com.kms.katalon.core.main.TestSuiteExecutor.accessTestSuiteMainPhase(TestSuiteExecutor.java:160)
	at com.kms.katalon.core.main.TestSuiteExecutor.execute(TestSuiteExecutor.java:107)
	at com.kms.katalon.core.main.TestCaseMain.startTestSuite(TestCaseMain.java:186)
	at TempTestSuite1755846430971.run(TempTestSuite1755846430971.groovy:35)
	at java.base/jdk.internal.reflect.NativeMethodAccessorImpl.invoke0(Native Method)
	at java.base/jdk.internal.reflect.NativeMethodAccessorImpl.invoke(NativeMethodAccessorImpl.java:77)
	at java.base/jdk.internal.reflect.DelegatingMethodAccessorImpl.invoke(DelegatingMethodAccessorImpl.java:43)
)

22-08-2025T16:08:35 - [MESSAGE][INFO] - Unable to find the element located by 'By.xpath: //div[@id='__next']/div/div/main/section[3]/section/div/div/article[299]/a/div/div[4]/div'. Please recheck the objects properties to make sure the desired element is located. 

22-08-2025T16:08:36 - [MESSAGE][WARNING] - com.kms.katalon.core.webui.exception.WebElementNotFoundException: Web element with id: 'Object Repository/Prod환경/Home/05.서브탭/01.300위작품' located by '//div[@id='__next']/div/div/main/section[3]/section/div/div/article[299]/a/div/div[4]/div' not found (Root cause: com.kms.katalon.core.exception.StepFailedException: com.kms.katalon.core.webui.exception.WebElementNotFoundException: Web element with id: 'Object Repository/Prod환경/Home/05.서브탭/01.300위작품' located by '//div[@id='__next']/div/div/main/section[3]/section/div/div/article[299]/a/div/div[4]/div' not found
	at com.kms.katalon.core.webui.keyword.internal.WebUIKeywordMain.stepFailed(WebUIKeywordMain.groovy:117)
	at com.kms.katalon.core.webui.keyword.builtin.VerifyElementPresentKeyword$_verifyElementPresent_closure1.doCall(VerifyElementPresentKeyword.groovy:85)
	at com.kms.katalon.core.webui.keyword.builtin.VerifyElementPresentKeyword$_verifyElementPresent_closure1.call(VerifyElementPresentKeyword.groovy)
	at com.kms.katalon.core.webui.keyword.internal.WebUIKeywordMain.runKeyword(WebUIKeywordMain.groovy:35)
	at com.kms.katalon.core.webui.keyword.builtin.VerifyElementPresentKeyword.verifyElementPresent(VerifyElementPresentKeyword.groovy:92)
	at com.kms.katalon.core.webui.keyword.builtin.VerifyElementPresentKeyword.execute(VerifyElementPresentKeyword.groovy:68)
	at com.kms.katalon.core.keyword.internal.KeywordExecutor.executeKeywordForPlatform(KeywordExecutor.groovy:74)
	at com.kms.katalon.core.webui.keyword.WebUiBuiltInKeywords.verifyElementPresent(WebUiBuiltInKeywords.groovy:1524)
	at 09.Popular 서브탭.run(09.Popular 서브탭:32)
	at com.kms.katalon.core.main.ScriptEngine.run(ScriptEngine.java:194)
	at com.kms.katalon.core.main.ScriptEngine.runScriptAsRawText(ScriptEngine.java:119)
	at com.kms.katalon.core.main.TestCaseExecutor.runScript(TestCaseExecutor.java:486)
	at com.kms.katalon.core.main.TestCaseExecutor.doExecute(TestCaseExecutor.java:477)
	at com.kms.katalon.core.main.TestCaseExecutor.processExecutionPhase(TestCaseExecutor.java:456)
	at com.kms.katalon.core.main.TestCaseExecutor.accessMainPhase(TestCaseExecutor.java:448)
	at com.kms.katalon.core.main.TestCaseExecutor.execute(TestCaseExecutor.java:322)
	at com.kms.katalon.core.common.CommonExecutor.accessTestCaseMainPhase(CommonExecutor.java:71)
	at com.kms.katalon.core.main.TestSuiteExecutor.accessTestSuiteMainPhase(TestSuiteExecutor.java:160)
	at com.kms.katalon.core.main.TestSuiteExecutor.execute(TestSuiteExecutor.java:107)
	at com.kms.katalon.core.main.TestCaseMain.startTestSuite(TestCaseMain.java:186)
	at TempTestSuite1755846430971.run(TempTestSuite1755846430971.groovy:35)
	at java.base/jdk.internal.reflect.NativeMethodAccessorImpl.invoke0(Native Method)
	at java.base/jdk.internal.reflect.NativeMethodAccessorImpl.invoke(NativeMethodAccessorImpl.java:77)
	at java.base/jdk.internal.reflect.DelegatingMethodAccessorImpl.invoke(DelegatingMethodAccessorImpl.java:43)
)
[[ATTACHMENT|/Users/ruben.lee/Katalon Studio/TapasTest/Reports/20250822_160709/TC1/20250822_160710/1755846515949.png]]

22-08-2025T16:08:36 - [TEST_STEP][PASSED] - executeJavaScript("window.scrollTo(0, document.body.scrollHeight);", null): Execute JavaScript 'window.scrollTo(0, document.body.scrollHeight);' successfully

22-08-2025T16:08:36 - [MESSAGE][PASSED] - Execute JavaScript 'window.scrollTo(0, document.body.scrollHeight);' successfully

22-08-2025T16:08:36 - [TEST_STEP][PASSED] - delay(2): Delayed 2 second(s)

22-08-2025T16:08:38 - [MESSAGE][PASSED] - Delayed 2 second(s)

22-08-2025T16:08:38 - [TEST_STEP][PASSED] - rank300 = findTestObject("Prod환경/Home/05.서브탭/01.300위작품"): null

22-08-2025T16:08:38 - [TEST_STEP][WARNING] - if (verifyElementPresent(rank300, 1, OPTIONAL)): Unable to verify object 'Object Repository/Prod환경/Home/05.서브탭/01.300위작품' is present (Root cause: com.kms.katalon.core.exception.StepFailedException: Unable to verify object 'Object Repository/Prod환경/Home/05.서브탭/01.300위작품' is present
	at com.kms.katalon.core.webui.keyword.internal.WebUIKeywordMain.stepFailed(WebUIKeywordMain.groovy:117)
	at com.kms.katalon.core.webui.keyword.internal.WebUIKeywordMain.runKeyword(WebUIKeywordMain.groovy:43)
	at com.kms.katalon.core.webui.keyword.builtin.VerifyElementPresentKeyword.verifyElementPresent(VerifyElementPresentKeyword.groovy:92)
	at com.kms.katalon.core.webui.keyword.builtin.VerifyElementPresentKeyword.execute(VerifyElementPresentKeyword.groovy:68)
	at com.kms.katalon.core.keyword.internal.KeywordExecutor.executeKeywordForPlatform(KeywordExecutor.groovy:74)
	at com.kms.katalon.core.webui.keyword.WebUiBuiltInKeywords.verifyElementPresent(WebUiBuiltInKeywords.groovy:1524)
	at 09.Popular 서브탭.run(09.Popular 서브탭:32)
	at com.kms.katalon.core.main.ScriptEngine.run(ScriptEngine.java:194)
	at com.kms.katalon.core.main.ScriptEngine.runScriptAsRawText(ScriptEngine.java:119)
	at com.kms.katalon.core.main.TestCaseExecutor.runScript(TestCaseExecutor.java:486)
	at com.kms.katalon.core.main.TestCaseExecutor.doExecute(TestCaseExecutor.java:477)
	at com.kms.katalon.core.main.TestCaseExecutor.processExecutionPhase(TestCaseExecutor.java:456)
	at com.kms.katalon.core.main.TestCaseExecutor.accessMainPhase(TestCaseExecutor.java:448)
	at com.kms.katalon.core.main.TestCaseExecutor.execute(TestCaseExecutor.java:322)
	at com.kms.katalon.core.common.CommonExecutor.accessTestCaseMainPhase(CommonExecutor.java:71)
	at com.kms.katalon.core.main.TestSuiteExecutor.accessTestSuiteMainPhase(TestSuiteExecutor.java:160)
	at com.kms.katalon.core.main.TestSuiteExecutor.execute(TestSuiteExecutor.java:107)
	at com.kms.katalon.core.main.TestCaseMain.startTestSuite(TestCaseMain.java:186)
	at TempTestSuite1755846430971.run(TempTestSuite1755846430971.groovy:35)
	at java.base/jdk.internal.reflect.NativeMethodAccessorImpl.invoke0(Native Method)
	at java.base/jdk.internal.reflect.NativeMethodAccessorImpl.invoke(NativeMethodAccessorImpl.java:77)
	at java.base/jdk.internal.reflect.DelegatingMethodAccessorImpl.invoke(DelegatingMethodAccessorImpl.java:43)
Caused by: org.openqa.selenium.NoSuchSessionException: invalid session id
Build info: version: '4.28.1', revision: '73f5ad48a2'
System info: os.name: 'Mac OS X', os.arch: 'aarch64', os.version: '15.5', java.version: '17.0.13'
Driver info: com.kms.katalon.selenium.driver.CChromeDriver
Command: [ac2e6cae6bf098e62fe8fea20c0daa06, findElements {value=//div[@id='__next']/div/div/main/section[3]/section/div/div/article[299]/a/div/div[4]/div, using=xpath}]
Capabilities {acceptInsecureCerts: false, browserName: chrome, browserVersion: 139.0.7258.138, chrome: {chromedriverVersion: 139.0.7258.138 (884e54ea8d4..., userDataDir: /var/folders/jt/hwd168h1059...}, fedcm:accounts: true, goog:chromeOptions: {debuggerAddress: localhost:58315}, networkConnectionEnabled: false, pageLoadStrategy: normal, platformName: mac, proxy: Proxy(), se:cdp: ws://localhost:58315/devtoo..., se:cdpVersion: 139.0.7258.138, setWindowRect: true, strictFileInteractability: false, timeouts: {implicit: 0, pageLoad: 300000, script: 30000}, unhandledPromptBehavior: ignore, webSocketUrl: ws://localhost:12745/sessio..., webauthn:extension:credBlob: true, webauthn:extension:largeBlob: true, webauthn:extension:minPinLength: true, webauthn:extension:prf: true, webauthn:virtualAuthenticators: true}
Session ID: ac2e6cae6bf098e62fe8fea20c0daa06
	at java.base/jdk.internal.reflect.NativeConstructorAccessorImpl.newInstance0(Native Method)
	at java.base/jdk.internal.reflect.NativeConstructorAccessorImpl.newInstance(NativeConstructorAccessorImpl.java:77)
	at java.base/jdk.internal.reflect.DelegatingConstructorAccessorImpl.newInstance(DelegatingConstructorAccessorImpl.java:45)
	at org.openqa.selenium.remote.ErrorCodec.decode(ErrorCodec.java:167)
	at org.openqa.selenium.remote.codec.w3c.W3CHttpResponseCodec.decode(W3CHttpResponseCodec.java:138)
	at org.openqa.selenium.remote.codec.w3c.W3CHttpResponseCodec.decode(W3CHttpResponseCodec.java:50)
	at org.openqa.selenium.remote.HttpCommandExecutor.execute(HttpCommandExecutor.java:215)
	at org.openqa.selenium.remote.service.DriverCommandExecutor.invokeExecute(DriverCommandExecutor.java:216)
	at org.openqa.selenium.remote.service.DriverCommandExecutor.execute(DriverCommandExecutor.java:174)
	at org.openqa.selenium.remote.RemoteWebDriver.execute(RemoteWebDriver.java:545)
	at org.openqa.selenium.remote.ElementLocation$ElementFinder$2.findElements(ElementLocation.java:182)
	at org.openqa.selenium.remote.ElementLocation.findElements(ElementLocation.java:103)
	at org.openqa.selenium.remote.RemoteWebDriver.findElements(RemoteWebDriver.java:381)
	at org.openqa.selenium.remote.RemoteWebDriver.findElements(RemoteWebDriver.java:375)
	at jdk.internal.reflect.GeneratedMethodAccessor20.invoke(Unknown Source)
	at java.base/jdk.internal.reflect.DelegatingMethodAccessorImpl.invoke(DelegatingMethodAccessorImpl.java:43)
	at org.openqa.selenium.support.decorators.WebDriverDecorator.call(WebDriverDecorator.java:315)
	at org.openqa.selenium.support.decorators.DefaultDecorated.call(DefaultDecorated.java:48)
	at org.openqa.selenium.support.decorators.WebDriverDecorator.lambda$createProxyFactory$3(WebDriverDecorator.java:405)
	at org.openqa.selenium.remote.RemoteWebDriver$ByteBuddy$XxKh9Voa.findElements(Unknown Source)
	at com.kms.katalon.core.webui.common.WebUiCommonHelper.findElementByNormalMethods(WebUiCommonHelper.java:1063)
	at com.kms.katalon.core.webui.common.WebUiCommonHelper.findElementsBySelectedMethod(WebUiCommonHelper.java:954)
	at com.kms.katalon.core.webui.common.WebUiCommonHelper.findElementsBySelectedMethod(WebUiCommonHelper.java:936)
	at com.kms.katalon.core.webui.common.WebUiCommonHelper.findElementsBySelectedMethod(WebUiCommonHelper.java:931)
	at com.kms.katalon.core.webui.common.WebUiCommonHelper.findElementsByDefault(WebUiCommonHelper.java:927)
	at com.kms.katalon.core.webui.common.WebUiCommonHelper.findWebElements(WebUiCommonHelper.java:759)
	at com.kms.katalon.core.webui.common.WebUiCommonHelper.findWebElement(WebUiCommonHelper.java:1447)
	at com.kms.katalon.core.webui.keyword.internal.WebUIAbstractKeyword.findWebElement(WebUIAbstractKeyword.groovy:27)
	at com.kms.katalon.core.webui.keyword.builtin.VerifyElementPresentKeyword$_verifyElementPresent_closure1.doCall(VerifyElementPresentKeyword.groovy:79)
	at com.kms.katalon.core.webui.keyword.builtin.VerifyElementPresentKeyword$_verifyElementPresent_closure1.call(VerifyElementPresentKeyword.groovy)
	at com.kms.katalon.core.webui.keyword.internal.WebUIKeywordMain.runKeyword(WebUIKeywordMain.groovy:35)
	at com.kms.katalon.core.webui.keyword.builtin.VerifyElementPresentKeyword.verifyElementPresent(VerifyElementPresentKeyword.groovy:92)
	at com.kms.katalon.core.webui.keyword.builtin.VerifyElementPresentKeyword.execute(VerifyElementPresentKeyword.groovy:68)
	at com.kms.katalon.core.keyword.internal.KeywordExecutor.executeKeywordForPlatform(KeywordExecutor.groovy:74)
	at com.kms.katalon.core.webui.keyword.WebUiBuiltInKeywords.verifyElementPresent(WebUiBuiltInKeywords.groovy:1524)
	at Script1742964549048.run(Script1742964549048.groovy:32)
	... 15 more
)

22-08-2025T16:08:40 - [MESSAGE][WARNING] - Cannot take screenshot

22-08-2025T16:08:40 - [MESSAGE][WARNING] - Unable to verify object 'Object Repository/Prod환경/Home/05.서브탭/01.300위작품' is present (Root cause: com.kms.katalon.core.exception.StepFailedException: Unable to verify object 'Object Repository/Prod환경/Home/05.서브탭/01.300위작품' is present
	at com.kms.katalon.core.webui.keyword.internal.WebUIKeywordMain.stepFailed(WebUIKeywordMain.groovy:117)
	at com.kms.katalon.core.webui.keyword.internal.WebUIKeywordMain.runKeyword(WebUIKeywordMain.groovy:43)
	at com.kms.katalon.core.webui.keyword.builtin.VerifyElementPresentKeyword.verifyElementPresent(VerifyElementPresentKeyword.groovy:92)
	at com.kms.katalon.core.webui.keyword.builtin.VerifyElementPresentKeyword.execute(VerifyElementPresentKeyword.groovy:68)
	at com.kms.katalon.core.keyword.internal.KeywordExecutor.executeKeywordForPlatform(KeywordExecutor.groovy:74)
	at com.kms.katalon.core.webui.keyword.WebUiBuiltInKeywords.verifyElementPresent(WebUiBuiltInKeywords.groovy:1524)
	at 09.Popular 서브탭.run(09.Popular 서브탭:32)
	at com.kms.katalon.core.main.ScriptEngine.run(ScriptEngine.java:194)
	at com.kms.katalon.core.main.ScriptEngine.runScriptAsRawText(ScriptEngine.java:119)
	at com.kms.katalon.core.main.TestCaseExecutor.runScript(TestCaseExecutor.java:486)
	at com.kms.katalon.core.main.TestCaseExecutor.doExecute(TestCaseExecutor.java:477)
	at com.kms.katalon.core.main.TestCaseExecutor.processExecutionPhase(TestCaseExecutor.java:456)
	at com.kms.katalon.core.main.TestCaseExecutor.accessMainPhase(TestCaseExecutor.java:448)
	at com.kms.katalon.core.main.TestCaseExecutor.execute(TestCaseExecutor.java:322)
	at com.kms.katalon.core.common.CommonExecutor.accessTestCaseMainPhase(CommonExecutor.java:71)
	at com.kms.katalon.core.main.TestSuiteExecutor.accessTestSuiteMainPhase(TestSuiteExecutor.java:160)
	at com.kms.katalon.core.main.TestSuiteExecutor.execute(TestSuiteExecutor.java:107)
	at com.kms.katalon.core.main.TestCaseMain.startTestSuite(TestCaseMain.java:186)
	at TempTestSuite1755846430971.run(TempTestSuite1755846430971.groovy:35)
	at java.base/jdk.internal.reflect.NativeMethodAccessorImpl.invoke0(Native Method)
	at java.base/jdk.internal.reflect.NativeMethodAccessorImpl.invoke(NativeMethodAccessorImpl.java:77)
	at java.base/jdk.internal.reflect.DelegatingMethodAccessorImpl.invoke(DelegatingMethodAccessorImpl.java:43)
Caused by: org.openqa.selenium.NoSuchSessionException: invalid session id
Build info: version: '4.28.1', revision: '73f5ad48a2'
System info: os.name: 'Mac OS X', os.arch: 'aarch64', os.version: '15.5', java.version: '17.0.13'
Driver info: com.kms.katalon.selenium.driver.CChromeDriver
Command: [ac2e6cae6bf098e62fe8fea20c0daa06, findElements {value=//div[@id='__next']/div/div/main/section[3]/section/div/div/article[299]/a/div/div[4]/div, using=xpath}]
Capabilities {acceptInsecureCerts: false, browserName: chrome, browserVersion: 139.0.7258.138, chrome: {chromedriverVersion: 139.0.7258.138 (884e54ea8d4..., userDataDir: /var/folders/jt/hwd168h1059...}, fedcm:accounts: true, goog:chromeOptions: {debuggerAddress: localhost:58315}, networkConnectionEnabled: false, pageLoadStrategy: normal, platformName: mac, proxy: Proxy(), se:cdp: ws://localhost:58315/devtoo..., se:cdpVersion: 139.0.7258.138, setWindowRect: true, strictFileInteractability: false, timeouts: {implicit: 0, pageLoad: 300000, script: 30000}, unhandledPromptBehavior: ignore, webSocketUrl: ws://localhost:12745/sessio..., webauthn:extension:credBlob: true, webauthn:extension:largeBlob: true, webauthn:extension:minPinLength: true, webauthn:extension:prf: true, webauthn:virtualAuthenticators: true}
Session ID: ac2e6cae6bf098e62fe8fea20c0daa06
	at java.base/jdk.internal.reflect.NativeConstructorAccessorImpl.newInstance0(Native Method)
	at java.base/jdk.internal.reflect.NativeConstructorAccessorImpl.newInstance(NativeConstructorAccessorImpl.java:77)
	at java.base/jdk.internal.reflect.DelegatingConstructorAccessorImpl.newInstance(DelegatingConstructorAccessorImpl.java:45)
	at org.openqa.selenium.remote.ErrorCodec.decode(ErrorCodec.java:167)
	at org.openqa.selenium.remote.codec.w3c.W3CHttpResponseCodec.decode(W3CHttpResponseCodec.java:138)
	at org.openqa.selenium.remote.codec.w3c.W3CHttpResponseCodec.decode(W3CHttpResponseCodec.java:50)
	at org.openqa.selenium.remote.HttpCommandExecutor.execute(HttpCommandExecutor.java:215)
	at org.openqa.selenium.remote.service.DriverCommandExecutor.invokeExecute(DriverCommandExecutor.java:216)
	at org.openqa.selenium.remote.service.DriverCommandExecutor.execute(DriverCommandExecutor.java:174)
	at org.openqa.selenium.remote.RemoteWebDriver.execute(RemoteWebDriver.java:545)
	at org.openqa.selenium.remote.ElementLocation$ElementFinder$2.findElements(ElementLocation.java:182)
	at org.openqa.selenium.remote.ElementLocation.findElements(ElementLocation.java:103)
	at org.openqa.selenium.remote.RemoteWebDriver.findElements(RemoteWebDriver.java:381)
	at org.openqa.selenium.remote.RemoteWebDriver.findElements(RemoteWebDriver.java:375)
	at jdk.internal.reflect.GeneratedMethodAccessor20.invoke(Unknown Source)
	at java.base/jdk.internal.reflect.DelegatingMethodAccessorImpl.invoke(DelegatingMethodAccessorImpl.java:43)
	at org.openqa.selenium.support.decorators.WebDriverDecorator.call(WebDriverDecorator.java:315)
	at org.openqa.selenium.support.decorators.DefaultDecorated.call(DefaultDecorated.java:48)
	at org.openqa.selenium.support.decorators.WebDriverDecorator.lambda$createProxyFactory$3(WebDriverDecorator.java:405)
	at org.openqa.selenium.remote.RemoteWebDriver$ByteBuddy$XxKh9Voa.findElements(Unknown Source)
	at com.kms.katalon.core.webui.common.WebUiCommonHelper.findElementByNormalMethods(WebUiCommonHelper.java:1063)
	at com.kms.katalon.core.webui.common.WebUiCommonHelper.findElementsBySelectedMethod(WebUiCommonHelper.java:954)
	at com.kms.katalon.core.webui.common.WebUiCommonHelper.findElementsBySelectedMethod(WebUiCommonHelper.java:936)
	at com.kms.katalon.core.webui.common.WebUiCommonHelper.findElementsBySelectedMethod(WebUiCommonHelper.java:931)
	at com.kms.katalon.core.webui.common.WebUiCommonHelper.findElementsByDefault(WebUiCommonHelper.java:927)
	at com.kms.katalon.core.webui.common.WebUiCommonHelper.findWebElements(WebUiCommonHelper.java:759)
	at com.kms.katalon.core.webui.common.WebUiCommonHelper.findWebElement(WebUiCommonHelper.java:1447)
	at com.kms.katalon.core.webui.keyword.internal.WebUIAbstractKeyword.findWebElement(WebUIAbstractKeyword.groovy:27)
	at com.kms.katalon.core.webui.keyword.builtin.VerifyElementPresentKeyword$_verifyElementPresent_closure1.doCall(VerifyElementPresentKeyword.groovy:79)
	at com.kms.katalon.core.webui.keyword.builtin.VerifyElementPresentKeyword$_verifyElementPresent_closure1.call(VerifyElementPresentKeyword.groovy)
	at com.kms.katalon.core.webui.keyword.internal.WebUIKeywordMain.runKeyword(WebUIKeywordMain.groovy:35)
	at com.kms.katalon.core.webui.keyword.builtin.VerifyElementPresentKeyword.verifyElementPresent(VerifyElementPresentKeyword.groovy:92)
	at com.kms.katalon.core.webui.keyword.builtin.VerifyElementPresentKeyword.execute(VerifyElementPresentKeyword.groovy:68)
	at com.kms.katalon.core.keyword.internal.KeywordExecutor.executeKeywordForPlatform(KeywordExecutor.groovy:74)
	at com.kms.katalon.core.webui.keyword.WebUiBuiltInKeywords.verifyElementPresent(WebUiBuiltInKeywords.groovy:1524)
	at Script1742964549048.run(Script1742964549048.groovy:32)
	... 15 more
)

22-08-2025T16:08:40 - [TEST_STEP][FAILED] - executeJavaScript("window.scrollTo(0, document.body.scrollHeight);", null): Unable to execute JavaScript. (Root cause: com.kms.katalon.core.exception.StepFailedException: Unable to execute JavaScript.
	at com.kms.katalon.core.webui.keyword.internal.WebUIKeywordMain.stepFailed(WebUIKeywordMain.groovy:117)
	at com.kms.katalon.core.webui.keyword.internal.WebUIKeywordMain.runKeyword(WebUIKeywordMain.groovy:43)
	at com.kms.katalon.core.webui.keyword.builtin.ExecuteJavaScriptKeyword.executeJavascript(ExecuteJavascriptKeyword.groovy:51)
	at com.kms.katalon.core.webui.keyword.builtin.ExecuteJavaScriptKeyword.execute(ExecuteJavascriptKeyword.groovy:37)
	at com.kms.katalon.core.keyword.internal.KeywordExecutor.executeKeywordForPlatform(KeywordExecutor.groovy:74)
	at com.kms.katalon.core.webui.keyword.WebUiBuiltInKeywords.executeJavaScript(WebUiBuiltInKeywords.groovy:5118)
	at 09.Popular 서브탭.run(09.Popular 서브탭:29)
	at com.kms.katalon.core.main.ScriptEngine.run(ScriptEngine.java:194)
	at com.kms.katalon.core.main.ScriptEngine.runScriptAsRawText(ScriptEngine.java:119)
	at com.kms.katalon.core.main.TestCaseExecutor.runScript(TestCaseExecutor.java:486)
	at com.kms.katalon.core.main.TestCaseExecutor.doExecute(TestCaseExecutor.java:477)
	at com.kms.katalon.core.main.TestCaseExecutor.processExecutionPhase(TestCaseExecutor.java:456)
	at com.kms.katalon.core.main.TestCaseExecutor.accessMainPhase(TestCaseExecutor.java:448)
	at com.kms.katalon.core.main.TestCaseExecutor.execute(TestCaseExecutor.java:322)
	at com.kms.katalon.core.common.CommonExecutor.accessTestCaseMainPhase(CommonExecutor.java:71)
	at com.kms.katalon.core.main.TestSuiteExecutor.accessTestSuiteMainPhase(TestSuiteExecutor.java:160)
	at com.kms.katalon.core.main.TestSuiteExecutor.execute(TestSuiteExecutor.java:107)
	at com.kms.katalon.core.main.TestCaseMain.startTestSuite(TestCaseMain.java:186)
	at TempTestSuite1755846430971.run(TempTestSuite1755846430971.groovy:35)
	at java.base/jdk.internal.reflect.NativeMethodAccessorImpl.invoke0(Native Method)
	at java.base/jdk.internal.reflect.NativeMethodAccessorImpl.invoke(NativeMethodAccessorImpl.java:77)
	at java.base/jdk.internal.reflect.DelegatingMethodAccessorImpl.invoke(DelegatingMethodAccessorImpl.java:43)
Caused by: org.openqa.selenium.NoSuchSessionException: invalid session id
Build info: version: '4.28.1', revision: '73f5ad48a2'
System info: os.name: 'Mac OS X', os.arch: 'aarch64', os.version: '15.5', java.version: '17.0.13'
Driver info: com.kms.katalon.selenium.driver.CChromeDriver
Command: [ac2e6cae6bf098e62fe8fea20c0daa06, executeScript {script=window.scrollTo(0, document.body.scrollHeight);, args=[]}]
Capabilities {acceptInsecureCerts: false, browserName: chrome, browserVersion: 139.0.7258.138, chrome: {chromedriverVersion: 139.0.7258.138 (884e54ea8d4..., userDataDir: /var/folders/jt/hwd168h1059...}, fedcm:accounts: true, goog:chromeOptions: {debuggerAddress: localhost:58315}, networkConnectionEnabled: false, pageLoadStrategy: normal, platformName: mac, proxy: Proxy(), se:cdp: ws://localhost:58315/devtoo..., se:cdpVersion: 139.0.7258.138, setWindowRect: true, strictFileInteractability: false, timeouts: {implicit: 0, pageLoad: 300000, script: 30000}, unhandledPromptBehavior: ignore, webSocketUrl: ws://localhost:12745/sessio..., webauthn:extension:credBlob: true, webauthn:extension:largeBlob: true, webauthn:extension:minPinLength: true, webauthn:extension:prf: true, webauthn:virtualAuthenticators: true}
Session ID: ac2e6cae6bf098e62fe8fea20c0daa06
	at java.base/jdk.internal.reflect.NativeConstructorAccessorImpl.newInstance0(Native Method)
	at java.base/jdk.internal.reflect.NativeConstructorAccessorImpl.newInstance(NativeConstructorAccessorImpl.java:77)
	at java.base/jdk.internal.reflect.DelegatingConstructorAccessorImpl.newInstance(DelegatingConstructorAccessorImpl.java:45)
	at org.openqa.selenium.remote.ErrorCodec.decode(ErrorCodec.java:167)
	at org.openqa.selenium.remote.codec.w3c.W3CHttpResponseCodec.decode(W3CHttpResponseCodec.java:138)
	at org.openqa.selenium.remote.codec.w3c.W3CHttpResponseCodec.decode(W3CHttpResponseCodec.java:50)
	at org.openqa.selenium.remote.HttpCommandExecutor.execute(HttpCommandExecutor.java:215)
	at org.openqa.selenium.remote.service.DriverCommandExecutor.invokeExecute(DriverCommandExecutor.java:216)
	at org.openqa.selenium.remote.service.DriverCommandExecutor.execute(DriverCommandExecutor.java:174)
	at org.openqa.selenium.remote.RemoteWebDriver.execute(RemoteWebDriver.java:545)
	at org.openqa.selenium.remote.RemoteWebDriver.executeScript(RemoteWebDriver.java:476)
	at jdk.internal.reflect.GeneratedMethodAccessor23.invoke(Unknown Source)
	at java.base/jdk.internal.reflect.DelegatingMethodAccessorImpl.invoke(DelegatingMethodAccessorImpl.java:43)
	at org.openqa.selenium.support.decorators.WebDriverDecorator.call(WebDriverDecorator.java:315)
	at org.openqa.selenium.support.decorators.DefaultDecorated.call(DefaultDecorated.java:48)
	at org.openqa.selenium.support.decorators.WebDriverDecorator.lambda$createProxyFactory$3(WebDriverDecorator.java:405)
	at org.openqa.selenium.remote.RemoteWebDriver$ByteBuddy$XxKh9Voa.executeScript(Unknown Source)
	at com.kms.katalon.core.webui.keyword.builtin.ExecuteJavaScriptKeyword$_executeJavascript_closure1.doCall(ExecuteJavascriptKeyword.groovy:48)
	at com.kms.katalon.core.webui.keyword.builtin.ExecuteJavaScriptKeyword$_executeJavascript_closure1.call(ExecuteJavascriptKeyword.groovy)
	at com.kms.katalon.core.webui.keyword.internal.WebUIKeywordMain.runKeyword(WebUIKeywordMain.groovy:35)
	at com.kms.katalon.core.webui.keyword.builtin.ExecuteJavaScriptKeyword.executeJavascript(ExecuteJavascriptKeyword.groovy:51)
	at com.kms.katalon.core.webui.keyword.builtin.ExecuteJavaScriptKeyword.execute(ExecuteJavascriptKeyword.groovy:37)
	at com.kms.katalon.core.keyword.internal.KeywordExecutor.executeKeywordForPlatform(KeywordExecutor.groovy:74)
	at com.kms.katalon.core.webui.keyword.WebUiBuiltInKeywords.executeJavaScript(WebUiBuiltInKeywords.groovy:5118)
	at Script1742964549048.run(Script1742964549048.groovy:29)
	... 15 more
)

22-08-2025T16:08:40 - [MESSAGE][WARNING] - Cannot take screenshot

22-08-2025T16:08:40 - [MESSAGE][FAILED] - Unable to execute JavaScript. (Root cause: com.kms.katalon.core.exception.StepFailedException: Unable to execute JavaScript.
	at com.kms.katalon.core.webui.keyword.internal.WebUIKeywordMain.stepFailed(WebUIKeywordMain.groovy:117)
	at com.kms.katalon.core.webui.keyword.internal.WebUIKeywordMain.runKeyword(WebUIKeywordMain.groovy:43)
	at com.kms.katalon.core.webui.keyword.builtin.ExecuteJavaScriptKeyword.executeJavascript(ExecuteJavascriptKeyword.groovy:51)
	at com.kms.katalon.core.webui.keyword.builtin.ExecuteJavaScriptKeyword.execute(ExecuteJavascriptKeyword.groovy:37)
	at com.kms.katalon.core.keyword.internal.KeywordExecutor.executeKeywordForPlatform(KeywordExecutor.groovy:74)
	at com.kms.katalon.core.webui.keyword.WebUiBuiltInKeywords.executeJavaScript(WebUiBuiltInKeywords.groovy:5118)
	at 09.Popular 서브탭.run(09.Popular 서브탭:29)
	at com.kms.katalon.core.main.ScriptEngine.run(ScriptEngine.java:194)
	at com.kms.katalon.core.main.ScriptEngine.runScriptAsRawText(ScriptEngine.java:119)
	at com.kms.katalon.core.main.TestCaseExecutor.runScript(TestCaseExecutor.java:486)
	at com.kms.katalon.core.main.TestCaseExecutor.doExecute(TestCaseExecutor.java:477)
	at com.kms.katalon.core.main.TestCaseExecutor.processExecutionPhase(TestCaseExecutor.java:456)
	at com.kms.katalon.core.main.TestCaseExecutor.accessMainPhase(TestCaseExecutor.java:448)
	at com.kms.katalon.core.main.TestCaseExecutor.execute(TestCaseExecutor.java:322)
	at com.kms.katalon.core.common.CommonExecutor.accessTestCaseMainPhase(CommonExecutor.java:71)
	at com.kms.katalon.core.main.TestSuiteExecutor.accessTestSuiteMainPhase(TestSuiteExecutor.java:160)
	at com.kms.katalon.core.main.TestSuiteExecutor.execute(TestSuiteExecutor.java:107)
	at com.kms.katalon.core.main.TestCaseMain.startTestSuite(TestCaseMain.java:186)
	at TempTestSuite1755846430971.run(TempTestSuite1755846430971.groovy:35)
	at java.base/jdk.internal.reflect.NativeMethodAccessorImpl.invoke0(Native Method)
	at java.base/jdk.internal.reflect.NativeMethodAccessorImpl.invoke(NativeMethodAccessorImpl.java:77)
	at java.base/jdk.internal.reflect.DelegatingMethodAccessorImpl.invoke(DelegatingMethodAccessorImpl.java:43)
Caused by: org.openqa.selenium.NoSuchSessionException: invalid session id
Build info: version: '4.28.1', revision: '73f5ad48a2'
System info: os.name: 'Mac OS X', os.arch: 'aarch64', os.version: '15.5', java.version: '17.0.13'
Driver info: com.kms.katalon.selenium.driver.CChromeDriver
Command: [ac2e6cae6bf098e62fe8fea20c0daa06, executeScript {script=window.scrollTo(0, document.body.scrollHeight);, args=[]}]
Capabilities {acceptInsecureCerts: false, browserName: chrome, browserVersion: 139.0.7258.138, chrome: {chromedriverVersion: 139.0.7258.138 (884e54ea8d4..., userDataDir: /var/folders/jt/hwd168h1059...}, fedcm:accounts: true, goog:chromeOptions: {debuggerAddress: localhost:58315}, networkConnectionEnabled: false, pageLoadStrategy: normal, platformName: mac, proxy: Proxy(), se:cdp: ws://localhost:58315/devtoo..., se:cdpVersion: 139.0.7258.138, setWindowRect: true, strictFileInteractability: false, timeouts: {implicit: 0, pageLoad: 300000, script: 30000}, unhandledPromptBehavior: ignore, webSocketUrl: ws://localhost:12745/sessio..., webauthn:extension:credBlob: true, webauthn:extension:largeBlob: true, webauthn:extension:minPinLength: true, webauthn:extension:prf: true, webauthn:virtualAuthenticators: true}
Session ID: ac2e6cae6bf098e62fe8fea20c0daa06
	at java.base/jdk.internal.reflect.NativeConstructorAccessorImpl.newInstance0(Native Method)
	at java.base/jdk.internal.reflect.NativeConstructorAccessorImpl.newInstance(NativeConstructorAccessorImpl.java:77)
	at java.base/jdk.internal.reflect.DelegatingConstructorAccessorImpl.newInstance(DelegatingConstructorAccessorImpl.java:45)
	at org.openqa.selenium.remote.ErrorCodec.decode(ErrorCodec.java:167)
	at org.openqa.selenium.remote.codec.w3c.W3CHttpResponseCodec.decode(W3CHttpResponseCodec.java:138)
	at org.openqa.selenium.remote.codec.w3c.W3CHttpResponseCodec.decode(W3CHttpResponseCodec.java:50)
	at org.openqa.selenium.remote.HttpCommandExecutor.execute(HttpCommandExecutor.java:215)
	at org.openqa.selenium.remote.service.DriverCommandExecutor.invokeExecute(DriverCommandExecutor.java:216)
	at org.openqa.selenium.remote.service.DriverCommandExecutor.execute(DriverCommandExecutor.java:174)
	at org.openqa.selenium.remote.RemoteWebDriver.execute(RemoteWebDriver.java:545)
	at org.openqa.selenium.remote.RemoteWebDriver.executeScript(RemoteWebDriver.java:476)
	at jdk.internal.reflect.GeneratedMethodAccessor23.invoke(Unknown Source)
	at java.base/jdk.internal.reflect.DelegatingMethodAccessorImpl.invoke(DelegatingMethodAccessorImpl.java:43)
	at org.openqa.selenium.support.decorators.WebDriverDecorator.call(WebDriverDecorator.java:315)
	at org.openqa.selenium.support.decorators.DefaultDecorated.call(DefaultDecorated.java:48)
	at org.openqa.selenium.support.decorators.WebDriverDecorator.lambda$createProxyFactory$3(WebDriverDecorator.java:405)
	at org.openqa.selenium.remote.RemoteWebDriver$ByteBuddy$XxKh9Voa.executeScript(Unknown Source)
	at com.kms.katalon.core.webui.keyword.builtin.ExecuteJavaScriptKeyword$_executeJavascript_closure1.doCall(ExecuteJavascriptKeyword.groovy:48)
	at com.kms.katalon.core.webui.keyword.builtin.ExecuteJavaScriptKeyword$_executeJavascript_closure1.call(ExecuteJavascriptKeyword.groovy)
	at com.kms.katalon.core.webui.keyword.internal.WebUIKeywordMain.runKeyword(WebUIKeywordMain.groovy:35)
	at com.kms.katalon.core.webui.keyword.builtin.ExecuteJavaScriptKeyword.executeJavascript(ExecuteJavascriptKeyword.groovy:51)
	at com.kms.katalon.core.webui.keyword.builtin.ExecuteJavaScriptKeyword.execute(ExecuteJavascriptKeyword.groovy:37)
	at com.kms.katalon.core.keyword.internal.KeywordExecutor.executeKeywordForPlatform(KeywordExecutor.groovy:74)
	at com.kms.katalon.core.webui.keyword.WebUiBuiltInKeywords.executeJavaScript(WebUiBuiltInKeywords.groovy:5118)
	at Script1742964549048.run(Script1742964549048.groovy:29)
	... 15 more
)

22-08-2025T16:08:40 - [TEST_STEP][PASSED] - Start listener action : afterTestCase: null

22-08-2025T16:08:40 - [TEST_STEP][PASSED] - println("[AfterTestCase] GlobalVariable.isSuite: " + isSuite): null

22-08-2025T16:08:40 - [TEST_STEP][PASSED] - if (!(isSuite)): null]]></system-out>
         <system-err><![CDATA[22-08-2025T16:08:22 - [TEST_CASE][FAILED] - Test Cases/Prod환경/00.메인홈/04.서브탭/09.Popular 서브탭: Test Cases/Prod환경/00.메인홈/04.서브탭/09.Popular 서브탭 FAILED.
Reason:
com.kms.katalon.core.exception.StepFailedException: Unable to execute JavaScript.
	at com.kms.katalon.core.webui.keyword.internal.WebUIKeywordMain.stepFailed(WebUIKeywordMain.groovy:117)
	at com.kms.katalon.core.webui.keyword.internal.WebUIKeywordMain.runKeyword(WebUIKeywordMain.groovy:43)
	at com.kms.katalon.core.webui.keyword.builtin.ExecuteJavaScriptKeyword.executeJavascript(ExecuteJavascriptKeyword.groovy:51)
	at com.kms.katalon.core.webui.keyword.builtin.ExecuteJavaScriptKeyword.execute(ExecuteJavascriptKeyword.groovy:37)
	at com.kms.katalon.core.keyword.internal.KeywordExecutor.executeKeywordForPlatform(KeywordExecutor.groovy:74)
	at com.kms.katalon.core.webui.keyword.WebUiBuiltInKeywords.executeJavaScript(WebUiBuiltInKeywords.groovy:5118)
	at 09.Popular 서브탭.run(09.Popular 서브탭:29)
	at com.kms.katalon.core.main.ScriptEngine.run(ScriptEngine.java:194)
	at com.kms.katalon.core.main.ScriptEngine.runScriptAsRawText(ScriptEngine.java:119)
	at com.kms.katalon.core.main.TestCaseExecutor.runScript(TestCaseExecutor.java:486)
	at com.kms.katalon.core.main.TestCaseExecutor.doExecute(TestCaseExecutor.java:477)
	at com.kms.katalon.core.main.TestCaseExecutor.processExecutionPhase(TestCaseExecutor.java:456)
	at com.kms.katalon.core.main.TestCaseExecutor.accessMainPhase(TestCaseExecutor.java:448)
	at com.kms.katalon.core.main.TestCaseExecutor.execute(TestCaseExecutor.java:322)
	at com.kms.katalon.core.common.CommonExecutor.accessTestCaseMainPhase(CommonExecutor.java:71)
	at com.kms.katalon.core.main.TestSuiteExecutor.accessTestSuiteMainPhase(TestSuiteExecutor.java:160)
	at com.kms.katalon.core.main.TestSuiteExecutor.execute(TestSuiteExecutor.java:107)
	at com.kms.katalon.core.main.TestCaseMain.startTestSuite(TestCaseMain.java:186)
	at TempTestSuite1755846430971.run(TempTestSuite1755846430971.groovy:35)
	at java.base/jdk.internal.reflect.NativeMethodAccessorImpl.invoke0(Native Method)
	at java.base/jdk.internal.reflect.NativeMethodAccessorImpl.invoke(NativeMethodAccessorImpl.java:77)
	at java.base/jdk.internal.reflect.DelegatingMethodAccessorImpl.invoke(DelegatingMethodAccessorImpl.java:43)
Caused by: org.openqa.selenium.NoSuchSessionException: invalid session id
Build info: version: '4.28.1', revision: '73f5ad48a2'
System info: os.name: 'Mac OS X', os.arch: 'aarch64', os.version: '15.5', java.version: '17.0.13'
Driver info: com.kms.katalon.selenium.driver.CChromeDriver
Command: [ac2e6cae6bf098e62fe8fea20c0daa06, executeScript {script=window.scrollTo(0, document.body.scrollHeight);, args=[]}]
Capabilities {acceptInsecureCerts: false, browserName: chrome, browserVersion: 139.0.7258.138, chrome: {chromedriverVersion: 139.0.7258.138 (884e54ea8d4..., userDataDir: /var/folders/jt/hwd168h1059...}, fedcm:accounts: true, goog:chromeOptions: {debuggerAddress: localhost:58315}, networkConnectionEnabled: false, pageLoadStrategy: normal, platformName: mac, proxy: Proxy(), se:cdp: ws://localhost:58315/devtoo..., se:cdpVersion: 139.0.7258.138, setWindowRect: true, strictFileInteractability: false, timeouts: {implicit: 0, pageLoad: 300000, script: 30000}, unhandledPromptBehavior: ignore, webSocketUrl: ws://localhost:12745/sessio..., webauthn:extension:credBlob: true, webauthn:extension:largeBlob: true, webauthn:extension:minPinLength: true, webauthn:extension:prf: true, webauthn:virtualAuthenticators: true}
Session ID: ac2e6cae6bf098e62fe8fea20c0daa06
	at java.base/jdk.internal.reflect.NativeConstructorAccessorImpl.newInstance0(Native Method)
	at java.base/jdk.internal.reflect.NativeConstructorAccessorImpl.newInstance(NativeConstructorAccessorImpl.java:77)
	at java.base/jdk.internal.reflect.DelegatingConstructorAccessorImpl.newInstance(DelegatingConstructorAccessorImpl.java:45)
	at org.openqa.selenium.remote.ErrorCodec.decode(ErrorCodec.java:167)
	at org.openqa.selenium.remote.codec.w3c.W3CHttpResponseCodec.decode(W3CHttpResponseCodec.java:138)
	at org.openqa.selenium.remote.codec.w3c.W3CHttpResponseCodec.decode(W3CHttpResponseCodec.java:50)
	at org.openqa.selenium.remote.HttpCommandExecutor.execute(HttpCommandExecutor.java:215)
	at org.openqa.selenium.remote.service.DriverCommandExecutor.invokeExecute(DriverCommandExecutor.java:216)
	at org.openqa.selenium.remote.service.DriverCommandExecutor.execute(DriverCommandExecutor.java:174)
	at org.openqa.selenium.remote.RemoteWebDriver.execute(RemoteWebDriver.java:545)
	at org.openqa.selenium.remote.RemoteWebDriver.executeScript(RemoteWebDriver.java:476)
	at jdk.internal.reflect.GeneratedMethodAccessor23.invoke(Unknown Source)
	at java.base/jdk.internal.reflect.DelegatingMethodAccessorImpl.invoke(DelegatingMethodAccessorImpl.java:43)
	at org.openqa.selenium.support.decorators.WebDriverDecorator.call(WebDriverDecorator.java:315)
	at org.openqa.selenium.support.decorators.DefaultDecorated.call(DefaultDecorated.java:48)
	at org.openqa.selenium.support.decorators.WebDriverDecorator.lambda$createProxyFactory$3(WebDriverDecorator.java:405)
	at org.openqa.selenium.remote.RemoteWebDriver$ByteBuddy$XxKh9Voa.executeScript(Unknown Source)
	at com.kms.katalon.core.webui.keyword.builtin.ExecuteJavaScriptKeyword$_executeJavascript_closure1.doCall(ExecuteJavascriptKeyword.groovy:48)
	at com.kms.katalon.core.webui.keyword.builtin.ExecuteJavaScriptKeyword$_executeJavascript_closure1.call(ExecuteJavascriptKeyword.groovy)
	at com.kms.katalon.core.webui.keyword.internal.WebUIKeywordMain.runKeyword(WebUIKeywordMain.groovy:35)
	... 20 more]]></system-err>
      </testcase>
      <system-out><![CDATA[22-08-2025T16:07:12 - [TEST_STEP][ERROR] - Start listener action : beforeSuite: com.kms.katalon.core.exception.StepFailedException: Actual text 'https://tapas.io/' and expected text 'https://tapas.io' are not matched
	at com.kms.katalon.core.keyword.builtin.VerifyMatchKeyword$_verifyMatch_closure1.doCall(VerifyMatchKeyword.groovy:57)
	at com.kms.katalon.core.keyword.builtin.VerifyMatchKeyword$_verifyMatch_closure1.call(VerifyMatchKeyword.groovy)
	at com.kms.katalon.core.keyword.internal.KeywordMain.runKeyword(KeywordMain.groovy:75)
	at com.kms.katalon.core.keyword.builtin.VerifyMatchKeyword.verifyMatch(VerifyMatchKeyword.groovy:60)
	at com.kms.katalon.core.keyword.builtin.VerifyMatchKeyword.execute(VerifyMatchKeyword.groovy:45)
	at com.kms.katalon.core.keyword.internal.KeywordExecutor.executeKeywordForPlatform(KeywordExecutor.groovy:74)
	at com.kms.katalon.core.keyword.BuiltinKeywords.verifyMatch(BuiltinKeywords.groovy:78)
	at java.base/jdk.internal.reflect.NativeMethodAccessorImpl.invoke0(Native Method)
	at java.base/jdk.internal.reflect.NativeMethodAccessorImpl.invoke(NativeMethodAccessorImpl.java:77)
	at java.base/jdk.internal.reflect.DelegatingMethodAccessorImpl.invoke(DelegatingMethodAccessorImpl.java:43)
	at BrowserControl.beforeSuite(BrowserControl.groovy:50)
	at java.base/jdk.internal.reflect.NativeMethodAccessorImpl.invoke0(Native Method)
	at java.base/jdk.internal.reflect.NativeMethodAccessorImpl.invoke(NativeMethodAccessorImpl.java:77)
	at java.base/jdk.internal.reflect.DelegatingMethodAccessorImpl.invoke(DelegatingMethodAccessorImpl.java:43)
	at com.kms.katalon.core.context.internal.TestHooker.invokeMethod(TestHooker.java:111)
	at com.kms.katalon.core.context.internal.TestHooker.lambda$3(TestHooker.java:95)
	at com.kms.katalon.core.context.internal.TestHooker.invokeContextMethods(TestHooker.java:94)
	at com.kms.katalon.core.context.internal.TestListenerCollector.lambda$3(TestListenerCollector.java:88)
	at com.kms.katalon.core.context.internal.TestListenerCollector.handleListenerEvent(TestListenerCollector.java:85)
	at com.kms.katalon.core.context.internal.ExecutionEventManager.publicEvent(ExecutionEventManager.java:36)
	at com.kms.katalon.core.main.TestSuiteExecutor.execute(TestSuiteExecutor.java:105)
	at com.kms.katalon.core.main.TestCaseMain.startTestSuite(TestCaseMain.java:186)
	at TempTestSuite1755846430971.run(TempTestSuite1755846430971.groovy:35)
	at java.base/jdk.internal.reflect.NativeMethodAccessorImpl.invoke0(Native Method)
	at java.base/jdk.internal.reflect.NativeMethodAccessorImpl.invoke(NativeMethodAccessorImpl.java:77)
	at java.base/jdk.internal.reflect.DelegatingMethodAccessorImpl.invoke(DelegatingMethodAccessorImpl.java:43)


22-08-2025T16:07:12 - [TEST_STEP][PASSED] - println("[Suite 실행] 브라우저 오픈"): null

22-08-2025T16:07:12 - [TEST_STEP][PASSED] - isSuite = true: null

22-08-2025T16:07:13 - [TEST_STEP][PASSED] - openBrowser(""): Browser is opened with url: ''

22-08-2025T16:07:13 - [MESSAGE][INFO] - Starting 'Chrome' driver

22-08-2025T16:07:13 - [MESSAGE][INFO] - Action delay is set to 0 milliseconds

22-08-2025T16:07:14 - [MESSAGE][PASSED] - Browser is opened with url: ''

22-08-2025T16:07:14 - [TEST_STEP][PASSED] - url = "https://tapas.io": null

22-08-2025T16:07:14 - [TEST_STEP][PASSED] - navigateToUrl(url): Navigate to 'https://tapas.io' successfully

22-08-2025T16:07:15 - [MESSAGE][PASSED] - Navigate to 'https://tapas.io' successfully

22-08-2025T16:07:15 - [TEST_STEP][PASSED] - waitForPageLoad(10): Wait for page load successfully

22-08-2025T16:07:15 - [MESSAGE][PASSED] - Wait for page load successfully

22-08-2025T16:07:15 - [TEST_STEP][ERROR] - verifyMatch(getUrl(), url, false): com.kms.katalon.core.exception.StepFailedException: Actual text 'https://tapas.io/' and expected text 'https://tapas.io' are not matched
	at com.kms.katalon.core.keyword.builtin.VerifyMatchKeyword$_verifyMatch_closure1.doCall(VerifyMatchKeyword.groovy:57)
	at com.kms.katalon.core.keyword.builtin.VerifyMatchKeyword$_verifyMatch_closure1.call(VerifyMatchKeyword.groovy)
	at com.kms.katalon.core.keyword.internal.KeywordMain.runKeyword(KeywordMain.groovy:75)
	at com.kms.katalon.core.keyword.builtin.VerifyMatchKeyword.verifyMatch(VerifyMatchKeyword.groovy:60)
	at com.kms.katalon.core.keyword.builtin.VerifyMatchKeyword.execute(VerifyMatchKeyword.groovy:45)
	at com.kms.katalon.core.keyword.internal.KeywordExecutor.executeKeywordForPlatform(KeywordExecutor.groovy:74)
	at com.kms.katalon.core.keyword.BuiltinKeywords.verifyMatch(BuiltinKeywords.groovy:78)
	at java.base/jdk.internal.reflect.NativeMethodAccessorImpl.invoke0(Native Method)
	at java.base/jdk.internal.reflect.NativeMethodAccessorImpl.invoke(NativeMethodAccessorImpl.java:77)
	at java.base/jdk.internal.reflect.DelegatingMethodAccessorImpl.invoke(DelegatingMethodAccessorImpl.java:43)
	at BrowserControl.beforeSuite(BrowserControl.groovy:50)
	at java.base/jdk.internal.reflect.NativeMethodAccessorImpl.invoke0(Native Method)
	at java.base/jdk.internal.reflect.NativeMethodAccessorImpl.invoke(NativeMethodAccessorImpl.java:77)
	at java.base/jdk.internal.reflect.DelegatingMethodAccessorImpl.invoke(DelegatingMethodAccessorImpl.java:43)
	at com.kms.katalon.core.context.internal.TestHooker.invokeMethod(TestHooker.java:111)
	at com.kms.katalon.core.context.internal.TestHooker.lambda$3(TestHooker.java:95)
	at com.kms.katalon.core.context.internal.TestHooker.invokeContextMethods(TestHooker.java:94)
	at com.kms.katalon.core.context.internal.TestListenerCollector.lambda$3(TestListenerCollector.java:88)
	at com.kms.katalon.core.context.internal.TestListenerCollector.handleListenerEvent(TestListenerCollector.java:85)
	at com.kms.katalon.core.context.internal.ExecutionEventManager.publicEvent(ExecutionEventManager.java:36)
	at com.kms.katalon.core.main.TestSuiteExecutor.execute(TestSuiteExecutor.java:105)
	at com.kms.katalon.core.main.TestCaseMain.startTestSuite(TestCaseMain.java:186)
	at TempTestSuite1755846430971.run(TempTestSuite1755846430971.groovy:35)
	at java.base/jdk.internal.reflect.NativeMethodAccessorImpl.invoke0(Native Method)
	at java.base/jdk.internal.reflect.NativeMethodAccessorImpl.invoke(NativeMethodAccessorImpl.java:77)
	at java.base/jdk.internal.reflect.DelegatingMethodAccessorImpl.invoke(DelegatingMethodAccessorImpl.java:43)


22-08-2025T16:07:15 - [MESSAGE][PASSED] - Current window's url is: 'https://tapas.io/'

22-08-2025T16:07:15 - [MESSAGE][FAILED] - Unable to verify match between actual text 'https://tapas.io/' and expected text 'https://tapas.io' (Root cause: com.kms.katalon.core.exception.StepFailedException: Actual text 'https://tapas.io/' and expected text 'https://tapas.io' are not matched
	at com.kms.katalon.core.keyword.builtin.VerifyMatchKeyword$_verifyMatch_closure1.doCall(VerifyMatchKeyword.groovy:57)
	at com.kms.katalon.core.keyword.builtin.VerifyMatchKeyword$_verifyMatch_closure1.call(VerifyMatchKeyword.groovy)
	at com.kms.katalon.core.keyword.internal.KeywordMain.runKeyword(KeywordMain.groovy:75)
	at com.kms.katalon.core.keyword.builtin.VerifyMatchKeyword.verifyMatch(VerifyMatchKeyword.groovy:60)
	at com.kms.katalon.core.keyword.builtin.VerifyMatchKeyword.execute(VerifyMatchKeyword.groovy:45)
	at com.kms.katalon.core.keyword.internal.KeywordExecutor.executeKeywordForPlatform(KeywordExecutor.groovy:74)
	at com.kms.katalon.core.keyword.BuiltinKeywords.verifyMatch(BuiltinKeywords.groovy:78)
	at java.base/jdk.internal.reflect.NativeMethodAccessorImpl.invoke0(Native Method)
	at java.base/jdk.internal.reflect.NativeMethodAccessorImpl.invoke(NativeMethodAccessorImpl.java:77)
	at java.base/jdk.internal.reflect.DelegatingMethodAccessorImpl.invoke(DelegatingMethodAccessorImpl.java:43)
	at BrowserControl.beforeSuite(BrowserControl.groovy:50)
	at java.base/jdk.internal.reflect.NativeMethodAccessorImpl.invoke0(Native Method)
	at java.base/jdk.internal.reflect.NativeMethodAccessorImpl.invoke(NativeMethodAccessorImpl.java:77)
	at java.base/jdk.internal.reflect.DelegatingMethodAccessorImpl.invoke(DelegatingMethodAccessorImpl.java:43)
	at com.kms.katalon.core.context.internal.TestHooker.invokeMethod(TestHooker.java:111)
	at com.kms.katalon.core.context.internal.TestHooker.lambda$3(TestHooker.java:95)
	at com.kms.katalon.core.context.internal.TestHooker.invokeContextMethods(TestHooker.java:94)
	at com.kms.katalon.core.context.internal.TestListenerCollector.lambda$3(TestListenerCollector.java:88)
	at com.kms.katalon.core.context.internal.TestListenerCollector.handleListenerEvent(TestListenerCollector.java:85)
	at com.kms.katalon.core.context.internal.ExecutionEventManager.publicEvent(ExecutionEventManager.java:36)
	at com.kms.katalon.core.main.TestSuiteExecutor.execute(TestSuiteExecutor.java:105)
	at com.kms.katalon.core.main.TestCaseMain.startTestSuite(TestCaseMain.java:186)
	at TempTestSuite1755846430971.run(TempTestSuite1755846430971.groovy:35)
	at java.base/jdk.internal.reflect.NativeMethodAccessorImpl.invoke0(Native Method)
	at java.base/jdk.internal.reflect.NativeMethodAccessorImpl.invoke(NativeMethodAccessorImpl.java:77)
	at java.base/jdk.internal.reflect.DelegatingMethodAccessorImpl.invoke(DelegatingMethodAccessorImpl.java:43)
)

22-08-2025T16:07:15 - [MESSAGE][ERROR] - com.kms.katalon.core.exception.StepFailedException: Actual text 'https://tapas.io/' and expected text 'https://tapas.io' are not matched
	at com.kms.katalon.core.keyword.builtin.VerifyMatchKeyword$_verifyMatch_closure1.doCall(VerifyMatchKeyword.groovy:57)
	at com.kms.katalon.core.keyword.builtin.VerifyMatchKeyword$_verifyMatch_closure1.call(VerifyMatchKeyword.groovy)
	at com.kms.katalon.core.keyword.internal.KeywordMain.runKeyword(KeywordMain.groovy:75)
	at com.kms.katalon.core.keyword.builtin.VerifyMatchKeyword.verifyMatch(VerifyMatchKeyword.groovy:60)
	at com.kms.katalon.core.keyword.builtin.VerifyMatchKeyword.execute(VerifyMatchKeyword.groovy:45)
	at com.kms.katalon.core.keyword.internal.KeywordExecutor.executeKeywordForPlatform(KeywordExecutor.groovy:74)
	at com.kms.katalon.core.keyword.BuiltinKeywords.verifyMatch(BuiltinKeywords.groovy:78)
	at java.base/jdk.internal.reflect.NativeMethodAccessorImpl.invoke0(Native Method)
	at java.base/jdk.internal.reflect.NativeMethodAccessorImpl.invoke(NativeMethodAccessorImpl.java:77)
	at java.base/jdk.internal.reflect.DelegatingMethodAccessorImpl.invoke(DelegatingMethodAccessorImpl.java:43)
	at BrowserControl.beforeSuite(BrowserControl.groovy:50)
	at java.base/jdk.internal.reflect.NativeMethodAccessorImpl.invoke0(Native Method)
	at java.base/jdk.internal.reflect.NativeMethodAccessorImpl.invoke(NativeMethodAccessorImpl.java:77)
	at java.base/jdk.internal.reflect.DelegatingMethodAccessorImpl.invoke(DelegatingMethodAccessorImpl.java:43)
	at com.kms.katalon.core.context.internal.TestHooker.invokeMethod(TestHooker.java:111)
	at com.kms.katalon.core.context.internal.TestHooker.lambda$3(TestHooker.java:95)
	at com.kms.katalon.core.context.internal.TestHooker.invokeContextMethods(TestHooker.java:94)
	at com.kms.katalon.core.context.internal.TestListenerCollector.lambda$3(TestListenerCollector.java:88)
	at com.kms.katalon.core.context.internal.TestListenerCollector.handleListenerEvent(TestListenerCollector.java:85)
	at com.kms.katalon.core.context.internal.ExecutionEventManager.publicEvent(ExecutionEventManager.java:36)
	at com.kms.katalon.core.main.TestSuiteExecutor.execute(TestSuiteExecutor.java:105)
	at com.kms.katalon.core.main.TestCaseMain.startTestSuite(TestCaseMain.java:186)
	at TempTestSuite1755846430971.run(TempTestSuite1755846430971.groovy:35)
	at java.base/jdk.internal.reflect.NativeMethodAccessorImpl.invoke0(Native Method)
	at java.base/jdk.internal.reflect.NativeMethodAccessorImpl.invoke(NativeMethodAccessorImpl.java:77)
	at java.base/jdk.internal.reflect.DelegatingMethodAccessorImpl.invoke(DelegatingMethodAccessorImpl.java:43)

22-08-2025T16:07:12 - [TEST_SUITE][FAILED] - TC1: Test Cases/Prod환경/00.메인홈/04.서브탭/09.Popular 서브탭 FAILED.
Reason:
com.kms.katalon.core.exception.StepFailedException: Unable to execute JavaScript.
	at com.kms.katalon.core.webui.keyword.internal.WebUIKeywordMain.stepFailed(WebUIKeywordMain.groovy:117)
	at com.kms.katalon.core.webui.keyword.internal.WebUIKeywordMain.runKeyword(WebUIKeywordMain.groovy:43)
	at com.kms.katalon.core.webui.keyword.builtin.ExecuteJavaScriptKeyword.executeJavascript(ExecuteJavascriptKeyword.groovy:51)
	at com.kms.katalon.core.webui.keyword.builtin.ExecuteJavaScriptKeyword.execute(ExecuteJavascriptKeyword.groovy:37)
	at com.kms.katalon.core.keyword.internal.KeywordExecutor.executeKeywordForPlatform(KeywordExecutor.groovy:74)
	at com.kms.katalon.core.webui.keyword.WebUiBuiltInKeywords.executeJavaScript(WebUiBuiltInKeywords.groovy:5118)
	at 09.Popular 서브탭.run(09.Popular 서브탭:29)
	at com.kms.katalon.core.main.ScriptEngine.run(ScriptEngine.java:194)
	at com.kms.katalon.core.main.ScriptEngine.runScriptAsRawText(ScriptEngine.java:119)
	at com.kms.katalon.core.main.TestCaseExecutor.runScript(TestCaseExecutor.java:486)
	at com.kms.katalon.core.main.TestCaseExecutor.doExecute(TestCaseExecutor.java:477)
	at com.kms.katalon.core.main.TestCaseExecutor.processExecutionPhase(TestCaseExecutor.java:456)
	at com.kms.katalon.core.main.TestCaseExecutor.accessMainPhase(TestCaseExecutor.java:448)
	at com.kms.katalon.core.main.TestCaseExecutor.execute(TestCaseExecutor.java:322)
	at com.kms.katalon.core.common.CommonExecutor.accessTestCaseMainPhase(CommonExecutor.java:71)
	at com.kms.katalon.core.main.TestSuiteExecutor.accessTestSuiteMainPhase(TestSuiteExecutor.java:160)
	at com.kms.katalon.core.main.TestSuiteExecutor.execute(TestSuiteExecutor.java:107)
	at com.kms.katalon.core.main.TestCaseMain.startTestSuite(TestCaseMain.java:186)
	at TempTestSuite1755846430971.run(TempTestSuite1755846430971.groovy:35)
	at java.base/jdk.internal.reflect.NativeMethodAccessorImpl.invoke0(Native Method)
	at java.base/jdk.internal.reflect.NativeMethodAccessorImpl.invoke(NativeMethodAccessorImpl.java:77)
	at java.base/jdk.internal.reflect.DelegatingMethodAccessorImpl.invoke(DelegatingMethodAccessorImpl.java:43)
Caused by: org.openqa.selenium.NoSuchSessionException: invalid session id
Build info: version: '4.28.1', revision: '73f5ad48a2'
System info: os.name: 'Mac OS X', os.arch: 'aarch64', os.version: '15.5', java.version: '17.0.13'
Driver info: com.kms.katalon.selenium.driver.CChromeDriver
Command: [ac2e6cae6bf098e62fe8fea20c0daa06, executeScript {script=window.scrollTo(0, document.body.scrollHeight);, args=[]}]
Capabilities {acceptInsecureCerts: false, browserName: chrome, browserVersion: 139.0.7258.138, chrome: {chromedriverVersion: 139.0.7258.138 (884e54ea8d4..., userDataDir: /var/folders/jt/hwd168h1059...}, fedcm:accounts: true, goog:chromeOptions: {debuggerAddress: localhost:58315}, networkConnectionEnabled: false, pageLoadStrategy: normal, platformName: mac, proxy: Proxy(), se:cdp: ws://localhost:58315/devtoo..., se:cdpVersion: 139.0.7258.138, setWindowRect: true, strictFileInteractability: false, timeouts: {implicit: 0, pageLoad: 300000, script: 30000}, unhandledPromptBehavior: ignore, webSocketUrl: ws://localhost:12745/sessio..., webauthn:extension:credBlob: true, webauthn:extension:largeBlob: true, webauthn:extension:minPinLength: true, webauthn:extension:prf: true, webauthn:virtualAuthenticators: true}
Session ID: ac2e6cae6bf098e62fe8fea20c0daa06
	at java.base/jdk.internal.reflect.NativeConstructorAccessorImpl.newInstance0(Native Method)
	at java.base/jdk.internal.reflect.NativeConstructorAccessorImpl.newInstance(NativeConstructorAccessorImpl.java:77)
	at java.base/jdk.internal.reflect.DelegatingConstructorAccessorImpl.newInstance(DelegatingConstructorAccessorImpl.java:45)
	at org.openqa.selenium.remote.ErrorCodec.decode(ErrorCodec.java:167)
	at org.openqa.selenium.remote.codec.w3c.W3CHttpResponseCodec.decode(W3CHttpResponseCodec.java:138)
	at org.openqa.selenium.remote.codec.w3c.W3CHttpResponseCodec.decode(W3CHttpResponseCodec.java:50)
	at org.openqa.selenium.remote.HttpCommandExecutor.execute(HttpCommandExecutor.java:215)
	at org.openqa.selenium.remote.service.DriverCommandExecutor.invokeExecute(DriverCommandExecutor.java:216)
	at org.openqa.selenium.remote.service.DriverCommandExecutor.execute(DriverCommandExecutor.java:174)
	at org.openqa.selenium.remote.RemoteWebDriver.execute(RemoteWebDriver.java:545)
	at org.openqa.selenium.remote.RemoteWebDriver.executeScript(RemoteWebDriver.java:476)
	at jdk.internal.reflect.GeneratedMethodAccessor23.invoke(Unknown Source)
	at java.base/jdk.internal.reflect.DelegatingMethodAccessorImpl.invoke(DelegatingMethodAccessorImpl.java:43)
	at org.openqa.selenium.support.decorators.WebDriverDecorator.call(WebDriverDecorator.java:315)
	at org.openqa.selenium.support.decorators.DefaultDecorated.call(DefaultDecorated.java:48)
	at org.openqa.selenium.support.decorators.WebDriverDecorator.lambda$createProxyFactory$3(WebDriverDecorator.java:405)
	at org.openqa.selenium.remote.RemoteWebDriver$ByteBuddy$XxKh9Voa.executeScript(Unknown Source)
	at com.kms.katalon.core.webui.keyword.builtin.ExecuteJavaScriptKeyword$_executeJavascript_closure1.doCall(ExecuteJavascriptKeyword.groovy:48)
	at com.kms.katalon.core.webui.keyword.builtin.ExecuteJavaScriptKeyword$_executeJavascript_closure1.call(ExecuteJavascriptKeyword.groovy)
	at com.kms.katalon.core.webui.keyword.internal.WebUIKeywordMain.runKeyword(WebUIKeywordMain.groovy:35)
	... 20 more

22-08-2025T16:08:40 - [TEST_STEP][PASSED] - Start listener action : afterSuite: null

22-08-2025T16:08:40 - [TEST_STEP][PASSED] - println("[Suite 실행] 브라우저 닫기 시도"): null

22-08-2025T16:08:40 - [TEST_STEP][PASSED] - closeBrowserIfOpen("AfterTestSuite"): null

22-08-2025T16:08:40 - [TEST_STEP][PASSED] - try: null

22-08-2025T16:08:40 - [TEST_STEP][PASSED] - driver = getWebDriver(): null

22-08-2025T16:08:40 - [TEST_STEP][PASSED] - if (driver != null && !(getWindowHandles().isEmpty())): null

22-08-2025T16:08:40 - [TEST_STEP][PASSED] - catch (Exception e): null

22-08-2025T16:08:40 - [TEST_STEP][PASSED] - println([$context] 브라우저 종료 실패: $e.message): null

22-08-2025T16:08:40 - [TEST_STEP][PASSED] - isSuite = false: null]]></system-out>
      <system-err><![CDATA[22-08-2025T16:07:12 - [TEST_SUITE][FAILED] - TC1: Test Cases/Prod환경/00.메인홈/04.서브탭/09.Popular 서브탭 FAILED.
Reason:
com.kms.katalon.core.exception.StepFailedException: Unable to execute JavaScript.
	at com.kms.katalon.core.webui.keyword.internal.WebUIKeywordMain.stepFailed(WebUIKeywordMain.groovy:117)
	at com.kms.katalon.core.webui.keyword.internal.WebUIKeywordMain.runKeyword(WebUIKeywordMain.groovy:43)
	at com.kms.katalon.core.webui.keyword.builtin.ExecuteJavaScriptKeyword.executeJavascript(ExecuteJavascriptKeyword.groovy:51)
	at com.kms.katalon.core.webui.keyword.builtin.ExecuteJavaScriptKeyword.execute(ExecuteJavascriptKeyword.groovy:37)
	at com.kms.katalon.core.keyword.internal.KeywordExecutor.executeKeywordForPlatform(KeywordExecutor.groovy:74)
	at com.kms.katalon.core.webui.keyword.WebUiBuiltInKeywords.executeJavaScript(WebUiBuiltInKeywords.groovy:5118)
	at 09.Popular 서브탭.run(09.Popular 서브탭:29)
	at com.kms.katalon.core.main.ScriptEngine.run(ScriptEngine.java:194)
	at com.kms.katalon.core.main.ScriptEngine.runScriptAsRawText(ScriptEngine.java:119)
	at com.kms.katalon.core.main.TestCaseExecutor.runScript(TestCaseExecutor.java:486)
	at com.kms.katalon.core.main.TestCaseExecutor.doExecute(TestCaseExecutor.java:477)
	at com.kms.katalon.core.main.TestCaseExecutor.processExecutionPhase(TestCaseExecutor.java:456)
	at com.kms.katalon.core.main.TestCaseExecutor.accessMainPhase(TestCaseExecutor.java:448)
	at com.kms.katalon.core.main.TestCaseExecutor.execute(TestCaseExecutor.java:322)
	at com.kms.katalon.core.common.CommonExecutor.accessTestCaseMainPhase(CommonExecutor.java:71)
	at com.kms.katalon.core.main.TestSuiteExecutor.accessTestSuiteMainPhase(TestSuiteExecutor.java:160)
	at com.kms.katalon.core.main.TestSuiteExecutor.execute(TestSuiteExecutor.java:107)
	at com.kms.katalon.core.main.TestCaseMain.startTestSuite(TestCaseMain.java:186)
	at TempTestSuite1755846430971.run(TempTestSuite1755846430971.groovy:35)
	at java.base/jdk.internal.reflect.NativeMethodAccessorImpl.invoke0(Native Method)
	at java.base/jdk.internal.reflect.NativeMethodAccessorImpl.invoke(NativeMethodAccessorImpl.java:77)
	at java.base/jdk.internal.reflect.DelegatingMethodAccessorImpl.invoke(DelegatingMethodAccessorImpl.java:43)
Caused by: org.openqa.selenium.NoSuchSessionException: invalid session id
Build info: version: '4.28.1', revision: '73f5ad48a2'
System info: os.name: 'Mac OS X', os.arch: 'aarch64', os.version: '15.5', java.version: '17.0.13'
Driver info: com.kms.katalon.selenium.driver.CChromeDriver
Command: [ac2e6cae6bf098e62fe8fea20c0daa06, executeScript {script=window.scrollTo(0, document.body.scrollHeight);, args=[]}]
Capabilities {acceptInsecureCerts: false, browserName: chrome, browserVersion: 139.0.7258.138, chrome: {chromedriverVersion: 139.0.7258.138 (884e54ea8d4..., userDataDir: /var/folders/jt/hwd168h1059...}, fedcm:accounts: true, goog:chromeOptions: {debuggerAddress: localhost:58315}, networkConnectionEnabled: false, pageLoadStrategy: normal, platformName: mac, proxy: Proxy(), se:cdp: ws://localhost:58315/devtoo..., se:cdpVersion: 139.0.7258.138, setWindowRect: true, strictFileInteractability: false, timeouts: {implicit: 0, pageLoad: 300000, script: 30000}, unhandledPromptBehavior: ignore, webSocketUrl: ws://localhost:12745/sessio..., webauthn:extension:credBlob: true, webauthn:extension:largeBlob: true, webauthn:extension:minPinLength: true, webauthn:extension:prf: true, webauthn:virtualAuthenticators: true}
Session ID: ac2e6cae6bf098e62fe8fea20c0daa06
	at java.base/jdk.internal.reflect.NativeConstructorAccessorImpl.newInstance0(Native Method)
	at java.base/jdk.internal.reflect.NativeConstructorAccessorImpl.newInstance(NativeConstructorAccessorImpl.java:77)
	at java.base/jdk.internal.reflect.DelegatingConstructorAccessorImpl.newInstance(DelegatingConstructorAccessorImpl.java:45)
	at org.openqa.selenium.remote.ErrorCodec.decode(ErrorCodec.java:167)
	at org.openqa.selenium.remote.codec.w3c.W3CHttpResponseCodec.decode(W3CHttpResponseCodec.java:138)
	at org.openqa.selenium.remote.codec.w3c.W3CHttpResponseCodec.decode(W3CHttpResponseCodec.java:50)
	at org.openqa.selenium.remote.HttpCommandExecutor.execute(HttpCommandExecutor.java:215)
	at org.openqa.selenium.remote.service.DriverCommandExecutor.invokeExecute(DriverCommandExecutor.java:216)
	at org.openqa.selenium.remote.service.DriverCommandExecutor.execute(DriverCommandExecutor.java:174)
	at org.openqa.selenium.remote.RemoteWebDriver.execute(RemoteWebDriver.java:545)
	at org.openqa.selenium.remote.RemoteWebDriver.executeScript(RemoteWebDriver.java:476)
	at jdk.internal.reflect.GeneratedMethodAccessor23.invoke(Unknown Source)
	at java.base/jdk.internal.reflect.DelegatingMethodAccessorImpl.invoke(DelegatingMethodAccessorImpl.java:43)
	at org.openqa.selenium.support.decorators.WebDriverDecorator.call(WebDriverDecorator.java:315)
	at org.openqa.selenium.support.decorators.DefaultDecorated.call(DefaultDecorated.java:48)
	at org.openqa.selenium.support.decorators.WebDriverDecorator.lambda$createProxyFactory$3(WebDriverDecorator.java:405)
	at org.openqa.selenium.remote.RemoteWebDriver$ByteBuddy$XxKh9Voa.executeScript(Unknown Source)
	at com.kms.katalon.core.webui.keyword.builtin.ExecuteJavaScriptKeyword$_executeJavascript_closure1.doCall(ExecuteJavascriptKeyword.groovy:48)
	at com.kms.katalon.core.webui.keyword.builtin.ExecuteJavaScriptKeyword$_executeJavascript_closure1.call(ExecuteJavascriptKeyword.groovy)
	at com.kms.katalon.core.webui.keyword.internal.WebUIKeywordMain.runKeyword(WebUIKeywordMain.groovy:35)
	... 20 more]]></system-err>
   </testsuite>
</testsuites>
